[LicensingClient] ERROR Failed to connect to local IPC
[Licensing::Module] Failed to connect to channel: LicenseClient-admin
[Licensing::Module] Successfully launched the LicensingClient
[LicensingClient] ERROR Error 1 while verifying Licensing Client signature (path: 80460, process Id: F:/unity/Unity20190433_release/Editor/Data/Resources/Licensing/Client/Unity.Licensing.Client.exe)
[Licensing::Module] LicensingClient has failed validation
IPC channel to LicensingClient doesn't exist; falling back to Legacy licensing
[LicensingClient] ERROR Failed to disconnect local IPC connection

LICENSE SYSTEM [202663 14:36:46] Current license is already valid and activated. Skipping license activation process (Provided username/password will be ignored).
[Moonton] DeviceId:2d07e8dbf9adf31237a4f2360ec5ca704959c37e
Built from 'pre_release' branch; Version is '2019.4.33f1 (c2fa268b6) revision 12778022'; Using compiler version '191627012'
OS: 'Windows 10  (10.0.19044) 64bit EnterpriseS' Language: 'zh' Physical Memory: 65309 MB
BatchMode: 0, IsHumanControllingUs: 1, StartBugReporterOnCrash: 1, Is64bit: 1, IsPro: 1
[Package Manager] Server::Start -- Port 50277 was selected

COMMAND LINE ARGUMENTS:
F:\unity\Unity20190433_release\Editor\Unity.exe
-projectPath
C:\Users\admin\AppData\Local\Temp\wabish_ui_fix_qa_20260603
-executeMethod
DiceKingUiAcceptanceRunner.Run
-logFile
C:\Users\admin\AppData\Local\Temp\wabish_ui_fix_qa_20260603\Docs\QA\20260603_unity_acceptance_fix2.log
Successfully changed project path to: C:\Users\admin\AppData\Local\Temp\wabish_ui_fix_qa_20260603
C:/Users/admin/AppData/Local/Temp/wabish_ui_fix_qa_20260603
Using Asset Import Pipeline V2.
LZ: Create the old Remapper
Adding genesis user token Adding genesis user token [Package Manager] Done resolving packages in 0.61s seconds
[Package Manager] Done checking package constraints in 0.24s seconds
[Package Manager] 
Registered 57 packages:
  Packages from [https://packages.unity.com]:
    com.unity.2d.animation@3.2.13 (location: C:\Users\admin\AppData\Local\Temp\wabish_ui_fix_qa_20260603\Library\PackageCache\com.unity.2d.animation@3.2.13)
    com.unity.2d.pixel-perfect@2.1.0 (location: C:\Users\admin\AppData\Local\Temp\wabish_ui_fix_qa_20260603\Library\PackageCache\com.unity.2d.pixel-perfect@2.1.0)
    com.unity.2d.psdimporter@2.1.9 (location: C:\Users\admin\AppData\Local\Temp\wabish_ui_fix_qa_20260603\Library\PackageCache\com.unity.2d.psdimporter@2.1.9)
    com.unity.2d.spriteshape@3.0.17 (location: C:\Users\admin\AppData\Local\Temp\wabish_ui_fix_qa_20260603\Library\PackageCache\com.unity.2d.spriteshape@3.0.17)
    com.unity.ads@3.7.5 (location: C:\Users\admin\AppData\Local\Temp\wabish_ui_fix_qa_20260603\Library\PackageCache\com.unity.ads@3.7.5)
    com.unity.analytics@3.6.12 (location: C:\Users\admin\AppData\Local\Temp\wabish_ui_fix_qa_20260603\Library\PackageCache\com.unity.analytics@3.6.12)
    com.unity.collab-proxy@1.14.1 (location: C:\Users\admin\AppData\Local\Temp\wabish_ui_fix_qa_20260603\Library\PackageCache\com.unity.collab-proxy@1.14.1)
    com.unity.ide.rider@1.2.1 (location: C:\Users\admin\AppData\Local\Temp\wabish_ui_fix_qa_20260603\Library\PackageCache\com.unity.ide.rider@1.2.1)
    com.unity.ide.visualstudio@2.0.11 (location: C:\Users\admin\AppData\Local\Temp\wabish_ui_fix_qa_20260603\Library\PackageCache\com.unity.ide.visualstudio@2.0.11)
    com.unity.ide.vscode@1.2.4 (location: C:\Users\admin\AppData\Local\Temp\wabish_ui_fix_qa_20260603\Library\PackageCache\com.unity.ide.vscode@1.2.4)
    com.unity.multiplayer-hlapi@1.0.8 (location: C:\Users\admin\AppData\Local\Temp\wabish_ui_fix_qa_20260603\Library\PackageCache\com.unity.multiplayer-hlapi@1.0.8)
    com.unity.purchasing@4.1.1 (location: C:\Users\admin\AppData\Local\Temp\wabish_ui_fix_qa_20260603\Library\PackageCache\com.unity.purchasing@4.1.1)
    com.unity.test-framework@1.1.29 (location: C:\Users\admin\AppData\Local\Temp\wabish_ui_fix_qa_20260603\Library\PackageCache\com.unity.test-framework@1.1.29)
    com.unity.textmeshpro@2.1.6 (location: C:\Users\admin\AppData\Local\Temp\wabish_ui_fix_qa_20260603\Library\PackageCache\com.unity.textmeshpro@2.1.6)
    com.unity.timeline@1.2.18 (location: C:\Users\admin\AppData\Local\Temp\wabish_ui_fix_qa_20260603\Library\PackageCache\com.unity.timeline@1.2.18)
    com.unity.xr.legacyinputhelpers@2.1.8 (location: C:\Users\admin\AppData\Local\Temp\wabish_ui_fix_qa_20260603\Library\PackageCache\com.unity.xr.legacyinputhelpers@2.1.8)
    com.unity.ext.nunit@1.0.6 (location: C:\Users\admin\AppData\Local\Temp\wabish_ui_fix_qa_20260603\Library\PackageCache\com.unity.ext.nunit@1.0.6)
    com.unity.services.core@1.0.1 (location: C:\Users\admin\AppData\Local\Temp\wabish_ui_fix_qa_20260603\Library\PackageCache\com.unity.services.core@1.0.1)
    nuget.mono-cecil@0.1.6-preview (location: C:\Users\admin\AppData\Local\Temp\wabish_ui_fix_qa_20260603\Library\PackageCache\nuget.mono-cecil@0.1.6-preview)
    com.unity.2d.path@2.1.1 (location: C:\Users\admin\AppData\Local\Temp\wabish_ui_fix_qa_20260603\Library\PackageCache\com.unity.2d.path@2.1.1)
    com.unity.2d.common@2.1.0 (location: C:\Users\admin\AppData\Local\Temp\wabish_ui_fix_qa_20260603\Library\PackageCache\com.unity.2d.common@2.1.0)
    com.unity.mathematics@1.1.0 (location: C:\Users\admin\AppData\Local\Temp\wabish_ui_fix_qa_20260603\Library\PackageCache\com.unity.mathematics@1.1.0)
  Built-in packages:
    com.unity.2d.sprite@1.0.0 (location: C:\Users\admin\AppData\Local\Temp\wabish_ui_fix_qa_20260603\Library\PackageCache\com.unity.2d.sprite@1.0.0)
    com.unity.2d.tilemap@1.0.0 (location: C:\Users\admin\AppData\Local\Temp\wabish_ui_fix_qa_20260603\Library\PackageCache\com.unity.2d.tilemap@1.0.0)
    com.unity.ugui@1.0.0 (location: C:\Users\admin\AppData\Local\Temp\wabish_ui_fix_qa_20260603\Library\PackageCache\com.unity.ugui@1.0.0)
    com.unity.modules.ai@1.0.0 (location: C:\Users\admin\AppData\Local\Temp\wabish_ui_fix_qa_20260603\Library\PackageCache\com.unity.modules.ai@1.0.0)
    com.unity.modules.androidjni@1.0.0 (location: C:\Users\admin\AppData\Local\Temp\wabish_ui_fix_qa_20260603\Library\PackageCache\com.unity.modules.androidjni@1.0.0)
    com.unity.modules.animation@1.0.0 (location: C:\Users\admin\AppData\Local\Temp\wabish_ui_fix_qa_20260603\Library\PackageCache\com.unity.modules.animation@1.0.0)
    com.unity.modules.assetbundle@1.0.0 (location: C:\Users\admin\AppData\Local\Temp\wabish_ui_fix_qa_20260603\Library\PackageCache\com.unity.modules.assetbundle@1.0.0)
    com.unity.modules.audio@1.0.0 (location: C:\Users\admin\AppData\Local\Temp\wabish_ui_fix_qa_20260603\Library\PackageCache\com.unity.modules.audio@1.0.0)
    com.unity.modules.cloth@1.0.0 (location: C:\Users\admin\AppData\Local\Temp\wabish_ui_fix_qa_20260603\Library\PackageCache\com.unity.modules.cloth@1.0.0)
    com.unity.modules.director@1.0.0 (location: C:\Users\admin\AppData\Local\Temp\wabish_ui_fix_qa_20260603\Library\PackageCache\com.unity.modules.director@1.0.0)
    com.unity.modules.imageconversion@1.0.0 (location: C:\Users\admin\AppData\Local\Temp\wabish_ui_fix_qa_20260603\Library\PackageCache\com.unity.modules.imageconversion@1.0.0)
    com.unity.modules.imgui@1.0.0 (location: C:\Users\admin\AppData\Local\Temp\wabish_ui_fix_qa_20260603\Library\PackageCache\com.unity.modules.imgui@1.0.0)
    com.unity.modules.jsonserialize@1.0.0 (location: C:\Users\admin\AppData\Local\Temp\wabish_ui_fix_qa_20260603\Library\PackageCache\com.unity.modules.jsonserialize@1.0.0)
    com.unity.modules.particlesystem@1.0.0 (location: C:\Users\admin\AppData\Local\Temp\wabish_ui_fix_qa_20260603\Library\PackageCache\com.unity.modules.particlesystem@1.0.0)
    com.unity.modules.physics@1.0.0 (location: C:\Users\admin\AppData\Local\Temp\wabish_ui_fix_qa_20260603\Library\PackageCache\com.unity.modules.physics@1.0.0)
    com.unity.modules.physics2d@1.0.0 (location: C:\Users\admin\AppData\Local\Temp\wabish_ui_fix_qa_20260603\Library\PackageCache\com.unity.modules.physics2d@1.0.0)
    com.unity.modules.screencapture@1.0.0 (location: C:\Users\admin\AppData\Local\Temp\wabish_ui_fix_qa_20260603\Library\PackageCache\com.unity.modules.screencapture@1.0.0)
    com.unity.modules.terrain@1.0.0 (location: C:\Users\admin\AppData\Local\Temp\wabish_ui_fix_qa_20260603\Library\PackageCache\com.unity.modules.terrain@1.0.0)
    com.unity.modules.terrainphysics@1.0.0 (location: C:\Users\admin\AppData\Local\Temp\wabish_ui_fix_qa_20260603\Library\PackageCache\com.unity.modules.terrainphysics@1.0.0)
    com.unity.modules.tilemap@1.0.0 (location: C:\Users\admin\AppData\Local\Temp\wabish_ui_fix_qa_20260603\Library\PackageCache\com.unity.modules.tilemap@1.0.0)
    com.unity.modules.ui@1.0.0 (location: C:\Users\admin\AppData\Local\Temp\wabish_ui_fix_qa_20260603\Library\PackageCache\com.unity.modules.ui@1.0.0)
    com.unity.modules.uielements@1.0.0 (location: C:\Users\admin\AppData\Local\Temp\wabish_ui_fix_qa_20260603\Library\PackageCache\com.unity.modules.uielements@1.0.0)
    com.unity.modules.umbra@1.0.0 (location: C:\Users\admin\AppData\Local\Temp\wabish_ui_fix_qa_20260603\Library\PackageCache\com.unity.modules.umbra@1.0.0)
    com.unity.modules.unityanalytics@1.0.0 (location: C:\Users\admin\AppData\Local\Temp\wabish_ui_fix_qa_20260603\Library\PackageCache\com.unity.modules.unityanalytics@1.0.0)
    com.unity.modules.unitywebrequest@1.0.0 (location: C:\Users\admin\AppData\Local\Temp\wabish_ui_fix_qa_20260603\Library\PackageCache\com.unity.modules.unitywebrequest@1.0.0)
    com.unity.modules.unitywebrequestassetbundle@1.0.0 (location: C:\Users\admin\AppData\Local\Temp\wabish_ui_fix_qa_20260603\Library\PackageCache\com.unity.modules.unitywebrequestassetbundle@1.0.0)
    com.unity.modules.unitywebrequestaudio@1.0.0 (location: C:\Users\admin\AppData\Local\Temp\wabish_ui_fix_qa_20260603\Library\PackageCache\com.unity.modules.unitywebrequestaudio@1.0.0)
    com.unity.modules.unitywebrequesttexture@1.0.0 (location: C:\Users\admin\AppData\Local\Temp\wabish_ui_fix_qa_20260603\Library\PackageCache\com.unity.modules.unitywebrequesttexture@1.0.0)
    com.unity.modules.unitywebrequestwww@1.0.0 (location: C:\Users\admin\AppData\Local\Temp\wabish_ui_fix_qa_20260603\Library\PackageCache\com.unity.modules.unitywebrequestwww@1.0.0)
    com.unity.modules.vehicles@1.0.0 (location: C:\Users\admin\AppData\Local\Temp\wabish_ui_fix_qa_20260603\Library\PackageCache\com.unity.modules.vehicles@1.0.0)
    com.unity.modules.video@1.0.0 (location: C:\Users\admin\AppData\Local\Temp\wabish_ui_fix_qa_20260603\Library\PackageCache\com.unity.modules.video@1.0.0)
    com.unity.modules.vr@1.0.0 (location: C:\Users\admin\AppData\Local\Temp\wabish_ui_fix_qa_20260603\Library\PackageCache\com.unity.modules.vr@1.0.0)
    com.unity.modules.wind@1.0.0 (location: C:\Users\admin\AppData\Local\Temp\wabish_ui_fix_qa_20260603\Library\PackageCache\com.unity.modules.wind@1.0.0)
    com.unity.modules.xr@1.0.0 (location: C:\Users\admin\AppData\Local\Temp\wabish_ui_fix_qa_20260603\Library\PackageCache\com.unity.modules.xr@1.0.0)
    com.unity.modules.subsystems@1.0.0 (location: C:\Users\admin\AppData\Local\Temp\wabish_ui_fix_qa_20260603\Library\PackageCache\com.unity.modules.subsystems@1.0.0)

[Subsystems] No new subsystems found in resolved package list.
[Package Manager] Done registering packages in 0.04s seconds
Refreshing native plugins compatible for Editor in 38.45 ms, found 3 plugins.
Preloading 0 native plugins for Editor in 0.00 ms.
Engine release: build date = Mar 26 2026,time = 16:36:39.Initialize engine version: 2019.4.33f1 (c2fa268b6) mt pre_release 2.01.0055.04 build c2fa268b6684e79fac7499489dcd527796a450c6

[PlayerPrefs]:ios17_shader_compile_optimize=0

[PlayerPrefs]:waitfor_renderjobs=1

[PlayerPrefs]:jobfied_rendering=0

[PlayerPrefs]:auto_render_null_gpubound_threshold=0

[PlayerPrefs]:auto_render_null_cpubound_threshold=0

[PlayerPrefs]:auto_render_null_mode=0

[PlayerPrefs]:gfx_enable_ios_vrr=0

[PlayerPrefs]:draw_custom_buffer_mode=0

[PlayerPrefs]:ps_enable_udpate_on_demand=0

[PlayerPrefs]:ps_alpha_clip_less_value=0

[PlayerPrefs]:ps_looping_alpha_clip_less_value=1
[Subsystems] Discovering subsystems at path F:/unity/Unity20190433_release/Editor/Data/Resources/UnitySubsystems
[Subsystems] Discovering subsystems at path C:/Users/admin/AppData/Local/Temp/wabish_ui_fix_qa_20260603/Assets
GfxLog:CalculateGfxDeviceThreadingMode():
  ENABLE_MULTITHREADED_CODE = 1
  UNITY_GFX_FORCE_DIRECT_THREADING = 0
  BootConfig force-gfx-direct = null
  BootConfig force-gfx-st = null
  BootConfig force-gfx-mt = null
  GFX_SUPPORTS_JOBIFIED_RENDERING = 0
  BootConfig force-gfx-jobs = null
  BootConfig gfx-enable-native-gfx-jobs = null
  UNITY_GFX_PLAYERSETTINGS_CONTROL_MULTITHREADED = 1
  BootConfig gfx-disable-mt-rendering = null
  GFX_SUPPORTS_JOBIFIED_RENDERING = 0
  BootConfig gfx-enable-gfx-jobs = null
  PlayerPrefs::GetInt(gfx-enable-gfx-jobs)=0
  PlayerPrefs::GetInt(gfx-enable-native-gfx-jobs)=0
SetGfxThreadingMode: mode = 0->2
GfxLog:AdjustThreadingModeForAPI(mode,api,flags):
  SupportsGraphicsJobs(api) = 1
  SupportsLegacyGraphicsJobs(api) = 0
  SupportsNativeGraphicsJobs(api) = 0
  IsUsingJobifiedRendering() = 0
  IsUsingNativeGraphicsJobs() = 0
  Selected threading mode = 2
SetGfxThreadingMode: mode = 2->2
GfxDevice: creating device client; threaded=1
Direct3D:
    Version:  Direct3D 11.0 [level 11.1]
    Renderer: NVIDIA GeForce RTX 4060 Ti (ID=0x2803)
    Vendor:   
    VRAM:     7949 MB
    Driver:   32.0.15.8180
Initialize mono
Mono path[0] = 'F:/unity/Unity20190433_release/Editor/Data/Managed'
Mono path[1] = 'F:/unity/Unity20190433_release/Editor/Data/MonoBleedingEdge/lib/mono/unityjit'
Mono config path = 'F:/unity/Unity20190433_release/Editor/Data/MonoBleedingEdge/etc'
Using monoOptions --debugger-agent=transport=dt_socket,embedding=1,server=y,suspend=n,address=127.0.0.1:56788
[FunctionTable] InitFunctionTable OnStart.
ImportWorker Server TCP listen port: 50291
[zorro] APIUpdaterManager::Initialize 
(Filename: D:\CI\ml\20190433\pre_release\Editor/Src/Application/Application.cpp Line: 1134)

Begin MonoManager ReloadAssembly
Registering precompiled unity dll's ...
Register platform support module: F:/unity/Unity20190433_release/Editor/Data/PlaybackEngines/WindowsStandaloneSupport/UnityEditor.WindowsStandalone.Extensions.dll
Register platform support module: F:/unity/Unity20190433_release/Editor/Data/PlaybackEngines/LinuxStandaloneSupport/UnityEditor.LinuxStandalone.Extensions.dll
Register platform support module: F:/unity/Unity20190433_release/Editor/Data/PlaybackEngines/AndroidPlayer/UnityEditor.Android.Extensions.dll
Register platform support module: F:/unity/Unity20190433_release/Editor/Data/PlaybackEngines/iOSSupport/UnityEditor.iOS.Extensions.dll
Registered in 0.001266 seconds.
Failed to load: F:/unity/Unity20190433_release/Editor/Data/PlaybackEngines/iOSSupport\x86_64\UnityEditor.iOS.Native.dll
Native extension for iOS target not found
Native extension for Android target not found
Native extension for LinuxStandalone target not found
Native extension for WindowsStandalone target not found
Refreshing native plugins compatible for Editor in 27.55 ms, found 3 plugins.
Preloading 0 native plugins for Editor in 0.00 ms.
Mono: successfully reloaded assembly
- Completed reload, in  0.449 seconds
Domain Reload Profiling:
	ReloadAssembly (459ms)
		BeginReloadAssembly (24ms)
			ExecutionOrderSort (0ms)
			DisableScriptedObjects (0ms)
			BackupInstance (0ms)
			ReleaseScriptingObjects (0ms)
			CreateAndSetChildDomain (1ms)
		EndReloadAssembly (207ms)
			LoadAssemblies (24ms)
			RebuildTransferFunctionScriptingTraits (0ms)
			SetupTypeCache (75ms)
			ReleaseScriptCaches (0ms)
			RebuildScriptCaches (15ms)
			SetupLoadedEditorAssemblies (93ms)
				LogAssemblyErrors (0ms)
				InitializePlatformSupportModulesInManaged (14ms)
				SetLoadedEditorAssemblies (0ms)
				RefreshPlugins (28ms)
				BeforeProcessingInitializeOnLoad (1ms)
				ProcessInitializeOnLoadAttributes (40ms)
				ProcessInitializeOnLoadMethodAttributes (9ms)
				AfterProcessingInitializeOnLoad (0ms)
				EditorAssembliesLoaded (0ms)
			ExecutionOrderSort2 (0ms)
			AwakeInstancesAfterBackupRestoration (0ms)
Registering precompiled user dll's ...
Registered in 0.051306 seconds.
Platform modules already initialized, skipping
Validating Project structure ... 0.000736 seconds.
Shader import version has changed; will reimport all shaders...
Upgrading shader files ...0.000639 seconds.
Begin MonoManager ReloadAssembly
Failed to load: F:/unity/Unity20190433_release/Editor/Data/PlaybackEngines/iOSSupport\x86_64\UnityEditor.iOS.Native.dll
Native extension for iOS target not found
Native extension for Android target not found
Native extension for LinuxStandalone target not found
Native extension for WindowsStandalone target not found
Refreshing native plugins compatible for Editor in 31.38 ms, found 3 plugins.
Preloading 0 native plugins for Editor in 0.00 ms.
mypath=F:\unity\Unity20190433_release\Editor\Data\Managed\UnityEditor.dll
UnityEngine.DebugLogHandler:Internal_Log(LogType, LogOption, String, Object)
UnityEngine.DebugLogHandler:LogFormat(LogType, Object, String, Object[])
UnityEngine.Logger:Log(LogType, Object)
UnityEngine.Debug:LogWarning(Object)
UnityEditor.popupLOD:InitCfgFile() (at D:\CI\ml\20190433\pre_release\Editor\Mono\GUI\Toolbar.cs:381)
UnityEditor.popupLOD:.cctor() (at D:\CI\ml\20190433\pre_release\Editor\Mono\GUI\Toolbar.cs:376)
System.Object:__icall_wrapper_mono_generic_class_init(IntPtr)
UnityEditor.Toolbar:.cctor() (at D:\CI\ml\20190433\pre_release\Editor\Mono\GUI\Toolbar.cs:582)
CollabProxy.UI.Bootstrap:.cctor() (at Library\PackageCache\com.unity.collab-proxy@1.14.1\Editor\Collaborate\Collab\Bootstrap.cs:21)
System.Runtime.CompilerServices.RuntimeHelpers:RunClassConstructor(IntPtr)
System.Runtime.CompilerServices.RuntimeHelpers:RunClassConstructor(RuntimeTypeHandle)
UnityEditor.EditorAssemblies:ProcessInitializeOnLoadAttributes(Type[]) (at D:\CI\ml\20190433\pre_release\Editor\Mono\EditorAssemblies.cs:134)
 
(Filename: Library/PackageCache/com.unity.collab-proxy@1.14.1/Editor/Collaborate/Collab/Bootstrap.cs Line: 21)

Load from CfgFile=F:\unity\Unity20190433_release\Editor\lodinfo.txt
UnityEngine.DebugLogHandler:Internal_Log(LogType, LogOption, String, Object)
UnityEngine.DebugLogHandler:LogFormat(LogType, Object, String, Object[])
UnityEngine.Logger:Log(LogType, Object)
UnityEngine.Debug:LogWarning(Object)
UnityEditor.popupLOD:InitCfgFile() (at D:\CI\ml\20190433\pre_release\Editor\Mono\GUI\Toolbar.cs:404)
UnityEditor.popupLOD:.cctor() (at D:\CI\ml\20190433\pre_release\Editor\Mono\GUI\Toolbar.cs:376)
System.Object:__icall_wrapper_mono_generic_class_init(IntPtr)
UnityEditor.Toolbar:.cctor() (at D:\CI\ml\20190433\pre_release\Editor\Mono\GUI\Toolbar.cs:582)
CollabProxy.UI.Bootstrap:.cctor() (at Library\PackageCache\com.unity.collab-proxy@1.14.1\Editor\Collaborate\Collab\Bootstrap.cs:21)
System.Runtime.CompilerServices.RuntimeHelpers:RunClassConstructor(IntPtr)
System.Runtime.CompilerServices.RuntimeHelpers:RunClassConstructor(RuntimeTypeHandle)
UnityEditor.EditorAssemblies:ProcessInitializeOnLoadAttributes(Type[]) (at D:\CI\ml\20190433\pre_release\Editor\Mono\EditorAssemblies.cs:134)
 
(Filename: Library/PackageCache/com.unity.collab-proxy@1.14.1/Editor/Collaborate/Collab/Bootstrap.cs Line: 21)

Adding genesis user token Mono: successfully reloaded assembly
- Completed reload, in  0.559 seconds
Domain Reload Profiling:
	ReloadAssembly (579ms)
		BeginReloadAssembly (39ms)
			ExecutionOrderSort (0ms)
			DisableScriptedObjects (1ms)
			BackupInstance (0ms)
			ReleaseScriptingObjects (0ms)
			CreateAndSetChildDomain (12ms)
		EndReloadAssembly (502ms)
			LoadAssemblies (43ms)
			RebuildTransferFunctionScriptingTraits (0ms)
			SetupTypeCache (145ms)
			ReleaseScriptCaches (0ms)
			RebuildScriptCaches (30ms)
			SetupLoadedEditorAssemblies (256ms)
				LogAssemblyErrors (0ms)
				InitializePlatformSupportModulesInManaged (16ms)
				SetLoadedEditorAssemblies (0ms)
				RefreshPlugins (31ms)
				BeforeProcessingInitializeOnLoad (56ms)
				ProcessInitializeOnLoadAttributes (131ms)
				ProcessInitializeOnLoadMethodAttributes (20ms)
				AfterProcessingInitializeOnLoad (2ms)
				EditorAssembliesLoaded (0ms)
			ExecutionOrderSort2 (0ms)
			AwakeInstancesAfterBackupRestoration (1ms)
Platform modules already initialized, skipping
RefreshInfo: InitialScriptRefreshV2(NoUpdateAssetOptions)
RefreshProfiler: Total: 1183.832ms
	InvokeBeforeRefreshCallbacks: 0.344ms
	ApplyChangesToAssetFolders: 0.040ms
	WriteModifiedImportersToTextMetaFiles: 0.000ms
	CleanLegacyArtifacts: 0.000ms
	Scan: 34.159ms
	OnSourceAssetsModified: 0.000ms
	UnregisterDeletedAssets: 0.000ms
	InitializeImportedAssetsSnapshot: 0.120ms
	GetAllGuidsForCategorization: 0.000ms
	CategorizeAssets: 29.571ms
	ImportAndPostprocessOutOfDateAssets: 1111.552ms (1111.080ms without children)
		ImportManagerImport: 0.000ms (0.000ms without children)
			ImportInProcess: 0.000ms
			ImportOutOfProcess: 0.000ms
			UpdateCategorizedAssets: 0.000ms
			RemoteAssetCacheGetArtifact: 0.000ms (0.000ms without children)
				RemoteAssetCacheResolve: 0.000ms
				RemoteAssetCacheDownloadFile: 0.000ms
		CompileScripts: 0.000ms
		PostProcessAllAssets: 0.000ms
		ReloadImportedAssets: 0.000ms
		VerifyAssetsAreUpToDateAndCorrect: 0.000ms
		EnsureUptoDateAssetsAreRegisteredWithGuidPM: 0.209ms
		InitializingProgressBar: 0.000ms
		PostProcessAllAssetNotificationsAddChangedAssets: 0.185ms
		OnDemandSchedulerStart: 0.000ms
		RestoreLoadedAssetsState: 0.079ms
	InvokeProjectHasChanged: 0.000ms
	UpdateImportedAssetsSnapshot: 0.000ms
	ReloadSourceAssets: 0.382ms
	UnloadImportedAssets: 0.005ms
	Hotreload: 0.135ms
	FixTempGuids: 0.003ms
	VerifyGuidPMRegistrations: 0.000ms
	GatherAllCurrentPrimaryArtifactRevisions: 0.000ms
	UnloadStreamsBegin: 0.282ms
	LoadedImportedAssetsSnapshotReleaseGCHandles: 0.007ms
	GetLoadedSourceAssetsSnapshot: 0.118ms
	PersistCurrentRevisions: 0.000ms
	UnloadStreamsEnd: 6.451ms
	GenerateScriptTypeHashes: 0.195ms
	Untracked: 0.663ms
Refresh completed in 0.074438 seconds.
RefreshInfo: RefreshV2(ForceSynchronousImport)
RefreshProfiler: Total: 74.428ms
	InvokeBeforeRefreshCallbacks: 0.371ms
	ApplyChangesToAssetFolders: 0.038ms
	WriteModifiedImportersToTextMetaFiles: 0.000ms
	CleanLegacyArtifacts: 0.000ms
	Scan: 32.882ms
	OnSourceAssetsModified: 0.000ms
	UnregisterDeletedAssets: 0.000ms
	InitializeImportedAssetsSnapshot: 4.633ms
	GetAllGuidsForCategorization: 0.000ms
	CategorizeAssets: 31.064ms
	ImportAndPostprocessOutOfDateAssets: 2.709ms (0.899ms without children)
		ImportManagerImport: 0.000ms (0.000ms without children)
			ImportInProcess: 0.000ms
			ImportOutOfProcess: 0.000ms
			UpdateCategorizedAssets: 0.000ms
			RemoteAssetCacheGetArtifact: 0.000ms (0.000ms without children)
				RemoteAssetCacheResolve: 0.000ms
				RemoteAssetCacheDownloadFile: 0.000ms
		CompileScripts: 0.000ms
		PostProcessAllAssets: 0.000ms
		ReloadImportedAssets: 0.000ms
		VerifyAssetsAreUpToDateAndCorrect: 0.000ms
		EnsureUptoDateAssetsAreRegisteredWithGuidPM: 0.263ms
		InitializingProgressBar: 0.000ms
		PostProcessAllAssetNotificationsAddChangedAssets: 0.128ms
		OnDemandSchedulerStart: 0.460ms
		RestoreLoadedAssetsState: 0.959ms
	InvokeProjectHasChanged: 0.000ms
	UpdateImportedAssetsSnapshot: 0.000ms
	ReloadSourceAssets: 0.360ms
	UnloadImportedAssets: 0.098ms
	Hotreload: 0.013ms
	FixTempGuids: 0.002ms
	VerifyGuidPMRegistrations: 0.000ms
	GatherAllCurrentPrimaryArtifactRevisions: 0.227ms
	UnloadStreamsBegin: 0.012ms
	LoadedImportedAssetsSnapshotReleaseGCHandles: 0.569ms
	GetLoadedSourceAssetsSnapshot: 1.400ms
	PersistCurrentRevisions: 0.000ms
	UnloadStreamsEnd: 0.012ms
	GenerateScriptTypeHashes: 0.237ms
	Untracked: 0.038ms
RefreshInfo: StopAssetImportingV2(ForceSynchronousImport)
RefreshProfiler: Total: 8.282ms
	InvokeBeforeRefreshCallbacks: 0.291ms
	ApplyChangesToAssetFolders: 0.039ms
	WriteModifiedImportersToTextMetaFiles: 0.000ms
	CleanLegacyArtifacts: 0.000ms
	Scan: 2.359ms
	OnSourceAssetsModified: 0.000ms
	UnregisterDeletedAssets: 0.000ms
	InitializeImportedAssetsSnapshot: 3.477ms
	GetAllGuidsForCategorization: 0.000ms
	CategorizeAssets: 0.000ms
	ImportAndPostprocessOutOfDateAssets: 0.000ms (0.000ms without children)
		ImportManagerImport: 0.000ms (0.000ms without children)
			ImportInProcess: 0.000ms
			ImportOutOfProcess: 0.000ms
			UpdateCategorizedAssets: 0.000ms
			RemoteAssetCacheGetArtifact: 0.000ms (0.000ms without children)
				RemoteAssetCacheResolve: 0.000ms
				RemoteAssetCacheDownloadFile: 0.000ms
		CompileScripts: 0.000ms
		PostProcessAllAssets: 0.000ms
		ReloadImportedAssets: 0.000ms
		VerifyAssetsAreUpToDateAndCorrect: 0.000ms
		EnsureUptoDateAssetsAreRegisteredWithGuidPM: 0.000ms
		InitializingProgressBar: 0.000ms
		PostProcessAllAssetNotificationsAddChangedAssets: 0.000ms
		OnDemandSchedulerStart: 0.000ms
		RestoreLoadedAssetsState: 0.000ms
	InvokeProjectHasChanged: 0.000ms
	UpdateImportedAssetsSnapshot: 0.000ms
	ReloadSourceAssets: 0.000ms
	UnloadImportedAssets: 0.000ms
	Hotreload: 0.016ms
	FixTempGuids: 0.003ms
	VerifyGuidPMRegistrations: 0.000ms
	GatherAllCurrentPrimaryArtifactRevisions: 0.202ms
	UnloadStreamsBegin: 0.067ms
	LoadedImportedAssetsSnapshotReleaseGCHandles: 0.574ms
	GetLoadedSourceAssetsSnapshot: 0.419ms
	PersistCurrentRevisions: 0.000ms
	UnloadStreamsEnd: 0.013ms
	GenerateScriptTypeHashes: 0.000ms
	Untracked: 0.823ms
Unaligned transfer in 'PSOCollection' at variable 'size'.
Next unaligned data path:  ->  ->  -> Base(PSOCollection) m_PipelineStates(vector) Array(Array) size(int)  
(Filename: D:\CI\ml\20190433\pre_release\Runtime/Serialize/TransferFunctions/GenerateTypeTreeTransfer.cpp Line: 274)

Refresh completed in 0.069283 seconds.
RefreshInfo: RefreshV2(NoUpdateAssetOptions)
RefreshProfiler: Total: 69.270ms
	InvokeBeforeRefreshCallbacks: 0.001ms
	ApplyChangesToAssetFolders: 0.039ms
	WriteModifiedImportersToTextMetaFiles: 0.000ms
	CleanLegacyArtifacts: 0.000ms
	Scan: 31.638ms
	OnSourceAssetsModified: 0.000ms
	UnregisterDeletedAssets: 0.000ms
	InitializeImportedAssetsSnapshot: 2.548ms
	GetAllGuidsForCategorization: 0.000ms
	CategorizeAssets: 30.122ms
	ImportAndPostprocessOutOfDateAssets: 2.082ms (0.461ms without children)
		ImportManagerImport: 0.000ms (0.000ms without children)
			ImportInProcess: 0.000ms
			ImportOutOfProcess: 0.000ms
			UpdateCategorizedAssets: 0.000ms
			RemoteAssetCacheGetArtifact: 0.000ms (0.000ms without children)
				RemoteAssetCacheResolve: 0.000ms
				RemoteAssetCacheDownloadFile: 0.000ms
		CompileScripts: 0.000ms
		PostProcessAllAssets: 0.000ms
		ReloadImportedAssets: 0.000ms
		VerifyAssetsAreUpToDateAndCorrect: 0.000ms
		EnsureUptoDateAssetsAreRegisteredWithGuidPM: 0.261ms
		InitializingProgressBar: 0.000ms
		PostProcessAllAssetNotificationsAddChangedAssets: 0.129ms
		OnDemandSchedulerStart: 0.170ms
		RestoreLoadedAssetsState: 1.060ms
	InvokeProjectHasChanged: 0.000ms
	UpdateImportedAssetsSnapshot: 0.000ms
	ReloadSourceAssets: 0.449ms
	UnloadImportedAssets: 0.094ms
	Hotreload: 0.040ms
	FixTempGuids: 0.003ms
	VerifyGuidPMRegistrations: 0.000ms
	GatherAllCurrentPrimaryArtifactRevisions: 0.238ms
	UnloadStreamsBegin: 0.038ms
	LoadedImportedAssetsSnapshotReleaseGCHandles: 0.608ms
	GetLoadedSourceAssetsSnapshot: 1.530ms
	PersistCurrentRevisions: 0.000ms
	UnloadStreamsEnd: 0.015ms
	GenerateScriptTypeHashes: 0.000ms
	Untracked: -0.175ms
Launched and connected shader compiler UnityShaderCompiler.exe after 0.17 seconds
Initializing Unity extensions:
 'F:/unity/Unity20190433_release/Editor/Data/UnityExtensions/Unity/UnityVR/Editor/UnityEditor.VR.dll'  GUID: 4ba2329b63d54f0187bcaa12486b1b0f
LightmapEditorSettings: switching bake backend from 1 to 0.
Unloading 89 Unused Serialized files (Serialized files now loaded: 0)
Loaded scene 'Assets/Scenes/SampleScene.unity'
	Deserialize:            0.495 ms
	Integration:            3.300 ms
	Integration of assets:  0.002 ms
	Thread Wait Time:       18.242 ms
	Total Operation Time:   22.038 ms
[MODES] Loading mode Default (0) for mode-current-id-wabish
<RI> Initialized touch support.
<RI> Initialized touch support.
<RI> Initialized touch support.
<RI> Initialized touch support.
<RI> Initialized touch support.
<RI> Initialized touch support.
Opening scene 'Assets/Scenes/SampleScene.unity'
LightmapEditorSettings: switching bake backend from 1 to 0.
Unloading 5 Unused Serialized files (Serialized files now loaded: 0)
Loaded scene 'Assets/Scenes/SampleScene.unity'
	Deserialize:            0.438 ms
	Integration:            3.559 ms
	Integration of assets:  0.003 ms
	Thread Wait Time:       19.016 ms
	Total Operation Time:   23.017 ms
IsTimeToCheckForNewEditor: Update time 1780468419 current 1780468622
<RI> Initializing input.
XInput1_3.dll not found. Trying XInput9_1_0.dll instead...
<RI> Input initialized.
[Project] Loading completed in 16.266 seconds
	Project init time: 				0.349 seconds
		Template init time: 		0.000 seconds
		Services packages init time: 	0.000 seconds
		Package Manager init time: 		0.000 seconds
		Asset Database init time: 		0.000 seconds
		Global illumination init time: 	0.000 seconds
		Assemblies load time: 			0.000 seconds
		Unity extensions init time: 	0.001 seconds
		Asset Database refresh time: 	0.000 seconds
	Scene opening time: 			0.843 seconds
Reloading assemblies for play mode.
Begin MonoManager ReloadAssembly
mypath=F:\unity\Unity20190433_release\Editor\Data\Managed\UnityEditor.dll
UnityEngine.DebugLogHandler:Internal_Log(LogType, LogOption, String, Object)
UnityEngine.DebugLogHandler:LogFormat(LogType, Object, String, Object[])
UnityEngine.Logger:Log(LogType, Object)
UnityEngine.Debug:LogWarning(Object)
UnityEditor.popupLOD:InitCfgFile() (at D:\CI\ml\20190433\pre_release\Editor\Mono\GUI\Toolbar.cs:381)
UnityEditor.popupLOD:.cctor() (at D:\CI\ml\20190433\pre_release\Editor\Mono\GUI\Toolbar.cs:376)
System.Object:__icall_wrapper_mono_generic_class_init(IntPtr)
UnityEditor.Toolbar:.cctor() (at D:\CI\ml\20190433\pre_release\Editor\Mono\GUI\Toolbar.cs:582)
 
(Filename: D:/CI/ml/20190433/pre_release/Editor/Mono/GUI/Toolbar.cs Line: 381)

Load from CfgFile=F:\unity\Unity20190433_release\Editor\lodinfo.txt
UnityEngine.DebugLogHandler:Internal_Log(LogType, LogOption, String, Object)
UnityEngine.DebugLogHandler:LogFormat(LogType, Object, String, Object[])
UnityEngine.Logger:Log(LogType, Object)
UnityEngine.Debug:LogWarning(Object)
UnityEditor.popupLOD:InitCfgFile() (at D:\CI\ml\20190433\pre_release\Editor\Mono\GUI\Toolbar.cs:404)
UnityEditor.popupLOD:.cctor() (at D:\CI\ml\20190433\pre_release\Editor\Mono\GUI\Toolbar.cs:376)
System.Object:__icall_wrapper_mono_generic_class_init(IntPtr)
UnityEditor.Toolbar:.cctor() (at D:\CI\ml\20190433\pre_release\Editor\Mono\GUI\Toolbar.cs:582)
 
(Filename: D:/CI/ml/20190433/pre_release/Editor/Mono/GUI/Toolbar.cs Line: 404)

Failed to load: F:/unity/Unity20190433_release/Editor/Data/PlaybackEngines/iOSSupport\x86_64\UnityEditor.iOS.Native.dll
Native extension for iOS target not found
Native extension for Android target not found
Native extension for LinuxStandalone target not found
Native extension for WindowsStandalone target not found
Refreshing native plugins compatible for Editor in 8.00 ms, found 3 plugins.
Preloading 0 native plugins for Editor in 0.00 ms.
Adding genesis user token [MODES] Loading mode Default (0) for mode-current-id-wabish
Mono: successfully reloaded assembly
- Completed reload, in  0.890 seconds
Domain Reload Profiling:
	ReloadAssembly (909ms)
		BeginReloadAssembly (107ms)
			ExecutionOrderSort (0ms)
			DisableScriptedObjects (26ms)
			BackupInstance (0ms)
			ReleaseScriptingObjects (0ms)
			CreateAndSetChildDomain (47ms)
		EndReloadAssembly (768ms)
			LoadAssemblies (149ms)
			RebuildTransferFunctionScriptingTraits (0ms)
			SetupTypeCache (138ms)
			ReleaseScriptCaches (1ms)
			RebuildScriptCaches (33ms)
			SetupLoadedEditorAssemblies (213ms)
				LogAssemblyErrors (0ms)
				InitializePlatformSupportModulesInManaged (13ms)
				SetLoadedEditorAssemblies (0ms)
				RefreshPlugins (8ms)
				BeforeProcessingInitializeOnLoad (56ms)
				ProcessInitializeOnLoadAttributes (117ms)
				ProcessInitializeOnLoadMethodAttributes (17ms)
				AfterProcessingInitializeOnLoad (2ms)
				EditorAssembliesLoaded (0ms)
			ExecutionOrderSort2 (0ms)
			AwakeInstancesAfterBackupRestoration (154ms)
Platform modules already initialized, skipping
LightmapEditorSettings: switching bake backend from 1 to 0.
EditorUpdateCheck: Failed The requested URL returned error: 404
Loaded scene 'Temp/__Backupscenes/0.backup'
	Deserialize:            0.355 ms
	Integration:            45.790 ms
	Integration of assets:  0.007 ms
	Thread Wait Time:       18.767 ms
	Total Operation Time:   64.919 ms
[FunctionTable] EnterPlay.
Unloading 168 Unused Serialized files (Serialized files now loaded: 0)
Created GICache directory at C:/Users/admin/AppData/LocalLow/Unity/Caches/GiCache. Took: 0.024s, timestamps: [17.487 - 17.511]
Setting up 14 worker threads for Enlighten.
  Thread -> id: 12674 -> priority: 1 
  Thread -> id: 133d0 -> priority: 1 
  Thread -> id: a2b0 -> priority: 1 
  Thread -> id: 5510 -> priority: 1 
  Thread -> id: 13a68 -> priority: 1 
  Thread -> id: f0e8 -> priority: 1 
  Thread -> id: 13230 -> priority: 1 
  Thread -> id: 1325c -> priority: 1 
  Thread -> id: 136e8 -> priority: 1 
  Thread -> id: 13af8 -> priority: 1 
  Thread -> id: 11244 -> priority: 1 
  Thread -> id: 34e0 -> priority: 1 
  Thread -> id: 12f44 -> priority: 1 
  Thread -> id: 12f74 -> priority: 1 
TrimDiskCacheJob: Current cache size 0mb
Refresh completed in 0.069700 seconds.
RefreshInfo: RefreshV2(NoUpdateAssetOptions)
RefreshProfiler: Total: 69.124ms
	InvokeBeforeRefreshCallbacks: 0.000ms
	ApplyChangesToAssetFolders: 0.042ms
	WriteModifiedImportersToTextMetaFiles: 0.000ms
	CleanLegacyArtifacts: 0.000ms
	Scan: 30.770ms
	OnSourceAssetsModified: 0.000ms
	UnregisterDeletedAssets: 0.000ms
	InitializeImportedAssetsSnapshot: 2.481ms
	GetAllGuidsForCategorization: 0.000ms
	CategorizeAssets: 30.324ms
	ImportAndPostprocessOutOfDateAssets: 2.389ms (0.548ms without children)
		ImportManagerImport: 0.000ms (0.000ms without children)
			ImportInProcess: 0.000ms
			ImportOutOfProcess: 0.000ms
			UpdateCategorizedAssets: 0.000ms
			RemoteAssetCacheGetArtifact: 0.000ms (0.000ms without children)
				RemoteAssetCacheResolve: 0.000ms
				RemoteAssetCacheDownloadFile: 0.000ms
		CompileScripts: 0.000ms
		PostProcessAllAssets: 0.000ms
		ReloadImportedAssets: 0.000ms
		VerifyAssetsAreUpToDateAndCorrect: 0.000ms
		EnsureUptoDateAssetsAreRegisteredWithGuidPM: 0.252ms
		InitializingProgressBar: 0.000ms
		PostProcessAllAssetNotificationsAddChangedAssets: 0.126ms
		OnDemandSchedulerStart: 0.279ms
		RestoreLoadedAssetsState: 1.183ms
	InvokeProjectHasChanged: 0.000ms
	UpdateImportedAssetsSnapshot: 0.000ms
	ReloadSourceAssets: 0.536ms
	UnloadImportedAssets: 0.093ms
	Hotreload: 0.017ms
	FixTempGuids: 0.002ms
	VerifyGuidPMRegistrations: 0.000ms
	GatherAllCurrentPrimaryArtifactRevisions: 0.234ms
	UnloadStreamsBegin: 0.014ms
	LoadedImportedAssetsSnapshotReleaseGCHandles: 0.565ms
	GetLoadedSourceAssetsSnapshot: 1.702ms
	PersistCurrentRevisions: 0.000ms
	UnloadStreamsEnd: 0.013ms
	GenerateScriptTypeHashes: 0.258ms
	Untracked: -0.059ms
Refresh completed in 0.036569 seconds.
RefreshInfo: RefreshV2(NoUpdateAssetOptions)
RefreshProfiler: Total: 36.057ms
	InvokeBeforeRefreshCallbacks: 0.001ms
	ApplyChangesToAssetFolders: 0.040ms
	WriteModifiedImportersToTextMetaFiles: 0.000ms
	CleanLegacyArtifacts: 0.000ms
	Scan: 31.124ms
	OnSourceAssetsModified: 0.000ms
	UnregisterDeletedAssets: 0.000ms
	InitializeImportedAssetsSnapshot: 2.602ms
	GetAllGuidsForCategorization: 0.000ms
	CategorizeAssets: 0.000ms
	ImportAndPostprocessOutOfDateAssets: 0.000ms (0.000ms without children)
		ImportManagerImport: 0.000ms (0.000ms without children)
			ImportInProcess: 0.000ms
			ImportOutOfProcess: 0.000ms
			UpdateCategorizedAssets: 0.000ms
			RemoteAssetCacheGetArtifact: 0.000ms (0.000ms without children)
				RemoteAssetCacheResolve: 0.000ms
				RemoteAssetCacheDownloadFile: 0.000ms
		CompileScripts: 0.000ms
		PostProcessAllAssets: 0.000ms
		ReloadImportedAssets: 0.000ms
		VerifyAssetsAreUpToDateAndCorrect: 0.000ms
		EnsureUptoDateAssetsAreRegisteredWithGuidPM: 0.000ms
		InitializingProgressBar: 0.000ms
		PostProcessAllAssetNotificationsAddChangedAssets: 0.000ms
		OnDemandSchedulerStart: 0.000ms
		RestoreLoadedAssetsState: 0.000ms
	InvokeProjectHasChanged: 0.000ms
	UpdateImportedAssetsSnapshot: 0.000ms
	ReloadSourceAssets: 0.000ms
	UnloadImportedAssets: 0.000ms
	Hotreload: 0.018ms
	FixTempGuids: 0.003ms
	VerifyGuidPMRegistrations: 0.000ms
	GatherAllCurrentPrimaryArtifactRevisions: 0.243ms
	UnloadStreamsBegin: 0.015ms
	LoadedImportedAssetsSnapshotReleaseGCHandles: 0.606ms
	GetLoadedSourceAssetsSnapshot: 0.579ms
	PersistCurrentRevisions: 0.000ms
	UnloadStreamsEnd: 0.013ms
	GenerateScriptTypeHashes: 0.000ms
	Untracked: 0.813ms
Refresh completed in 0.034121 seconds.
RefreshInfo: RefreshV2(NoUpdateAssetOptions)
RefreshProfiler: Total: 33.599ms
	InvokeBeforeRefreshCallbacks: 0.001ms
	ApplyChangesToAssetFolders: 0.039ms
	WriteModifiedImportersToTextMetaFiles: 0.000ms
	CleanLegacyArtifacts: 0.000ms
	Scan: 28.645ms
	OnSourceAssetsModified: 0.000ms
	UnregisterDeletedAssets: 0.000ms
	InitializeImportedAssetsSnapshot: 2.708ms
	GetAllGuidsForCategorization: 0.000ms
	CategorizeAssets: 0.000ms
	ImportAndPostprocessOutOfDateAssets: 0.000ms (0.000ms without children)
		ImportManagerImport: 0.000ms (0.000ms without children)
			ImportInProcess: 0.000ms
			ImportOutOfProcess: 0.000ms
			UpdateCategorizedAssets: 0.000ms
			RemoteAssetCacheGetArtifact: 0.000ms (0.000ms without children)
				RemoteAssetCacheResolve: 0.000ms
				RemoteAssetCacheDownloadFile: 0.000ms
		CompileScripts: 0.000ms
		PostProcessAllAssets: 0.000ms
		ReloadImportedAssets: 0.000ms
		VerifyAssetsAreUpToDateAndCorrect: 0.000ms
		EnsureUptoDateAssetsAreRegisteredWithGuidPM: 0.000ms
		InitializingProgressBar: 0.000ms
		PostProcessAllAssetNotificationsAddChangedAssets: 0.000ms
		OnDemandSchedulerStart: 0.000ms
		RestoreLoadedAssetsState: 0.000ms
	InvokeProjectHasChanged: 0.000ms
	UpdateImportedAssetsSnapshot: 0.000ms
	ReloadSourceAssets: 0.000ms
	UnloadImportedAssets: 0.000ms
	Hotreload: 0.018ms
	FixTempGuids: 0.003ms
	VerifyGuidPMRegistrations: 0.000ms
	GatherAllCurrentPrimaryArtifactRevisions: 0.234ms
	UnloadStreamsBegin: 0.014ms
	LoadedImportedAssetsSnapshotReleaseGCHandles: 0.586ms
	GetLoadedSourceAssetsSnapshot: 0.544ms
	PersistCurrentRevisions: 0.000ms
	UnloadStreamsEnd: 0.015ms
	GenerateScriptTypeHashes: 0.000ms
	Untracked: 0.794ms
Refresh completed in 0.033722 seconds.
RefreshInfo: RefreshV2(NoUpdateAssetOptions)
RefreshProfiler: Total: 33.208ms
	InvokeBeforeRefreshCallbacks: 0.000ms
	ApplyChangesToAssetFolders: 0.038ms
	WriteModifiedImportersToTextMetaFiles: 0.000ms
	CleanLegacyArtifacts: 0.000ms
	Scan: 28.492ms
	OnSourceAssetsModified: 0.000ms
	UnregisterDeletedAssets: 0.000ms
	InitializeImportedAssetsSnapshot: 2.477ms
	GetAllGuidsForCategorization: 0.000ms
	CategorizeAssets: 0.000ms
	ImportAndPostprocessOutOfDateAssets: 0.000ms (0.000ms without children)
		ImportManagerImport: 0.000ms (0.000ms without children)
			ImportInProcess: 0.000ms
			ImportOutOfProcess: 0.000ms
			UpdateCategorizedAssets: 0.000ms
			RemoteAssetCacheGetArtifact: 0.000ms (0.000ms without children)
				RemoteAssetCacheResolve: 0.000ms
				RemoteAssetCacheDownloadFile: 0.000ms
		CompileScripts: 0.000ms
		PostProcessAllAssets: 0.000ms
		ReloadImportedAssets: 0.000ms
		VerifyAssetsAreUpToDateAndCorrect: 0.000ms
		EnsureUptoDateAssetsAreRegisteredWithGuidPM: 0.000ms
		InitializingProgressBar: 0.000ms
		PostProcessAllAssetNotificationsAddChangedAssets: 0.000ms
		OnDemandSchedulerStart: 0.000ms
		RestoreLoadedAssetsState: 0.000ms
	InvokeProjectHasChanged: 0.000ms
	UpdateImportedAssetsSnapshot: 0.000ms
	ReloadSourceAssets: 0.000ms
	UnloadImportedAssets: 0.000ms
	Hotreload: 0.019ms
	FixTempGuids: 0.003ms
	VerifyGuidPMRegistrations: 0.000ms
	GatherAllCurrentPrimaryArtifactRevisions: 0.226ms
	UnloadStreamsBegin: 0.013ms
	LoadedImportedAssetsSnapshotReleaseGCHandles: 0.601ms
	GetLoadedSourceAssetsSnapshot: 0.496ms
	PersistCurrentRevisions: 0.000ms
	UnloadStreamsEnd: 0.022ms
	GenerateScriptTypeHashes: 0.000ms
	Untracked: 0.820ms
Refresh completed in 0.036985 seconds.
RefreshInfo: RefreshV2(NoUpdateAssetOptions)
RefreshProfiler: Total: 36.424ms
	InvokeBeforeRefreshCallbacks: 0.000ms
	ApplyChangesToAssetFolders: 0.039ms
	WriteModifiedImportersToTextMetaFiles: 0.000ms
	CleanLegacyArtifacts: 0.000ms
	Scan: 31.584ms
	OnSourceAssetsModified: 0.000ms
	UnregisterDeletedAssets: 0.000ms
	InitializeImportedAssetsSnapshot: 2.575ms
	GetAllGuidsForCategorization: 0.000ms
	CategorizeAssets: 0.000ms
	ImportAndPostprocessOutOfDateAssets: 0.000ms (0.000ms without children)
		ImportManagerImport: 0.000ms (0.000ms without children)
			ImportInProcess: 0.000ms
			ImportOutOfProcess: 0.000ms
			UpdateCategorizedAssets: 0.000ms
			RemoteAssetCacheGetArtifact: 0.000ms (0.000ms without children)
				RemoteAssetCacheResolve: 0.000ms
				RemoteAssetCacheDownloadFile: 0.000ms
		CompileScripts: 0.000ms
		PostProcessAllAssets: 0.000ms
		ReloadImportedAssets: 0.000ms
		VerifyAssetsAreUpToDateAndCorrect: 0.000ms
		EnsureUptoDateAssetsAreRegisteredWithGuidPM: 0.000ms
		InitializingProgressBar: 0.000ms
		PostProcessAllAssetNotificationsAddChangedAssets: 0.000ms
		OnDemandSchedulerStart: 0.000ms
		RestoreLoadedAssetsState: 0.000ms
	InvokeProjectHasChanged: 0.000ms
	UpdateImportedAssetsSnapshot: 0.000ms
	ReloadSourceAssets: 0.000ms
	UnloadImportedAssets: 0.000ms
	Hotreload: 0.019ms
	FixTempGuids: 0.003ms
	VerifyGuidPMRegistrations: 0.000ms
	GatherAllCurrentPrimaryArtifactRevisions: 0.244ms
	UnloadStreamsBegin: 0.017ms
	LoadedImportedAssetsSnapshotReleaseGCHandles: 0.603ms
	GetLoadedSourceAssetsSnapshot: 0.513ms
	PersistCurrentRevisions: 0.000ms
	UnloadStreamsEnd: 0.013ms
	GenerateScriptTypeHashes: 0.000ms
	Untracked: 0.813ms
Refresh completed in 0.037114 seconds.
RefreshInfo: RefreshV2(NoUpdateAssetOptions)
RefreshProfiler: Total: 36.548ms
	InvokeBeforeRefreshCallbacks: 0.000ms
	ApplyChangesToAssetFolders: 0.039ms
	WriteModifiedImportersToTextMetaFiles: 0.000ms
	CleanLegacyArtifacts: 0.000ms
	Scan: 31.688ms
	OnSourceAssetsModified: 0.000ms
	UnregisterDeletedAssets: 0.000ms
	InitializeImportedAssetsSnapshot: 2.598ms
	GetAllGuidsForCategorization: 0.000ms
	CategorizeAssets: 0.000ms
	ImportAndPostprocessOutOfDateAssets: 0.000ms (0.000ms without children)
		ImportManagerImport: 0.000ms (0.000ms without children)
			ImportInProcess: 0.000ms
			ImportOutOfProcess: 0.000ms
			UpdateCategorizedAssets: 0.000ms
			RemoteAssetCacheGetArtifact: 0.000ms (0.000ms without children)
				RemoteAssetCacheResolve: 0.000ms
				RemoteAssetCacheDownloadFile: 0.000ms
		CompileScripts: 0.000ms
		PostProcessAllAssets: 0.000ms
		ReloadImportedAssets: 0.000ms
		VerifyAssetsAreUpToDateAndCorrect: 0.000ms
		EnsureUptoDateAssetsAreRegisteredWithGuidPM: 0.000ms
		InitializingProgressBar: 0.000ms
		PostProcessAllAssetNotificationsAddChangedAssets: 0.000ms
		OnDemandSchedulerStart: 0.000ms
		RestoreLoadedAssetsState: 0.000ms
	InvokeProjectHasChanged: 0.000ms
	UpdateImportedAssetsSnapshot: 0.000ms
	ReloadSourceAssets: 0.000ms
	UnloadImportedAssets: 0.000ms
	Hotreload: 0.018ms
	FixTempGuids: 0.003ms
	VerifyGuidPMRegistrations: 0.000ms
	GatherAllCurrentPrimaryArtifactRevisions: 0.230ms
	UnloadStreamsBegin: 0.014ms
	LoadedImportedAssetsSnapshotReleaseGCHandles: 0.613ms
	GetLoadedSourceAssetsSnapshot: 0.515ms
	PersistCurrentRevisions: 0.000ms
	UnloadStreamsEnd: 0.014ms
	GenerateScriptTypeHashes: 0.000ms
	Untracked: 0.815ms
Refresh completed in 0.036109 seconds.
RefreshInfo: RefreshV2(NoUpdateAssetOptions)
RefreshProfiler: Total: 35.581ms
	InvokeBeforeRefreshCallbacks: 0.000ms
	ApplyChangesToAssetFolders: 0.038ms
	WriteModifiedImportersToTextMetaFiles: 0.000ms
	CleanLegacyArtifacts: 0.000ms
	Scan: 30.832ms
	OnSourceAssetsModified: 0.000ms
	UnregisterDeletedAssets: 0.000ms
	InitializeImportedAssetsSnapshot: 2.503ms
	GetAllGuidsForCategorization: 0.000ms
	CategorizeAssets: 0.000ms
	ImportAndPostprocessOutOfDateAssets: 0.000ms (0.000ms without children)
		ImportManagerImport: 0.000ms (0.000ms without children)
			ImportInProcess: 0.000ms
			ImportOutOfProcess: 0.000ms
			UpdateCategorizedAssets: 0.000ms
			RemoteAssetCacheGetArtifact: 0.000ms (0.000ms without children)
				RemoteAssetCacheResolve: 0.000ms
				RemoteAssetCacheDownloadFile: 0.000ms
		CompileScripts: 0.000ms
		PostProcessAllAssets: 0.000ms
		ReloadImportedAssets: 0.000ms
		VerifyAssetsAreUpToDateAndCorrect: 0.000ms
		EnsureUptoDateAssetsAreRegisteredWithGuidPM: 0.000ms
		InitializingProgressBar: 0.000ms
		PostProcessAllAssetNotificationsAddChangedAssets: 0.000ms
		OnDemandSchedulerStart: 0.000ms
		RestoreLoadedAssetsState: 0.000ms
	InvokeProjectHasChanged: 0.000ms
	UpdateImportedAssetsSnapshot: 0.000ms
	ReloadSourceAssets: 0.000ms
	UnloadImportedAssets: 0.000ms
	Hotreload: 0.019ms
	FixTempGuids: 0.003ms
	VerifyGuidPMRegistrations: 0.000ms
	GatherAllCurrentPrimaryArtifactRevisions: 0.252ms
	UnloadStreamsBegin: 0.014ms
	LoadedImportedAssetsSnapshotReleaseGCHandles: 0.587ms
	GetLoadedSourceAssetsSnapshot: 0.523ms
	PersistCurrentRevisions: 0.000ms
	UnloadStreamsEnd: 0.015ms
	GenerateScriptTypeHashes: 0.000ms
	Untracked: 0.794ms
Refresh completed in 0.036619 seconds.
RefreshInfo: RefreshV2(NoUpdateAssetOptions)
RefreshProfiler: Total: 36.113ms
	InvokeBeforeRefreshCallbacks: 0.001ms
	ApplyChangesToAssetFolders: 0.039ms
	WriteModifiedImportersToTextMetaFiles: 0.000ms
	CleanLegacyArtifacts: 0.000ms
	Scan: 31.360ms
	OnSourceAssetsModified: 0.000ms
	UnregisterDeletedAssets: 0.000ms
	InitializeImportedAssetsSnapshot: 2.517ms
	GetAllGuidsForCategorization: 0.000ms
	CategorizeAssets: 0.000ms
	ImportAndPostprocessOutOfDateAssets: 0.000ms (0.000ms without children)
		ImportManagerImport: 0.000ms (0.000ms without children)
			ImportInProcess: 0.000ms
			ImportOutOfProcess: 0.000ms
			UpdateCategorizedAssets: 0.000ms
			RemoteAssetCacheGetArtifact: 0.000ms (0.000ms without children)
				RemoteAssetCacheResolve: 0.000ms
				RemoteAssetCacheDownloadFile: 0.000ms
		CompileScripts: 0.000ms
		PostProcessAllAssets: 0.000ms
		ReloadImportedAssets: 0.000ms
		VerifyAssetsAreUpToDateAndCorrect: 0.000ms
		EnsureUptoDateAssetsAreRegisteredWithGuidPM: 0.000ms
		InitializingProgressBar: 0.000ms
		PostProcessAllAssetNotificationsAddChangedAssets: 0.000ms
		OnDemandSchedulerStart: 0.000ms
		RestoreLoadedAssetsState: 0.000ms
	InvokeProjectHasChanged: 0.000ms
	UpdateImportedAssetsSnapshot: 0.000ms
	ReloadSourceAssets: 0.000ms
	UnloadImportedAssets: 0.000ms
	Hotreload: 0.018ms
	FixTempGuids: 0.003ms
	VerifyGuidPMRegistrations: 0.000ms
	GatherAllCurrentPrimaryArtifactRevisions: 0.245ms
	UnloadStreamsBegin: 0.015ms
	LoadedImportedAssetsSnapshotReleaseGCHandles: 0.580ms
	GetLoadedSourceAssetsSnapshot: 0.526ms
	PersistCurrentRevisions: 0.000ms
	UnloadStreamsEnd: 0.014ms
	GenerateScriptTypeHashes: 0.000ms
	Untracked: 0.795ms
Refresh completed in 0.036970 seconds.
RefreshInfo: RefreshV2(NoUpdateAssetOptions)
RefreshProfiler: Total: 36.450ms
	InvokeBeforeRefreshCallbacks: 0.000ms
	ApplyChangesToAssetFolders: 0.039ms
	WriteModifiedImportersToTextMetaFiles: 0.000ms
	CleanLegacyArtifacts: 0.000ms
	Scan: 31.718ms
	OnSourceAssetsModified: 0.000ms
	UnregisterDeletedAssets: 0.000ms
	InitializeImportedAssetsSnapshot: 2.505ms
	GetAllGuidsForCategorization: 0.000ms
	CategorizeAssets: 0.000ms
	ImportAndPostprocessOutOfDateAssets: 0.000ms (0.000ms without children)
		ImportManagerImport: 0.000ms (0.000ms without children)
			ImportInProcess: 0.000ms
			ImportOutOfProcess: 0.000ms
			UpdateCategorizedAssets: 0.000ms
			RemoteAssetCacheGetArtifact: 0.000ms (0.000ms without children)
				RemoteAssetCacheResolve: 0.000ms
				RemoteAssetCacheDownloadFile: 0.000ms
		CompileScripts: 0.000ms
		PostProcessAllAssets: 0.000ms
		ReloadImportedAssets: 0.000ms
		VerifyAssetsAreUpToDateAndCorrect: 0.000ms
		EnsureUptoDateAssetsAreRegisteredWithGuidPM: 0.000ms
		InitializingProgressBar: 0.000ms
		PostProcessAllAssetNotificationsAddChangedAssets: 0.000ms
		OnDemandSchedulerStart: 0.000ms
		RestoreLoadedAssetsState: 0.000ms
	InvokeProjectHasChanged: 0.000ms
	UpdateImportedAssetsSnapshot: 0.000ms
	ReloadSourceAssets: 0.000ms
	UnloadImportedAssets: 0.000ms
	Hotreload: 0.021ms
	FixTempGuids: 0.003ms
	VerifyGuidPMRegistrations: 0.000ms
	GatherAllCurrentPrimaryArtifactRevisions: 0.227ms
	UnloadStreamsBegin: 0.015ms
	LoadedImportedAssetsSnapshotReleaseGCHandles: 0.581ms
	GetLoadedSourceAssetsSnapshot: 0.505ms
	PersistCurrentRevisions: 0.000ms
	UnloadStreamsEnd: 0.014ms
	GenerateScriptTypeHashes: 0.000ms
	Untracked: 0.821ms
Refresh completed in 0.033912 seconds.
RefreshInfo: RefreshV2(NoUpdateAssetOptions)
RefreshProfiler: Total: 33.391ms
	InvokeBeforeRefreshCallbacks: 0.001ms
	ApplyChangesToAssetFolders: 0.038ms
	WriteModifiedImportersToTextMetaFiles: 0.000ms
	CleanLegacyArtifacts: 0.000ms
	Scan: 28.604ms
	OnSourceAssetsModified: 0.000ms
	UnregisterDeletedAssets: 0.000ms
	InitializeImportedAssetsSnapshot: 2.524ms
	GetAllGuidsForCategorization: 0.000ms
	CategorizeAssets: 0.000ms
	ImportAndPostprocessOutOfDateAssets: 0.000ms (0.000ms without children)
		ImportManagerImport: 0.000ms (0.000ms without children)
			ImportInProcess: 0.000ms
			ImportOutOfProcess: 0.000ms
			UpdateCategorizedAssets: 0.000ms
			RemoteAssetCacheGetArtifact: 0.000ms (0.000ms without children)
				RemoteAssetCacheResolve: 0.000ms
				RemoteAssetCacheDownloadFile: 0.000ms
		CompileScripts: 0.000ms
		PostProcessAllAssets: 0.000ms
		ReloadImportedAssets: 0.000ms
		VerifyAssetsAreUpToDateAndCorrect: 0.000ms
		EnsureUptoDateAssetsAreRegisteredWithGuidPM: 0.000ms
		InitializingProgressBar: 0.000ms
		PostProcessAllAssetNotificationsAddChangedAssets: 0.000ms
		OnDemandSchedulerStart: 0.000ms
		RestoreLoadedAssetsState: 0.000ms
	InvokeProjectHasChanged: 0.000ms
	UpdateImportedAssetsSnapshot: 0.000ms
	ReloadSourceAssets: 0.000ms
	UnloadImportedAssets: 0.000ms
	Hotreload: 0.017ms
	FixTempGuids: 0.003ms
	VerifyGuidPMRegistrations: 0.000ms
	GatherAllCurrentPrimaryArtifactRevisions: 0.237ms
	UnloadStreamsBegin: 0.017ms
	LoadedImportedAssetsSnapshotReleaseGCHandles: 0.611ms
	GetLoadedSourceAssetsSnapshot: 0.518ms
	PersistCurrentRevisions: 0.000ms
	UnloadStreamsEnd: 0.013ms
	GenerateScriptTypeHashes: 0.000ms
	Untracked: 0.807ms
Refresh completed in 0.034402 seconds.
RefreshInfo: RefreshV2(NoUpdateAssetOptions)
RefreshProfiler: Total: 33.875ms
	InvokeBeforeRefreshCallbacks: 0.000ms
	ApplyChangesToAssetFolders: 0.040ms
	WriteModifiedImportersToTextMetaFiles: 0.000ms
	CleanLegacyArtifacts: 0.000ms
	Scan: 29.180ms
	OnSourceAssetsModified: 0.000ms
	UnregisterDeletedAssets: 0.000ms
	InitializeImportedAssetsSnapshot: 2.481ms
	GetAllGuidsForCategorization: 0.000ms
	CategorizeAssets: 0.000ms
	ImportAndPostprocessOutOfDateAssets: 0.000ms (0.000ms without children)
		ImportManagerImport: 0.000ms (0.000ms without children)
			ImportInProcess: 0.000ms
			ImportOutOfProcess: 0.000ms
			UpdateCategorizedAssets: 0.000ms
			RemoteAssetCacheGetArtifact: 0.000ms (0.000ms without children)
				RemoteAssetCacheResolve: 0.000ms
				RemoteAssetCacheDownloadFile: 0.000ms
		CompileScripts: 0.000ms
		PostProcessAllAssets: 0.000ms
		ReloadImportedAssets: 0.000ms
		VerifyAssetsAreUpToDateAndCorrect: 0.000ms
		EnsureUptoDateAssetsAreRegisteredWithGuidPM: 0.000ms
		InitializingProgressBar: 0.000ms
		PostProcessAllAssetNotificationsAddChangedAssets: 0.000ms
		OnDemandSchedulerStart: 0.000ms
		RestoreLoadedAssetsState: 0.000ms
	InvokeProjectHasChanged: 0.000ms
	UpdateImportedAssetsSnapshot: 0.000ms
	ReloadSourceAssets: 0.000ms
	UnloadImportedAssets: 0.000ms
	Hotreload: 0.016ms
	FixTempGuids: 0.003ms
	VerifyGuidPMRegistrations: 0.000ms
	GatherAllCurrentPrimaryArtifactRevisions: 0.241ms
	UnloadStreamsBegin: 0.016ms
	LoadedImportedAssetsSnapshotReleaseGCHandles: 0.575ms
	GetLoadedSourceAssetsSnapshot: 0.502ms
	PersistCurrentRevisions: 0.000ms
	UnloadStreamsEnd: 0.013ms
	GenerateScriptTypeHashes: 0.000ms
	Untracked: 0.808ms
Refresh completed in 0.036673 seconds.
RefreshInfo: RefreshV2(NoUpdateAssetOptions)
RefreshProfiler: Total: 36.154ms
	InvokeBeforeRefreshCallbacks: 0.000ms
	ApplyChangesToAssetFolders: 0.037ms
	WriteModifiedImportersToTextMetaFiles: 0.000ms
	CleanLegacyArtifacts: 0.000ms
	Scan: 31.346ms
	OnSourceAssetsModified: 0.000ms
	UnregisterDeletedAssets: 0.000ms
	InitializeImportedAssetsSnapshot: 2.535ms
	GetAllGuidsForCategorization: 0.000ms
	CategorizeAssets: 0.000ms
	ImportAndPostprocessOutOfDateAssets: 0.000ms (0.000ms without children)
		ImportManagerImport: 0.000ms (0.000ms without children)
			ImportInProcess: 0.000ms
			ImportOutOfProcess: 0.000ms
			UpdateCategorizedAssets: 0.000ms
			RemoteAssetCacheGetArtifact: 0.000ms (0.000ms without children)
				RemoteAssetCacheResolve: 0.000ms
				RemoteAssetCacheDownloadFile: 0.000ms
		CompileScripts: 0.000ms
		PostProcessAllAssets: 0.000ms
		ReloadImportedAssets: 0.000ms
		VerifyAssetsAreUpToDateAndCorrect: 0.000ms
		EnsureUptoDateAssetsAreRegisteredWithGuidPM: 0.000ms
		InitializingProgressBar: 0.000ms
		PostProcessAllAssetNotificationsAddChangedAssets: 0.000ms
		OnDemandSchedulerStart: 0.000ms
		RestoreLoadedAssetsState: 0.000ms
	InvokeProjectHasChanged: 0.000ms
	UpdateImportedAssetsSnapshot: 0.000ms
	ReloadSourceAssets: 0.000ms
	UnloadImportedAssets: 0.000ms
	Hotreload: 0.018ms
	FixTempGuids: 0.003ms
	VerifyGuidPMRegistrations: 0.000ms
	GatherAllCurrentPrimaryArtifactRevisions: 0.230ms
	UnloadStreamsBegin: 0.014ms
	LoadedImportedAssetsSnapshotReleaseGCHandles: 0.597ms
	GetLoadedSourceAssetsSnapshot: 0.526ms
	PersistCurrentRevisions: 0.000ms
	UnloadStreamsEnd: 0.015ms
	GenerateScriptTypeHashes: 0.000ms
	Untracked: 0.833ms
Refresh completed in 0.038201 seconds.
RefreshInfo: RefreshV2(NoUpdateAssetOptions)
RefreshProfiler: Total: 37.626ms
	InvokeBeforeRefreshCallbacks: 0.000ms
	ApplyChangesToAssetFolders: 0.045ms
	WriteModifiedImportersToTextMetaFiles: 0.000ms
	CleanLegacyArtifacts: 0.000ms
	Scan: 32.168ms
	OnSourceAssetsModified: 0.000ms
	UnregisterDeletedAssets: 0.000ms
	InitializeImportedAssetsSnapshot: 2.970ms
	GetAllGuidsForCategorization: 0.000ms
	CategorizeAssets: 0.000ms
	ImportAndPostprocessOutOfDateAssets: 0.000ms (0.000ms without children)
		ImportManagerImport: 0.000ms (0.000ms without children)
			ImportInProcess: 0.000ms
			ImportOutOfProcess: 0.000ms
			UpdateCategorizedAssets: 0.000ms
			RemoteAssetCacheGetArtifact: 0.000ms (0.000ms without children)
				RemoteAssetCacheResolve: 0.000ms
				RemoteAssetCacheDownloadFile: 0.000ms
		CompileScripts: 0.000ms
		PostProcessAllAssets: 0.000ms
		ReloadImportedAssets: 0.000ms
		VerifyAssetsAreUpToDateAndCorrect: 0.000ms
		EnsureUptoDateAssetsAreRegisteredWithGuidPM: 0.000ms
		InitializingProgressBar: 0.000ms
		PostProcessAllAssetNotificationsAddChangedAssets: 0.000ms
		OnDemandSchedulerStart: 0.000ms
		RestoreLoadedAssetsState: 0.000ms
	InvokeProjectHasChanged: 0.000ms
	UpdateImportedAssetsSnapshot: 0.000ms
	ReloadSourceAssets: 0.000ms
	UnloadImportedAssets: 0.000ms
	Hotreload: 0.020ms
	FixTempGuids: 0.003ms
	VerifyGuidPMRegistrations: 0.000ms
	GatherAllCurrentPrimaryArtifactRevisions: 0.285ms
	UnloadStreamsBegin: 0.016ms
	LoadedImportedAssetsSnapshotReleaseGCHandles: 0.662ms
	GetLoadedSourceAssetsSnapshot: 0.604ms
	PersistCurrentRevisions: 0.000ms
	UnloadStreamsEnd: 0.014ms
	GenerateScriptTypeHashes: 0.000ms
	Untracked: 0.837ms
Refresh completed in 0.035300 seconds.
RefreshInfo: RefreshV2(NoUpdateAssetOptions)
RefreshProfiler: Total: 34.795ms
	InvokeBeforeRefreshCallbacks: 0.000ms
	ApplyChangesToAssetFolders: 0.040ms
	WriteModifiedImportersToTextMetaFiles: 0.000ms
	CleanLegacyArtifacts: 0.000ms
	Scan: 29.885ms
	OnSourceAssetsModified: 0.000ms
	UnregisterDeletedAssets: 0.000ms
	InitializeImportedAssetsSnapshot: 2.658ms
	GetAllGuidsForCategorization: 0.000ms
	CategorizeAssets: 0.000ms
	ImportAndPostprocessOutOfDateAssets: 0.000ms (0.000ms without children)
		ImportManagerImport: 0.000ms (0.000ms without children)
			ImportInProcess: 0.000ms
			ImportOutOfProcess: 0.000ms
			UpdateCategorizedAssets: 0.000ms
			RemoteAssetCacheGetArtifact: 0.000ms (0.000ms without children)
				RemoteAssetCacheResolve: 0.000ms
				RemoteAssetCacheDownloadFile: 0.000ms
		CompileScripts: 0.000ms
		PostProcessAllAssets: 0.000ms
		ReloadImportedAssets: 0.000ms
		VerifyAssetsAreUpToDateAndCorrect: 0.000ms
		EnsureUptoDateAssetsAreRegisteredWithGuidPM: 0.000ms
		InitializingProgressBar: 0.000ms
		PostProcessAllAssetNotificationsAddChangedAssets: 0.000ms
		OnDemandSchedulerStart: 0.000ms
		RestoreLoadedAssetsState: 0.000ms
	InvokeProjectHasChanged: 0.000ms
	UpdateImportedAssetsSnapshot: 0.000ms
	ReloadSourceAssets: 0.000ms
	UnloadImportedAssets: 0.000ms
	Hotreload: 0.017ms
	FixTempGuids: 0.003ms
	VerifyGuidPMRegistrations: 0.000ms
	GatherAllCurrentPrimaryArtifactRevisions: 0.245ms
	UnloadStreamsBegin: 0.014ms
	LoadedImportedAssetsSnapshotReleaseGCHandles: 0.571ms
	GetLoadedSourceAssetsSnapshot: 0.563ms
	PersistCurrentRevisions: 0.000ms
	UnloadStreamsEnd: 0.013ms
	GenerateScriptTypeHashes: 0.000ms
	Untracked: 0.785ms
Refresh completed in 0.035635 seconds.
RefreshInfo: RefreshV2(NoUpdateAssetOptions)
RefreshProfiler: Total: 35.161ms
	InvokeBeforeRefreshCallbacks: 0.001ms
	ApplyChangesToAssetFolders: 0.039ms
	WriteModifiedImportersToTextMetaFiles: 0.000ms
	CleanLegacyArtifacts: 0.000ms
	Scan: 30.421ms
	OnSourceAssetsModified: 0.000ms
	UnregisterDeletedAssets: 0.000ms
	InitializeImportedAssetsSnapshot: 2.523ms
	GetAllGuidsForCategorization: 0.000ms
	CategorizeAssets: 0.000ms
	ImportAndPostprocessOutOfDateAssets: 0.000ms (0.000ms without children)
		ImportManagerImport: 0.000ms (0.000ms without children)
			ImportInProcess: 0.000ms
			ImportOutOfProcess: 0.000ms
			UpdateCategorizedAssets: 0.000ms
			RemoteAssetCacheGetArtifact: 0.000ms (0.000ms without children)
				RemoteAssetCacheResolve: 0.000ms
				RemoteAssetCacheDownloadFile: 0.000ms
		CompileScripts: 0.000ms
		PostProcessAllAssets: 0.000ms
		ReloadImportedAssets: 0.000ms
		VerifyAssetsAreUpToDateAndCorrect: 0.000ms
		EnsureUptoDateAssetsAreRegisteredWithGuidPM: 0.000ms
		InitializingProgressBar: 0.000ms
		PostProcessAllAssetNotificationsAddChangedAssets: 0.000ms
		OnDemandSchedulerStart: 0.000ms
		RestoreLoadedAssetsState: 0.000ms
	InvokeProjectHasChanged: 0.000ms
	UpdateImportedAssetsSnapshot: 0.000ms
	ReloadSourceAssets: 0.000ms
	UnloadImportedAssets: 0.000ms
	Hotreload: 0.019ms
	FixTempGuids: 0.003ms
	VerifyGuidPMRegistrations: 0.000ms
	GatherAllCurrentPrimaryArtifactRevisions: 0.232ms
	UnloadStreamsBegin: 0.014ms
	LoadedImportedAssetsSnapshotReleaseGCHandles: 0.557ms
	GetLoadedSourceAssetsSnapshot: 0.506ms
	PersistCurrentRevisions: 0.000ms
	UnloadStreamsEnd: 0.013ms
	GenerateScriptTypeHashes: 0.000ms
	Untracked: 0.834ms
Refresh completed in 0.033954 seconds.
RefreshInfo: RefreshV2(NoUpdateAssetOptions)
RefreshProfiler: Total: 33.475ms
	InvokeBeforeRefreshCallbacks: 0.000ms
	ApplyChangesToAssetFolders: 0.039ms
	WriteModifiedImportersToTextMetaFiles: 0.000ms
	CleanLegacyArtifacts: 0.000ms
	Scan: 28.675ms
	OnSourceAssetsModified: 0.000ms
	UnregisterDeletedAssets: 0.000ms
	InitializeImportedAssetsSnapshot: 2.546ms
	GetAllGuidsForCategorization: 0.000ms
	CategorizeAssets: 0.000ms
	ImportAndPostprocessOutOfDateAssets: 0.000ms (0.000ms without children)
		ImportManagerImport: 0.000ms (0.000ms without children)
			ImportInProcess: 0.000ms
			ImportOutOfProcess: 0.000ms
			UpdateCategorizedAssets: 0.000ms
			RemoteAssetCacheGetArtifact: 0.000ms (0.000ms without children)
				RemoteAssetCacheResolve: 0.000ms
				RemoteAssetCacheDownloadFile: 0.000ms
		CompileScripts: 0.000ms
		PostProcessAllAssets: 0.000ms
		ReloadImportedAssets: 0.000ms
		VerifyAssetsAreUpToDateAndCorrect: 0.000ms
		EnsureUptoDateAssetsAreRegisteredWithGuidPM: 0.000ms
		InitializingProgressBar: 0.000ms
		PostProcessAllAssetNotificationsAddChangedAssets: 0.000ms
		OnDemandSchedulerStart: 0.000ms
		RestoreLoadedAssetsState: 0.000ms
	InvokeProjectHasChanged: 0.000ms
	UpdateImportedAssetsSnapshot: 0.000ms
	ReloadSourceAssets: 0.000ms
	UnloadImportedAssets: 0.000ms
	Hotreload: 0.018ms
	FixTempGuids: 0.003ms
	VerifyGuidPMRegistrations: 0.000ms
	GatherAllCurrentPrimaryArtifactRevisions: 0.234ms
	UnloadStreamsBegin: 0.014ms
	LoadedImportedAssetsSnapshotReleaseGCHandles: 0.593ms
	GetLoadedSourceAssetsSnapshot: 0.532ms
	PersistCurrentRevisions: 0.000ms
	UnloadStreamsEnd: 0.014ms
	GenerateScriptTypeHashes: 0.000ms
	Untracked: 0.807ms
Refresh completed in 0.033611 seconds.
RefreshInfo: RefreshV2(NoUpdateAssetOptions)
RefreshProfiler: Total: 33.121ms
	InvokeBeforeRefreshCallbacks: 0.000ms
	ApplyChangesToAssetFolders: 0.038ms
	WriteModifiedImportersToTextMetaFiles: 0.000ms
	CleanLegacyArtifacts: 0.000ms
	Scan: 28.456ms
	OnSourceAssetsModified: 0.000ms
	UnregisterDeletedAssets: 0.000ms
	InitializeImportedAssetsSnapshot: 2.500ms
	GetAllGuidsForCategorization: 0.000ms
	CategorizeAssets: 0.000ms
	ImportAndPostprocessOutOfDateAssets: 0.000ms (0.000ms without children)
		ImportManagerImport: 0.000ms (0.000ms without children)
			ImportInProcess: 0.000ms
			ImportOutOfProcess: 0.000ms
			UpdateCategorizedAssets: 0.000ms
			RemoteAssetCacheGetArtifact: 0.000ms (0.000ms without children)
				RemoteAssetCacheResolve: 0.000ms
				RemoteAssetCacheDownloadFile: 0.000ms
		CompileScripts: 0.000ms
		PostProcessAllAssets: 0.000ms
		ReloadImportedAssets: 0.000ms
		VerifyAssetsAreUpToDateAndCorrect: 0.000ms
		EnsureUptoDateAssetsAreRegisteredWithGuidPM: 0.000ms
		InitializingProgressBar: 0.000ms
		PostProcessAllAssetNotificationsAddChangedAssets: 0.000ms
		OnDemandSchedulerStart: 0.000ms
		RestoreLoadedAssetsState: 0.000ms
	InvokeProjectHasChanged: 0.000ms
	UpdateImportedAssetsSnapshot: 0.000ms
	ReloadSourceAssets: 0.000ms
	UnloadImportedAssets: 0.000ms
	Hotreload: 0.016ms
	FixTempGuids: 0.003ms
	VerifyGuidPMRegistrations: 0.000ms
	GatherAllCurrentPrimaryArtifactRevisions: 0.227ms
	UnloadStreamsBegin: 0.014ms
	LoadedImportedAssetsSnapshotReleaseGCHandles: 0.558ms
	GetLoadedSourceAssetsSnapshot: 0.515ms
	PersistCurrentRevisions: 0.000ms
	UnloadStreamsEnd: 0.013ms
	GenerateScriptTypeHashes: 0.000ms
	Untracked: 0.781ms
Refresh completed in 0.038953 seconds.
RefreshInfo: RefreshV2(NoUpdateAssetOptions)
RefreshProfiler: Total: 38.352ms
	InvokeBeforeRefreshCallbacks: 0.001ms
	ApplyChangesToAssetFolders: 0.039ms
	WriteModifiedImportersToTextMetaFiles: 0.000ms
	CleanLegacyArtifacts: 0.000ms
	Scan: 32.615ms
	OnSourceAssetsModified: 0.000ms
	UnregisterDeletedAssets: 0.000ms
	InitializeImportedAssetsSnapshot: 2.469ms
	GetAllGuidsForCategorization: 0.000ms
	CategorizeAssets: 0.000ms
	ImportAndPostprocessOutOfDateAssets: 0.000ms (0.000ms without children)
		ImportManagerImport: 0.000ms (0.000ms without children)
			ImportInProcess: 0.000ms
			ImportOutOfProcess: 0.000ms
			UpdateCategorizedAssets: 0.000ms
			RemoteAssetCacheGetArtifact: 0.000ms (0.000ms without children)
				RemoteAssetCacheResolve: 0.000ms
				RemoteAssetCacheDownloadFile: 0.000ms
		CompileScripts: 0.000ms
		PostProcessAllAssets: 0.000ms
		ReloadImportedAssets: 0.000ms
		VerifyAssetsAreUpToDateAndCorrect: 0.000ms
		EnsureUptoDateAssetsAreRegisteredWithGuidPM: 0.000ms
		InitializingProgressBar: 0.000ms
		PostProcessAllAssetNotificationsAddChangedAssets: 0.000ms
		OnDemandSchedulerStart: 0.000ms
		RestoreLoadedAssetsState: 0.000ms
	InvokeProjectHasChanged: 0.000ms
	UpdateImportedAssetsSnapshot: 0.000ms
	ReloadSourceAssets: 0.000ms
	UnloadImportedAssets: 0.000ms
	Hotreload: 0.022ms
	FixTempGuids: 0.005ms
	VerifyGuidPMRegistrations: 0.000ms
	GatherAllCurrentPrimaryArtifactRevisions: 0.217ms
	UnloadStreamsBegin: 0.014ms
	LoadedImportedAssetsSnapshotReleaseGCHandles: 1.224ms
	GetLoadedSourceAssetsSnapshot: 0.515ms
	PersistCurrentRevisions: 0.000ms
	UnloadStreamsEnd: 0.037ms
	GenerateScriptTypeHashes: 0.000ms
	Untracked: 1.195ms
[Performance] WinEditorMain                                               :        1 samples, Peak.  1.06 s (1.0x), Avg.  1.06 s, Total. 1.058 s (5.3%)
[Performance] WinEditorMain.ConfigureCrashHandler                         :        1 samples, Peak.  13.2 us (1.0x), Avg.  13.2 us, Total. 13.20 us (0.0%)
[Performance] WinEditorMain.CurlRequestInitialize                         :        1 samples, Peak.   501 us (1.0x), Avg.   501 us, Total. 500.6 us (0.0%)
[Performance] WinEditorMain.SetupLogFile                                  :        1 samples, Peak.   307 us (1.0x), Avg.   307 us, Total. 307.5 us (0.0%)
[Performance] WinEditorMain.RunNativeTestsIfRequiredAndExit               :        1 samples, Peak.  1.40 us (1.0x), Avg.  1.40 us, Total. 1.400 us (0.0%)
[Performance] WinEditorMain.Licensing                                     :        1 samples, Peak.   622 ms (1.0x), Avg.   622 ms, Total. 622.0 ms (3.1%)
[Performance] WinEditorMain.InitializeCrashHandler                        :        1 samples, Peak.   444 us (1.0x), Avg.   444 us, Total. 444.3 us (0.0%)
[Performance] WinEditorMain.CreateApplication                             :        1 samples, Peak.   348 us (1.0x), Avg.   348 us, Total. 347.9 us (0.0%)
[Performance] Application.InitializeProject                               :        1 samples, Peak.  14.3 s (1.0x), Avg.  14.3 s, Total. 14.34 s (72.1%)
[Performance] Application.PackageManager.StartServer                      :        1 samples, Peak.  3.49 ms (1.0x), Avg.  3.49 ms, Total. 3.486 ms (0.0%)
[Performance] Application.IsBrowserCacheEmpty                             :        1 samples, Peak.   638 us (1.0x), Avg.   638 us, Total. 638.4 us (0.0%)
[Performance] Application.AcquireProjectLock                              :        1 samples, Peak.  5.30 ms (1.0x), Avg.  5.30 ms, Total. 5.299 ms (0.0%)
[Performance] Application.InitializeEngineNoGraphics                      :        1 samples, Peak.  10.1 ms (1.0x), Avg.  10.1 ms, Total. 10.10 ms (0.1%)
[Performance] Application.PackageManager.Initialize                       :        1 samples, Peak.  1.02 s (1.0x), Avg.  1.02 s, Total. 1.024 s (5.1%)
[Performance] CurlRequestCheck                                            :       12 samples, Peak.   433 ms (10.2x), Avg.  42.4 ms, Total. 509.1 ms (2.6%)
[Performance] PackageManager::RunRequestSynchronously                     :        9 samples, Peak.   243 ms (4.2x), Avg.  57.8 ms, Total. 520.6 ms (2.6%)
[Performance] Application.EngineGraphics.Initialize                       :        1 samples, Peak.   163 ms (1.0x), Avg.   163 ms, Total. 163.0 ms (0.8%)
[Performance] Application.GI.Initialize                                   :        1 samples, Peak.  2.17 ms (1.0x), Avg.  2.17 ms, Total. 2.174 ms (0.0%)
[Performance] Application.LoadAllDefaultResourcesFromEditor               :        1 samples, Peak.  1.52 ms (1.0x), Avg.  1.52 ms, Total. 1.517 ms (0.0%)
[Performance] Application.LoadMonoAssemblies                              :        1 samples, Peak.   516 ms (1.0x), Avg.   516 ms, Total. 516.2 ms (2.6%)
[Performance] RestoreManagedReferences                                    :        3 samples, Peak.  59.6 ms (2.8x), Avg.  21.1 ms, Total. 63.31 ms (0.3%)
[Performance] ProcessService.EditorAfterLoadAllAssemblies                 :        3 samples, Peak.  19.1 ms (1.2x), Avg.  16.2 ms, Total. 48.52 ms (0.2%)
[Performance] Application.ReadLicenseInfo                                 :        1 samples, Peak.   164 us (1.0x), Avg.   164 us, Total. 163.8 us (0.0%)
[Performance] Application.InitialScriptRefresh                            :        1 samples, Peak.  1.19 s (1.0x), Avg.  1.19 s, Total. 1.185 s (6.0%)
[Performance] Application.AssetDatabase.Refresh                           :        1 samples, Peak.  74.6 ms (1.0x), Avg.  74.6 ms, Total. 74.57 ms (0.4%)
[Performance] Application.ImportAssetsWithMismatchingAssetImporterVersion :        1 samples, Peak.  86.5 ms (1.0x), Avg.  86.5 ms, Total. 86.52 ms (0.4%)
[Performance] Application.SyncCurrentColorSpace                           :        1 samples, Peak.   194 ms (1.0x), Avg.   194 ms, Total. 194.3 ms (1.0%)
[Performance] Application.OnUsbDevicesChanged                             :        1 samples, Peak.  3.27 ms (1.0x), Avg.  3.27 ms, Total. 3.272 ms (0.0%)
[Performance] Application.AssetInstanceCacheUpdate                        :        1 samples, Peak.   300 ns (1.0x), Avg.   300 ns, Total. 300.0 ns (0.0%)
[Performance] Application.UnityExtensions.Initialize                      :        1 samples, Peak.   951 us (1.0x), Avg.   951 us, Total. 951.1 us (0.0%)
[Performance] Application.InitializeManagedCompilationPipeline            :        1 samples, Peak.  64.7 ms (1.0x), Avg.  64.7 ms, Total. 64.66 ms (0.3%)
[Performance] Application.ExecuteStartups                                 :        1 samples, Peak.  37.2 ms (1.0x), Avg.  37.2 ms, Total. 37.15 ms (0.2%)
[Performance] Application.RebuildOSMenu                                   :        1 samples, Peak.  40.1 ms (1.0x), Avg.  40.1 ms, Total. 40.10 ms (0.2%)
[Performance] UpdateAllMenus                                              :       21 samples, Peak.  56.8 ms (12.4x), Avg.  4.59 ms, Total. 96.42 ms (0.5%)
[Performance] Application.editorInitializingProject                       :        1 samples, Peak.  8.40 us (1.0x), Avg.  8.40 us, Total. 8.400 us (0.0%)
[Performance] Application.FinishLoadingProject                            :        1 samples, Peak.   843 ms (1.0x), Avg.   843 ms, Total. 842.6 ms (4.2%)
[Performance] Application.RestoreLastOpenedScenes                         :        1 samples, Peak.   740 ms (1.0x), Avg.   740 ms, Total. 739.8 ms (3.7%)
[Performance] BuildCatalog                                                :        2 samples, Peak.  27.7 ms (1.1x), Avg.  25.9 ms, Total. 51.81 ms (0.3%)
[Performance] ProjectBrowser.Paint                                        :       20 samples, Peak.   176 ms (11.8x), Avg.  15.0 ms, Total. 299.7 ms (1.5%)
[Performance] RefreshSkin                                                 :        2 samples, Peak.  20.3 ms (1.2x), Avg.  16.4 ms, Total. 32.80 ms (0.2%)
[Performance] ProjectBrowser.OnGUI.Layout                                 :       20 samples, Peak.  62.7 ms (11.2x), Avg.  5.62 ms, Total. 112.3 ms (0.6%)
[Performance] ProjectBrowser.OnGUI.repaint                                :       20 samples, Peak.  6.86 ms (3.2x), Avg.  2.13 ms, Total. 42.68 ms (0.2%)
[Performance] InspectorWindow.Paint                                       :       21 samples, Peak.  22.4 ms (6.2x), Avg.  3.61 ms, Total. 75.73 ms (0.4%)
[Performance] InspectorWindow.OnGUI.Layout                                :       21 samples, Peak.  2.53 ms (18.9x), Avg.   134 us, Total. 2.809 ms (0.0%)
[Performance] InspectorWindow.OnGUI.repaint                               :       21 samples, Peak.  15.9 us (1.5x), Avg.  10.5 us, Total. 220.0 us (0.0%)
[Performance] AppStatusBar.Paint                                          :       20 samples, Peak.  3.87 ms (2.4x), Avg.  1.64 ms, Total. 32.75 ms (0.2%)
[Performance] SceneHierarchyWindow.Paint                                  :       21 samples, Peak.  11.5 ms (4.6x), Avg.  2.47 ms, Total. 51.80 ms (0.3%)
[Performance] SceneHierarchyWindow.OnGUI.Layout                           :       21 samples, Peak.  6.69 ms (9.8x), Avg.   682 us, Total. 14.31 ms (0.1%)
[Performance] SceneHierarchyWindow.OnGUI.repaint                          :       21 samples, Peak.  2.32 ms (5.3x), Avg.   437 us, Total. 9.180 ms (0.0%)
[Performance] SceneVisibilityState.IsFlagSetInParents                     :       82 samples, Peak.  1.40 us (3.2x), Avg.   435 ns, Total. 35.70 us (0.0%)
[Performance] SceneVisibilityState.HasData                                :       82 samples, Peak.   100 ns (1.9x), Avg.  53.7 ns, Total. 4.400 us (0.0%)
[Performance] Toolbar.Paint                                               :       21 samples, Peak.  35.9 ms (11.3x), Avg.  3.19 ms, Total. 66.92 ms (0.3%)
[Performance] GameView.Paint                                              :      104 samples, Peak.  87.9 ms (7.2x), Avg.  12.2 ms, Total. 1.264 s (6.4%)
[Performance] GameView.OnGUI.Layout                                       :      105 samples, Peak.  9.29 ms (30.7x), Avg.   303 us, Total. 31.81 ms (0.2%)
[Performance] GameView.OnGUI.repaint                                      :      104 samples, Peak.  87.1 ms (7.8x), Avg.  11.2 ms, Total. 1.160 s (5.8%)
[Performance] Application.InvokeFinishedLoadingProject                    :        1 samples, Peak.  21.5 ms (1.0x), Avg.  21.5 ms, Total. 21.51 ms (0.1%)
[Performance] ProcessService.OnProjectLoaded                              :        1 samples, Peak.  19.1 ms (1.0x), Avg.  19.1 ms, Total. 19.12 ms (0.1%)
[Performance] Application.InvokeProjectWasLoaded                          :        1 samples, Peak.   492 us (1.0x), Avg.   492 us, Total. 492.4 us (0.0%)
[Performance] Application.Message                                         :      103 samples, Peak.  11.6 ms (32.0x), Avg.   361 us, Total. 37.17 ms (0.2%)
[Performance] Application.Message.WM_00060                                :       15 samples, Peak.  98.2 us (8.4x), Avg.  11.8 us, Total. 176.4 us (0.0%)
[Performance] Application.Message.WM_0031F                                :        1 samples, Peak.  12.9 us (1.0x), Avg.  12.9 us, Total. 12.90 us (0.0%)
[Performance] Application.Message.WM_00282                                :        1 samples, Peak.  5.10 us (1.0x), Avg.  5.10 us, Total. 5.100 us (0.0%)
[Performance] Application.Message.NonClientMouseMove                      :        1 samples, Peak.  5.00 us (1.0x), Avg.  5.00 us, Total. 5.000 us (0.0%)
[Performance] Application.Message.Timer                                   :        5 samples, Peak.  21.9 us (1.7x), Avg.  13.1 us, Total. 65.40 us (0.0%)
[Performance] Application.Message.WM_0C132                                :        1 samples, Peak.   600 ns (1.0x), Avg.   600 ns, Total. 600.0 ns (0.0%)
[Performance] Application.Message.WM_0C066                                :        3 samples, Peak.  18.3 us (1.8x), Avg.  10.4 us, Total. 31.10 us (0.0%)
[Performance] Application.Tick                                            :      102 samples, Peak.  1.43 s (41.7x), Avg.  34.2 ms, Total. 3.493 s (17.6%)
[Performance] License.Tick                                                :       26 samples, Peak.   600 ns (1.3x), Avg.   465 ns, Total. 12.10 us (0.0%)
[Performance] VCProvider                                                  :      103 samples, Peak.  1.60 us (1.8x), Avg.   877 ns, Total. 90.30 us (0.0%)
[Performance] MonoCompiler.Tick                                           :       10 samples, Peak.  1.22 s (10.0x), Avg.   122 ms, Total. 1.217 s (6.1%)
[Performance] Application.Reload                                          :        1 samples, Peak.   912 ms (1.0x), Avg.   912 ms, Total. 911.8 ms (4.6%)
[Performance] GameView.OnGUI.Used                                         :        1 samples, Peak.  56.8 us (1.0x), Avg.  56.8 us, Total. 56.80 us (0.0%)
[Performance] Package.AsyncRequest                                        :        5 samples, Peak.  1.09 ms (5.0x), Avg.   217 us, Total. 1.087 ms (0.0%)
[Performance] GUIView.RepaintAll.PlayerLoopController                     :      103 samples, Peak.   145 ms (9.8x), Avg.  14.8 ms, Total. 1.527 s (7.7%)
[Performance] UnityConnect.Tick                                           :        1 samples, Peak.  5.70 us (1.0x), Avg.  5.70 us, Total. 5.700 us (0.0%)
[Performance] UnityConnect.PollInfo                                       :        1 samples, Peak.   200 ns (1.0x), Avg.   200 ns, Total. 200.0 ns (0.0%)
[Performance] Collab.Tick                                                 :        1 samples, Peak.  2.80 us (1.0x), Avg.  2.80 us, Total. 2.800 us (0.0%)
[Performance] CurlRequest.Tick                                            :       18 samples, Peak.   299 us (17.3x), Avg.  17.3 us, Total. 311.3 us (0.0%)
[Performance] WebView.Tick                                                :       26 samples, Peak.   177 us (3.4x), Avg.  52.8 us, Total. 1.372 ms (0.0%)
[Performance] WebSocketClient.Tick                                        :       18 samples, Peak.  1000 ns (1.6x), Avg.   644 ns, Total. 11.60 us (0.0%)
[Performance] SceneBackgroundTask.Tick                                    :       12 samples, Peak.   200 ns (2.4x), Avg.  83.3 ns, Total. 1.000 us (0.0%)
[Performance] Scheduler.Tick                                              :       37 samples, Peak.  2.07 ms (28.6x), Avg.  72.2 us, Total. 2.671 ms (0.0%)
[Performance] RepaintAllProfilerWindows                                   :        5 samples, Peak.   310 us (4.9x), Avg.  62.8 us, Total. 314.0 us (0.0%)
[Performance] PlayerUpdates.Tick                                          :       19 samples, Peak.  20.8 us (1.3x), Avg.  15.6 us, Total. 295.8 us (0.0%)
[Performance] GlobalCallbacks                                             :      103 samples, Peak.   402 us (17.4x), Avg.  23.0 us, Total. 2.374 ms (0.0%)
[Performance] EditorAnalytics.Tick                                        :        9 samples, Peak.   600 ns (1.7x), Avg.   356 ns, Total. 3.200 us (0.0%)
[Performance] Video.Update                                                :      103 samples, Peak.   800 ns (2.4x), Avg.   328 ns, Total. 33.80 us (0.0%)
[Performance] SceneTracker                                                :      102 samples, Peak.   151 ms (18.8x), Avg.  8.05 ms, Total. 821.4 ms (4.1%)
[Performance] ConsoleLog.Tick                                             :        9 samples, Peak.  79.8 us (6.9x), Avg.  11.5 us, Total. 103.9 us (0.0%)
[Performance] HierarchyWindow.Tick                                        :       12 samples, Peak.   437 us (12.0x), Avg.  36.5 us, Total. 438.1 us (0.0%)
[Performance] Inspector.Tick                                              :       12 samples, Peak.  15.3 ms (10.4x), Avg.  1.47 ms, Total. 17.68 ms (0.1%)
[Performance] Tooltip.Tick                                                :       27 samples, Peak.  1.30 us (2.3x), Avg.   563 ns, Total. 15.20 us (0.0%)
[Performance] RequestRepaintForPanels                                     :      102 samples, Peak.   181 us (45.8x), Avg.  3.95 us, Total. 403.4 us (0.0%)
[Performance] UpdateScene                                                 :      102 samples, Peak.  97.1 ms (7.1x), Avg.  13.8 ms, Total. 1.403 s (7.1%)
[Performance] PackageImporter.Tick                                        :        9 samples, Peak.   800 ns (2.8x), Avg.   289 ns, Total. 2.600 us (0.0%)
[Performance] InspectorBackground.Tick                                    :       11 samples, Peak.  2.20 us (1.7x), Avg.  1.28 us, Total. 14.10 us (0.0%)
[Performance] ChangeLayoutIfNeeded                                        :      102 samples, Peak.   300 ns (4.0x), Avg.  74.5 ns, Total. 7.600 us (0.0%)
[Performance] AsyncReadManager.ForceCloseFiles                            :        3 samples, Peak.  71.0 us (2.9x), Avg.  24.4 us, Total. 73.20 us (0.0%)
[Performance] Application.Message.Input                                   :       92 samples, Peak.  2.80 us (5.2x), Avg.   540 ns, Total. 49.70 us (0.0%)
[Performance] Application.Message.WM_002A2                                :        1 samples, Peak.  2.10 us (1.0x), Avg.  2.10 us, Total. 2.100 us (0.0%)
[Performance] Application.Message.MouseMove                               :       14 samples, Peak.  1.93 ms (6.8x), Avg.   283 us, Total. 3.967 ms (0.0%)
[Performance] Application.Message.MouseHover                              :        2 samples, Peak.  9.72 ms (1.9x), Avg.  5.19 ms, Total. 10.38 ms (0.1%)
[Performance] Application.Message.MouseLeave                              :        2 samples, Peak.  1.28 ms (1.5x), Avg.   830 us, Total. 1.659 ms (0.0%)
Cleanup mono
debugger-agent: Unable to listen on 5152
Checking for leaked weakptr:
  Found no leaked weakptrs.
[Package Manager] Server::Kill -- Server was shutdown
##utp:{"type":"MemoryLeaks","version":2,"phase":"Immediate","time":1780468625873,"processId":67788,"allocatedMemory":890364,"memoryLabels":[{"Default":276},{"Permanent":384},{"NewDelete":348822},{"Thread":23},{"Manager":4008},{"GfxDevice":1920},{"GfxThread":1056},{"Physics":161},{"Serialization":416},{"BaseObject":280},{"File":144},{"String":193577},{"DynamicArray":220545},{"HashMap":22515},{"Curl":1376},{"PoolAlloc":184},{"ScriptManager":57477},{"GI":736},{"VR":4268},{"Secure":2088},{"Subsystems":-664},{"EditorGui":296},{"EditorUtility":704},{"AssetDatabase":6052},{"RestService":56},{"UnityConnect":21056},{"Collab":728},{"Upm":1392},{"ScriptStrLRUCache":200},{"MTMeshCache":288}]}
