[LicensingClient] ERROR Failed to connect to local IPC
[Licensing::Module] Failed to connect to channel: LicenseClient-admin
[Licensing::Module] Successfully launched the LicensingClient
[LicensingClient] ERROR Error 1 while verifying Licensing Client signature (path: 77832, process Id: F:/unity/Unity20190433_release/Editor/Data/Resources/Licensing/Client/Unity.Licensing.Client.exe)
[Licensing::Module] LicensingClient has failed validation
IPC channel to LicensingClient doesn't exist; falling back to Legacy licensing
[LicensingClient] ERROR Failed to disconnect local IPC connection

LICENSE SYSTEM [202663 14:32:29] Current license is already valid and activated. Skipping license activation process (Provided username/password will be ignored).
[Moonton] DeviceId:2d07e8dbf9adf31237a4f2360ec5ca704959c37e
Built from 'pre_release' branch; Version is '2019.4.33f1 (c2fa268b6) revision 12778022'; Using compiler version '191627012'
OS: 'Windows 10  (10.0.19044) 64bit EnterpriseS' Language: 'zh' Physical Memory: 65309 MB
BatchMode: 0, IsHumanControllingUs: 1, StartBugReporterOnCrash: 1, Is64bit: 1, IsPro: 1
[Package Manager] Server::Start -- Port 49966 was selected

COMMAND LINE ARGUMENTS:
F:\unity\Unity20190433_release\Editor\Unity.exe
-projectPath
C:\Users\admin\AppData\Local\Temp\wabish_ui_fix_qa_20260603
-executeMethod
DiceKingUiAcceptanceRunner.Run
-logFile
C:\Users\admin\AppData\Local\Temp\wabish_ui_fix_qa_20260603\Docs\QA\20260603_unity_acceptance_fix.log
Successfully changed project path to: C:\Users\admin\AppData\Local\Temp\wabish_ui_fix_qa_20260603
C:/Users/admin/AppData/Local/Temp/wabish_ui_fix_qa_20260603
Using Asset Import Pipeline V2.
LZ: Create the old Remapper
Adding genesis user token Adding genesis user token [Package Manager] Done resolving packages in 0.61s seconds
[Package Manager] Done checking package constraints in 0.24s seconds
[Package Manager] 
Registered 57 packages:
  Packages from [https://packages.unity.com]:
    com.unity.2d.animation@3.2.13 (location: C:\Users\admin\AppData\Local\Temp\wabish_ui_fix_qa_20260603\Library\PackageCache\com.unity.2d.animation@3.2.13)
    com.unity.2d.pixel-perfect@2.1.0 (location: C:\Users\admin\AppData\Local\Temp\wabish_ui_fix_qa_20260603\Library\PackageCache\com.unity.2d.pixel-perfect@2.1.0)
    com.unity.2d.psdimporter@2.1.9 (location: C:\Users\admin\AppData\Local\Temp\wabish_ui_fix_qa_20260603\Library\PackageCache\com.unity.2d.psdimporter@2.1.9)
    com.unity.2d.spriteshape@3.0.17 (location: C:\Users\admin\AppData\Local\Temp\wabish_ui_fix_qa_20260603\Library\PackageCache\com.unity.2d.spriteshape@3.0.17)
    com.unity.ads@3.7.5 (location: C:\Users\admin\AppData\Local\Temp\wabish_ui_fix_qa_20260603\Library\PackageCache\com.unity.ads@3.7.5)
    com.unity.analytics@3.6.12 (location: C:\Users\admin\AppData\Local\Temp\wabish_ui_fix_qa_20260603\Library\PackageCache\com.unity.analytics@3.6.12)
    com.unity.collab-proxy@1.14.1 (location: C:\Users\admin\AppData\Local\Temp\wabish_ui_fix_qa_20260603\Library\PackageCache\com.unity.collab-proxy@1.14.1)
    com.unity.ide.rider@1.2.1 (location: C:\Users\admin\AppData\Local\Temp\wabish_ui_fix_qa_20260603\Library\PackageCache\com.unity.ide.rider@1.2.1)
    com.unity.ide.visualstudio@2.0.11 (location: C:\Users\admin\AppData\Local\Temp\wabish_ui_fix_qa_20260603\Library\PackageCache\com.unity.ide.visualstudio@2.0.11)
    com.unity.ide.vscode@1.2.4 (location: C:\Users\admin\AppData\Local\Temp\wabish_ui_fix_qa_20260603\Library\PackageCache\com.unity.ide.vscode@1.2.4)
    com.unity.multiplayer-hlapi@1.0.8 (location: C:\Users\admin\AppData\Local\Temp\wabish_ui_fix_qa_20260603\Library\PackageCache\com.unity.multiplayer-hlapi@1.0.8)
    com.unity.purchasing@4.1.1 (location: C:\Users\admin\AppData\Local\Temp\wabish_ui_fix_qa_20260603\Library\PackageCache\com.unity.purchasing@4.1.1)
    com.unity.test-framework@1.1.29 (location: C:\Users\admin\AppData\Local\Temp\wabish_ui_fix_qa_20260603\Library\PackageCache\com.unity.test-framework@1.1.29)
    com.unity.textmeshpro@2.1.6 (location: C:\Users\admin\AppData\Local\Temp\wabish_ui_fix_qa_20260603\Library\PackageCache\com.unity.textmeshpro@2.1.6)
    com.unity.timeline@1.2.18 (location: C:\Users\admin\AppData\Local\Temp\wabish_ui_fix_qa_20260603\Library\PackageCache\com.unity.timeline@1.2.18)
    com.unity.xr.legacyinputhelpers@2.1.8 (location: C:\Users\admin\AppData\Local\Temp\wabish_ui_fix_qa_20260603\Library\PackageCache\com.unity.xr.legacyinputhelpers@2.1.8)
    com.unity.ext.nunit@1.0.6 (location: C:\Users\admin\AppData\Local\Temp\wabish_ui_fix_qa_20260603\Library\PackageCache\com.unity.ext.nunit@1.0.6)
    com.unity.services.core@1.0.1 (location: C:\Users\admin\AppData\Local\Temp\wabish_ui_fix_qa_20260603\Library\PackageCache\com.unity.services.core@1.0.1)
    nuget.mono-cecil@0.1.6-preview (location: C:\Users\admin\AppData\Local\Temp\wabish_ui_fix_qa_20260603\Library\PackageCache\nuget.mono-cecil@0.1.6-preview)
    com.unity.2d.path@2.1.1 (location: C:\Users\admin\AppData\Local\Temp\wabish_ui_fix_qa_20260603\Library\PackageCache\com.unity.2d.path@2.1.1)
    com.unity.2d.common@2.1.0 (location: C:\Users\admin\AppData\Local\Temp\wabish_ui_fix_qa_20260603\Library\PackageCache\com.unity.2d.common@2.1.0)
    com.unity.mathematics@1.1.0 (location: C:\Users\admin\AppData\Local\Temp\wabish_ui_fix_qa_20260603\Library\PackageCache\com.unity.mathematics@1.1.0)
  Built-in packages:
    com.unity.2d.sprite@1.0.0 (location: C:\Users\admin\AppData\Local\Temp\wabish_ui_fix_qa_20260603\Library\PackageCache\com.unity.2d.sprite@1.0.0)
    com.unity.2d.tilemap@1.0.0 (location: C:\Users\admin\AppData\Local\Temp\wabish_ui_fix_qa_20260603\Library\PackageCache\com.unity.2d.tilemap@1.0.0)
    com.unity.ugui@1.0.0 (location: C:\Users\admin\AppData\Local\Temp\wabish_ui_fix_qa_20260603\Library\PackageCache\com.unity.ugui@1.0.0)
    com.unity.modules.ai@1.0.0 (location: C:\Users\admin\AppData\Local\Temp\wabish_ui_fix_qa_20260603\Library\PackageCache\com.unity.modules.ai@1.0.0)
    com.unity.modules.androidjni@1.0.0 (location: C:\Users\admin\AppData\Local\Temp\wabish_ui_fix_qa_20260603\Library\PackageCache\com.unity.modules.androidjni@1.0.0)
    com.unity.modules.animation@1.0.0 (location: C:\Users\admin\AppData\Local\Temp\wabish_ui_fix_qa_20260603\Library\PackageCache\com.unity.modules.animation@1.0.0)
    com.unity.modules.assetbundle@1.0.0 (location: C:\Users\admin\AppData\Local\Temp\wabish_ui_fix_qa_20260603\Library\PackageCache\com.unity.modules.assetbundle@1.0.0)
    com.unity.modules.audio@1.0.0 (location: C:\Users\admin\AppData\Local\Temp\wabish_ui_fix_qa_20260603\Library\PackageCache\com.unity.modules.audio@1.0.0)
    com.unity.modules.cloth@1.0.0 (location: C:\Users\admin\AppData\Local\Temp\wabish_ui_fix_qa_20260603\Library\PackageCache\com.unity.modules.cloth@1.0.0)
    com.unity.modules.director@1.0.0 (location: C:\Users\admin\AppData\Local\Temp\wabish_ui_fix_qa_20260603\Library\PackageCache\com.unity.modules.director@1.0.0)
    com.unity.modules.imageconversion@1.0.0 (location: C:\Users\admin\AppData\Local\Temp\wabish_ui_fix_qa_20260603\Library\PackageCache\com.unity.modules.imageconversion@1.0.0)
    com.unity.modules.imgui@1.0.0 (location: C:\Users\admin\AppData\Local\Temp\wabish_ui_fix_qa_20260603\Library\PackageCache\com.unity.modules.imgui@1.0.0)
    com.unity.modules.jsonserialize@1.0.0 (location: C:\Users\admin\AppData\Local\Temp\wabish_ui_fix_qa_20260603\Library\PackageCache\com.unity.modules.jsonserialize@1.0.0)
    com.unity.modules.particlesystem@1.0.0 (location: C:\Users\admin\AppData\Local\Temp\wabish_ui_fix_qa_20260603\Library\PackageCache\com.unity.modules.particlesystem@1.0.0)
    com.unity.modules.physics@1.0.0 (location: C:\Users\admin\AppData\Local\Temp\wabish_ui_fix_qa_20260603\Library\PackageCache\com.unity.modules.physics@1.0.0)
    com.unity.modules.physics2d@1.0.0 (location: C:\Users\admin\AppData\Local\Temp\wabish_ui_fix_qa_20260603\Library\PackageCache\com.unity.modules.physics2d@1.0.0)
    com.unity.modules.screencapture@1.0.0 (location: C:\Users\admin\AppData\Local\Temp\wabish_ui_fix_qa_20260603\Library\PackageCache\com.unity.modules.screencapture@1.0.0)
    com.unity.modules.terrain@1.0.0 (location: C:\Users\admin\AppData\Local\Temp\wabish_ui_fix_qa_20260603\Library\PackageCache\com.unity.modules.terrain@1.0.0)
    com.unity.modules.terrainphysics@1.0.0 (location: C:\Users\admin\AppData\Local\Temp\wabish_ui_fix_qa_20260603\Library\PackageCache\com.unity.modules.terrainphysics@1.0.0)
    com.unity.modules.tilemap@1.0.0 (location: C:\Users\admin\AppData\Local\Temp\wabish_ui_fix_qa_20260603\Library\PackageCache\com.unity.modules.tilemap@1.0.0)
    com.unity.modules.ui@1.0.0 (location: C:\Users\admin\AppData\Local\Temp\wabish_ui_fix_qa_20260603\Library\PackageCache\com.unity.modules.ui@1.0.0)
    com.unity.modules.uielements@1.0.0 (location: C:\Users\admin\AppData\Local\Temp\wabish_ui_fix_qa_20260603\Library\PackageCache\com.unity.modules.uielements@1.0.0)
    com.unity.modules.umbra@1.0.0 (location: C:\Users\admin\AppData\Local\Temp\wabish_ui_fix_qa_20260603\Library\PackageCache\com.unity.modules.umbra@1.0.0)
    com.unity.modules.unityanalytics@1.0.0 (location: C:\Users\admin\AppData\Local\Temp\wabish_ui_fix_qa_20260603\Library\PackageCache\com.unity.modules.unityanalytics@1.0.0)
    com.unity.modules.unitywebrequest@1.0.0 (location: C:\Users\admin\AppData\Local\Temp\wabish_ui_fix_qa_20260603\Library\PackageCache\com.unity.modules.unitywebrequest@1.0.0)
    com.unity.modules.unitywebrequestassetbundle@1.0.0 (location: C:\Users\admin\AppData\Local\Temp\wabish_ui_fix_qa_20260603\Library\PackageCache\com.unity.modules.unitywebrequestassetbundle@1.0.0)
    com.unity.modules.unitywebrequestaudio@1.0.0 (location: C:\Users\admin\AppData\Local\Temp\wabish_ui_fix_qa_20260603\Library\PackageCache\com.unity.modules.unitywebrequestaudio@1.0.0)
    com.unity.modules.unitywebrequesttexture@1.0.0 (location: C:\Users\admin\AppData\Local\Temp\wabish_ui_fix_qa_20260603\Library\PackageCache\com.unity.modules.unitywebrequesttexture@1.0.0)
    com.unity.modules.unitywebrequestwww@1.0.0 (location: C:\Users\admin\AppData\Local\Temp\wabish_ui_fix_qa_20260603\Library\PackageCache\com.unity.modules.unitywebrequestwww@1.0.0)
    com.unity.modules.vehicles@1.0.0 (location: C:\Users\admin\AppData\Local\Temp\wabish_ui_fix_qa_20260603\Library\PackageCache\com.unity.modules.vehicles@1.0.0)
    com.unity.modules.video@1.0.0 (location: C:\Users\admin\AppData\Local\Temp\wabish_ui_fix_qa_20260603\Library\PackageCache\com.unity.modules.video@1.0.0)
    com.unity.modules.vr@1.0.0 (location: C:\Users\admin\AppData\Local\Temp\wabish_ui_fix_qa_20260603\Library\PackageCache\com.unity.modules.vr@1.0.0)
    com.unity.modules.wind@1.0.0 (location: C:\Users\admin\AppData\Local\Temp\wabish_ui_fix_qa_20260603\Library\PackageCache\com.unity.modules.wind@1.0.0)
    com.unity.modules.xr@1.0.0 (location: C:\Users\admin\AppData\Local\Temp\wabish_ui_fix_qa_20260603\Library\PackageCache\com.unity.modules.xr@1.0.0)
    com.unity.modules.subsystems@1.0.0 (location: C:\Users\admin\AppData\Local\Temp\wabish_ui_fix_qa_20260603\Library\PackageCache\com.unity.modules.subsystems@1.0.0)

[Subsystems] No new subsystems found in resolved package list.
[Package Manager] Done registering packages in 0.04s seconds
Refreshing native plugins compatible for Editor in 41.19 ms, found 3 plugins.
Preloading 0 native plugins for Editor in 0.00 ms.
Engine release: build date = Mar 26 2026,time = 16:36:39.Initialize engine version: 2019.4.33f1 (c2fa268b6) mt pre_release 2.01.0055.04 build c2fa268b6684e79fac7499489dcd527796a450c6

[PlayerPrefs]:ios17_shader_compile_optimize=0

[PlayerPrefs]:waitfor_renderjobs=1

[PlayerPrefs]:jobfied_rendering=0

[PlayerPrefs]:auto_render_null_gpubound_threshold=0

[PlayerPrefs]:auto_render_null_cpubound_threshold=0

[PlayerPrefs]:auto_render_null_mode=0

[PlayerPrefs]:gfx_enable_ios_vrr=0

[PlayerPrefs]:draw_custom_buffer_mode=0

[PlayerPrefs]:ps_enable_udpate_on_demand=0

[PlayerPrefs]:ps_alpha_clip_less_value=0

[PlayerPrefs]:ps_looping_alpha_clip_less_value=1
[Subsystems] Discovering subsystems at path F:/unity/Unity20190433_release/Editor/Data/Resources/UnitySubsystems
[Subsystems] Discovering subsystems at path C:/Users/admin/AppData/Local/Temp/wabish_ui_fix_qa_20260603/Assets
GfxLog:CalculateGfxDeviceThreadingMode():
  ENABLE_MULTITHREADED_CODE = 1
  UNITY_GFX_FORCE_DIRECT_THREADING = 0
  BootConfig force-gfx-direct = null
  BootConfig force-gfx-st = null
  BootConfig force-gfx-mt = null
  GFX_SUPPORTS_JOBIFIED_RENDERING = 0
  BootConfig force-gfx-jobs = null
  BootConfig gfx-enable-native-gfx-jobs = null
  UNITY_GFX_PLAYERSETTINGS_CONTROL_MULTITHREADED = 1
  BootConfig gfx-disable-mt-rendering = null
  GFX_SUPPORTS_JOBIFIED_RENDERING = 0
  BootConfig gfx-enable-gfx-jobs = null
  PlayerPrefs::GetInt(gfx-enable-gfx-jobs)=0
  PlayerPrefs::GetInt(gfx-enable-native-gfx-jobs)=0
SetGfxThreadingMode: mode = 0->2
GfxLog:AdjustThreadingModeForAPI(mode,api,flags):
  SupportsGraphicsJobs(api) = 1
  SupportsLegacyGraphicsJobs(api) = 0
  SupportsNativeGraphicsJobs(api) = 0
  IsUsingJobifiedRendering() = 0
  IsUsingNativeGraphicsJobs() = 0
  Selected threading mode = 2
SetGfxThreadingMode: mode = 2->2
GfxDevice: creating device client; threaded=1
Direct3D:
    Version:  Direct3D 11.0 [level 11.1]
    Renderer: NVIDIA GeForce RTX 4060 Ti (ID=0x2803)
    Vendor:   
    VRAM:     7949 MB
    Driver:   32.0.15.8180
Initialize mono
Mono path[0] = 'F:/unity/Unity20190433_release/Editor/Data/Managed'
Mono path[1] = 'F:/unity/Unity20190433_release/Editor/Data/MonoBleedingEdge/lib/mono/unityjit'
Mono config path = 'F:/unity/Unity20190433_release/Editor/Data/MonoBleedingEdge/etc'
Using monoOptions --debugger-agent=transport=dt_socket,embedding=1,server=y,suspend=n,address=127.0.0.1:56812
[FunctionTable] InitFunctionTable OnStart.
ImportWorker Server TCP listen port: 49974
[zorro] APIUpdaterManager::Initialize 
(Filename: D:\CI\ml\20190433\pre_release\Editor/Src/Application/Application.cpp Line: 1134)

Begin MonoManager ReloadAssembly
Registering precompiled unity dll's ...
Register platform support module: F:/unity/Unity20190433_release/Editor/Data/PlaybackEngines/WindowsStandaloneSupport/UnityEditor.WindowsStandalone.Extensions.dll
Register platform support module: F:/unity/Unity20190433_release/Editor/Data/PlaybackEngines/LinuxStandaloneSupport/UnityEditor.LinuxStandalone.Extensions.dll
Register platform support module: F:/unity/Unity20190433_release/Editor/Data/PlaybackEngines/AndroidPlayer/UnityEditor.Android.Extensions.dll
Register platform support module: F:/unity/Unity20190433_release/Editor/Data/PlaybackEngines/iOSSupport/UnityEditor.iOS.Extensions.dll
Registered in 0.001030 seconds.
Failed to load: F:/unity/Unity20190433_release/Editor/Data/PlaybackEngines/iOSSupport\x86_64\UnityEditor.iOS.Native.dll
Native extension for iOS target not found
Native extension for Android target not found
Native extension for LinuxStandalone target not found
Native extension for WindowsStandalone target not found
Refreshing native plugins compatible for Editor in 28.00 ms, found 3 plugins.
Preloading 0 native plugins for Editor in 0.00 ms.
Mono: successfully reloaded assembly
- Completed reload, in  0.453 seconds
Domain Reload Profiling:
	ReloadAssembly (463ms)
		BeginReloadAssembly (26ms)
			ExecutionOrderSort (0ms)
			DisableScriptedObjects (0ms)
			BackupInstance (0ms)
			ReleaseScriptingObjects (0ms)
			CreateAndSetChildDomain (1ms)
		EndReloadAssembly (204ms)
			LoadAssemblies (26ms)
			RebuildTransferFunctionScriptingTraits (0ms)
			SetupTypeCache (71ms)
			ReleaseScriptCaches (0ms)
			RebuildScriptCaches (15ms)
			SetupLoadedEditorAssemblies (94ms)
				LogAssemblyErrors (0ms)
				InitializePlatformSupportModulesInManaged (14ms)
				SetLoadedEditorAssemblies (0ms)
				RefreshPlugins (28ms)
				BeforeProcessingInitializeOnLoad (1ms)
				ProcessInitializeOnLoadAttributes (41ms)
				ProcessInitializeOnLoadMethodAttributes (10ms)
				AfterProcessingInitializeOnLoad (0ms)
				EditorAssembliesLoaded (0ms)
			ExecutionOrderSort2 (0ms)
			AwakeInstancesAfterBackupRestoration (0ms)
Registering precompiled user dll's ...
Registered in 0.054300 seconds.
Platform modules already initialized, skipping
Validating Project structure ... 0.000862 seconds.
Shader import version has changed; will reimport all shaders...
Upgrading shader files ...0.000732 seconds.
Begin MonoManager ReloadAssembly
Failed to load: F:/unity/Unity20190433_release/Editor/Data/PlaybackEngines/iOSSupport\x86_64\UnityEditor.iOS.Native.dll
Native extension for iOS target not found
Native extension for Android target not found
Native extension for LinuxStandalone target not found
Native extension for WindowsStandalone target not found
Refreshing native plugins compatible for Editor in 34.29 ms, found 3 plugins.
Preloading 0 native plugins for Editor in 0.00 ms.
mypath=F:\unity\Unity20190433_release\Editor\Data\Managed\UnityEditor.dll
UnityEngine.DebugLogHandler:Internal_Log(LogType, LogOption, String, Object)
UnityEngine.DebugLogHandler:LogFormat(LogType, Object, String, Object[])
UnityEngine.Logger:Log(LogType, Object)
UnityEngine.Debug:LogWarning(Object)
UnityEditor.popupLOD:InitCfgFile() (at D:\CI\ml\20190433\pre_release\Editor\Mono\GUI\Toolbar.cs:381)
UnityEditor.popupLOD:.cctor() (at D:\CI\ml\20190433\pre_release\Editor\Mono\GUI\Toolbar.cs:376)
System.Object:__icall_wrapper_mono_generic_class_init(IntPtr)
UnityEditor.Toolbar:.cctor() (at D:\CI\ml\20190433\pre_release\Editor\Mono\GUI\Toolbar.cs:582)
CollabProxy.UI.Bootstrap:.cctor() (at Library\PackageCache\com.unity.collab-proxy@1.14.1\Editor\Collaborate\Collab\Bootstrap.cs:21)
System.Runtime.CompilerServices.RuntimeHelpers:RunClassConstructor(IntPtr)
System.Runtime.CompilerServices.RuntimeHelpers:RunClassConstructor(RuntimeTypeHandle)
UnityEditor.EditorAssemblies:ProcessInitializeOnLoadAttributes(Type[]) (at D:\CI\ml\20190433\pre_release\Editor\Mono\EditorAssemblies.cs:134)
 
(Filename: Library/PackageCache/com.unity.collab-proxy@1.14.1/Editor/Collaborate/Collab/Bootstrap.cs Line: 21)

Load from CfgFile=F:\unity\Unity20190433_release\Editor\lodinfo.txt
UnityEngine.DebugLogHandler:Internal_Log(LogType, LogOption, String, Object)
UnityEngine.DebugLogHandler:LogFormat(LogType, Object, String, Object[])
UnityEngine.Logger:Log(LogType, Object)
UnityEngine.Debug:LogWarning(Object)
UnityEditor.popupLOD:InitCfgFile() (at D:\CI\ml\20190433\pre_release\Editor\Mono\GUI\Toolbar.cs:404)
UnityEditor.popupLOD:.cctor() (at D:\CI\ml\20190433\pre_release\Editor\Mono\GUI\Toolbar.cs:376)
System.Object:__icall_wrapper_mono_generic_class_init(IntPtr)
UnityEditor.Toolbar:.cctor() (at D:\CI\ml\20190433\pre_release\Editor\Mono\GUI\Toolbar.cs:582)
CollabProxy.UI.Bootstrap:.cctor() (at Library\PackageCache\com.unity.collab-proxy@1.14.1\Editor\Collaborate\Collab\Bootstrap.cs:21)
System.Runtime.CompilerServices.RuntimeHelpers:RunClassConstructor(IntPtr)
System.Runtime.CompilerServices.RuntimeHelpers:RunClassConstructor(RuntimeTypeHandle)
UnityEditor.EditorAssemblies:ProcessInitializeOnLoadAttributes(Type[]) (at D:\CI\ml\20190433\pre_release\Editor\Mono\EditorAssemblies.cs:134)
 
(Filename: Library/PackageCache/com.unity.collab-proxy@1.14.1/Editor/Collaborate/Collab/Bootstrap.cs Line: 21)

Adding genesis user token Mono: successfully reloaded assembly
- Completed reload, in  0.580 seconds
Domain Reload Profiling:
	ReloadAssembly (600ms)
		BeginReloadAssembly (36ms)
			ExecutionOrderSort (0ms)
			DisableScriptedObjects (1ms)
			BackupInstance (0ms)
			ReleaseScriptingObjects (0ms)
			CreateAndSetChildDomain (11ms)
		EndReloadAssembly (530ms)
			LoadAssemblies (39ms)
			RebuildTransferFunctionScriptingTraits (0ms)
			SetupTypeCache (155ms)
			ReleaseScriptCaches (0ms)
			RebuildScriptCaches (30ms)
			SetupLoadedEditorAssemblies (275ms)
				LogAssemblyErrors (0ms)
				InitializePlatformSupportModulesInManaged (17ms)
				SetLoadedEditorAssemblies (0ms)
				RefreshPlugins (34ms)
				BeforeProcessingInitializeOnLoad (61ms)
				ProcessInitializeOnLoadAttributes (140ms)
				ProcessInitializeOnLoadMethodAttributes (20ms)
				AfterProcessingInitializeOnLoad (2ms)
				EditorAssembliesLoaded (0ms)
			ExecutionOrderSort2 (0ms)
			AwakeInstancesAfterBackupRestoration (1ms)
Platform modules already initialized, skipping
RefreshInfo: InitialScriptRefreshV2(NoUpdateAssetOptions)
RefreshProfiler: Total: 1228.317ms
	InvokeBeforeRefreshCallbacks: 0.319ms
	ApplyChangesToAssetFolders: 0.038ms
	WriteModifiedImportersToTextMetaFiles: 0.000ms
	CleanLegacyArtifacts: 0.000ms
	Scan: 36.874ms
	OnSourceAssetsModified: 0.000ms
	UnregisterDeletedAssets: 0.000ms
	InitializeImportedAssetsSnapshot: 0.111ms
	GetAllGuidsForCategorization: 0.000ms
	CategorizeAssets: 33.826ms
	ImportAndPostprocessOutOfDateAssets: 1148.795ms (1148.280ms without children)
		ImportManagerImport: 0.000ms (0.000ms without children)
			ImportInProcess: 0.000ms
			ImportOutOfProcess: 0.000ms
			UpdateCategorizedAssets: 0.000ms
			RemoteAssetCacheGetArtifact: 0.000ms (0.000ms without children)
				RemoteAssetCacheResolve: 0.000ms
				RemoteAssetCacheDownloadFile: 0.000ms
		CompileScripts: 0.000ms
		PostProcessAllAssets: 0.000ms
		ReloadImportedAssets: 0.000ms
		VerifyAssetsAreUpToDateAndCorrect: 0.000ms
		EnsureUptoDateAssetsAreRegisteredWithGuidPM: 0.240ms
		InitializingProgressBar: 0.000ms
		PostProcessAllAssetNotificationsAddChangedAssets: 0.195ms
		OnDemandSchedulerStart: 0.000ms
		RestoreLoadedAssetsState: 0.080ms
	InvokeProjectHasChanged: 0.000ms
	UpdateImportedAssetsSnapshot: 0.000ms
	ReloadSourceAssets: 0.388ms
	UnloadImportedAssets: 0.005ms
	Hotreload: 0.173ms
	FixTempGuids: 0.003ms
	VerifyGuidPMRegistrations: 0.000ms
	GatherAllCurrentPrimaryArtifactRevisions: 0.000ms
	UnloadStreamsBegin: 0.291ms
	LoadedImportedAssetsSnapshotReleaseGCHandles: 0.007ms
	GetLoadedSourceAssetsSnapshot: 0.120ms
	PersistCurrentRevisions: 0.000ms
	UnloadStreamsEnd: 6.653ms
	GenerateScriptTypeHashes: 0.233ms
	Untracked: 0.712ms
Refresh completed in 0.083340 seconds.
RefreshInfo: RefreshV2(ForceSynchronousImport)
RefreshProfiler: Total: 83.324ms
	InvokeBeforeRefreshCallbacks: 0.371ms
	ApplyChangesToAssetFolders: 0.039ms
	WriteModifiedImportersToTextMetaFiles: 0.000ms
	CleanLegacyArtifacts: 0.000ms
	Scan: 36.762ms
	OnSourceAssetsModified: 0.000ms
	UnregisterDeletedAssets: 0.000ms
	InitializeImportedAssetsSnapshot: 4.980ms
	GetAllGuidsForCategorization: 0.001ms
	CategorizeAssets: 34.825ms
	ImportAndPostprocessOutOfDateAssets: 2.947ms (0.950ms without children)
		ImportManagerImport: 0.000ms (0.000ms without children)
			ImportInProcess: 0.000ms
			ImportOutOfProcess: 0.000ms
			UpdateCategorizedAssets: 0.000ms
			RemoteAssetCacheGetArtifact: 0.000ms (0.000ms without children)
				RemoteAssetCacheResolve: 0.000ms
				RemoteAssetCacheDownloadFile: 0.000ms
		CompileScripts: 0.000ms
		PostProcessAllAssets: 0.000ms
		ReloadImportedAssets: 0.000ms
		VerifyAssetsAreUpToDateAndCorrect: 0.000ms
		EnsureUptoDateAssetsAreRegisteredWithGuidPM: 0.301ms
		InitializingProgressBar: 0.000ms
		PostProcessAllAssetNotificationsAddChangedAssets: 0.137ms
		OnDemandSchedulerStart: 0.578ms
		RestoreLoadedAssetsState: 0.982ms
	InvokeProjectHasChanged: 0.000ms
	UpdateImportedAssetsSnapshot: 0.000ms
	ReloadSourceAssets: 0.369ms
	UnloadImportedAssets: 0.103ms
	Hotreload: 0.019ms
	FixTempGuids: 0.002ms
	VerifyGuidPMRegistrations: 0.000ms
	GatherAllCurrentPrimaryArtifactRevisions: 0.252ms
	UnloadStreamsBegin: 0.015ms
	LoadedImportedAssetsSnapshotReleaseGCHandles: 0.591ms
	GetLoadedSourceAssetsSnapshot: 1.819ms
	PersistCurrentRevisions: 0.000ms
	UnloadStreamsEnd: 0.012ms
	GenerateScriptTypeHashes: 0.246ms
	Untracked: 0.217ms
RefreshInfo: StopAssetImportingV2(ForceSynchronousImport)
RefreshProfiler: Total: 8.655ms
	InvokeBeforeRefreshCallbacks: 0.326ms
	ApplyChangesToAssetFolders: 0.039ms
	WriteModifiedImportersToTextMetaFiles: 0.000ms
	CleanLegacyArtifacts: 0.000ms
	Scan: 2.377ms
	OnSourceAssetsModified: 0.000ms
	UnregisterDeletedAssets: 0.000ms
	InitializeImportedAssetsSnapshot: 3.652ms
	GetAllGuidsForCategorization: 0.000ms
	CategorizeAssets: 0.000ms
	ImportAndPostprocessOutOfDateAssets: 0.000ms (0.000ms without children)
		ImportManagerImport: 0.000ms (0.000ms without children)
			ImportInProcess: 0.000ms
			ImportOutOfProcess: 0.000ms
			UpdateCategorizedAssets: 0.000ms
			RemoteAssetCacheGetArtifact: 0.000ms (0.000ms without children)
				RemoteAssetCacheResolve: 0.000ms
				RemoteAssetCacheDownloadFile: 0.000ms
		CompileScripts: 0.000ms
		PostProcessAllAssets: 0.000ms
		ReloadImportedAssets: 0.000ms
		VerifyAssetsAreUpToDateAndCorrect: 0.000ms
		EnsureUptoDateAssetsAreRegisteredWithGuidPM: 0.000ms
		InitializingProgressBar: 0.000ms
		PostProcessAllAssetNotificationsAddChangedAssets: 0.000ms
		OnDemandSchedulerStart: 0.000ms
		RestoreLoadedAssetsState: 0.000ms
	InvokeProjectHasChanged: 0.000ms
	UpdateImportedAssetsSnapshot: 0.000ms
	ReloadSourceAssets: 0.000ms
	UnloadImportedAssets: 0.000ms
	Hotreload: 0.021ms
	FixTempGuids: 0.003ms
	VerifyGuidPMRegistrations: 0.000ms
	GatherAllCurrentPrimaryArtifactRevisions: 0.221ms
	UnloadStreamsBegin: 0.071ms
	LoadedImportedAssetsSnapshotReleaseGCHandles: 0.567ms
	GetLoadedSourceAssetsSnapshot: 0.456ms
	PersistCurrentRevisions: 0.000ms
	UnloadStreamsEnd: 0.016ms
	GenerateScriptTypeHashes: 0.000ms
	Untracked: 0.906ms
Unaligned transfer in 'PSOCollection' at variable 'size'.
Next unaligned data path:  ->  ->  -> Base(PSOCollection) m_PipelineStates(vector) Array(Array) size(int)  
(Filename: D:\CI\ml\20190433\pre_release\Runtime/Serialize/TransferFunctions/GenerateTypeTreeTransfer.cpp Line: 274)

Refresh completed in 0.067842 seconds.
RefreshInfo: RefreshV2(NoUpdateAssetOptions)
RefreshProfiler: Total: 67.830ms
	InvokeBeforeRefreshCallbacks: 0.000ms
	ApplyChangesToAssetFolders: 0.040ms
	WriteModifiedImportersToTextMetaFiles: 0.000ms
	CleanLegacyArtifacts: 0.000ms
	Scan: 29.940ms
	OnSourceAssetsModified: 0.001ms
	UnregisterDeletedAssets: 0.000ms
	InitializeImportedAssetsSnapshot: 2.437ms
	GetAllGuidsForCategorization: 0.000ms
	CategorizeAssets: 30.523ms
	ImportAndPostprocessOutOfDateAssets: 1.966ms (0.450ms without children)
		ImportManagerImport: 0.000ms (0.000ms without children)
			ImportInProcess: 0.000ms
			ImportOutOfProcess: 0.000ms
			UpdateCategorizedAssets: 0.000ms
			RemoteAssetCacheGetArtifact: 0.000ms (0.000ms without children)
				RemoteAssetCacheResolve: 0.000ms
				RemoteAssetCacheDownloadFile: 0.000ms
		CompileScripts: 0.000ms
		PostProcessAllAssets: 0.010ms
		ReloadImportedAssets: 0.000ms
		VerifyAssetsAreUpToDateAndCorrect: 0.000ms
		EnsureUptoDateAssetsAreRegisteredWithGuidPM: 0.269ms
		InitializingProgressBar: 0.000ms
		PostProcessAllAssetNotificationsAddChangedAssets: 0.123ms
		OnDemandSchedulerStart: 0.165ms
		RestoreLoadedAssetsState: 0.949ms
	InvokeProjectHasChanged: 0.000ms
	UpdateImportedAssetsSnapshot: 0.000ms
	ReloadSourceAssets: 0.439ms
	UnloadImportedAssets: 0.098ms
	Hotreload: 0.041ms
	FixTempGuids: 0.003ms
	VerifyGuidPMRegistrations: 0.000ms
	GatherAllCurrentPrimaryArtifactRevisions: 0.241ms
	UnloadStreamsBegin: 0.048ms
	LoadedImportedAssetsSnapshotReleaseGCHandles: 0.607ms
	GetLoadedSourceAssetsSnapshot: 1.406ms
	PersistCurrentRevisions: 0.000ms
	UnloadStreamsEnd: 0.014ms
	GenerateScriptTypeHashes: 0.000ms
	Untracked: 0.027ms
Launched and connected shader compiler UnityShaderCompiler.exe after 0.17 seconds
Initializing Unity extensions:
 'F:/unity/Unity20190433_release/Editor/Data/UnityExtensions/Unity/UnityVR/Editor/UnityEditor.VR.dll'  GUID: 4ba2329b63d54f0187bcaa12486b1b0f
Unloading 89 Unused Serialized files (Serialized files now loaded: 0)
[MODES] Loading mode Default (0) for mode-current-id-wabish
<RI> Initialized touch support.
<RI> Initialized touch support.
<RI> Initialized touch support.
<RI> Initialized touch support.
<RI> Initialized touch support.
<RI> Initialized touch support.
Loading style catalogs (6)
	StyleSheets/Extensions/base/common.uss
	StyleSheets/Northstar/common.uss
	StyleSheets/Extensions/fonts/inter.uss
	StyleSheets/Extensions/base/dark.uss
	Packages/com.unity.timeline/Editor/StyleSheets/Extensions/common.uss
	Packages/com.unity.timeline/Editor/StyleSheets/Extensions/dark.uss
Opening scene 'Assets/Scenes/SampleScene.unity'
LightmapEditorSettings: switching bake backend from 1 to 0.
Unloading 5 Unused Serialized files (Serialized files now loaded: 0)
Loaded scene 'Assets/Scenes/SampleScene.unity'
	Deserialize:            0.496 ms
	Integration:            4.354 ms
	Integration of assets:  0.004 ms
	Thread Wait Time:       19.006 ms
	Total Operation Time:   23.860 ms
IsTimeToCheckForNewEditor: Update time 1780467890 current 1780468358
<RI> Initializing input.
XInput1_3.dll not found. Trying XInput9_1_0.dll instead...
<RI> Input initialized.
[Project] Loading completed in 9.867 seconds
	Project init time: 				0.352 seconds
		Template init time: 		0.000 seconds
		Services packages init time: 	0.000 seconds
		Package Manager init time: 		0.000 seconds
		Asset Database init time: 		0.000 seconds
		Global illumination init time: 	0.000 seconds
		Assemblies load time: 			0.000 seconds
		Unity extensions init time: 	0.001 seconds
		Asset Database refresh time: 	0.000 seconds
	Scene opening time: 			0.942 seconds
Reloading assemblies for play mode.
Begin MonoManager ReloadAssembly
mypath=F:\unity\Unity20190433_release\Editor\Data\Managed\UnityEditor.dll
UnityEngine.DebugLogHandler:Internal_Log(LogType, LogOption, String, Object)
UnityEngine.DebugLogHandler:LogFormat(LogType, Object, String, Object[])
UnityEngine.Logger:Log(LogType, Object)
UnityEngine.Debug:LogWarning(Object)
UnityEditor.popupLOD:InitCfgFile() (at D:\CI\ml\20190433\pre_release\Editor\Mono\GUI\Toolbar.cs:381)
UnityEditor.popupLOD:.cctor() (at D:\CI\ml\20190433\pre_release\Editor\Mono\GUI\Toolbar.cs:376)
System.Object:__icall_wrapper_mono_generic_class_init(IntPtr)
UnityEditor.Toolbar:.cctor() (at D:\CI\ml\20190433\pre_release\Editor\Mono\GUI\Toolbar.cs:582)
 
(Filename: D:/CI/ml/20190433/pre_release/Editor/Mono/GUI/Toolbar.cs Line: 381)

Load from CfgFile=F:\unity\Unity20190433_release\Editor\lodinfo.txt
UnityEngine.DebugLogHandler:Internal_Log(LogType, LogOption, String, Object)
UnityEngine.DebugLogHandler:LogFormat(LogType, Object, String, Object[])
UnityEngine.Logger:Log(LogType, Object)
UnityEngine.Debug:LogWarning(Object)
UnityEditor.popupLOD:InitCfgFile() (at D:\CI\ml\20190433\pre_release\Editor\Mono\GUI\Toolbar.cs:404)
UnityEditor.popupLOD:.cctor() (at D:\CI\ml\20190433\pre_release\Editor\Mono\GUI\Toolbar.cs:376)
System.Object:__icall_wrapper_mono_generic_class_init(IntPtr)
UnityEditor.Toolbar:.cctor() (at D:\CI\ml\20190433\pre_release\Editor\Mono\GUI\Toolbar.cs:582)
 
(Filename: D:/CI/ml/20190433/pre_release/Editor/Mono/GUI/Toolbar.cs Line: 404)

Failed to load: F:/unity/Unity20190433_release/Editor/Data/PlaybackEngines/iOSSupport\x86_64\UnityEditor.iOS.Native.dll
Native extension for iOS target not found
Native extension for Android target not found
Native extension for LinuxStandalone target not found
Native extension for WindowsStandalone target not found
Refreshing native plugins compatible for Editor in 7.69 ms, found 3 plugins.
Preloading 0 native plugins for Editor in 0.00 ms.
Adding genesis user token [MODES] Loading mode Default (0) for mode-current-id-wabish
Mono: successfully reloaded assembly
- Completed reload, in  0.944 seconds
Domain Reload Profiling:
	ReloadAssembly (964ms)
		BeginReloadAssembly (96ms)
			ExecutionOrderSort (0ms)
			DisableScriptedObjects (28ms)
			BackupInstance (0ms)
			ReleaseScriptingObjects (0ms)
			CreateAndSetChildDomain (34ms)
		EndReloadAssembly (833ms)
			LoadAssemblies (153ms)
			RebuildTransferFunctionScriptingTraits (0ms)
			SetupTypeCache (141ms)
			ReleaseScriptCaches (0ms)
			RebuildScriptCaches (30ms)
			SetupLoadedEditorAssemblies (272ms)
				LogAssemblyErrors (0ms)
				InitializePlatformSupportModulesInManaged (12ms)
				SetLoadedEditorAssemblies (0ms)
				RefreshPlugins (8ms)
				BeforeProcessingInitializeOnLoad (53ms)
				ProcessInitializeOnLoadAttributes (176ms)
				ProcessInitializeOnLoadMethodAttributes (20ms)
				AfterProcessingInitializeOnLoad (2ms)
				EditorAssembliesLoaded (0ms)
			ExecutionOrderSort2 (0ms)
			AwakeInstancesAfterBackupRestoration (148ms)
Platform modules already initialized, skipping
LightmapEditorSettings: switching bake backend from 1 to 0.
Loaded scene 'Temp/__Backupscenes/0.backup'
	Deserialize:            0.464 ms
	Integration:            43.816 ms
	Integration of assets:  0.004 ms
	Thread Wait Time:       18.258 ms
	Total Operation Time:   62.542 ms
[FunctionTable] EnterPlay.
EditorUpdateCheck: Failed The requested URL returned error: 404
Start importing Assets/Resources/BillingMode.json using Guid(ed2531fe031803840a52331700bca2f3) Importer(-1,00000000000000000000000000000000)
Done importing asset: 'Assets/Resources/BillingMode.json' (target hash: '3d40068262861c4caa534b52cc031c8f') in 0.013374 seconds
Refreshing native plugins compatible for Editor in 0.64 ms, found 3 plugins.
Preloading 0 native plugins for Editor in 0.00 ms.
RefreshInfo: StopAssetImportingV2(NoUpdateAssetOptions)
RefreshProfiler: Total: 79.091ms
	InvokeBeforeRefreshCallbacks: 0.000ms
	ApplyChangesToAssetFolders: 0.039ms
	WriteModifiedImportersToTextMetaFiles: 0.000ms
	CleanLegacyArtifacts: 0.000ms
	Scan: 5.098ms
	OnSourceAssetsModified: 0.354ms
	UnregisterDeletedAssets: 0.000ms
	InitializeImportedAssetsSnapshot: 2.509ms
	GetAllGuidsForCategorization: 0.000ms
	CategorizeAssets: 32.383ms
	ImportAndPostprocessOutOfDateAssets: 30.740ms (3.020ms without children)
		ImportManagerImport: 15.461ms (1.189ms without children)
			ImportInProcess: 14.246ms
			ImportOutOfProcess: 0.000ms
			UpdateCategorizedAssets: 0.027ms
			RemoteAssetCacheGetArtifact: 0.000ms (0.000ms without children)
				RemoteAssetCacheResolve: 0.000ms
				RemoteAssetCacheDownloadFile: 0.000ms
		CompileScripts: 0.000ms
		PostProcessAllAssets: 8.035ms
		ReloadImportedAssets: 0.001ms
		VerifyAssetsAreUpToDateAndCorrect: 0.000ms
		EnsureUptoDateAssetsAreRegisteredWithGuidPM: 0.269ms
		InitializingProgressBar: 0.001ms
		PostProcessAllAssetNotificationsAddChangedAssets: 0.134ms
		OnDemandSchedulerStart: 0.168ms
		RestoreLoadedAssetsState: 1.385ms
	InvokeProjectHasChanged: 0.000ms
	UpdateImportedAssetsSnapshot: 2.267ms
	ReloadSourceAssets: 0.589ms
	UnloadImportedAssets: 0.126ms
	Hotreload: 3.952ms
	FixTempGuids: 0.002ms
	VerifyGuidPMRegistrations: 0.000ms
	GatherAllCurrentPrimaryArtifactRevisions: 0.234ms
	UnloadStreamsBegin: 0.614ms
	LoadedImportedAssetsSnapshotReleaseGCHandles: 0.540ms
	GetLoadedSourceAssetsSnapshot: 2.569ms
	PersistCurrentRevisions: 0.000ms
	UnloadStreamsEnd: 0.033ms
	GenerateScriptTypeHashes: 0.252ms
	Untracked: -0.692ms
Unloading 0 Unused Serialized files (Serialized files now loaded: 0)
Created GICache directory at C:/Users/admin/AppData/LocalLow/Unity/Caches/GiCache. Took: 0.017s, timestamps: [11.234 - 11.251]
Setting up 14 worker threads for Enlighten.
  Thread -> id: a2d8 -> priority: 1 
  Thread -> id: 133ec -> priority: 1 
  Thread -> id: 12840 -> priority: 1 
  Thread -> id: 1216c -> priority: 1 
  Thread -> id: 11e68 -> priority: 1 
  Thread -> id: 135c4 -> priority: 1 
  Thread -> id: 86d0 -> priority: 1 
  Thread -> id: d4e8 -> priority: 1 
  Thread -> id: 12940 -> priority: 1 
  Thread -> id: 13918 -> priority: 1 
  Thread -> id: 131c0 -> priority: 1 
  Thread -> id: f560 -> priority: 1 
  Thread -> id: 12b0c -> priority: 1 
  Thread -> id: 137d8 -> priority: 1 
TrimDiskCacheJob: Current cache size 0mb
Refresh completed in 0.039784 seconds.
RefreshInfo: RefreshV2(NoUpdateAssetOptions)
RefreshProfiler: Total: 39.203ms
	InvokeBeforeRefreshCallbacks: 0.000ms
	ApplyChangesToAssetFolders: 0.044ms
	WriteModifiedImportersToTextMetaFiles: 0.000ms
	CleanLegacyArtifacts: 0.000ms
	Scan: 34.000ms
	OnSourceAssetsModified: 0.000ms
	UnregisterDeletedAssets: 0.000ms
	InitializeImportedAssetsSnapshot: 2.650ms
	GetAllGuidsForCategorization: 0.000ms
	CategorizeAssets: 0.000ms
	ImportAndPostprocessOutOfDateAssets: 0.000ms (0.000ms without children)
		ImportManagerImport: 0.000ms (0.000ms without children)
			ImportInProcess: 0.000ms
			ImportOutOfProcess: 0.000ms
			UpdateCategorizedAssets: 0.000ms
			RemoteAssetCacheGetArtifact: 0.000ms (0.000ms without children)
				RemoteAssetCacheResolve: 0.000ms
				RemoteAssetCacheDownloadFile: 0.000ms
		CompileScripts: 0.000ms
		PostProcessAllAssets: 0.000ms
		ReloadImportedAssets: 0.000ms
		VerifyAssetsAreUpToDateAndCorrect: 0.000ms
		EnsureUptoDateAssetsAreRegisteredWithGuidPM: 0.000ms
		InitializingProgressBar: 0.000ms
		PostProcessAllAssetNotificationsAddChangedAssets: 0.000ms
		OnDemandSchedulerStart: 0.000ms
		RestoreLoadedAssetsState: 0.000ms
	InvokeProjectHasChanged: 0.000ms
	UpdateImportedAssetsSnapshot: 0.000ms
	ReloadSourceAssets: 0.000ms
	UnloadImportedAssets: 0.000ms
	Hotreload: 0.022ms
	FixTempGuids: 0.003ms
	VerifyGuidPMRegistrations: 0.000ms
	GatherAllCurrentPrimaryArtifactRevisions: 0.268ms
	UnloadStreamsBegin: 0.019ms
	LoadedImportedAssetsSnapshotReleaseGCHandles: 0.645ms
	GetLoadedSourceAssetsSnapshot: 0.631ms
	PersistCurrentRevisions: 0.000ms
	UnloadStreamsEnd: 0.014ms
	GenerateScriptTypeHashes: 0.000ms
	Untracked: 0.907ms
Refresh completed in 0.035298 seconds.
RefreshInfo: RefreshV2(NoUpdateAssetOptions)
RefreshProfiler: Total: 34.679ms
	InvokeBeforeRefreshCallbacks: 0.000ms
	ApplyChangesToAssetFolders: 0.038ms
	WriteModifiedImportersToTextMetaFiles: 0.000ms
	CleanLegacyArtifacts: 0.000ms
	Scan: 29.774ms
	OnSourceAssetsModified: 0.000ms
	UnregisterDeletedAssets: 0.000ms
	InitializeImportedAssetsSnapshot: 2.634ms
	GetAllGuidsForCategorization: 0.000ms
	CategorizeAssets: 0.000ms
	ImportAndPostprocessOutOfDateAssets: 0.000ms (0.000ms without children)
		ImportManagerImport: 0.000ms (0.000ms without children)
			ImportInProcess: 0.000ms
			ImportOutOfProcess: 0.000ms
			UpdateCategorizedAssets: 0.000ms
			RemoteAssetCacheGetArtifact: 0.000ms (0.000ms without children)
				RemoteAssetCacheResolve: 0.000ms
				RemoteAssetCacheDownloadFile: 0.000ms
		CompileScripts: 0.000ms
		PostProcessAllAssets: 0.000ms
		ReloadImportedAssets: 0.000ms
		VerifyAssetsAreUpToDateAndCorrect: 0.000ms
		EnsureUptoDateAssetsAreRegisteredWithGuidPM: 0.000ms
		InitializingProgressBar: 0.000ms
		PostProcessAllAssetNotificationsAddChangedAssets: 0.000ms
		OnDemandSchedulerStart: 0.000ms
		RestoreLoadedAssetsState: 0.000ms
	InvokeProjectHasChanged: 0.000ms
	UpdateImportedAssetsSnapshot: 0.000ms
	ReloadSourceAssets: 0.000ms
	UnloadImportedAssets: 0.000ms
	Hotreload: 0.019ms
	FixTempGuids: 0.004ms
	VerifyGuidPMRegistrations: 0.000ms
	GatherAllCurrentPrimaryArtifactRevisions: 0.231ms
	UnloadStreamsBegin: 0.014ms
	LoadedImportedAssetsSnapshotReleaseGCHandles: 0.565ms
	GetLoadedSourceAssetsSnapshot: 0.545ms
	PersistCurrentRevisions: 0.000ms
	UnloadStreamsEnd: 0.018ms
	GenerateScriptTypeHashes: 0.000ms
	Untracked: 0.836ms
Refresh completed in 0.039233 seconds.
RefreshInfo: RefreshV2(NoUpdateAssetOptions)
RefreshProfiler: Total: 38.684ms
	InvokeBeforeRefreshCallbacks: 0.000ms
	ApplyChangesToAssetFolders: 0.044ms
	WriteModifiedImportersToTextMetaFiles: 0.000ms
	CleanLegacyArtifacts: 0.000ms
	Scan: 33.269ms
	OnSourceAssetsModified: 0.000ms
	UnregisterDeletedAssets: 0.000ms
	InitializeImportedAssetsSnapshot: 2.826ms
	GetAllGuidsForCategorization: 0.000ms
	CategorizeAssets: 0.000ms
	ImportAndPostprocessOutOfDateAssets: 0.000ms (0.000ms without children)
		ImportManagerImport: 0.000ms (0.000ms without children)
			ImportInProcess: 0.000ms
			ImportOutOfProcess: 0.000ms
			UpdateCategorizedAssets: 0.000ms
			RemoteAssetCacheGetArtifact: 0.000ms (0.000ms without children)
				RemoteAssetCacheResolve: 0.000ms
				RemoteAssetCacheDownloadFile: 0.000ms
		CompileScripts: 0.000ms
		PostProcessAllAssets: 0.000ms
		ReloadImportedAssets: 0.000ms
		VerifyAssetsAreUpToDateAndCorrect: 0.000ms
		EnsureUptoDateAssetsAreRegisteredWithGuidPM: 0.000ms
		InitializingProgressBar: 0.000ms
		PostProcessAllAssetNotificationsAddChangedAssets: 0.000ms
		OnDemandSchedulerStart: 0.000ms
		RestoreLoadedAssetsState: 0.000ms
	InvokeProjectHasChanged: 0.000ms
	UpdateImportedAssetsSnapshot: 0.000ms
	ReloadSourceAssets: 0.000ms
	UnloadImportedAssets: 0.000ms
	Hotreload: 0.022ms
	FixTempGuids: 0.003ms
	VerifyGuidPMRegistrations: 0.000ms
	GatherAllCurrentPrimaryArtifactRevisions: 0.239ms
	UnloadStreamsBegin: 0.015ms
	LoadedImportedAssetsSnapshotReleaseGCHandles: 0.720ms
	GetLoadedSourceAssetsSnapshot: 0.620ms
	PersistCurrentRevisions: 0.000ms
	UnloadStreamsEnd: 0.014ms
	GenerateScriptTypeHashes: 0.000ms
	Untracked: 0.910ms
Refresh completed in 0.035465 seconds.
RefreshInfo: RefreshV2(NoUpdateAssetOptions)
RefreshProfiler: Total: 34.952ms
	InvokeBeforeRefreshCallbacks: 0.000ms
	ApplyChangesToAssetFolders: 0.038ms
	WriteModifiedImportersToTextMetaFiles: 0.000ms
	CleanLegacyArtifacts: 0.000ms
	Scan: 29.842ms
	OnSourceAssetsModified: 0.000ms
	UnregisterDeletedAssets: 0.000ms
	InitializeImportedAssetsSnapshot: 2.700ms
	GetAllGuidsForCategorization: 0.000ms
	CategorizeAssets: 0.000ms
	ImportAndPostprocessOutOfDateAssets: 0.000ms (0.000ms without children)
		ImportManagerImport: 0.000ms (0.000ms without children)
			ImportInProcess: 0.000ms
			ImportOutOfProcess: 0.000ms
			UpdateCategorizedAssets: 0.000ms
			RemoteAssetCacheGetArtifact: 0.000ms (0.000ms without children)
				RemoteAssetCacheResolve: 0.000ms
				RemoteAssetCacheDownloadFile: 0.000ms
		CompileScripts: 0.000ms
		PostProcessAllAssets: 0.000ms
		ReloadImportedAssets: 0.000ms
		VerifyAssetsAreUpToDateAndCorrect: 0.000ms
		EnsureUptoDateAssetsAreRegisteredWithGuidPM: 0.000ms
		InitializingProgressBar: 0.000ms
		PostProcessAllAssetNotificationsAddChangedAssets: 0.000ms
		OnDemandSchedulerStart: 0.000ms
		RestoreLoadedAssetsState: 0.000ms
	InvokeProjectHasChanged: 0.000ms
	UpdateImportedAssetsSnapshot: 0.000ms
	ReloadSourceAssets: 0.000ms
	UnloadImportedAssets: 0.000ms
	Hotreload: 0.020ms
	FixTempGuids: 0.003ms
	VerifyGuidPMRegistrations: 0.000ms
	GatherAllCurrentPrimaryArtifactRevisions: 0.236ms
	UnloadStreamsBegin: 0.014ms
	LoadedImportedAssetsSnapshotReleaseGCHandles: 0.606ms
	GetLoadedSourceAssetsSnapshot: 0.603ms
	PersistCurrentRevisions: 0.000ms
	UnloadStreamsEnd: 0.013ms
	GenerateScriptTypeHashes: 0.000ms
	Untracked: 0.875ms
Refresh completed in 0.040578 seconds.
RefreshInfo: RefreshV2(NoUpdateAssetOptions)
RefreshProfiler: Total: 40.032ms
	InvokeBeforeRefreshCallbacks: 0.000ms
	ApplyChangesToAssetFolders: 0.041ms
	WriteModifiedImportersToTextMetaFiles: 0.000ms
	CleanLegacyArtifacts: 0.000ms
	Scan: 34.784ms
	OnSourceAssetsModified: 0.000ms
	UnregisterDeletedAssets: 0.000ms
	InitializeImportedAssetsSnapshot: 2.814ms
	GetAllGuidsForCategorization: 0.000ms
	CategorizeAssets: 0.000ms
	ImportAndPostprocessOutOfDateAssets: 0.000ms (0.000ms without children)
		ImportManagerImport: 0.000ms (0.000ms without children)
			ImportInProcess: 0.000ms
			ImportOutOfProcess: 0.000ms
			UpdateCategorizedAssets: 0.000ms
			RemoteAssetCacheGetArtifact: 0.000ms (0.000ms without children)
				RemoteAssetCacheResolve: 0.000ms
				RemoteAssetCacheDownloadFile: 0.000ms
		CompileScripts: 0.000ms
		PostProcessAllAssets: 0.000ms
		ReloadImportedAssets: 0.000ms
		VerifyAssetsAreUpToDateAndCorrect: 0.000ms
		EnsureUptoDateAssetsAreRegisteredWithGuidPM: 0.000ms
		InitializingProgressBar: 0.000ms
		PostProcessAllAssetNotificationsAddChangedAssets: 0.000ms
		OnDemandSchedulerStart: 0.000ms
		RestoreLoadedAssetsState: 0.000ms
	InvokeProjectHasChanged: 0.000ms
	UpdateImportedAssetsSnapshot: 0.000ms
	ReloadSourceAssets: 0.000ms
	UnloadImportedAssets: 0.000ms
	Hotreload: 0.020ms
	FixTempGuids: 0.003ms
	VerifyGuidPMRegistrations: 0.000ms
	GatherAllCurrentPrimaryArtifactRevisions: 0.246ms
	UnloadStreamsBegin: 0.016ms
	LoadedImportedAssetsSnapshotReleaseGCHandles: 0.572ms
	GetLoadedSourceAssetsSnapshot: 0.632ms
	PersistCurrentRevisions: 0.000ms
	UnloadStreamsEnd: 0.013ms
	GenerateScriptTypeHashes: 0.000ms
	Untracked: 0.891ms
Refresh completed in 0.036856 seconds.
RefreshInfo: RefreshV2(NoUpdateAssetOptions)
RefreshProfiler: Total: 36.329ms
	InvokeBeforeRefreshCallbacks: 0.000ms
	ApplyChangesToAssetFolders: 0.042ms
	WriteModifiedImportersToTextMetaFiles: 0.000ms
	CleanLegacyArtifacts: 0.000ms
	Scan: 31.395ms
	OnSourceAssetsModified: 0.000ms
	UnregisterDeletedAssets: 0.000ms
	InitializeImportedAssetsSnapshot: 2.509ms
	GetAllGuidsForCategorization: 0.000ms
	CategorizeAssets: 0.000ms
	ImportAndPostprocessOutOfDateAssets: 0.000ms (0.000ms without children)
		ImportManagerImport: 0.000ms (0.000ms without children)
			ImportInProcess: 0.000ms
			ImportOutOfProcess: 0.000ms
			UpdateCategorizedAssets: 0.000ms
			RemoteAssetCacheGetArtifact: 0.000ms (0.000ms without children)
				RemoteAssetCacheResolve: 0.000ms
				RemoteAssetCacheDownloadFile: 0.000ms
		CompileScripts: 0.000ms
		PostProcessAllAssets: 0.000ms
		ReloadImportedAssets: 0.000ms
		VerifyAssetsAreUpToDateAndCorrect: 0.000ms
		EnsureUptoDateAssetsAreRegisteredWithGuidPM: 0.000ms
		InitializingProgressBar: 0.000ms
		PostProcessAllAssetNotificationsAddChangedAssets: 0.000ms
		OnDemandSchedulerStart: 0.000ms
		RestoreLoadedAssetsState: 0.000ms
	InvokeProjectHasChanged: 0.000ms
	UpdateImportedAssetsSnapshot: 0.000ms
	ReloadSourceAssets: 0.000ms
	UnloadImportedAssets: 0.000ms
	Hotreload: 0.022ms
	FixTempGuids: 0.004ms
	VerifyGuidPMRegistrations: 0.000ms
	GatherAllCurrentPrimaryArtifactRevisions: 0.239ms
	UnloadStreamsBegin: 0.015ms
	LoadedImportedAssetsSnapshotReleaseGCHandles: 0.649ms
	GetLoadedSourceAssetsSnapshot: 0.560ms
	PersistCurrentRevisions: 0.000ms
	UnloadStreamsEnd: 0.026ms
	GenerateScriptTypeHashes: 0.000ms
	Untracked: 0.866ms
Refresh completed in 0.040229 seconds.
RefreshInfo: RefreshV2(NoUpdateAssetOptions)
RefreshProfiler: Total: 39.628ms
	InvokeBeforeRefreshCallbacks: 0.000ms
	ApplyChangesToAssetFolders: 0.042ms
	WriteModifiedImportersToTextMetaFiles: 0.000ms
	CleanLegacyArtifacts: 0.000ms
	Scan: 33.994ms
	OnSourceAssetsModified: 0.000ms
	UnregisterDeletedAssets: 0.000ms
	InitializeImportedAssetsSnapshot: 2.679ms
	GetAllGuidsForCategorization: 0.000ms
	CategorizeAssets: 0.000ms
	ImportAndPostprocessOutOfDateAssets: 0.000ms (0.000ms without children)
		ImportManagerImport: 0.000ms (0.000ms without children)
			ImportInProcess: 0.000ms
			ImportOutOfProcess: 0.000ms
			UpdateCategorizedAssets: 0.000ms
			RemoteAssetCacheGetArtifact: 0.000ms (0.000ms without children)
				RemoteAssetCacheResolve: 0.000ms
				RemoteAssetCacheDownloadFile: 0.000ms
		CompileScripts: 0.000ms
		PostProcessAllAssets: 0.000ms
		ReloadImportedAssets: 0.000ms
		VerifyAssetsAreUpToDateAndCorrect: 0.000ms
		EnsureUptoDateAssetsAreRegisteredWithGuidPM: 0.000ms
		InitializingProgressBar: 0.000ms
		PostProcessAllAssetNotificationsAddChangedAssets: 0.000ms
		OnDemandSchedulerStart: 0.000ms
		RestoreLoadedAssetsState: 0.000ms
	InvokeProjectHasChanged: 0.000ms
	UpdateImportedAssetsSnapshot: 0.000ms
	ReloadSourceAssets: 0.000ms
	UnloadImportedAssets: 0.000ms
	Hotreload: 0.020ms
	FixTempGuids: 0.004ms
	VerifyGuidPMRegistrations: 0.000ms
	GatherAllCurrentPrimaryArtifactRevisions: 0.269ms
	UnloadStreamsBegin: 0.018ms
	LoadedImportedAssetsSnapshotReleaseGCHandles: 0.978ms
	GetLoadedSourceAssetsSnapshot: 0.625ms
	PersistCurrentRevisions: 0.000ms
	UnloadStreamsEnd: 0.018ms
	GenerateScriptTypeHashes: 0.000ms
	Untracked: 0.980ms
Refresh completed in 0.047775 seconds.
RefreshInfo: RefreshV2(NoUpdateAssetOptions)
RefreshProfiler: Total: 47.160ms
	InvokeBeforeRefreshCallbacks: 0.001ms
	ApplyChangesToAssetFolders: 0.045ms
	WriteModifiedImportersToTextMetaFiles: 0.000ms
	CleanLegacyArtifacts: 0.000ms
	Scan: 41.267ms
	OnSourceAssetsModified: 0.000ms
	UnregisterDeletedAssets: 0.000ms
	InitializeImportedAssetsSnapshot: 3.087ms
	GetAllGuidsForCategorization: 0.000ms
	CategorizeAssets: 0.000ms
	ImportAndPostprocessOutOfDateAssets: 0.000ms (0.000ms without children)
		ImportManagerImport: 0.000ms (0.000ms without children)
			ImportInProcess: 0.000ms
			ImportOutOfProcess: 0.000ms
			UpdateCategorizedAssets: 0.000ms
			RemoteAssetCacheGetArtifact: 0.000ms (0.000ms without children)
				RemoteAssetCacheResolve: 0.000ms
				RemoteAssetCacheDownloadFile: 0.000ms
		CompileScripts: 0.000ms
		PostProcessAllAssets: 0.000ms
		ReloadImportedAssets: 0.000ms
		VerifyAssetsAreUpToDateAndCorrect: 0.000ms
		EnsureUptoDateAssetsAreRegisteredWithGuidPM: 0.000ms
		InitializingProgressBar: 0.000ms
		PostProcessAllAssetNotificationsAddChangedAssets: 0.000ms
		OnDemandSchedulerStart: 0.000ms
		RestoreLoadedAssetsState: 0.000ms
	InvokeProjectHasChanged: 0.000ms
	UpdateImportedAssetsSnapshot: 0.000ms
	ReloadSourceAssets: 0.000ms
	UnloadImportedAssets: 0.000ms
	Hotreload: 0.021ms
	FixTempGuids: 0.003ms
	VerifyGuidPMRegistrations: 0.000ms
	GatherAllCurrentPrimaryArtifactRevisions: 0.278ms
	UnloadStreamsBegin: 0.018ms
	LoadedImportedAssetsSnapshotReleaseGCHandles: 0.710ms
	GetLoadedSourceAssetsSnapshot: 0.697ms
	PersistCurrentRevisions: 0.000ms
	UnloadStreamsEnd: 0.020ms
	GenerateScriptTypeHashes: 0.000ms
	Untracked: 1.010ms
Refresh completed in 0.038489 seconds.
RefreshInfo: RefreshV2(NoUpdateAssetOptions)
RefreshProfiler: Total: 37.928ms
	InvokeBeforeRefreshCallbacks: 0.000ms
	ApplyChangesToAssetFolders: 0.040ms
	WriteModifiedImportersToTextMetaFiles: 0.000ms
	CleanLegacyArtifacts: 0.000ms
	Scan: 32.876ms
	OnSourceAssetsModified: 0.000ms
	UnregisterDeletedAssets: 0.000ms
	InitializeImportedAssetsSnapshot: 2.565ms
	GetAllGuidsForCategorization: 0.000ms
	CategorizeAssets: 0.000ms
	ImportAndPostprocessOutOfDateAssets: 0.000ms (0.000ms without children)
		ImportManagerImport: 0.000ms (0.000ms without children)
			ImportInProcess: 0.000ms
			ImportOutOfProcess: 0.000ms
			UpdateCategorizedAssets: 0.000ms
			RemoteAssetCacheGetArtifact: 0.000ms (0.000ms without children)
				RemoteAssetCacheResolve: 0.000ms
				RemoteAssetCacheDownloadFile: 0.000ms
		CompileScripts: 0.000ms
		PostProcessAllAssets: 0.000ms
		ReloadImportedAssets: 0.000ms
		VerifyAssetsAreUpToDateAndCorrect: 0.000ms
		EnsureUptoDateAssetsAreRegisteredWithGuidPM: 0.000ms
		InitializingProgressBar: 0.000ms
		PostProcessAllAssetNotificationsAddChangedAssets: 0.000ms
		OnDemandSchedulerStart: 0.000ms
		RestoreLoadedAssetsState: 0.000ms
	InvokeProjectHasChanged: 0.000ms
	UpdateImportedAssetsSnapshot: 0.000ms
	ReloadSourceAssets: 0.000ms
	UnloadImportedAssets: 0.000ms
	Hotreload: 0.018ms
	FixTempGuids: 0.003ms
	VerifyGuidPMRegistrations: 0.000ms
	GatherAllCurrentPrimaryArtifactRevisions: 0.252ms
	UnloadStreamsBegin: 0.015ms
	LoadedImportedAssetsSnapshotReleaseGCHandles: 0.709ms
	GetLoadedSourceAssetsSnapshot: 0.552ms
	PersistCurrentRevisions: 0.000ms
	UnloadStreamsEnd: 0.016ms
	GenerateScriptTypeHashes: 0.000ms
	Untracked: 0.881ms
Refresh completed in 0.034414 seconds.
RefreshInfo: RefreshV2(NoUpdateAssetOptions)
RefreshProfiler: Total: 33.824ms
	InvokeBeforeRefreshCallbacks: 0.000ms
	ApplyChangesToAssetFolders: 0.040ms
	WriteModifiedImportersToTextMetaFiles: 0.000ms
	CleanLegacyArtifacts: 0.000ms
	Scan: 29.006ms
	OnSourceAssetsModified: 0.000ms
	UnregisterDeletedAssets: 0.000ms
	InitializeImportedAssetsSnapshot: 2.549ms
	GetAllGuidsForCategorization: 0.000ms
	CategorizeAssets: 0.000ms
	ImportAndPostprocessOutOfDateAssets: 0.000ms (0.000ms without children)
		ImportManagerImport: 0.000ms (0.000ms without children)
			ImportInProcess: 0.000ms
			ImportOutOfProcess: 0.000ms
			UpdateCategorizedAssets: 0.000ms
			RemoteAssetCacheGetArtifact: 0.000ms (0.000ms without children)
				RemoteAssetCacheResolve: 0.000ms
				RemoteAssetCacheDownloadFile: 0.000ms
		CompileScripts: 0.000ms
		PostProcessAllAssets: 0.000ms
		ReloadImportedAssets: 0.000ms
		VerifyAssetsAreUpToDateAndCorrect: 0.000ms
		EnsureUptoDateAssetsAreRegisteredWithGuidPM: 0.000ms
		InitializingProgressBar: 0.000ms
		PostProcessAllAssetNotificationsAddChangedAssets: 0.000ms
		OnDemandSchedulerStart: 0.000ms
		RestoreLoadedAssetsState: 0.000ms
	InvokeProjectHasChanged: 0.000ms
	UpdateImportedAssetsSnapshot: 0.000ms
	ReloadSourceAssets: 0.000ms
	UnloadImportedAssets: 0.000ms
	Hotreload: 0.019ms
	FixTempGuids: 0.003ms
	VerifyGuidPMRegistrations: 0.000ms
	GatherAllCurrentPrimaryArtifactRevisions: 0.256ms
	UnloadStreamsBegin: 0.016ms
	LoadedImportedAssetsSnapshotReleaseGCHandles: 0.557ms
	GetLoadedSourceAssetsSnapshot: 0.529ms
	PersistCurrentRevisions: 0.000ms
	UnloadStreamsEnd: 0.016ms
	GenerateScriptTypeHashes: 0.000ms
	Untracked: 0.833ms
Refresh completed in 0.036675 seconds.
RefreshInfo: RefreshV2(NoUpdateAssetOptions)
RefreshProfiler: Total: 36.104ms
	InvokeBeforeRefreshCallbacks: 0.000ms
	ApplyChangesToAssetFolders: 0.039ms
	WriteModifiedImportersToTextMetaFiles: 0.000ms
	CleanLegacyArtifacts: 0.000ms
	Scan: 31.178ms
	OnSourceAssetsModified: 0.000ms
	UnregisterDeletedAssets: 0.000ms
	InitializeImportedAssetsSnapshot: 2.547ms
	GetAllGuidsForCategorization: 0.000ms
	CategorizeAssets: 0.000ms
	ImportAndPostprocessOutOfDateAssets: 0.000ms (0.000ms without children)
		ImportManagerImport: 0.000ms (0.000ms without children)
			ImportInProcess: 0.000ms
			ImportOutOfProcess: 0.000ms
			UpdateCategorizedAssets: 0.000ms
			RemoteAssetCacheGetArtifact: 0.000ms (0.000ms without children)
				RemoteAssetCacheResolve: 0.000ms
				RemoteAssetCacheDownloadFile: 0.000ms
		CompileScripts: 0.000ms
		PostProcessAllAssets: 0.000ms
		ReloadImportedAssets: 0.000ms
		VerifyAssetsAreUpToDateAndCorrect: 0.000ms
		EnsureUptoDateAssetsAreRegisteredWithGuidPM: 0.000ms
		InitializingProgressBar: 0.000ms
		PostProcessAllAssetNotificationsAddChangedAssets: 0.000ms
		OnDemandSchedulerStart: 0.000ms
		RestoreLoadedAssetsState: 0.000ms
	InvokeProjectHasChanged: 0.000ms
	UpdateImportedAssetsSnapshot: 0.000ms
	ReloadSourceAssets: 0.000ms
	UnloadImportedAssets: 0.000ms
	Hotreload: 0.022ms
	FixTempGuids: 0.003ms
	VerifyGuidPMRegistrations: 0.000ms
	GatherAllCurrentPrimaryArtifactRevisions: 0.238ms
	UnloadStreamsBegin: 0.016ms
	LoadedImportedAssetsSnapshotReleaseGCHandles: 0.592ms
	GetLoadedSourceAssetsSnapshot: 0.550ms
	PersistCurrentRevisions: 0.000ms
	UnloadStreamsEnd: 0.014ms
	GenerateScriptTypeHashes: 0.000ms
	Untracked: 0.903ms
Refresh completed in 0.036604 seconds.
RefreshInfo: RefreshV2(NoUpdateAssetOptions)
RefreshProfiler: Total: 35.959ms
	InvokeBeforeRefreshCallbacks: 0.000ms
	ApplyChangesToAssetFolders: 0.040ms
	WriteModifiedImportersToTextMetaFiles: 0.000ms
	CleanLegacyArtifacts: 0.000ms
	Scan: 31.058ms
	OnSourceAssetsModified: 0.000ms
	UnregisterDeletedAssets: 0.000ms
	InitializeImportedAssetsSnapshot: 2.581ms
	GetAllGuidsForCategorization: 0.000ms
	CategorizeAssets: 0.000ms
	ImportAndPostprocessOutOfDateAssets: 0.000ms (0.000ms without children)
		ImportManagerImport: 0.000ms (0.000ms without children)
			ImportInProcess: 0.000ms
			ImportOutOfProcess: 0.000ms
			UpdateCategorizedAssets: 0.000ms
			RemoteAssetCacheGetArtifact: 0.000ms (0.000ms without children)
				RemoteAssetCacheResolve: 0.000ms
				RemoteAssetCacheDownloadFile: 0.000ms
		CompileScripts: 0.000ms
		PostProcessAllAssets: 0.000ms
		ReloadImportedAssets: 0.000ms
		VerifyAssetsAreUpToDateAndCorrect: 0.000ms
		EnsureUptoDateAssetsAreRegisteredWithGuidPM: 0.000ms
		InitializingProgressBar: 0.000ms
		PostProcessAllAssetNotificationsAddChangedAssets: 0.000ms
		OnDemandSchedulerStart: 0.000ms
		RestoreLoadedAssetsState: 0.000ms
	InvokeProjectHasChanged: 0.000ms
	UpdateImportedAssetsSnapshot: 0.000ms
	ReloadSourceAssets: 0.000ms
	UnloadImportedAssets: 0.000ms
	Hotreload: 0.022ms
	FixTempGuids: 0.003ms
	VerifyGuidPMRegistrations: 0.000ms
	GatherAllCurrentPrimaryArtifactRevisions: 0.243ms
	UnloadStreamsBegin: 0.015ms
	LoadedImportedAssetsSnapshotReleaseGCHandles: 0.577ms
	GetLoadedSourceAssetsSnapshot: 0.563ms
	PersistCurrentRevisions: 0.000ms
	UnloadStreamsEnd: 0.015ms
	GenerateScriptTypeHashes: 0.000ms
	Untracked: 0.842ms
Refresh completed in 0.039120 seconds.
RefreshInfo: RefreshV2(NoUpdateAssetOptions)
RefreshProfiler: Total: 38.615ms
	InvokeBeforeRefreshCallbacks: 0.000ms
	ApplyChangesToAssetFolders: 0.039ms
	WriteModifiedImportersToTextMetaFiles: 0.000ms
	CleanLegacyArtifacts: 0.000ms
	Scan: 33.558ms
	OnSourceAssetsModified: 0.000ms
	UnregisterDeletedAssets: 0.000ms
	InitializeImportedAssetsSnapshot: 2.737ms
	GetAllGuidsForCategorization: 0.000ms
	CategorizeAssets: 0.000ms
	ImportAndPostprocessOutOfDateAssets: 0.000ms (0.000ms without children)
		ImportManagerImport: 0.000ms (0.000ms without children)
			ImportInProcess: 0.000ms
			ImportOutOfProcess: 0.000ms
			UpdateCategorizedAssets: 0.000ms
			RemoteAssetCacheGetArtifact: 0.000ms (0.000ms without children)
				RemoteAssetCacheResolve: 0.000ms
				RemoteAssetCacheDownloadFile: 0.000ms
		CompileScripts: 0.000ms
		PostProcessAllAssets: 0.000ms
		ReloadImportedAssets: 0.000ms
		VerifyAssetsAreUpToDateAndCorrect: 0.000ms
		EnsureUptoDateAssetsAreRegisteredWithGuidPM: 0.000ms
		InitializingProgressBar: 0.000ms
		PostProcessAllAssetNotificationsAddChangedAssets: 0.000ms
		OnDemandSchedulerStart: 0.000ms
		RestoreLoadedAssetsState: 0.000ms
	InvokeProjectHasChanged: 0.000ms
	UpdateImportedAssetsSnapshot: 0.000ms
	ReloadSourceAssets: 0.000ms
	UnloadImportedAssets: 0.000ms
	Hotreload: 0.017ms
	FixTempGuids: 0.003ms
	VerifyGuidPMRegistrations: 0.000ms
	GatherAllCurrentPrimaryArtifactRevisions: 0.243ms
	UnloadStreamsBegin: 0.015ms
	LoadedImportedAssetsSnapshotReleaseGCHandles: 0.583ms
	GetLoadedSourceAssetsSnapshot: 0.571ms
	PersistCurrentRevisions: 0.000ms
	UnloadStreamsEnd: 0.013ms
	GenerateScriptTypeHashes: 0.000ms
	Untracked: 0.835ms
Refresh completed in 0.036435 seconds.
RefreshInfo: RefreshV2(NoUpdateAssetOptions)
RefreshProfiler: Total: 35.924ms
	InvokeBeforeRefreshCallbacks: 0.001ms
	ApplyChangesToAssetFolders: 0.040ms
	WriteModifiedImportersToTextMetaFiles: 0.000ms
	CleanLegacyArtifacts: 0.000ms
	Scan: 31.120ms
	OnSourceAssetsModified: 0.000ms
	UnregisterDeletedAssets: 0.000ms
	InitializeImportedAssetsSnapshot: 2.544ms
	GetAllGuidsForCategorization: 0.000ms
	CategorizeAssets: 0.000ms
	ImportAndPostprocessOutOfDateAssets: 0.000ms (0.000ms without children)
		ImportManagerImport: 0.000ms (0.000ms without children)
			ImportInProcess: 0.000ms
			ImportOutOfProcess: 0.000ms
			UpdateCategorizedAssets: 0.000ms
			RemoteAssetCacheGetArtifact: 0.000ms (0.000ms without children)
				RemoteAssetCacheResolve: 0.000ms
				RemoteAssetCacheDownloadFile: 0.000ms
		CompileScripts: 0.000ms
		PostProcessAllAssets: 0.000ms
		ReloadImportedAssets: 0.000ms
		VerifyAssetsAreUpToDateAndCorrect: 0.000ms
		EnsureUptoDateAssetsAreRegisteredWithGuidPM: 0.000ms
		InitializingProgressBar: 0.000ms
		PostProcessAllAssetNotificationsAddChangedAssets: 0.000ms
		OnDemandSchedulerStart: 0.000ms
		RestoreLoadedAssetsState: 0.000ms
	InvokeProjectHasChanged: 0.000ms
	UpdateImportedAssetsSnapshot: 0.000ms
	ReloadSourceAssets: 0.000ms
	UnloadImportedAssets: 0.000ms
	Hotreload: 0.019ms
	FixTempGuids: 0.004ms
	VerifyGuidPMRegistrations: 0.000ms
	GatherAllCurrentPrimaryArtifactRevisions: 0.235ms
	UnloadStreamsBegin: 0.013ms
	LoadedImportedAssetsSnapshotReleaseGCHandles: 0.591ms
	GetLoadedSourceAssetsSnapshot: 0.532ms
	PersistCurrentRevisions: 0.000ms
	UnloadStreamsEnd: 0.013ms
	GenerateScriptTypeHashes: 0.000ms
	Untracked: 0.812ms
Refresh completed in 0.035783 seconds.
RefreshInfo: RefreshV2(NoUpdateAssetOptions)
RefreshProfiler: Total: 35.269ms
	InvokeBeforeRefreshCallbacks: 0.000ms
	ApplyChangesToAssetFolders: 0.040ms
	WriteModifiedImportersToTextMetaFiles: 0.000ms
	CleanLegacyArtifacts: 0.000ms
	Scan: 30.518ms
	OnSourceAssetsModified: 0.000ms
	UnregisterDeletedAssets: 0.000ms
	InitializeImportedAssetsSnapshot: 2.525ms
	GetAllGuidsForCategorization: 0.000ms
	CategorizeAssets: 0.000ms
	ImportAndPostprocessOutOfDateAssets: 0.000ms (0.000ms without children)
		ImportManagerImport: 0.000ms (0.000ms without children)
			ImportInProcess: 0.000ms
			ImportOutOfProcess: 0.000ms
			UpdateCategorizedAssets: 0.000ms
			RemoteAssetCacheGetArtifact: 0.000ms (0.000ms without children)
				RemoteAssetCacheResolve: 0.000ms
				RemoteAssetCacheDownloadFile: 0.000ms
		CompileScripts: 0.000ms
		PostProcessAllAssets: 0.000ms
		ReloadImportedAssets: 0.000ms
		VerifyAssetsAreUpToDateAndCorrect: 0.000ms
		EnsureUptoDateAssetsAreRegisteredWithGuidPM: 0.000ms
		InitializingProgressBar: 0.000ms
		PostProcessAllAssetNotificationsAddChangedAssets: 0.000ms
		OnDemandSchedulerStart: 0.000ms
		RestoreLoadedAssetsState: 0.000ms
	InvokeProjectHasChanged: 0.000ms
	UpdateImportedAssetsSnapshot: 0.000ms
	ReloadSourceAssets: 0.000ms
	UnloadImportedAssets: 0.000ms
	Hotreload: 0.018ms
	FixTempGuids: 0.003ms
	VerifyGuidPMRegistrations: 0.000ms
	GatherAllCurrentPrimaryArtifactRevisions: 0.236ms
	UnloadStreamsBegin: 0.014ms
	LoadedImportedAssetsSnapshotReleaseGCHandles: 0.575ms
	GetLoadedSourceAssetsSnapshot: 0.531ms
	PersistCurrentRevisions: 0.000ms
	UnloadStreamsEnd: 0.013ms
	GenerateScriptTypeHashes: 0.000ms
	Untracked: 0.796ms
Refresh completed in 0.036600 seconds.
RefreshInfo: RefreshV2(NoUpdateAssetOptions)
RefreshProfiler: Total: 36.110ms
	InvokeBeforeRefreshCallbacks: 0.000ms
	ApplyChangesToAssetFolders: 0.040ms
	WriteModifiedImportersToTextMetaFiles: 0.000ms
	CleanLegacyArtifacts: 0.000ms
	Scan: 31.268ms
	OnSourceAssetsModified: 0.000ms
	UnregisterDeletedAssets: 0.000ms
	InitializeImportedAssetsSnapshot: 2.510ms
	GetAllGuidsForCategorization: 0.000ms
	CategorizeAssets: 0.000ms
	ImportAndPostprocessOutOfDateAssets: 0.000ms (0.000ms without children)
		ImportManagerImport: 0.000ms (0.000ms without children)
			ImportInProcess: 0.000ms
			ImportOutOfProcess: 0.000ms
			UpdateCategorizedAssets: 0.000ms
			RemoteAssetCacheGetArtifact: 0.000ms (0.000ms without children)
				RemoteAssetCacheResolve: 0.000ms
				RemoteAssetCacheDownloadFile: 0.000ms
		CompileScripts: 0.000ms
		PostProcessAllAssets: 0.000ms
		ReloadImportedAssets: 0.000ms
		VerifyAssetsAreUpToDateAndCorrect: 0.000ms
		EnsureUptoDateAssetsAreRegisteredWithGuidPM: 0.000ms
		InitializingProgressBar: 0.000ms
		PostProcessAllAssetNotificationsAddChangedAssets: 0.000ms
		OnDemandSchedulerStart: 0.000ms
		RestoreLoadedAssetsState: 0.000ms
	InvokeProjectHasChanged: 0.000ms
	UpdateImportedAssetsSnapshot: 0.000ms
	ReloadSourceAssets: 0.000ms
	UnloadImportedAssets: 0.000ms
	Hotreload: 0.018ms
	FixTempGuids: 0.003ms
	VerifyGuidPMRegistrations: 0.000ms
	GatherAllCurrentPrimaryArtifactRevisions: 0.239ms
	UnloadStreamsBegin: 0.016ms
	LoadedImportedAssetsSnapshotReleaseGCHandles: 0.585ms
	GetLoadedSourceAssetsSnapshot: 0.596ms
	PersistCurrentRevisions: 0.000ms
	UnloadStreamsEnd: 0.013ms
	GenerateScriptTypeHashes: 0.000ms
	Untracked: 0.822ms
Refresh completed in 0.034707 seconds.
RefreshInfo: RefreshV2(NoUpdateAssetOptions)
RefreshProfiler: Total: 34.134ms
	InvokeBeforeRefreshCallbacks: 0.000ms
	ApplyChangesToAssetFolders: 0.039ms
	WriteModifiedImportersToTextMetaFiles: 0.000ms
	CleanLegacyArtifacts: 0.000ms
	Scan: 29.424ms
	OnSourceAssetsModified: 0.000ms
	UnregisterDeletedAssets: 0.000ms
	InitializeImportedAssetsSnapshot: 2.507ms
	GetAllGuidsForCategorization: 0.000ms
	CategorizeAssets: 0.000ms
	ImportAndPostprocessOutOfDateAssets: 0.000ms (0.000ms without children)
		ImportManagerImport: 0.000ms (0.000ms without children)
			ImportInProcess: 0.000ms
			ImportOutOfProcess: 0.000ms
			UpdateCategorizedAssets: 0.000ms
			RemoteAssetCacheGetArtifact: 0.000ms (0.000ms without children)
				RemoteAssetCacheResolve: 0.000ms
				RemoteAssetCacheDownloadFile: 0.000ms
		CompileScripts: 0.000ms
		PostProcessAllAssets: 0.000ms
		ReloadImportedAssets: 0.000ms
		VerifyAssetsAreUpToDateAndCorrect: 0.000ms
		EnsureUptoDateAssetsAreRegisteredWithGuidPM: 0.000ms
		InitializingProgressBar: 0.000ms
		PostProcessAllAssetNotificationsAddChangedAssets: 0.000ms
		OnDemandSchedulerStart: 0.000ms
		RestoreLoadedAssetsState: 0.000ms
	InvokeProjectHasChanged: 0.000ms
	UpdateImportedAssetsSnapshot: 0.000ms
	ReloadSourceAssets: 0.000ms
	UnloadImportedAssets: 0.000ms
	Hotreload: 0.018ms
	FixTempGuids: 0.003ms
	VerifyGuidPMRegistrations: 0.000ms
	GatherAllCurrentPrimaryArtifactRevisions: 0.229ms
	UnloadStreamsBegin: 0.014ms
	LoadedImportedAssetsSnapshotReleaseGCHandles: 0.562ms
	GetLoadedSourceAssetsSnapshot: 0.501ms
	PersistCurrentRevisions: 0.000ms
	UnloadStreamsEnd: 0.013ms
	GenerateScriptTypeHashes: 0.000ms
	Untracked: 0.825ms
Refresh completed in 0.035307 seconds.
RefreshInfo: RefreshV2(NoUpdateAssetOptions)
RefreshProfiler: Total: 34.807ms
	InvokeBeforeRefreshCallbacks: 0.001ms
	ApplyChangesToAssetFolders: 0.042ms
	WriteModifiedImportersToTextMetaFiles: 0.000ms
	CleanLegacyArtifacts: 0.000ms
	Scan: 30.095ms
	OnSourceAssetsModified: 0.000ms
	UnregisterDeletedAssets: 0.000ms
	InitializeImportedAssetsSnapshot: 2.484ms
	GetAllGuidsForCategorization: 0.000ms
	CategorizeAssets: 0.000ms
	ImportAndPostprocessOutOfDateAssets: 0.000ms (0.000ms without children)
		ImportManagerImport: 0.000ms (0.000ms without children)
			ImportInProcess: 0.000ms
			ImportOutOfProcess: 0.000ms
			UpdateCategorizedAssets: 0.000ms
			RemoteAssetCacheGetArtifact: 0.000ms (0.000ms without children)
				RemoteAssetCacheResolve: 0.000ms
				RemoteAssetCacheDownloadFile: 0.000ms
		CompileScripts: 0.000ms
		PostProcessAllAssets: 0.000ms
		ReloadImportedAssets: 0.000ms
		VerifyAssetsAreUpToDateAndCorrect: 0.000ms
		EnsureUptoDateAssetsAreRegisteredWithGuidPM: 0.000ms
		InitializingProgressBar: 0.000ms
		PostProcessAllAssetNotificationsAddChangedAssets: 0.000ms
		OnDemandSchedulerStart: 0.000ms
		RestoreLoadedAssetsState: 0.000ms
	InvokeProjectHasChanged: 0.000ms
	UpdateImportedAssetsSnapshot: 0.000ms
	ReloadSourceAssets: 0.000ms
	UnloadImportedAssets: 0.000ms
	Hotreload: 0.018ms
	FixTempGuids: 0.003ms
	VerifyGuidPMRegistrations: 0.000ms
	GatherAllCurrentPrimaryArtifactRevisions: 0.236ms
	UnloadStreamsBegin: 0.013ms
	LoadedImportedAssetsSnapshotReleaseGCHandles: 0.573ms
	GetLoadedSourceAssetsSnapshot: 0.514ms
	PersistCurrentRevisions: 0.000ms
	UnloadStreamsEnd: 0.014ms
	GenerateScriptTypeHashes: 0.000ms
	Untracked: 0.815ms
[Performance] WinEditorMain                                               :        1 samples, Peak.  1.18 s (1.0x), Avg.  1.18 s, Total. 1.179 s (8.5%)
[Performance] WinEditorMain.ConfigureCrashHandler                         :        1 samples, Peak.  12.7 us (1.0x), Avg.  12.7 us, Total. 12.70 us (0.0%)
[Performance] WinEditorMain.CurlRequestInitialize                         :        1 samples, Peak.   503 us (1.0x), Avg.   503 us, Total. 502.7 us (0.0%)
[Performance] WinEditorMain.SetupLogFile                                  :        1 samples, Peak.   406 us (1.0x), Avg.   406 us, Total. 405.8 us (0.0%)
[Performance] WinEditorMain.RunNativeTestsIfRequiredAndExit               :        1 samples, Peak.  1.40 us (1.0x), Avg.  1.40 us, Total. 1.400 us (0.0%)
[Performance] WinEditorMain.Licensing                                     :        1 samples, Peak.   636 ms (1.0x), Avg.   636 ms, Total. 635.9 ms (4.6%)
[Performance] WinEditorMain.InitializeCrashHandler                        :        1 samples, Peak.   405 us (1.0x), Avg.   405 us, Total. 404.8 us (0.0%)
[Performance] WinEditorMain.CreateApplication                             :        1 samples, Peak.   164 us (1.0x), Avg.   164 us, Total. 164.0 us (0.0%)
[Performance] Application.InitializeProject                               :        1 samples, Peak.  7.71 s (1.0x), Avg.  7.71 s, Total. 7.709 s (55.3%)
[Performance] Application.PackageManager.StartServer                      :        1 samples, Peak.  3.10 ms (1.0x), Avg.  3.10 ms, Total. 3.098 ms (0.0%)
[Performance] Application.IsBrowserCacheEmpty                             :        1 samples, Peak.   482 us (1.0x), Avg.   482 us, Total. 482.5 us (0.0%)
[Performance] Application.AcquireProjectLock                              :        1 samples, Peak.  6.37 ms (1.0x), Avg.  6.37 ms, Total. 6.366 ms (0.0%)
[Performance] Application.InitializeEngineNoGraphics                      :        1 samples, Peak.  11.5 ms (1.0x), Avg.  11.5 ms, Total. 11.54 ms (0.1%)
[Performance] Application.PackageManager.Initialize                       :        1 samples, Peak.  1.01 s (1.0x), Avg.  1.01 s, Total. 1.006 s (7.2%)
[Performance] CurlRequestCheck                                            :       12 samples, Peak.   410 ms (8.7x), Avg.  47.0 ms, Total. 563.7 ms (4.0%)
[Performance] PackageManager::RunRequestSynchronously                     :        9 samples, Peak.   234 ms (4.1x), Avg.  56.6 ms, Total. 509.4 ms (3.7%)
[Performance] Application.EngineGraphics.Initialize                       :        1 samples, Peak.   155 ms (1.0x), Avg.   155 ms, Total. 154.9 ms (1.1%)
[Performance] Application.GI.Initialize                                   :        1 samples, Peak.  2.75 ms (1.0x), Avg.  2.75 ms, Total. 2.750 ms (0.0%)
[Performance] Application.LoadAllDefaultResourcesFromEditor               :        1 samples, Peak.  1.55 ms (1.0x), Avg.  1.55 ms, Total. 1.548 ms (0.0%)
[Performance] Application.LoadMonoAssemblies                              :        1 samples, Peak.   524 ms (1.0x), Avg.   524 ms, Total. 523.7 ms (3.8%)
[Performance] RestoreManagedReferences                                    :        3 samples, Peak.  65.6 ms (2.8x), Avg.  23.1 ms, Total. 69.25 ms (0.5%)
[Performance] ProcessService.EditorAfterLoadAllAssemblies                 :        3 samples, Peak.  19.6 ms (1.2x), Avg.  16.6 ms, Total. 49.84 ms (0.4%)
[Performance] Application.ReadLicenseInfo                                 :        1 samples, Peak.   176 us (1.0x), Avg.   176 us, Total. 176.1 us (0.0%)
[Performance] Application.InitialScriptRefresh                            :        1 samples, Peak.  1.23 s (1.0x), Avg.  1.23 s, Total. 1.230 s (8.8%)
[Performance] Application.AssetDatabase.Refresh                           :        1 samples, Peak.  83.5 ms (1.0x), Avg.  83.5 ms, Total. 83.49 ms (0.6%)
[Performance] Application.ImportAssetsWithMismatchingAssetImporterVersion :        1 samples, Peak.  85.7 ms (1.0x), Avg.  85.7 ms, Total. 85.66 ms (0.6%)
[Performance] Application.SyncCurrentColorSpace                           :        1 samples, Peak.   187 ms (1.0x), Avg.   187 ms, Total. 187.3 ms (1.3%)
[Performance] Application.OnUsbDevicesChanged                             :        1 samples, Peak.  2.87 ms (1.0x), Avg.  2.87 ms, Total. 2.868 ms (0.0%)
[Performance] Application.AssetInstanceCacheUpdate                        :        1 samples, Peak.   400 ns (1.0x), Avg.   400 ns, Total. 400.0 ns (0.0%)
[Performance] Application.UnityExtensions.Initialize                      :        1 samples, Peak.   776 us (1.0x), Avg.   776 us, Total. 776.0 us (0.0%)
[Performance] Application.InitializeManagedCompilationPipeline            :        1 samples, Peak.  63.2 ms (1.0x), Avg.  63.2 ms, Total. 63.21 ms (0.5%)
[Performance] Application.ExecuteStartups                                 :        1 samples, Peak.  39.8 ms (1.0x), Avg.  39.8 ms, Total. 39.76 ms (0.3%)
[Performance] Application.RebuildOSMenu                                   :        1 samples, Peak.  48.8 ms (1.0x), Avg.  48.8 ms, Total. 48.83 ms (0.4%)
[Performance] UpdateAllMenus                                              :       21 samples, Peak.  47.2 ms (11.5x), Avg.  4.11 ms, Total. 86.24 ms (0.6%)
[Performance] Application.editorInitializingProject                       :        1 samples, Peak.  7.40 us (1.0x), Avg.  7.40 us, Total. 7.400 us (0.0%)
[Performance] Application.FinishLoadingProject                            :        1 samples, Peak.   942 ms (1.0x), Avg.   942 ms, Total. 942.1 ms (6.8%)
[Performance] Application.RestoreLastOpenedScenes                         :        1 samples, Peak.   810 ms (1.0x), Avg.   810 ms, Total. 810.0 ms (5.8%)
[Performance] GUIView.RepaintAll.PlayerLoopController                     :      104 samples, Peak.   233 ms (13.8x), Avg.  16.9 ms, Total. 1.757 s (12.6%)
[Performance] BuildCatalog                                                :        2 samples, Peak.  85.6 ms (1.5x), Avg.  58.0 ms, Total. 116.0 ms (0.8%)
[Performance] SceneHierarchyWindow.Paint                                  :       21 samples, Peak.  96.4 ms (12.5x), Avg.  7.70 ms, Total. 161.6 ms (1.2%)
[Performance] RefreshSkin                                                 :        2 samples, Peak.  18.5 ms (1.2x), Avg.  15.8 ms, Total. 31.65 ms (0.2%)
[Performance] SceneHierarchyWindow.OnGUI.Layout                           :       21 samples, Peak.  15.7 ms (10.3x), Avg.  1.51 ms, Total. 31.76 ms (0.2%)
[Performance] SceneHierarchyWindow.OnGUI.repaint                          :       21 samples, Peak.  3.53 ms (6.4x), Avg.   551 us, Total. 11.58 ms (0.1%)
[Performance] SceneVisibilityState.IsFlagSetInParents                     :       82 samples, Peak.  1.70 us (3.6x), Avg.   477 ns, Total. 39.10 us (0.0%)
[Performance] SceneVisibilityState.HasData                                :       82 samples, Peak.   100 ns (1.6x), Avg.  62.2 ns, Total. 5.100 us (0.0%)
[Performance] GameView.Paint                                              :      104 samples, Peak.  93.4 ms (7.0x), Avg.  13.3 ms, Total. 1.380 s (9.9%)
[Performance] GameView.OnGUI.Layout                                       :      105 samples, Peak.  9.98 ms (29.0x), Avg.   344 us, Total. 36.15 ms (0.3%)
[Performance] GameView.OnGUI.repaint                                      :      104 samples, Peak.  90.5 ms (7.7x), Avg.  11.7 ms, Total. 1.218 s (8.7%)
[Performance] ProjectBrowser.Paint                                        :       21 samples, Peak.   112 ms (9.4x), Avg.  12.0 ms, Total. 251.3 ms (1.8%)
[Performance] ProjectBrowser.OnGUI.Layout                                 :       21 samples, Peak.  55.2 ms (10.9x), Avg.  5.08 ms, Total. 106.6 ms (0.8%)
[Performance] ProjectBrowser.OnGUI.repaint                                :       21 samples, Peak.  4.77 ms (2.6x), Avg.  1.83 ms, Total. 38.33 ms (0.3%)
[Performance] InspectorWindow.Paint                                       :       20 samples, Peak.  22.3 ms (6.0x), Avg.  3.71 ms, Total. 74.28 ms (0.5%)
[Performance] InspectorWindow.OnGUI.Layout                                :       20 samples, Peak.  2.52 ms (17.9x), Avg.   141 us, Total. 2.811 ms (0.0%)
[Performance] InspectorWindow.OnGUI.repaint                               :       20 samples, Peak.  17.0 us (1.6x), Avg.  10.9 us, Total. 218.7 us (0.0%)
[Performance] AppStatusBar.Paint                                          :       20 samples, Peak.  4.11 ms (1.8x), Avg.  2.22 ms, Total. 44.42 ms (0.3%)
[Performance] Toolbar.Paint                                               :       20 samples, Peak.  37.4 ms (8.7x), Avg.  4.29 ms, Total. 85.84 ms (0.6%)
[Performance] Application.InvokeFinishedLoadingProject                    :        1 samples, Peak.  21.2 ms (1.0x), Avg.  21.2 ms, Total. 21.20 ms (0.2%)
[Performance] ProcessService.OnProjectLoaded                              :        1 samples, Peak.  18.6 ms (1.0x), Avg.  18.6 ms, Total. 18.63 ms (0.1%)
[Performance] Application.InvokeProjectWasLoaded                          :        1 samples, Peak.   446 us (1.0x), Avg.   446 us, Total. 446.0 us (0.0%)
[Performance] Application.Message                                         :      103 samples, Peak.  68.3 ms (93.0x), Avg.   735 us, Total. 75.67 ms (0.5%)
[Performance] Application.Message.WM_00060                                :       15 samples, Peak.   162 us (4.6x), Avg.  35.3 us, Total. 529.0 us (0.0%)
[Performance] Application.Message.WM_0031F                                :        1 samples, Peak.  5.40 us (1.0x), Avg.  5.40 us, Total. 5.400 us (0.0%)
[Performance] Application.Message.WM_00282                                :        1 samples, Peak.  5.90 us (1.0x), Avg.  5.90 us, Total. 5.900 us (0.0%)
[Performance] Application.Message.Timer                                   :        4 samples, Peak.  94.2 us (2.6x), Avg.  36.5 us, Total. 146.1 us (0.0%)
[Performance] Application.Message.WM_0C132                                :        1 samples, Peak.   900 ns (1.0x), Avg.   900 ns, Total. 900.0 ns (0.0%)
[Performance] Application.Message.WM_0C066                                :        3 samples, Peak.  42.3 us (1.8x), Avg.  23.3 us, Total. 69.80 us (0.0%)
[Performance] Application.Message.MouseMove                               :        6 samples, Peak.  2.20 ms (3.4x), Avg.   650 us, Total. 3.897 ms (0.0%)
[Performance] Application.Tick                                            :      102 samples, Peak.  1.63 s (43.0x), Avg.  37.9 ms, Total. 3.869 s (27.7%)
[Performance] License.Tick                                                :       27 samples, Peak.   600 ns (1.2x), Avg.   485 ns, Total. 13.10 us (0.0%)
[Performance] VCProvider                                                  :      103 samples, Peak.  2.00 us (1.8x), Avg.  1.09 us, Total. 112.4 us (0.0%)
[Performance] MonoCompiler.Tick                                           :       10 samples, Peak.  1.36 s (10.0x), Avg.   136 ms, Total. 1.361 s (9.8%)
[Performance] Application.Reload                                          :        1 samples, Peak.   967 ms (1.0x), Avg.   967 ms, Total. 966.9 ms (6.9%)
[Performance] GameView.OnGUI.Used                                         :        1 samples, Peak.  59.7 us (1.0x), Avg.  59.7 us, Total. 59.70 us (0.0%)
[Performance] UnityConnect.Tick                                           :        1 samples, Peak.  4.30 us (1.0x), Avg.  4.30 us, Total. 4.300 us (0.0%)
[Performance] UnityConnect.PollInfo                                       :        1 samples, Peak. 0.0 (-nan(ind)x), Avg. 0.0, Total. 0.0 (0.0%)
[Performance] Collab.Tick                                                 :        1 samples, Peak.  1.90 us (1.0x), Avg.  1.90 us, Total. 1.900 us (0.0%)
[Performance] CurlRequest.Tick                                            :       18 samples, Peak.  1.13 ms (13.7x), Avg.  82.2 us, Total. 1.479 ms (0.0%)
[Performance] WebView.Tick                                                :       27 samples, Peak.   225 us (4.0x), Avg.  56.6 us, Total. 1.527 ms (0.0%)
[Performance] WebSocketClient.Tick                                        :       18 samples, Peak.   900 ns (1.8x), Avg.   494 ns, Total. 8.900 us (0.0%)
[Performance] SceneBackgroundTask.Tick                                    :       14 samples, Peak.   200 ns (2.3x), Avg.  85.7 ns, Total. 1.200 us (0.0%)
[Performance] Scheduler.Tick                                              :       41 samples, Peak.  1.48 ms (27.1x), Avg.  54.5 us, Total. 2.237 ms (0.0%)
[Performance] RepaintAllProfilerWindows                                   :        5 samples, Peak.   217 us (4.9x), Avg.  44.4 us, Total. 222.0 us (0.0%)
[Performance] PlayerUpdates.Tick                                          :       19 samples, Peak.  21.7 us (1.3x), Avg.  16.1 us, Total. 305.6 us (0.0%)
[Performance] GlobalCallbacks                                             :      103 samples, Peak.   429 us (15.6x), Avg.  27.5 us, Total. 2.834 ms (0.0%)
[Performance] EditorAnalytics.Tick                                        :        9 samples, Peak.   800 ns (1.7x), Avg.   478 ns, Total. 4.300 us (0.0%)
[Performance] Video.Update                                                :      103 samples, Peak.  2.20 us (5.2x), Avg.   419 ns, Total. 43.20 us (0.0%)
[Performance] SceneTracker                                                :      102 samples, Peak.   120 ms (15.4x), Avg.  7.83 ms, Total. 798.2 ms (5.7%)
[Performance] Package.AsyncRequest                                        :        3 samples, Peak.   700 ns (2.1x), Avg.   333 ns, Total. 1000.0 ns (0.0%)
[Performance] ConsoleLog.Tick                                             :       11 samples, Peak.  80.6 us (7.2x), Avg.  11.1 us, Total. 122.6 us (0.0%)
[Performance] HierarchyWindow.Tick                                        :       14 samples, Peak.   439 us (13.9x), Avg.  31.5 us, Total. 441.1 us (0.0%)
[Performance] Inspector.Tick                                              :       14 samples, Peak.   103 ms (13.6x), Avg.  7.54 ms, Total. 105.5 ms (0.8%)
[Performance] Tooltip.Tick                                                :       33 samples, Peak.  1.50 us (2.3x), Avg.   655 ns, Total. 21.60 us (0.0%)
[Performance] RequestRepaintForPanels                                     :      102 samples, Peak.   197 us (43.5x), Avg.  4.53 us, Total. 462.5 us (0.0%)
[Performance] UpdateScene                                                 :      102 samples, Peak.   109 ms (7.1x), Avg.  15.4 ms, Total. 1.567 s (11.2%)
[Performance] PackageImporter.Tick                                        :        9 samples, Peak.   600 ns (1.7x), Avg.   344 ns, Total. 3.100 us (0.0%)
[Performance] InspectorBackground.Tick                                    :       13 samples, Peak.  1.60 us (1.5x), Avg.  1.05 us, Total. 13.60 us (0.0%)
[Performance] ChangeLayoutIfNeeded                                        :      102 samples, Peak.   300 ns (3.0x), Avg.   101 ns, Total. 10.30 us (0.0%)
[Performance] AsyncReadManager.ForceCloseFiles                            :        3 samples, Peak.  1.70 us (1.3x), Avg.  1.33 us, Total. 4.000 us (0.0%)
[Performance] Application.Message.MouseHover                              :        1 samples, Peak.  7.57 ms (1.0x), Avg.  7.57 ms, Total. 7.568 ms (0.1%)
Cleanup mono
debugger-agent: Unable to listen on 5156
Checking for leaked weakptr:
  Found no leaked weakptrs.
[Package Manager] Server::Kill -- Server was shutdown
##utp:{"type":"MemoryLeaks","version":2,"phase":"Immediate","time":1780468362989,"processId":73812,"allocatedMemory":891253,"memoryLabels":[{"Default":276},{"Permanent":384},{"NewDelete":348342},{"Thread":23},{"Manager":4008},{"GfxDevice":1920},{"GfxThread":1056},{"Physics":161},{"Serialization":416},{"BaseObject":280},{"File":144},{"String":194250},{"DynamicArray":220545},{"HashMap":22515},{"Curl":1376},{"PoolAlloc":184},{"ScriptManager":57477},{"GI":736},{"VR":4268},{"Secure":2088},{"Subsystems":-664},{"EditorGui":296},{"EditorUtility":704},{"AssetDatabase":6052},{"RestService":56},{"UnityConnect":21056},{"Collab":728},{"Upm":2088},{"ScriptStrLRUCache":200},{"MTMeshCache":288}]}
