[LicensingClient] ERROR Failed to connect to local IPC
[Licensing::Module] Failed to connect to channel: LicenseClient-admin
[Licensing::Module] Successfully launched the LicensingClient
[LicensingClient] ERROR Error 1 while verifying Licensing Client signature (path: 74584, process Id: F:/unity/Unity20190433_release/Editor/Data/Resources/Licensing/Client/Unity.Licensing.Client.exe)
[Licensing::Module] LicensingClient has failed validation
IPC channel to LicensingClient doesn't exist; falling back to Legacy licensing
[LicensingClient] ERROR Failed to disconnect local IPC connection

LICENSE SYSTEM [202663 14:38:4] Current license is already valid and activated. Skipping license activation process (Provided username/password will be ignored).
[Moonton] DeviceId:2d07e8dbf9adf31237a4f2360ec5ca704959c37e
Built from 'pre_release' branch; Version is '2019.4.33f1 (c2fa268b6) revision 12778022'; Using compiler version '191627012'
OS: 'Windows 10  (10.0.19044) 64bit EnterpriseS' Language: 'zh' Physical Memory: 65309 MB
BatchMode: 0, IsHumanControllingUs: 1, StartBugReporterOnCrash: 1, Is64bit: 1, IsPro: 1
[Package Manager] Server::Start -- Port 50378 was selected

COMMAND LINE ARGUMENTS:
F:\unity\Unity20190433_release\Editor\Unity.exe
-projectPath
C:\Users\admin\AppData\Local\Temp\wabish_ui_fix_qa_20260603
-executeMethod
DiceKingUiAcceptanceRunner.Run
-logFile
C:\Users\admin\AppData\Local\Temp\wabish_ui_fix_qa_20260603\Docs\QA\20260603_unity_acceptance_fix3.log
Successfully changed project path to: C:\Users\admin\AppData\Local\Temp\wabish_ui_fix_qa_20260603
C:/Users/admin/AppData/Local/Temp/wabish_ui_fix_qa_20260603
Using Asset Import Pipeline V2.
LZ: Create the old Remapper
Adding genesis user token Adding genesis user token [Package Manager] Done resolving packages in 0.56s seconds
[Package Manager] Done checking package constraints in 0.22s seconds
[Package Manager] 
Registered 57 packages:
  Packages from [https://packages.unity.com]:
    com.unity.2d.animation@3.2.13 (location: C:\Users\admin\AppData\Local\Temp\wabish_ui_fix_qa_20260603\Library\PackageCache\com.unity.2d.animation@3.2.13)
    com.unity.2d.pixel-perfect@2.1.0 (location: C:\Users\admin\AppData\Local\Temp\wabish_ui_fix_qa_20260603\Library\PackageCache\com.unity.2d.pixel-perfect@2.1.0)
    com.unity.2d.psdimporter@2.1.9 (location: C:\Users\admin\AppData\Local\Temp\wabish_ui_fix_qa_20260603\Library\PackageCache\com.unity.2d.psdimporter@2.1.9)
    com.unity.2d.spriteshape@3.0.17 (location: C:\Users\admin\AppData\Local\Temp\wabish_ui_fix_qa_20260603\Library\PackageCache\com.unity.2d.spriteshape@3.0.17)
    com.unity.ads@3.7.5 (location: C:\Users\admin\AppData\Local\Temp\wabish_ui_fix_qa_20260603\Library\PackageCache\com.unity.ads@3.7.5)
    com.unity.analytics@3.6.12 (location: C:\Users\admin\AppData\Local\Temp\wabish_ui_fix_qa_20260603\Library\PackageCache\com.unity.analytics@3.6.12)
    com.unity.collab-proxy@1.14.1 (location: C:\Users\admin\AppData\Local\Temp\wabish_ui_fix_qa_20260603\Library\PackageCache\com.unity.collab-proxy@1.14.1)
    com.unity.ide.rider@1.2.1 (location: C:\Users\admin\AppData\Local\Temp\wabish_ui_fix_qa_20260603\Library\PackageCache\com.unity.ide.rider@1.2.1)
    com.unity.ide.visualstudio@2.0.11 (location: C:\Users\admin\AppData\Local\Temp\wabish_ui_fix_qa_20260603\Library\PackageCache\com.unity.ide.visualstudio@2.0.11)
    com.unity.ide.vscode@1.2.4 (location: C:\Users\admin\AppData\Local\Temp\wabish_ui_fix_qa_20260603\Library\PackageCache\com.unity.ide.vscode@1.2.4)
    com.unity.multiplayer-hlapi@1.0.8 (location: C:\Users\admin\AppData\Local\Temp\wabish_ui_fix_qa_20260603\Library\PackageCache\com.unity.multiplayer-hlapi@1.0.8)
    com.unity.purchasing@4.1.1 (location: C:\Users\admin\AppData\Local\Temp\wabish_ui_fix_qa_20260603\Library\PackageCache\com.unity.purchasing@4.1.1)
    com.unity.test-framework@1.1.29 (location: C:\Users\admin\AppData\Local\Temp\wabish_ui_fix_qa_20260603\Library\PackageCache\com.unity.test-framework@1.1.29)
    com.unity.textmeshpro@2.1.6 (location: C:\Users\admin\AppData\Local\Temp\wabish_ui_fix_qa_20260603\Library\PackageCache\com.unity.textmeshpro@2.1.6)
    com.unity.timeline@1.2.18 (location: C:\Users\admin\AppData\Local\Temp\wabish_ui_fix_qa_20260603\Library\PackageCache\com.unity.timeline@1.2.18)
    com.unity.xr.legacyinputhelpers@2.1.8 (location: C:\Users\admin\AppData\Local\Temp\wabish_ui_fix_qa_20260603\Library\PackageCache\com.unity.xr.legacyinputhelpers@2.1.8)
    com.unity.ext.nunit@1.0.6 (location: C:\Users\admin\AppData\Local\Temp\wabish_ui_fix_qa_20260603\Library\PackageCache\com.unity.ext.nunit@1.0.6)
    com.unity.services.core@1.0.1 (location: C:\Users\admin\AppData\Local\Temp\wabish_ui_fix_qa_20260603\Library\PackageCache\com.unity.services.core@1.0.1)
    nuget.mono-cecil@0.1.6-preview (location: C:\Users\admin\AppData\Local\Temp\wabish_ui_fix_qa_20260603\Library\PackageCache\nuget.mono-cecil@0.1.6-preview)
    com.unity.2d.path@2.1.1 (location: C:\Users\admin\AppData\Local\Temp\wabish_ui_fix_qa_20260603\Library\PackageCache\com.unity.2d.path@2.1.1)
    com.unity.2d.common@2.1.0 (location: C:\Users\admin\AppData\Local\Temp\wabish_ui_fix_qa_20260603\Library\PackageCache\com.unity.2d.common@2.1.0)
    com.unity.mathematics@1.1.0 (location: C:\Users\admin\AppData\Local\Temp\wabish_ui_fix_qa_20260603\Library\PackageCache\com.unity.mathematics@1.1.0)
  Built-in packages:
    com.unity.2d.sprite@1.0.0 (location: C:\Users\admin\AppData\Local\Temp\wabish_ui_fix_qa_20260603\Library\PackageCache\com.unity.2d.sprite@1.0.0)
    com.unity.2d.tilemap@1.0.0 (location: C:\Users\admin\AppData\Local\Temp\wabish_ui_fix_qa_20260603\Library\PackageCache\com.unity.2d.tilemap@1.0.0)
    com.unity.ugui@1.0.0 (location: C:\Users\admin\AppData\Local\Temp\wabish_ui_fix_qa_20260603\Library\PackageCache\com.unity.ugui@1.0.0)
    com.unity.modules.ai@1.0.0 (location: C:\Users\admin\AppData\Local\Temp\wabish_ui_fix_qa_20260603\Library\PackageCache\com.unity.modules.ai@1.0.0)
    com.unity.modules.androidjni@1.0.0 (location: C:\Users\admin\AppData\Local\Temp\wabish_ui_fix_qa_20260603\Library\PackageCache\com.unity.modules.androidjni@1.0.0)
    com.unity.modules.animation@1.0.0 (location: C:\Users\admin\AppData\Local\Temp\wabish_ui_fix_qa_20260603\Library\PackageCache\com.unity.modules.animation@1.0.0)
    com.unity.modules.assetbundle@1.0.0 (location: C:\Users\admin\AppData\Local\Temp\wabish_ui_fix_qa_20260603\Library\PackageCache\com.unity.modules.assetbundle@1.0.0)
    com.unity.modules.audio@1.0.0 (location: C:\Users\admin\AppData\Local\Temp\wabish_ui_fix_qa_20260603\Library\PackageCache\com.unity.modules.audio@1.0.0)
    com.unity.modules.cloth@1.0.0 (location: C:\Users\admin\AppData\Local\Temp\wabish_ui_fix_qa_20260603\Library\PackageCache\com.unity.modules.cloth@1.0.0)
    com.unity.modules.director@1.0.0 (location: C:\Users\admin\AppData\Local\Temp\wabish_ui_fix_qa_20260603\Library\PackageCache\com.unity.modules.director@1.0.0)
    com.unity.modules.imageconversion@1.0.0 (location: C:\Users\admin\AppData\Local\Temp\wabish_ui_fix_qa_20260603\Library\PackageCache\com.unity.modules.imageconversion@1.0.0)
    com.unity.modules.imgui@1.0.0 (location: C:\Users\admin\AppData\Local\Temp\wabish_ui_fix_qa_20260603\Library\PackageCache\com.unity.modules.imgui@1.0.0)
    com.unity.modules.jsonserialize@1.0.0 (location: C:\Users\admin\AppData\Local\Temp\wabish_ui_fix_qa_20260603\Library\PackageCache\com.unity.modules.jsonserialize@1.0.0)
    com.unity.modules.particlesystem@1.0.0 (location: C:\Users\admin\AppData\Local\Temp\wabish_ui_fix_qa_20260603\Library\PackageCache\com.unity.modules.particlesystem@1.0.0)
    com.unity.modules.physics@1.0.0 (location: C:\Users\admin\AppData\Local\Temp\wabish_ui_fix_qa_20260603\Library\PackageCache\com.unity.modules.physics@1.0.0)
    com.unity.modules.physics2d@1.0.0 (location: C:\Users\admin\AppData\Local\Temp\wabish_ui_fix_qa_20260603\Library\PackageCache\com.unity.modules.physics2d@1.0.0)
    com.unity.modules.screencapture@1.0.0 (location: C:\Users\admin\AppData\Local\Temp\wabish_ui_fix_qa_20260603\Library\PackageCache\com.unity.modules.screencapture@1.0.0)
    com.unity.modules.terrain@1.0.0 (location: C:\Users\admin\AppData\Local\Temp\wabish_ui_fix_qa_20260603\Library\PackageCache\com.unity.modules.terrain@1.0.0)
    com.unity.modules.terrainphysics@1.0.0 (location: C:\Users\admin\AppData\Local\Temp\wabish_ui_fix_qa_20260603\Library\PackageCache\com.unity.modules.terrainphysics@1.0.0)
    com.unity.modules.tilemap@1.0.0 (location: C:\Users\admin\AppData\Local\Temp\wabish_ui_fix_qa_20260603\Library\PackageCache\com.unity.modules.tilemap@1.0.0)
    com.unity.modules.ui@1.0.0 (location: C:\Users\admin\AppData\Local\Temp\wabish_ui_fix_qa_20260603\Library\PackageCache\com.unity.modules.ui@1.0.0)
    com.unity.modules.uielements@1.0.0 (location: C:\Users\admin\AppData\Local\Temp\wabish_ui_fix_qa_20260603\Library\PackageCache\com.unity.modules.uielements@1.0.0)
    com.unity.modules.umbra@1.0.0 (location: C:\Users\admin\AppData\Local\Temp\wabish_ui_fix_qa_20260603\Library\PackageCache\com.unity.modules.umbra@1.0.0)
    com.unity.modules.unityanalytics@1.0.0 (location: C:\Users\admin\AppData\Local\Temp\wabish_ui_fix_qa_20260603\Library\PackageCache\com.unity.modules.unityanalytics@1.0.0)
    com.unity.modules.unitywebrequest@1.0.0 (location: C:\Users\admin\AppData\Local\Temp\wabish_ui_fix_qa_20260603\Library\PackageCache\com.unity.modules.unitywebrequest@1.0.0)
    com.unity.modules.unitywebrequestassetbundle@1.0.0 (location: C:\Users\admin\AppData\Local\Temp\wabish_ui_fix_qa_20260603\Library\PackageCache\com.unity.modules.unitywebrequestassetbundle@1.0.0)
    com.unity.modules.unitywebrequestaudio@1.0.0 (location: C:\Users\admin\AppData\Local\Temp\wabish_ui_fix_qa_20260603\Library\PackageCache\com.unity.modules.unitywebrequestaudio@1.0.0)
    com.unity.modules.unitywebrequesttexture@1.0.0 (location: C:\Users\admin\AppData\Local\Temp\wabish_ui_fix_qa_20260603\Library\PackageCache\com.unity.modules.unitywebrequesttexture@1.0.0)
    com.unity.modules.unitywebrequestwww@1.0.0 (location: C:\Users\admin\AppData\Local\Temp\wabish_ui_fix_qa_20260603\Library\PackageCache\com.unity.modules.unitywebrequestwww@1.0.0)
    com.unity.modules.vehicles@1.0.0 (location: C:\Users\admin\AppData\Local\Temp\wabish_ui_fix_qa_20260603\Library\PackageCache\com.unity.modules.vehicles@1.0.0)
    com.unity.modules.video@1.0.0 (location: C:\Users\admin\AppData\Local\Temp\wabish_ui_fix_qa_20260603\Library\PackageCache\com.unity.modules.video@1.0.0)
    com.unity.modules.vr@1.0.0 (location: C:\Users\admin\AppData\Local\Temp\wabish_ui_fix_qa_20260603\Library\PackageCache\com.unity.modules.vr@1.0.0)
    com.unity.modules.wind@1.0.0 (location: C:\Users\admin\AppData\Local\Temp\wabish_ui_fix_qa_20260603\Library\PackageCache\com.unity.modules.wind@1.0.0)
    com.unity.modules.xr@1.0.0 (location: C:\Users\admin\AppData\Local\Temp\wabish_ui_fix_qa_20260603\Library\PackageCache\com.unity.modules.xr@1.0.0)
    com.unity.modules.subsystems@1.0.0 (location: C:\Users\admin\AppData\Local\Temp\wabish_ui_fix_qa_20260603\Library\PackageCache\com.unity.modules.subsystems@1.0.0)

[Subsystems] No new subsystems found in resolved package list.
[Package Manager] Done registering packages in 0.03s seconds
Refreshing native plugins compatible for Editor in 40.92 ms, found 3 plugins.
Preloading 0 native plugins for Editor in 0.00 ms.
Engine release: build date = Mar 26 2026,time = 16:36:39.Initialize engine version: 2019.4.33f1 (c2fa268b6) mt pre_release 2.01.0055.04 build c2fa268b6684e79fac7499489dcd527796a450c6

[PlayerPrefs]:ios17_shader_compile_optimize=0

[PlayerPrefs]:waitfor_renderjobs=1

[PlayerPrefs]:jobfied_rendering=0

[PlayerPrefs]:auto_render_null_gpubound_threshold=0

[PlayerPrefs]:auto_render_null_cpubound_threshold=0

[PlayerPrefs]:auto_render_null_mode=0

[PlayerPrefs]:gfx_enable_ios_vrr=0

[PlayerPrefs]:draw_custom_buffer_mode=0

[PlayerPrefs]:ps_enable_udpate_on_demand=0

[PlayerPrefs]:ps_alpha_clip_less_value=0

[PlayerPrefs]:ps_looping_alpha_clip_less_value=1
[Subsystems] Discovering subsystems at path F:/unity/Unity20190433_release/Editor/Data/Resources/UnitySubsystems
[Subsystems] Discovering subsystems at path C:/Users/admin/AppData/Local/Temp/wabish_ui_fix_qa_20260603/Assets
GfxLog:CalculateGfxDeviceThreadingMode():
  ENABLE_MULTITHREADED_CODE = 1
  UNITY_GFX_FORCE_DIRECT_THREADING = 0
  BootConfig force-gfx-direct = null
  BootConfig force-gfx-st = null
  BootConfig force-gfx-mt = null
  GFX_SUPPORTS_JOBIFIED_RENDERING = 0
  BootConfig force-gfx-jobs = null
  BootConfig gfx-enable-native-gfx-jobs = null
  UNITY_GFX_PLAYERSETTINGS_CONTROL_MULTITHREADED = 1
  BootConfig gfx-disable-mt-rendering = null
  GFX_SUPPORTS_JOBIFIED_RENDERING = 0
  BootConfig gfx-enable-gfx-jobs = null
  PlayerPrefs::GetInt(gfx-enable-gfx-jobs)=0
  PlayerPrefs::GetInt(gfx-enable-native-gfx-jobs)=0
SetGfxThreadingMode: mode = 0->2
GfxLog:AdjustThreadingModeForAPI(mode,api,flags):
  SupportsGraphicsJobs(api) = 1
  SupportsLegacyGraphicsJobs(api) = 0
  SupportsNativeGraphicsJobs(api) = 0
  IsUsingJobifiedRendering() = 0
  IsUsingNativeGraphicsJobs() = 0
  Selected threading mode = 2
SetGfxThreadingMode: mode = 2->2
GfxDevice: creating device client; threaded=1
Direct3D:
    Version:  Direct3D 11.0 [level 11.1]
    Renderer: NVIDIA GeForce RTX 4060 Ti (ID=0x2803)
    Vendor:   
    VRAM:     7949 MB
    Driver:   32.0.15.8180
Initialize mono
Mono path[0] = 'F:/unity/Unity20190433_release/Editor/Data/Managed'
Mono path[1] = 'F:/unity/Unity20190433_release/Editor/Data/MonoBleedingEdge/lib/mono/unityjit'
Mono config path = 'F:/unity/Unity20190433_release/Editor/Data/MonoBleedingEdge/etc'
Using monoOptions --debugger-agent=transport=dt_socket,embedding=1,server=y,suspend=n,address=127.0.0.1:56928
[FunctionTable] InitFunctionTable OnStart.
ImportWorker Server TCP listen port: 50384
[zorro] APIUpdaterManager::Initialize 
(Filename: D:\CI\ml\20190433\pre_release\Editor/Src/Application/Application.cpp Line: 1134)

Begin MonoManager ReloadAssembly
Registering precompiled unity dll's ...
Register platform support module: F:/unity/Unity20190433_release/Editor/Data/PlaybackEngines/WindowsStandaloneSupport/UnityEditor.WindowsStandalone.Extensions.dll
Register platform support module: F:/unity/Unity20190433_release/Editor/Data/PlaybackEngines/LinuxStandaloneSupport/UnityEditor.LinuxStandalone.Extensions.dll
Register platform support module: F:/unity/Unity20190433_release/Editor/Data/PlaybackEngines/AndroidPlayer/UnityEditor.Android.Extensions.dll
Register platform support module: F:/unity/Unity20190433_release/Editor/Data/PlaybackEngines/iOSSupport/UnityEditor.iOS.Extensions.dll
Registered in 0.001050 seconds.
Failed to load: F:/unity/Unity20190433_release/Editor/Data/PlaybackEngines/iOSSupport\x86_64\UnityEditor.iOS.Native.dll
Native extension for iOS target not found
Native extension for Android target not found
Native extension for LinuxStandalone target not found
Native extension for WindowsStandalone target not found
Refreshing native plugins compatible for Editor in 27.51 ms, found 3 plugins.
Preloading 0 native plugins for Editor in 0.00 ms.
Mono: successfully reloaded assembly
- Completed reload, in  0.441 seconds
Domain Reload Profiling:
	ReloadAssembly (452ms)
		BeginReloadAssembly (25ms)
			ExecutionOrderSort (0ms)
			DisableScriptedObjects (0ms)
			BackupInstance (0ms)
			ReleaseScriptingObjects (0ms)
			CreateAndSetChildDomain (0ms)
		EndReloadAssembly (201ms)
			LoadAssemblies (26ms)
			RebuildTransferFunctionScriptingTraits (0ms)
			SetupTypeCache (68ms)
			ReleaseScriptCaches (0ms)
			RebuildScriptCaches (16ms)
			SetupLoadedEditorAssemblies (93ms)
				LogAssemblyErrors (0ms)
				InitializePlatformSupportModulesInManaged (14ms)
				SetLoadedEditorAssemblies (0ms)
				RefreshPlugins (28ms)
				BeforeProcessingInitializeOnLoad (1ms)
				ProcessInitializeOnLoadAttributes (41ms)
				ProcessInitializeOnLoadMethodAttributes (9ms)
				AfterProcessingInitializeOnLoad (0ms)
				EditorAssembliesLoaded (0ms)
			ExecutionOrderSort2 (0ms)
			AwakeInstancesAfterBackupRestoration (0ms)
Registering precompiled user dll's ...
Registered in 0.052452 seconds.
Platform modules already initialized, skipping
Validating Project structure ... 0.000707 seconds.
Shader import version has changed; will reimport all shaders...
Upgrading shader files ...0.000652 seconds.
Begin MonoManager ReloadAssembly
Failed to load: F:/unity/Unity20190433_release/Editor/Data/PlaybackEngines/iOSSupport\x86_64\UnityEditor.iOS.Native.dll
Native extension for iOS target not found
Native extension for Android target not found
Native extension for LinuxStandalone target not found
Native extension for WindowsStandalone target not found
Refreshing native plugins compatible for Editor in 33.96 ms, found 3 plugins.
Preloading 0 native plugins for Editor in 0.00 ms.
mypath=F:\unity\Unity20190433_release\Editor\Data\Managed\UnityEditor.dll
UnityEngine.DebugLogHandler:Internal_Log(LogType, LogOption, String, Object)
UnityEngine.DebugLogHandler:LogFormat(LogType, Object, String, Object[])
UnityEngine.Logger:Log(LogType, Object)
UnityEngine.Debug:LogWarning(Object)
UnityEditor.popupLOD:InitCfgFile() (at D:\CI\ml\20190433\pre_release\Editor\Mono\GUI\Toolbar.cs:381)
UnityEditor.popupLOD:.cctor() (at D:\CI\ml\20190433\pre_release\Editor\Mono\GUI\Toolbar.cs:376)
System.Object:__icall_wrapper_mono_generic_class_init(IntPtr)
UnityEditor.Toolbar:.cctor() (at D:\CI\ml\20190433\pre_release\Editor\Mono\GUI\Toolbar.cs:582)
CollabProxy.UI.Bootstrap:.cctor() (at Library\PackageCache\com.unity.collab-proxy@1.14.1\Editor\Collaborate\Collab\Bootstrap.cs:21)
System.Runtime.CompilerServices.RuntimeHelpers:RunClassConstructor(IntPtr)
System.Runtime.CompilerServices.RuntimeHelpers:RunClassConstructor(RuntimeTypeHandle)
UnityEditor.EditorAssemblies:ProcessInitializeOnLoadAttributes(Type[]) (at D:\CI\ml\20190433\pre_release\Editor\Mono\EditorAssemblies.cs:134)
 
(Filename: Library/PackageCache/com.unity.collab-proxy@1.14.1/Editor/Collaborate/Collab/Bootstrap.cs Line: 21)

Load from CfgFile=F:\unity\Unity20190433_release\Editor\lodinfo.txt
UnityEngine.DebugLogHandler:Internal_Log(LogType, LogOption, String, Object)
UnityEngine.DebugLogHandler:LogFormat(LogType, Object, String, Object[])
UnityEngine.Logger:Log(LogType, Object)
UnityEngine.Debug:LogWarning(Object)
UnityEditor.popupLOD:InitCfgFile() (at D:\CI\ml\20190433\pre_release\Editor\Mono\GUI\Toolbar.cs:404)
UnityEditor.popupLOD:.cctor() (at D:\CI\ml\20190433\pre_release\Editor\Mono\GUI\Toolbar.cs:376)
System.Object:__icall_wrapper_mono_generic_class_init(IntPtr)
UnityEditor.Toolbar:.cctor() (at D:\CI\ml\20190433\pre_release\Editor\Mono\GUI\Toolbar.cs:582)
CollabProxy.UI.Bootstrap:.cctor() (at Library\PackageCache\com.unity.collab-proxy@1.14.1\Editor\Collaborate\Collab\Bootstrap.cs:21)
System.Runtime.CompilerServices.RuntimeHelpers:RunClassConstructor(IntPtr)
System.Runtime.CompilerServices.RuntimeHelpers:RunClassConstructor(RuntimeTypeHandle)
UnityEditor.EditorAssemblies:ProcessInitializeOnLoadAttributes(Type[]) (at D:\CI\ml\20190433\pre_release\Editor\Mono\EditorAssemblies.cs:134)
 
(Filename: Library/PackageCache/com.unity.collab-proxy@1.14.1/Editor/Collaborate/Collab/Bootstrap.cs Line: 21)

Adding genesis user token Mono: successfully reloaded assembly
- Completed reload, in  0.561 seconds
Domain Reload Profiling:
	ReloadAssembly (580ms)
		BeginReloadAssembly (35ms)
			ExecutionOrderSort (0ms)
			DisableScriptedObjects (1ms)
			BackupInstance (0ms)
			ReleaseScriptingObjects (0ms)
			CreateAndSetChildDomain (10ms)
		EndReloadAssembly (512ms)
			LoadAssemblies (38ms)
			RebuildTransferFunctionScriptingTraits (0ms)
			SetupTypeCache (150ms)
			ReleaseScriptCaches (0ms)
			RebuildScriptCaches (31ms)
			SetupLoadedEditorAssemblies (265ms)
				LogAssemblyErrors (0ms)
				InitializePlatformSupportModulesInManaged (17ms)
				SetLoadedEditorAssemblies (0ms)
				RefreshPlugins (34ms)
				BeforeProcessingInitializeOnLoad (56ms)
				ProcessInitializeOnLoadAttributes (133ms)
				ProcessInitializeOnLoadMethodAttributes (22ms)
				AfterProcessingInitializeOnLoad (2ms)
				EditorAssembliesLoaded (0ms)
			ExecutionOrderSort2 (0ms)
			AwakeInstancesAfterBackupRestoration (1ms)
Platform modules already initialized, skipping
RefreshInfo: InitialScriptRefreshV2(NoUpdateAssetOptions)
RefreshProfiler: Total: 1187.595ms
	InvokeBeforeRefreshCallbacks: 0.288ms
	ApplyChangesToAssetFolders: 0.038ms
	WriteModifiedImportersToTextMetaFiles: 0.000ms
	CleanLegacyArtifacts: 0.000ms
	Scan: 36.985ms
	OnSourceAssetsModified: 0.000ms
	UnregisterDeletedAssets: 0.000ms
	InitializeImportedAssetsSnapshot: 0.104ms
	GetAllGuidsForCategorization: 0.000ms
	CategorizeAssets: 30.628ms
	ImportAndPostprocessOutOfDateAssets: 1111.674ms (1111.192ms without children)
		ImportManagerImport: 0.000ms (0.000ms without children)
			ImportInProcess: 0.000ms
			ImportOutOfProcess: 0.000ms
			UpdateCategorizedAssets: 0.000ms
			RemoteAssetCacheGetArtifact: 0.000ms (0.000ms without children)
				RemoteAssetCacheResolve: 0.000ms
				RemoteAssetCacheDownloadFile: 0.000ms
		CompileScripts: 0.000ms
		PostProcessAllAssets: 0.000ms
		ReloadImportedAssets: 0.000ms
		VerifyAssetsAreUpToDateAndCorrect: 0.000ms
		EnsureUptoDateAssetsAreRegisteredWithGuidPM: 0.218ms
		InitializingProgressBar: 0.000ms
		PostProcessAllAssetNotificationsAddChangedAssets: 0.183ms
		OnDemandSchedulerStart: 0.000ms
		RestoreLoadedAssetsState: 0.080ms
	InvokeProjectHasChanged: 0.000ms
	UpdateImportedAssetsSnapshot: 0.000ms
	ReloadSourceAssets: 0.371ms
	UnloadImportedAssets: 0.005ms
	Hotreload: 0.132ms
	FixTempGuids: 0.003ms
	VerifyGuidPMRegistrations: 0.000ms
	GatherAllCurrentPrimaryArtifactRevisions: 0.000ms
	UnloadStreamsBegin: 0.266ms
	LoadedImportedAssetsSnapshotReleaseGCHandles: 0.006ms
	GetLoadedSourceAssetsSnapshot: 0.120ms
	PersistCurrentRevisions: 0.000ms
	UnloadStreamsEnd: 6.304ms
	GenerateScriptTypeHashes: 0.205ms
	Untracked: 0.671ms
Refresh completed in 0.073655 seconds.
RefreshInfo: RefreshV2(ForceSynchronousImport)
RefreshProfiler: Total: 73.644ms
	InvokeBeforeRefreshCallbacks: 0.379ms
	ApplyChangesToAssetFolders: 0.036ms
	WriteModifiedImportersToTextMetaFiles: 0.000ms
	CleanLegacyArtifacts: 0.000ms
	Scan: 31.331ms
	OnSourceAssetsModified: 0.000ms
	UnregisterDeletedAssets: 0.000ms
	InitializeImportedAssetsSnapshot: 4.062ms
	GetAllGuidsForCategorization: 0.000ms
	CategorizeAssets: 32.319ms
	ImportAndPostprocessOutOfDateAssets: 2.870ms (0.925ms without children)
		ImportManagerImport: 0.000ms (0.000ms without children)
			ImportInProcess: 0.000ms
			ImportOutOfProcess: 0.000ms
			UpdateCategorizedAssets: 0.000ms
			RemoteAssetCacheGetArtifact: 0.000ms (0.000ms without children)
				RemoteAssetCacheResolve: 0.000ms
				RemoteAssetCacheDownloadFile: 0.000ms
		CompileScripts: 0.000ms
		PostProcessAllAssets: 0.000ms
		ReloadImportedAssets: 0.000ms
		VerifyAssetsAreUpToDateAndCorrect: 0.000ms
		EnsureUptoDateAssetsAreRegisteredWithGuidPM: 0.279ms
		InitializingProgressBar: 0.000ms
		PostProcessAllAssetNotificationsAddChangedAssets: 0.129ms
		OnDemandSchedulerStart: 0.545ms
		RestoreLoadedAssetsState: 0.992ms
	InvokeProjectHasChanged: 0.000ms
	UpdateImportedAssetsSnapshot: 0.000ms
	ReloadSourceAssets: 0.364ms
	UnloadImportedAssets: 0.101ms
	Hotreload: 0.020ms
	FixTempGuids: 0.003ms
	VerifyGuidPMRegistrations: 0.000ms
	GatherAllCurrentPrimaryArtifactRevisions: 0.223ms
	UnloadStreamsBegin: 0.014ms
	LoadedImportedAssetsSnapshotReleaseGCHandles: 0.615ms
	GetLoadedSourceAssetsSnapshot: 1.408ms
	PersistCurrentRevisions: 0.000ms
	UnloadStreamsEnd: 0.016ms
	GenerateScriptTypeHashes: 0.232ms
	Untracked: -0.117ms
RefreshInfo: StopAssetImportingV2(ForceSynchronousImport)
RefreshProfiler: Total: 9.460ms
	InvokeBeforeRefreshCallbacks: 0.341ms
	ApplyChangesToAssetFolders: 0.040ms
	WriteModifiedImportersToTextMetaFiles: 0.000ms
	CleanLegacyArtifacts: 0.000ms
	Scan: 3.032ms
	OnSourceAssetsModified: 0.000ms
	UnregisterDeletedAssets: 0.000ms
	InitializeImportedAssetsSnapshot: 3.831ms
	GetAllGuidsForCategorization: 0.000ms
	CategorizeAssets: 0.000ms
	ImportAndPostprocessOutOfDateAssets: 0.000ms (0.000ms without children)
		ImportManagerImport: 0.000ms (0.000ms without children)
			ImportInProcess: 0.000ms
			ImportOutOfProcess: 0.000ms
			UpdateCategorizedAssets: 0.000ms
			RemoteAssetCacheGetArtifact: 0.000ms (0.000ms without children)
				RemoteAssetCacheResolve: 0.000ms
				RemoteAssetCacheDownloadFile: 0.000ms
		CompileScripts: 0.000ms
		PostProcessAllAssets: 0.000ms
		ReloadImportedAssets: 0.000ms
		VerifyAssetsAreUpToDateAndCorrect: 0.000ms
		EnsureUptoDateAssetsAreRegisteredWithGuidPM: 0.000ms
		InitializingProgressBar: 0.000ms
		PostProcessAllAssetNotificationsAddChangedAssets: 0.000ms
		OnDemandSchedulerStart: 0.000ms
		RestoreLoadedAssetsState: 0.000ms
	InvokeProjectHasChanged: 0.000ms
	UpdateImportedAssetsSnapshot: 0.000ms
	ReloadSourceAssets: 0.000ms
	UnloadImportedAssets: 0.000ms
	Hotreload: 0.018ms
	FixTempGuids: 0.003ms
	VerifyGuidPMRegistrations: 0.000ms
	GatherAllCurrentPrimaryArtifactRevisions: 0.225ms
	UnloadStreamsBegin: 0.074ms
	LoadedImportedAssetsSnapshotReleaseGCHandles: 0.554ms
	GetLoadedSourceAssetsSnapshot: 0.452ms
	PersistCurrentRevisions: 0.000ms
	UnloadStreamsEnd: 0.013ms
	GenerateScriptTypeHashes: 0.000ms
	Untracked: 0.878ms
Unaligned transfer in 'PSOCollection' at variable 'size'.
Next unaligned data path:  ->  ->  -> Base(PSOCollection) m_PipelineStates(vector) Array(Array) size(int)  
(Filename: D:\CI\ml\20190433\pre_release\Runtime/Serialize/TransferFunctions/GenerateTypeTreeTransfer.cpp Line: 274)

Refresh completed in 0.065500 seconds.
RefreshInfo: RefreshV2(NoUpdateAssetOptions)
RefreshProfiler: Total: 65.489ms
	InvokeBeforeRefreshCallbacks: 0.000ms
	ApplyChangesToAssetFolders: 0.043ms
	WriteModifiedImportersToTextMetaFiles: 0.000ms
	CleanLegacyArtifacts: 0.000ms
	Scan: 29.348ms
	OnSourceAssetsModified: 0.000ms
	UnregisterDeletedAssets: 0.000ms
	InitializeImportedAssetsSnapshot: 2.718ms
	GetAllGuidsForCategorization: 0.000ms
	CategorizeAssets: 28.634ms
	ImportAndPostprocessOutOfDateAssets: 2.014ms (0.485ms without children)
		ImportManagerImport: 0.000ms (0.000ms without children)
			ImportInProcess: 0.000ms
			ImportOutOfProcess: 0.000ms
			UpdateCategorizedAssets: 0.000ms
			RemoteAssetCacheGetArtifact: 0.000ms (0.000ms without children)
				RemoteAssetCacheResolve: 0.000ms
				RemoteAssetCacheDownloadFile: 0.000ms
		CompileScripts: 0.000ms
		PostProcessAllAssets: 0.000ms
		ReloadImportedAssets: 0.000ms
		VerifyAssetsAreUpToDateAndCorrect: 0.000ms
		EnsureUptoDateAssetsAreRegisteredWithGuidPM: 0.259ms
		InitializingProgressBar: 0.000ms
		PostProcessAllAssetNotificationsAddChangedAssets: 0.126ms
		OnDemandSchedulerStart: 0.159ms
		RestoreLoadedAssetsState: 0.984ms
	InvokeProjectHasChanged: 0.000ms
	UpdateImportedAssetsSnapshot: 0.000ms
	ReloadSourceAssets: 0.473ms
	UnloadImportedAssets: 0.091ms
	Hotreload: 0.038ms
	FixTempGuids: 0.002ms
	VerifyGuidPMRegistrations: 0.000ms
	GatherAllCurrentPrimaryArtifactRevisions: 0.249ms
	UnloadStreamsBegin: 0.036ms
	LoadedImportedAssetsSnapshotReleaseGCHandles: 0.561ms
	GetLoadedSourceAssetsSnapshot: 1.432ms
	PersistCurrentRevisions: 0.000ms
	UnloadStreamsEnd: 0.013ms
	GenerateScriptTypeHashes: 0.000ms
	Untracked: -0.164ms
Launched and connected shader compiler UnityShaderCompiler.exe after 0.16 seconds
Initializing Unity extensions:
 'F:/unity/Unity20190433_release/Editor/Data/UnityExtensions/Unity/UnityVR/Editor/UnityEditor.VR.dll'  GUID: 4ba2329b63d54f0187bcaa12486b1b0f
LightmapEditorSettings: switching bake backend from 1 to 0.
Unloading 89 Unused Serialized files (Serialized files now loaded: 0)
Loaded scene 'Assets/Scenes/SampleScene.unity'
	Deserialize:            0.509 ms
	Integration:            3.697 ms
	Integration of assets:  0.004 ms
	Thread Wait Time:       18.918 ms
	Total Operation Time:   23.127 ms
[MODES] Loading mode Default (0) for mode-current-id-wabish
<RI> Initialized touch support.
<RI> Initialized touch support.
<RI> Initialized touch support.
<RI> Initialized touch support.
<RI> Initialized touch support.
<RI> Initialized touch support.
Opening scene 'Assets/Scenes/SampleScene.unity'
LightmapEditorSettings: switching bake backend from 1 to 0.
Unloading 5 Unused Serialized files (Serialized files now loaded: 0)
Loaded scene 'Assets/Scenes/SampleScene.unity'
	Deserialize:            0.429 ms
	Integration:            4.788 ms
	Integration of assets:  0.005 ms
	Thread Wait Time:       19.101 ms
	Total Operation Time:   24.322 ms
IsTimeToCheckForNewEditor: Update time 1780468683 current 1780468691
<RI> Initializing input.
XInput1_3.dll not found. Trying XInput9_1_0.dll instead...
<RI> Input initialized.
[Project] Loading completed in 7.896 seconds
	Project init time: 				0.327 seconds
		Template init time: 		0.000 seconds
		Services packages init time: 	0.000 seconds
		Package Manager init time: 		0.000 seconds
		Asset Database init time: 		0.000 seconds
		Global illumination init time: 	0.000 seconds
		Assemblies load time: 			0.000 seconds
		Unity extensions init time: 	0.001 seconds
		Asset Database refresh time: 	0.000 seconds
	Scene opening time: 			0.881 seconds
Reloading assemblies for play mode.
Begin MonoManager ReloadAssembly
mypath=F:\unity\Unity20190433_release\Editor\Data\Managed\UnityEditor.dll
UnityEngine.DebugLogHandler:Internal_Log(LogType, LogOption, String, Object)
UnityEngine.DebugLogHandler:LogFormat(LogType, Object, String, Object[])
UnityEngine.Logger:Log(LogType, Object)
UnityEngine.Debug:LogWarning(Object)
UnityEditor.popupLOD:InitCfgFile() (at D:\CI\ml\20190433\pre_release\Editor\Mono\GUI\Toolbar.cs:381)
UnityEditor.popupLOD:.cctor() (at D:\CI\ml\20190433\pre_release\Editor\Mono\GUI\Toolbar.cs:376)
System.Object:__icall_wrapper_mono_generic_class_init(IntPtr)
UnityEditor.Toolbar:.cctor() (at D:\CI\ml\20190433\pre_release\Editor\Mono\GUI\Toolbar.cs:582)
 
(Filename: D:/CI/ml/20190433/pre_release/Editor/Mono/GUI/Toolbar.cs Line: 381)

Load from CfgFile=F:\unity\Unity20190433_release\Editor\lodinfo.txt
UnityEngine.DebugLogHandler:Internal_Log(LogType, LogOption, String, Object)
UnityEngine.DebugLogHandler:LogFormat(LogType, Object, String, Object[])
UnityEngine.Logger:Log(LogType, Object)
UnityEngine.Debug:LogWarning(Object)
UnityEditor.popupLOD:InitCfgFile() (at D:\CI\ml\20190433\pre_release\Editor\Mono\GUI\Toolbar.cs:404)
UnityEditor.popupLOD:.cctor() (at D:\CI\ml\20190433\pre_release\Editor\Mono\GUI\Toolbar.cs:376)
System.Object:__icall_wrapper_mono_generic_class_init(IntPtr)
UnityEditor.Toolbar:.cctor() (at D:\CI\ml\20190433\pre_release\Editor\Mono\GUI\Toolbar.cs:582)
 
(Filename: D:/CI/ml/20190433/pre_release/Editor/Mono/GUI/Toolbar.cs Line: 404)

Failed to load: F:/unity/Unity20190433_release/Editor/Data/PlaybackEngines/iOSSupport\x86_64\UnityEditor.iOS.Native.dll
Native extension for iOS target not found
Native extension for Android target not found
Native extension for LinuxStandalone target not found
Native extension for WindowsStandalone target not found
Refreshing native plugins compatible for Editor in 7.78 ms, found 3 plugins.
Preloading 0 native plugins for Editor in 0.00 ms.
Adding genesis user token [MODES] Loading mode Default (0) for mode-current-id-wabish
Mono: successfully reloaded assembly
- Completed reload, in  0.859 seconds
Domain Reload Profiling:
	ReloadAssembly (879ms)
		BeginReloadAssembly (91ms)
			ExecutionOrderSort (0ms)
			DisableScriptedObjects (27ms)
			BackupInstance (0ms)
			ReleaseScriptingObjects (0ms)
			CreateAndSetChildDomain (32ms)
		EndReloadAssembly (744ms)
			LoadAssemblies (149ms)
			RebuildTransferFunctionScriptingTraits (0ms)
			SetupTypeCache (138ms)
			ReleaseScriptCaches (1ms)
			RebuildScriptCaches (30ms)
			SetupLoadedEditorAssemblies (205ms)
				LogAssemblyErrors (0ms)
				InitializePlatformSupportModulesInManaged (12ms)
				SetLoadedEditorAssemblies (0ms)
				RefreshPlugins (8ms)
				BeforeProcessingInitializeOnLoad (53ms)
				ProcessInitializeOnLoadAttributes (113ms)
				ProcessInitializeOnLoadMethodAttributes (17ms)
				AfterProcessingInitializeOnLoad (2ms)
				EditorAssembliesLoaded (0ms)
			ExecutionOrderSort2 (0ms)
			AwakeInstancesAfterBackupRestoration (143ms)
Platform modules already initialized, skipping
LightmapEditorSettings: switching bake backend from 1 to 0.
EditorUpdateCheck: Failed The requested URL returned error: 404
Loaded scene 'Temp/__Backupscenes/0.backup'
	Deserialize:            0.367 ms
	Integration:            51.836 ms
	Integration of assets:  0.004 ms
	Thread Wait Time:       19.002 ms
	Total Operation Time:   71.209 ms
[FunctionTable] EnterPlay.
Unloading 168 Unused Serialized files (Serialized files now loaded: 0)
Created GICache directory at C:/Users/admin/AppData/LocalLow/Unity/Caches/GiCache. Took: 0.016s, timestamps: [9.168 - 9.183]
Setting up 14 worker threads for Enlighten.
  Thread -> id: 1320c -> priority: 1 
  Thread -> id: 13298 -> priority: 1 
  Thread -> id: 1213c -> priority: 1 
  Thread -> id: 12324 -> priority: 1 
  Thread -> id: 12e50 -> priority: 1 
  Thread -> id: 11100 -> priority: 1 
  Thread -> id: 13664 -> priority: 1 
  Thread -> id: 12624 -> priority: 1 
  Thread -> id: d72c -> priority: 1 
  Thread -> id: e02c -> priority: 1 
  Thread -> id: 11414 -> priority: 1 
  Thread -> id: 13ae0 -> priority: 1 
  Thread -> id: 12f58 -> priority: 1 
  Thread -> id: 11194 -> priority: 1 
TrimDiskCacheJob: Current cache size 0mb
Refresh completed in 0.067670 seconds.
RefreshInfo: RefreshV2(NoUpdateAssetOptions)
RefreshProfiler: Total: 67.183ms
	InvokeBeforeRefreshCallbacks: 0.000ms
	ApplyChangesToAssetFolders: 0.039ms
	WriteModifiedImportersToTextMetaFiles: 0.000ms
	CleanLegacyArtifacts: 0.000ms
	Scan: 29.227ms
	OnSourceAssetsModified: 0.000ms
	UnregisterDeletedAssets: 0.000ms
	InitializeImportedAssetsSnapshot: 2.506ms
	GetAllGuidsForCategorization: 0.000ms
	CategorizeAssets: 30.054ms
	ImportAndPostprocessOutOfDateAssets: 2.286ms (0.560ms without children)
		ImportManagerImport: 0.000ms (0.000ms without children)
			ImportInProcess: 0.000ms
			ImportOutOfProcess: 0.000ms
			UpdateCategorizedAssets: 0.000ms
			RemoteAssetCacheGetArtifact: 0.000ms (0.000ms without children)
				RemoteAssetCacheResolve: 0.000ms
				RemoteAssetCacheDownloadFile: 0.000ms
		CompileScripts: 0.000ms
		PostProcessAllAssets: 0.000ms
		ReloadImportedAssets: 0.000ms
		VerifyAssetsAreUpToDateAndCorrect: 0.000ms
		EnsureUptoDateAssetsAreRegisteredWithGuidPM: 0.258ms
		InitializingProgressBar: 0.000ms
		PostProcessAllAssetNotificationsAddChangedAssets: 0.125ms
		OnDemandSchedulerStart: 0.181ms
		RestoreLoadedAssetsState: 1.162ms
	InvokeProjectHasChanged: 0.000ms
	UpdateImportedAssetsSnapshot: 0.000ms
	ReloadSourceAssets: 0.547ms
	UnloadImportedAssets: 0.099ms
	Hotreload: 0.016ms
	FixTempGuids: 0.002ms
	VerifyGuidPMRegistrations: 0.000ms
	GatherAllCurrentPrimaryArtifactRevisions: 0.229ms
	UnloadStreamsBegin: 0.014ms
	LoadedImportedAssetsSnapshotReleaseGCHandles: 0.568ms
	GetLoadedSourceAssetsSnapshot: 1.667ms
	PersistCurrentRevisions: 0.000ms
	UnloadStreamsEnd: 0.013ms
	GenerateScriptTypeHashes: 0.255ms
	Untracked: -0.082ms
Refresh completed in 0.036745 seconds.
RefreshInfo: RefreshV2(NoUpdateAssetOptions)
RefreshProfiler: Total: 36.185ms
	InvokeBeforeRefreshCallbacks: 0.000ms
	ApplyChangesToAssetFolders: 0.040ms
	WriteModifiedImportersToTextMetaFiles: 0.000ms
	CleanLegacyArtifacts: 0.000ms
	Scan: 30.652ms
	OnSourceAssetsModified: 0.000ms
	UnregisterDeletedAssets: 0.000ms
	InitializeImportedAssetsSnapshot: 2.805ms
	GetAllGuidsForCategorization: 0.000ms
	CategorizeAssets: 0.000ms
	ImportAndPostprocessOutOfDateAssets: 0.000ms (0.000ms without children)
		ImportManagerImport: 0.000ms (0.000ms without children)
			ImportInProcess: 0.000ms
			ImportOutOfProcess: 0.000ms
			UpdateCategorizedAssets: 0.000ms
			RemoteAssetCacheGetArtifact: 0.000ms (0.000ms without children)
				RemoteAssetCacheResolve: 0.000ms
				RemoteAssetCacheDownloadFile: 0.000ms
		CompileScripts: 0.000ms
		PostProcessAllAssets: 0.000ms
		ReloadImportedAssets: 0.000ms
		VerifyAssetsAreUpToDateAndCorrect: 0.000ms
		EnsureUptoDateAssetsAreRegisteredWithGuidPM: 0.000ms
		InitializingProgressBar: 0.000ms
		PostProcessAllAssetNotificationsAddChangedAssets: 0.000ms
		OnDemandSchedulerStart: 0.000ms
		RestoreLoadedAssetsState: 0.000ms
	InvokeProjectHasChanged: 0.000ms
	UpdateImportedAssetsSnapshot: 0.000ms
	ReloadSourceAssets: 0.000ms
	UnloadImportedAssets: 0.000ms
	Hotreload: 0.019ms
	FixTempGuids: 0.004ms
	VerifyGuidPMRegistrations: 0.000ms
	GatherAllCurrentPrimaryArtifactRevisions: 0.370ms
	UnloadStreamsBegin: 0.016ms
	LoadedImportedAssetsSnapshotReleaseGCHandles: 0.733ms
	GetLoadedSourceAssetsSnapshot: 0.666ms
	PersistCurrentRevisions: 0.000ms
	UnloadStreamsEnd: 0.022ms
	GenerateScriptTypeHashes: 0.000ms
	Untracked: 0.857ms
Refresh completed in 0.036054 seconds.
RefreshInfo: RefreshV2(NoUpdateAssetOptions)
RefreshProfiler: Total: 35.280ms
	InvokeBeforeRefreshCallbacks: 0.000ms
	ApplyChangesToAssetFolders: 0.041ms
	WriteModifiedImportersToTextMetaFiles: 0.000ms
	CleanLegacyArtifacts: 0.000ms
	Scan: 30.216ms
	OnSourceAssetsModified: 0.000ms
	UnregisterDeletedAssets: 0.000ms
	InitializeImportedAssetsSnapshot: 2.732ms
	GetAllGuidsForCategorization: 0.000ms
	CategorizeAssets: 0.000ms
	ImportAndPostprocessOutOfDateAssets: 0.000ms (0.000ms without children)
		ImportManagerImport: 0.000ms (0.000ms without children)
			ImportInProcess: 0.000ms
			ImportOutOfProcess: 0.000ms
			UpdateCategorizedAssets: 0.000ms
			RemoteAssetCacheGetArtifact: 0.000ms (0.000ms without children)
				RemoteAssetCacheResolve: 0.000ms
				RemoteAssetCacheDownloadFile: 0.000ms
		CompileScripts: 0.000ms
		PostProcessAllAssets: 0.000ms
		ReloadImportedAssets: 0.000ms
		VerifyAssetsAreUpToDateAndCorrect: 0.000ms
		EnsureUptoDateAssetsAreRegisteredWithGuidPM: 0.000ms
		InitializingProgressBar: 0.000ms
		PostProcessAllAssetNotificationsAddChangedAssets: 0.000ms
		OnDemandSchedulerStart: 0.000ms
		RestoreLoadedAssetsState: 0.000ms
	InvokeProjectHasChanged: 0.000ms
	UpdateImportedAssetsSnapshot: 0.000ms
	ReloadSourceAssets: 0.000ms
	UnloadImportedAssets: 0.000ms
	Hotreload: 0.020ms
	FixTempGuids: 0.003ms
	VerifyGuidPMRegistrations: 0.000ms
	GatherAllCurrentPrimaryArtifactRevisions: 0.240ms
	UnloadStreamsBegin: 0.015ms
	LoadedImportedAssetsSnapshotReleaseGCHandles: 0.591ms
	GetLoadedSourceAssetsSnapshot: 0.564ms
	PersistCurrentRevisions: 0.000ms
	UnloadStreamsEnd: 0.017ms
	GenerateScriptTypeHashes: 0.000ms
	Untracked: 0.841ms
Refresh completed in 0.033830 seconds.
RefreshInfo: RefreshV2(NoUpdateAssetOptions)
RefreshProfiler: Total: 33.356ms
	InvokeBeforeRefreshCallbacks: 0.000ms
	ApplyChangesToAssetFolders: 0.039ms
	WriteModifiedImportersToTextMetaFiles: 0.000ms
	CleanLegacyArtifacts: 0.000ms
	Scan: 28.666ms
	OnSourceAssetsModified: 0.000ms
	UnregisterDeletedAssets: 0.000ms
	InitializeImportedAssetsSnapshot: 2.533ms
	GetAllGuidsForCategorization: 0.000ms
	CategorizeAssets: 0.000ms
	ImportAndPostprocessOutOfDateAssets: 0.000ms (0.000ms without children)
		ImportManagerImport: 0.000ms (0.000ms without children)
			ImportInProcess: 0.000ms
			ImportOutOfProcess: 0.000ms
			UpdateCategorizedAssets: 0.000ms
			RemoteAssetCacheGetArtifact: 0.000ms (0.000ms without children)
				RemoteAssetCacheResolve: 0.000ms
				RemoteAssetCacheDownloadFile: 0.000ms
		CompileScripts: 0.000ms
		PostProcessAllAssets: 0.000ms
		ReloadImportedAssets: 0.000ms
		VerifyAssetsAreUpToDateAndCorrect: 0.000ms
		EnsureUptoDateAssetsAreRegisteredWithGuidPM: 0.000ms
		InitializingProgressBar: 0.000ms
		PostProcessAllAssetNotificationsAddChangedAssets: 0.000ms
		OnDemandSchedulerStart: 0.000ms
		RestoreLoadedAssetsState: 0.000ms
	InvokeProjectHasChanged: 0.000ms
	UpdateImportedAssetsSnapshot: 0.000ms
	ReloadSourceAssets: 0.000ms
	UnloadImportedAssets: 0.000ms
	Hotreload: 0.017ms
	FixTempGuids: 0.003ms
	VerifyGuidPMRegistrations: 0.000ms
	GatherAllCurrentPrimaryArtifactRevisions: 0.242ms
	UnloadStreamsBegin: 0.013ms
	LoadedImportedAssetsSnapshotReleaseGCHandles: 0.572ms
	GetLoadedSourceAssetsSnapshot: 0.509ms
	PersistCurrentRevisions: 0.000ms
	UnloadStreamsEnd: 0.012ms
	GenerateScriptTypeHashes: 0.000ms
	Untracked: 0.749ms
Refresh completed in 0.034014 seconds.
RefreshInfo: RefreshV2(NoUpdateAssetOptions)
RefreshProfiler: Total: 33.481ms
	InvokeBeforeRefreshCallbacks: 0.001ms
	ApplyChangesToAssetFolders: 0.040ms
	WriteModifiedImportersToTextMetaFiles: 0.000ms
	CleanLegacyArtifacts: 0.000ms
	Scan: 28.724ms
	OnSourceAssetsModified: 0.000ms
	UnregisterDeletedAssets: 0.000ms
	InitializeImportedAssetsSnapshot: 2.538ms
	GetAllGuidsForCategorization: 0.000ms
	CategorizeAssets: 0.000ms
	ImportAndPostprocessOutOfDateAssets: 0.000ms (0.000ms without children)
		ImportManagerImport: 0.000ms (0.000ms without children)
			ImportInProcess: 0.000ms
			ImportOutOfProcess: 0.000ms
			UpdateCategorizedAssets: 0.000ms
			RemoteAssetCacheGetArtifact: 0.000ms (0.000ms without children)
				RemoteAssetCacheResolve: 0.000ms
				RemoteAssetCacheDownloadFile: 0.000ms
		CompileScripts: 0.000ms
		PostProcessAllAssets: 0.000ms
		ReloadImportedAssets: 0.000ms
		VerifyAssetsAreUpToDateAndCorrect: 0.000ms
		EnsureUptoDateAssetsAreRegisteredWithGuidPM: 0.000ms
		InitializingProgressBar: 0.000ms
		PostProcessAllAssetNotificationsAddChangedAssets: 0.000ms
		OnDemandSchedulerStart: 0.000ms
		RestoreLoadedAssetsState: 0.000ms
	InvokeProjectHasChanged: 0.000ms
	UpdateImportedAssetsSnapshot: 0.000ms
	ReloadSourceAssets: 0.000ms
	UnloadImportedAssets: 0.000ms
	Hotreload: 0.018ms
	FixTempGuids: 0.003ms
	VerifyGuidPMRegistrations: 0.000ms
	GatherAllCurrentPrimaryArtifactRevisions: 0.231ms
	UnloadStreamsBegin: 0.015ms
	LoadedImportedAssetsSnapshotReleaseGCHandles: 0.577ms
	GetLoadedSourceAssetsSnapshot: 0.522ms
	PersistCurrentRevisions: 0.000ms
	UnloadStreamsEnd: 0.012ms
	GenerateScriptTypeHashes: 0.000ms
	Untracked: 0.800ms
Refresh completed in 0.033776 seconds.
RefreshInfo: RefreshV2(NoUpdateAssetOptions)
RefreshProfiler: Total: 33.257ms
	InvokeBeforeRefreshCallbacks: 0.000ms
	ApplyChangesToAssetFolders: 0.040ms
	WriteModifiedImportersToTextMetaFiles: 0.000ms
	CleanLegacyArtifacts: 0.000ms
	Scan: 28.430ms
	OnSourceAssetsModified: 0.000ms
	UnregisterDeletedAssets: 0.000ms
	InitializeImportedAssetsSnapshot: 2.649ms
	GetAllGuidsForCategorization: 0.000ms
	CategorizeAssets: 0.000ms
	ImportAndPostprocessOutOfDateAssets: 0.000ms (0.000ms without children)
		ImportManagerImport: 0.000ms (0.000ms without children)
			ImportInProcess: 0.000ms
			ImportOutOfProcess: 0.000ms
			UpdateCategorizedAssets: 0.000ms
			RemoteAssetCacheGetArtifact: 0.000ms (0.000ms without children)
				RemoteAssetCacheResolve: 0.000ms
				RemoteAssetCacheDownloadFile: 0.000ms
		CompileScripts: 0.000ms
		PostProcessAllAssets: 0.000ms
		ReloadImportedAssets: 0.000ms
		VerifyAssetsAreUpToDateAndCorrect: 0.000ms
		EnsureUptoDateAssetsAreRegisteredWithGuidPM: 0.000ms
		InitializingProgressBar: 0.000ms
		PostProcessAllAssetNotificationsAddChangedAssets: 0.000ms
		OnDemandSchedulerStart: 0.000ms
		RestoreLoadedAssetsState: 0.000ms
	InvokeProjectHasChanged: 0.000ms
	UpdateImportedAssetsSnapshot: 0.000ms
	ReloadSourceAssets: 0.000ms
	UnloadImportedAssets: 0.000ms
	Hotreload: 0.017ms
	FixTempGuids: 0.003ms
	VerifyGuidPMRegistrations: 0.000ms
	GatherAllCurrentPrimaryArtifactRevisions: 0.243ms
	UnloadStreamsBegin: 0.013ms
	LoadedImportedAssetsSnapshotReleaseGCHandles: 0.566ms
	GetLoadedSourceAssetsSnapshot: 0.502ms
	PersistCurrentRevisions: 0.000ms
	UnloadStreamsEnd: 0.013ms
	GenerateScriptTypeHashes: 0.000ms
	Untracked: 0.781ms
Refresh completed in 0.036779 seconds.
RefreshInfo: RefreshV2(NoUpdateAssetOptions)
RefreshProfiler: Total: 36.258ms
	InvokeBeforeRefreshCallbacks: 0.000ms
	ApplyChangesToAssetFolders: 0.040ms
	WriteModifiedImportersToTextMetaFiles: 0.000ms
	CleanLegacyArtifacts: 0.000ms
	Scan: 31.218ms
	OnSourceAssetsModified: 0.000ms
	UnregisterDeletedAssets: 0.000ms
	InitializeImportedAssetsSnapshot: 2.672ms
	GetAllGuidsForCategorization: 0.000ms
	CategorizeAssets: 0.000ms
	ImportAndPostprocessOutOfDateAssets: 0.000ms (0.000ms without children)
		ImportManagerImport: 0.000ms (0.000ms without children)
			ImportInProcess: 0.000ms
			ImportOutOfProcess: 0.000ms
			UpdateCategorizedAssets: 0.000ms
			RemoteAssetCacheGetArtifact: 0.000ms (0.000ms without children)
				RemoteAssetCacheResolve: 0.000ms
				RemoteAssetCacheDownloadFile: 0.000ms
		CompileScripts: 0.000ms
		PostProcessAllAssets: 0.000ms
		ReloadImportedAssets: 0.000ms
		VerifyAssetsAreUpToDateAndCorrect: 0.000ms
		EnsureUptoDateAssetsAreRegisteredWithGuidPM: 0.000ms
		InitializingProgressBar: 0.000ms
		PostProcessAllAssetNotificationsAddChangedAssets: 0.000ms
		OnDemandSchedulerStart: 0.000ms
		RestoreLoadedAssetsState: 0.000ms
	InvokeProjectHasChanged: 0.000ms
	UpdateImportedAssetsSnapshot: 0.000ms
	ReloadSourceAssets: 0.000ms
	UnloadImportedAssets: 0.000ms
	Hotreload: 0.017ms
	FixTempGuids: 0.003ms
	VerifyGuidPMRegistrations: 0.000ms
	GatherAllCurrentPrimaryArtifactRevisions: 0.240ms
	UnloadStreamsBegin: 0.015ms
	LoadedImportedAssetsSnapshotReleaseGCHandles: 0.648ms
	GetLoadedSourceAssetsSnapshot: 0.568ms
	PersistCurrentRevisions: 0.000ms
	UnloadStreamsEnd: 0.014ms
	GenerateScriptTypeHashes: 0.000ms
	Untracked: 0.822ms
Refresh completed in 0.036099 seconds.
RefreshInfo: RefreshV2(NoUpdateAssetOptions)
RefreshProfiler: Total: 35.592ms
	InvokeBeforeRefreshCallbacks: 0.000ms
	ApplyChangesToAssetFolders: 0.041ms
	WriteModifiedImportersToTextMetaFiles: 0.000ms
	CleanLegacyArtifacts: 0.000ms
	Scan: 30.690ms
	OnSourceAssetsModified: 0.000ms
	UnregisterDeletedAssets: 0.000ms
	InitializeImportedAssetsSnapshot: 2.620ms
	GetAllGuidsForCategorization: 0.000ms
	CategorizeAssets: 0.000ms
	ImportAndPostprocessOutOfDateAssets: 0.000ms (0.000ms without children)
		ImportManagerImport: 0.000ms (0.000ms without children)
			ImportInProcess: 0.000ms
			ImportOutOfProcess: 0.000ms
			UpdateCategorizedAssets: 0.000ms
			RemoteAssetCacheGetArtifact: 0.000ms (0.000ms without children)
				RemoteAssetCacheResolve: 0.000ms
				RemoteAssetCacheDownloadFile: 0.000ms
		CompileScripts: 0.000ms
		PostProcessAllAssets: 0.000ms
		ReloadImportedAssets: 0.000ms
		VerifyAssetsAreUpToDateAndCorrect: 0.000ms
		EnsureUptoDateAssetsAreRegisteredWithGuidPM: 0.000ms
		InitializingProgressBar: 0.000ms
		PostProcessAllAssetNotificationsAddChangedAssets: 0.000ms
		OnDemandSchedulerStart: 0.000ms
		RestoreLoadedAssetsState: 0.000ms
	InvokeProjectHasChanged: 0.000ms
	UpdateImportedAssetsSnapshot: 0.000ms
	ReloadSourceAssets: 0.000ms
	UnloadImportedAssets: 0.000ms
	Hotreload: 0.018ms
	FixTempGuids: 0.003ms
	VerifyGuidPMRegistrations: 0.000ms
	GatherAllCurrentPrimaryArtifactRevisions: 0.238ms
	UnloadStreamsBegin: 0.018ms
	LoadedImportedAssetsSnapshotReleaseGCHandles: 0.614ms
	GetLoadedSourceAssetsSnapshot: 0.526ms
	PersistCurrentRevisions: 0.000ms
	UnloadStreamsEnd: 0.013ms
	GenerateScriptTypeHashes: 0.000ms
	Untracked: 0.810ms
Refresh completed in 0.034409 seconds.
RefreshInfo: RefreshV2(NoUpdateAssetOptions)
RefreshProfiler: Total: 33.926ms
	InvokeBeforeRefreshCallbacks: 0.001ms
	ApplyChangesToAssetFolders: 0.038ms
	WriteModifiedImportersToTextMetaFiles: 0.000ms
	CleanLegacyArtifacts: 0.000ms
	Scan: 29.112ms
	OnSourceAssetsModified: 0.000ms
	UnregisterDeletedAssets: 0.000ms
	InitializeImportedAssetsSnapshot: 2.585ms
	GetAllGuidsForCategorization: 0.000ms
	CategorizeAssets: 0.000ms
	ImportAndPostprocessOutOfDateAssets: 0.000ms (0.000ms without children)
		ImportManagerImport: 0.000ms (0.000ms without children)
			ImportInProcess: 0.000ms
			ImportOutOfProcess: 0.000ms
			UpdateCategorizedAssets: 0.000ms
			RemoteAssetCacheGetArtifact: 0.000ms (0.000ms without children)
				RemoteAssetCacheResolve: 0.000ms
				RemoteAssetCacheDownloadFile: 0.000ms
		CompileScripts: 0.000ms
		PostProcessAllAssets: 0.000ms
		ReloadImportedAssets: 0.000ms
		VerifyAssetsAreUpToDateAndCorrect: 0.000ms
		EnsureUptoDateAssetsAreRegisteredWithGuidPM: 0.000ms
		InitializingProgressBar: 0.000ms
		PostProcessAllAssetNotificationsAddChangedAssets: 0.000ms
		OnDemandSchedulerStart: 0.000ms
		RestoreLoadedAssetsState: 0.000ms
	InvokeProjectHasChanged: 0.000ms
	UpdateImportedAssetsSnapshot: 0.000ms
	ReloadSourceAssets: 0.000ms
	UnloadImportedAssets: 0.000ms
	Hotreload: 0.017ms
	FixTempGuids: 0.003ms
	VerifyGuidPMRegistrations: 0.000ms
	GatherAllCurrentPrimaryArtifactRevisions: 0.233ms
	UnloadStreamsBegin: 0.013ms
	LoadedImportedAssetsSnapshotReleaseGCHandles: 0.584ms
	GetLoadedSourceAssetsSnapshot: 0.532ms
	PersistCurrentRevisions: 0.000ms
	UnloadStreamsEnd: 0.013ms
	GenerateScriptTypeHashes: 0.000ms
	Untracked: 0.794ms
Refresh completed in 0.035876 seconds.
RefreshInfo: RefreshV2(NoUpdateAssetOptions)
RefreshProfiler: Total: 35.323ms
	InvokeBeforeRefreshCallbacks: 0.001ms
	ApplyChangesToAssetFolders: 0.040ms
	WriteModifiedImportersToTextMetaFiles: 0.000ms
	CleanLegacyArtifacts: 0.000ms
	Scan: 30.524ms
	OnSourceAssetsModified: 0.000ms
	UnregisterDeletedAssets: 0.000ms
	InitializeImportedAssetsSnapshot: 2.569ms
	GetAllGuidsForCategorization: 0.000ms
	CategorizeAssets: 0.000ms
	ImportAndPostprocessOutOfDateAssets: 0.000ms (0.000ms without children)
		ImportManagerImport: 0.000ms (0.000ms without children)
			ImportInProcess: 0.000ms
			ImportOutOfProcess: 0.000ms
			UpdateCategorizedAssets: 0.000ms
			RemoteAssetCacheGetArtifact: 0.000ms (0.000ms without children)
				RemoteAssetCacheResolve: 0.000ms
				RemoteAssetCacheDownloadFile: 0.000ms
		CompileScripts: 0.000ms
		PostProcessAllAssets: 0.000ms
		ReloadImportedAssets: 0.000ms
		VerifyAssetsAreUpToDateAndCorrect: 0.000ms
		EnsureUptoDateAssetsAreRegisteredWithGuidPM: 0.000ms
		InitializingProgressBar: 0.000ms
		PostProcessAllAssetNotificationsAddChangedAssets: 0.000ms
		OnDemandSchedulerStart: 0.000ms
		RestoreLoadedAssetsState: 0.000ms
	InvokeProjectHasChanged: 0.000ms
	UpdateImportedAssetsSnapshot: 0.000ms
	ReloadSourceAssets: 0.000ms
	UnloadImportedAssets: 0.000ms
	Hotreload: 0.018ms
	FixTempGuids: 0.003ms
	VerifyGuidPMRegistrations: 0.000ms
	GatherAllCurrentPrimaryArtifactRevisions: 0.247ms
	UnloadStreamsBegin: 0.016ms
	LoadedImportedAssetsSnapshotReleaseGCHandles: 0.564ms
	GetLoadedSourceAssetsSnapshot: 0.542ms
	PersistCurrentRevisions: 0.000ms
	UnloadStreamsEnd: 0.013ms
	GenerateScriptTypeHashes: 0.000ms
	Untracked: 0.786ms
Refresh completed in 0.033866 seconds.
RefreshInfo: RefreshV2(NoUpdateAssetOptions)
RefreshProfiler: Total: 33.363ms
	InvokeBeforeRefreshCallbacks: 0.000ms
	ApplyChangesToAssetFolders: 0.038ms
	WriteModifiedImportersToTextMetaFiles: 0.000ms
	CleanLegacyArtifacts: 0.000ms
	Scan: 28.656ms
	OnSourceAssetsModified: 0.000ms
	UnregisterDeletedAssets: 0.000ms
	InitializeImportedAssetsSnapshot: 2.558ms
	GetAllGuidsForCategorization: 0.000ms
	CategorizeAssets: 0.000ms
	ImportAndPostprocessOutOfDateAssets: 0.000ms (0.000ms without children)
		ImportManagerImport: 0.000ms (0.000ms without children)
			ImportInProcess: 0.000ms
			ImportOutOfProcess: 0.000ms
			UpdateCategorizedAssets: 0.000ms
			RemoteAssetCacheGetArtifact: 0.000ms (0.000ms without children)
				RemoteAssetCacheResolve: 0.000ms
				RemoteAssetCacheDownloadFile: 0.000ms
		CompileScripts: 0.000ms
		PostProcessAllAssets: 0.000ms
		ReloadImportedAssets: 0.000ms
		VerifyAssetsAreUpToDateAndCorrect: 0.000ms
		EnsureUptoDateAssetsAreRegisteredWithGuidPM: 0.000ms
		InitializingProgressBar: 0.000ms
		PostProcessAllAssetNotificationsAddChangedAssets: 0.000ms
		OnDemandSchedulerStart: 0.000ms
		RestoreLoadedAssetsState: 0.000ms
	InvokeProjectHasChanged: 0.000ms
	UpdateImportedAssetsSnapshot: 0.000ms
	ReloadSourceAssets: 0.000ms
	UnloadImportedAssets: 0.000ms
	Hotreload: 0.019ms
	FixTempGuids: 0.003ms
	VerifyGuidPMRegistrations: 0.000ms
	GatherAllCurrentPrimaryArtifactRevisions: 0.229ms
	UnloadStreamsBegin: 0.014ms
	LoadedImportedAssetsSnapshotReleaseGCHandles: 0.553ms
	GetLoadedSourceAssetsSnapshot: 0.500ms
	PersistCurrentRevisions: 0.000ms
	UnloadStreamsEnd: 0.014ms
	GenerateScriptTypeHashes: 0.000ms
	Untracked: 0.779ms
Refresh completed in 0.034574 seconds.
RefreshInfo: RefreshV2(NoUpdateAssetOptions)
RefreshProfiler: Total: 33.607ms
	InvokeBeforeRefreshCallbacks: 0.000ms
	ApplyChangesToAssetFolders: 0.037ms
	WriteModifiedImportersToTextMetaFiles: 0.000ms
	CleanLegacyArtifacts: 0.000ms
	Scan: 28.698ms
	OnSourceAssetsModified: 0.000ms
	UnregisterDeletedAssets: 0.000ms
	InitializeImportedAssetsSnapshot: 2.656ms
	GetAllGuidsForCategorization: 0.000ms
	CategorizeAssets: 0.000ms
	ImportAndPostprocessOutOfDateAssets: 0.000ms (0.000ms without children)
		ImportManagerImport: 0.000ms (0.000ms without children)
			ImportInProcess: 0.000ms
			ImportOutOfProcess: 0.000ms
			UpdateCategorizedAssets: 0.000ms
			RemoteAssetCacheGetArtifact: 0.000ms (0.000ms without children)
				RemoteAssetCacheResolve: 0.000ms
				RemoteAssetCacheDownloadFile: 0.000ms
		CompileScripts: 0.000ms
		PostProcessAllAssets: 0.000ms
		ReloadImportedAssets: 0.000ms
		VerifyAssetsAreUpToDateAndCorrect: 0.000ms
		EnsureUptoDateAssetsAreRegisteredWithGuidPM: 0.000ms
		InitializingProgressBar: 0.000ms
		PostProcessAllAssetNotificationsAddChangedAssets: 0.000ms
		OnDemandSchedulerStart: 0.000ms
		RestoreLoadedAssetsState: 0.000ms
	InvokeProjectHasChanged: 0.000ms
	UpdateImportedAssetsSnapshot: 0.000ms
	ReloadSourceAssets: 0.000ms
	UnloadImportedAssets: 0.000ms
	Hotreload: 0.018ms
	FixTempGuids: 0.003ms
	VerifyGuidPMRegistrations: 0.000ms
	GatherAllCurrentPrimaryArtifactRevisions: 0.228ms
	UnloadStreamsBegin: 0.013ms
	LoadedImportedAssetsSnapshotReleaseGCHandles: 0.608ms
	GetLoadedSourceAssetsSnapshot: 0.515ms
	PersistCurrentRevisions: 0.000ms
	UnloadStreamsEnd: 0.014ms
	GenerateScriptTypeHashes: 0.000ms
	Untracked: 0.816ms
Refresh completed in 0.036007 seconds.
RefreshInfo: RefreshV2(NoUpdateAssetOptions)
RefreshProfiler: Total: 35.203ms
	InvokeBeforeRefreshCallbacks: 0.000ms
	ApplyChangesToAssetFolders: 0.038ms
	WriteModifiedImportersToTextMetaFiles: 0.000ms
	CleanLegacyArtifacts: 0.000ms
	Scan: 30.340ms
	OnSourceAssetsModified: 0.000ms
	UnregisterDeletedAssets: 0.000ms
	InitializeImportedAssetsSnapshot: 2.582ms
	GetAllGuidsForCategorization: 0.000ms
	CategorizeAssets: 0.000ms
	ImportAndPostprocessOutOfDateAssets: 0.000ms (0.000ms without children)
		ImportManagerImport: 0.000ms (0.000ms without children)
			ImportInProcess: 0.000ms
			ImportOutOfProcess: 0.000ms
			UpdateCategorizedAssets: 0.000ms
			RemoteAssetCacheGetArtifact: 0.000ms (0.000ms without children)
				RemoteAssetCacheResolve: 0.000ms
				RemoteAssetCacheDownloadFile: 0.000ms
		CompileScripts: 0.000ms
		PostProcessAllAssets: 0.000ms
		ReloadImportedAssets: 0.000ms
		VerifyAssetsAreUpToDateAndCorrect: 0.000ms
		EnsureUptoDateAssetsAreRegisteredWithGuidPM: 0.000ms
		InitializingProgressBar: 0.000ms
		PostProcessAllAssetNotificationsAddChangedAssets: 0.000ms
		OnDemandSchedulerStart: 0.000ms
		RestoreLoadedAssetsState: 0.000ms
	InvokeProjectHasChanged: 0.000ms
	UpdateImportedAssetsSnapshot: 0.000ms
	ReloadSourceAssets: 0.000ms
	UnloadImportedAssets: 0.000ms
	Hotreload: 0.020ms
	FixTempGuids: 0.003ms
	VerifyGuidPMRegistrations: 0.000ms
	GatherAllCurrentPrimaryArtifactRevisions: 0.226ms
	UnloadStreamsBegin: 0.014ms
	LoadedImportedAssetsSnapshotReleaseGCHandles: 0.598ms
	GetLoadedSourceAssetsSnapshot: 0.534ms
	PersistCurrentRevisions: 0.000ms
	UnloadStreamsEnd: 0.015ms
	GenerateScriptTypeHashes: 0.000ms
	Untracked: 0.834ms
Refresh completed in 0.036229 seconds.
RefreshInfo: RefreshV2(NoUpdateAssetOptions)
RefreshProfiler: Total: 35.462ms
	InvokeBeforeRefreshCallbacks: 0.000ms
	ApplyChangesToAssetFolders: 0.040ms
	WriteModifiedImportersToTextMetaFiles: 0.000ms
	CleanLegacyArtifacts: 0.000ms
	Scan: 30.667ms
	OnSourceAssetsModified: 0.000ms
	UnregisterDeletedAssets: 0.000ms
	InitializeImportedAssetsSnapshot: 2.576ms
	GetAllGuidsForCategorization: 0.000ms
	CategorizeAssets: 0.000ms
	ImportAndPostprocessOutOfDateAssets: 0.000ms (0.000ms without children)
		ImportManagerImport: 0.000ms (0.000ms without children)
			ImportInProcess: 0.000ms
			ImportOutOfProcess: 0.000ms
			UpdateCategorizedAssets: 0.000ms
			RemoteAssetCacheGetArtifact: 0.000ms (0.000ms without children)
				RemoteAssetCacheResolve: 0.000ms
				RemoteAssetCacheDownloadFile: 0.000ms
		CompileScripts: 0.000ms
		PostProcessAllAssets: 0.000ms
		ReloadImportedAssets: 0.000ms
		VerifyAssetsAreUpToDateAndCorrect: 0.000ms
		EnsureUptoDateAssetsAreRegisteredWithGuidPM: 0.000ms
		InitializingProgressBar: 0.000ms
		PostProcessAllAssetNotificationsAddChangedAssets: 0.000ms
		OnDemandSchedulerStart: 0.000ms
		RestoreLoadedAssetsState: 0.000ms
	InvokeProjectHasChanged: 0.000ms
	UpdateImportedAssetsSnapshot: 0.000ms
	ReloadSourceAssets: 0.000ms
	UnloadImportedAssets: 0.000ms
	Hotreload: 0.018ms
	FixTempGuids: 0.003ms
	VerifyGuidPMRegistrations: 0.000ms
	GatherAllCurrentPrimaryArtifactRevisions: 0.238ms
	UnloadStreamsBegin: 0.014ms
	LoadedImportedAssetsSnapshotReleaseGCHandles: 0.581ms
	GetLoadedSourceAssetsSnapshot: 0.520ms
	PersistCurrentRevisions: 0.000ms
	UnloadStreamsEnd: 0.013ms
	GenerateScriptTypeHashes: 0.000ms
	Untracked: 0.792ms
Refresh completed in 0.037160 seconds.
RefreshInfo: RefreshV2(NoUpdateAssetOptions)
RefreshProfiler: Total: 36.366ms
	InvokeBeforeRefreshCallbacks: 0.000ms
	ApplyChangesToAssetFolders: 0.040ms
	WriteModifiedImportersToTextMetaFiles: 0.000ms
	CleanLegacyArtifacts: 0.000ms
	Scan: 31.449ms
	OnSourceAssetsModified: 0.000ms
	UnregisterDeletedAssets: 0.000ms
	InitializeImportedAssetsSnapshot: 2.573ms
	GetAllGuidsForCategorization: 0.000ms
	CategorizeAssets: 0.000ms
	ImportAndPostprocessOutOfDateAssets: 0.000ms (0.000ms without children)
		ImportManagerImport: 0.000ms (0.000ms without children)
			ImportInProcess: 0.000ms
			ImportOutOfProcess: 0.000ms
			UpdateCategorizedAssets: 0.000ms
			RemoteAssetCacheGetArtifact: 0.000ms (0.000ms without children)
				RemoteAssetCacheResolve: 0.000ms
				RemoteAssetCacheDownloadFile: 0.000ms
		CompileScripts: 0.000ms
		PostProcessAllAssets: 0.000ms
		ReloadImportedAssets: 0.000ms
		VerifyAssetsAreUpToDateAndCorrect: 0.000ms
		EnsureUptoDateAssetsAreRegisteredWithGuidPM: 0.000ms
		InitializingProgressBar: 0.000ms
		PostProcessAllAssetNotificationsAddChangedAssets: 0.000ms
		OnDemandSchedulerStart: 0.000ms
		RestoreLoadedAssetsState: 0.000ms
	InvokeProjectHasChanged: 0.000ms
	UpdateImportedAssetsSnapshot: 0.000ms
	ReloadSourceAssets: 0.000ms
	UnloadImportedAssets: 0.000ms
	Hotreload: 0.018ms
	FixTempGuids: 0.003ms
	VerifyGuidPMRegistrations: 0.000ms
	GatherAllCurrentPrimaryArtifactRevisions: 0.248ms
	UnloadStreamsBegin: 0.014ms
	LoadedImportedAssetsSnapshotReleaseGCHandles: 0.606ms
	GetLoadedSourceAssetsSnapshot: 0.591ms
	PersistCurrentRevisions: 0.000ms
	UnloadStreamsEnd: 0.013ms
	GenerateScriptTypeHashes: 0.000ms
	Untracked: 0.810ms
Refresh completed in 0.035272 seconds.
RefreshInfo: RefreshV2(NoUpdateAssetOptions)
RefreshProfiler: Total: 34.504ms
	InvokeBeforeRefreshCallbacks: 0.000ms
	ApplyChangesToAssetFolders: 0.039ms
	WriteModifiedImportersToTextMetaFiles: 0.000ms
	CleanLegacyArtifacts: 0.000ms
	Scan: 29.738ms
	OnSourceAssetsModified: 0.000ms
	UnregisterDeletedAssets: 0.000ms
	InitializeImportedAssetsSnapshot: 2.567ms
	GetAllGuidsForCategorization: 0.000ms
	CategorizeAssets: 0.000ms
	ImportAndPostprocessOutOfDateAssets: 0.000ms (0.000ms without children)
		ImportManagerImport: 0.000ms (0.000ms without children)
			ImportInProcess: 0.000ms
			ImportOutOfProcess: 0.000ms
			UpdateCategorizedAssets: 0.000ms
			RemoteAssetCacheGetArtifact: 0.000ms (0.000ms without children)
				RemoteAssetCacheResolve: 0.000ms
				RemoteAssetCacheDownloadFile: 0.000ms
		CompileScripts: 0.000ms
		PostProcessAllAssets: 0.000ms
		ReloadImportedAssets: 0.000ms
		VerifyAssetsAreUpToDateAndCorrect: 0.000ms
		EnsureUptoDateAssetsAreRegisteredWithGuidPM: 0.000ms
		InitializingProgressBar: 0.000ms
		PostProcessAllAssetNotificationsAddChangedAssets: 0.000ms
		OnDemandSchedulerStart: 0.000ms
		RestoreLoadedAssetsState: 0.000ms
	InvokeProjectHasChanged: 0.000ms
	UpdateImportedAssetsSnapshot: 0.000ms
	ReloadSourceAssets: 0.000ms
	UnloadImportedAssets: 0.000ms
	Hotreload: 0.017ms
	FixTempGuids: 0.003ms
	VerifyGuidPMRegistrations: 0.000ms
	GatherAllCurrentPrimaryArtifactRevisions: 0.232ms
	UnloadStreamsBegin: 0.014ms
	LoadedImportedAssetsSnapshotReleaseGCHandles: 0.574ms
	GetLoadedSourceAssetsSnapshot: 0.528ms
	PersistCurrentRevisions: 0.000ms
	UnloadStreamsEnd: 0.012ms
	GenerateScriptTypeHashes: 0.000ms
	Untracked: 0.780ms
Refresh completed in 0.035657 seconds.
RefreshInfo: RefreshV2(NoUpdateAssetOptions)
RefreshProfiler: Total: 34.919ms
	InvokeBeforeRefreshCallbacks: 0.000ms
	ApplyChangesToAssetFolders: 0.039ms
	WriteModifiedImportersToTextMetaFiles: 0.000ms
	CleanLegacyArtifacts: 0.000ms
	Scan: 30.184ms
	OnSourceAssetsModified: 0.000ms
	UnregisterDeletedAssets: 0.000ms
	InitializeImportedAssetsSnapshot: 2.530ms
	GetAllGuidsForCategorization: 0.000ms
	CategorizeAssets: 0.000ms
	ImportAndPostprocessOutOfDateAssets: 0.000ms (0.000ms without children)
		ImportManagerImport: 0.000ms (0.000ms without children)
			ImportInProcess: 0.000ms
			ImportOutOfProcess: 0.000ms
			UpdateCategorizedAssets: 0.000ms
			RemoteAssetCacheGetArtifact: 0.000ms (0.000ms without children)
				RemoteAssetCacheResolve: 0.000ms
				RemoteAssetCacheDownloadFile: 0.000ms
		CompileScripts: 0.000ms
		PostProcessAllAssets: 0.000ms
		ReloadImportedAssets: 0.000ms
		VerifyAssetsAreUpToDateAndCorrect: 0.000ms
		EnsureUptoDateAssetsAreRegisteredWithGuidPM: 0.000ms
		InitializingProgressBar: 0.000ms
		PostProcessAllAssetNotificationsAddChangedAssets: 0.000ms
		OnDemandSchedulerStart: 0.000ms
		RestoreLoadedAssetsState: 0.000ms
	InvokeProjectHasChanged: 0.000ms
	UpdateImportedAssetsSnapshot: 0.000ms
	ReloadSourceAssets: 0.000ms
	UnloadImportedAssets: 0.000ms
	Hotreload: 0.019ms
	FixTempGuids: 0.003ms
	VerifyGuidPMRegistrations: 0.000ms
	GatherAllCurrentPrimaryArtifactRevisions: 0.236ms
	UnloadStreamsBegin: 0.016ms
	LoadedImportedAssetsSnapshotReleaseGCHandles: 0.572ms
	GetLoadedSourceAssetsSnapshot: 0.510ms
	PersistCurrentRevisions: 0.000ms
	UnloadStreamsEnd: 0.015ms
	GenerateScriptTypeHashes: 0.000ms
	Untracked: 0.794ms
Refresh completed in 0.034241 seconds.
RefreshInfo: RefreshV2(NoUpdateAssetOptions)
RefreshProfiler: Total: 33.511ms
	InvokeBeforeRefreshCallbacks: 0.001ms
	ApplyChangesToAssetFolders: 0.038ms
	WriteModifiedImportersToTextMetaFiles: 0.000ms
	CleanLegacyArtifacts: 0.000ms
	Scan: 28.731ms
	OnSourceAssetsModified: 0.000ms
	UnregisterDeletedAssets: 0.000ms
	InitializeImportedAssetsSnapshot: 2.610ms
	GetAllGuidsForCategorization: 0.000ms
	CategorizeAssets: 0.000ms
	ImportAndPostprocessOutOfDateAssets: 0.000ms (0.000ms without children)
		ImportManagerImport: 0.000ms (0.000ms without children)
			ImportInProcess: 0.000ms
			ImportOutOfProcess: 0.000ms
			UpdateCategorizedAssets: 0.000ms
			RemoteAssetCacheGetArtifact: 0.000ms (0.000ms without children)
				RemoteAssetCacheResolve: 0.000ms
				RemoteAssetCacheDownloadFile: 0.000ms
		CompileScripts: 0.000ms
		PostProcessAllAssets: 0.000ms
		ReloadImportedAssets: 0.000ms
		VerifyAssetsAreUpToDateAndCorrect: 0.000ms
		EnsureUptoDateAssetsAreRegisteredWithGuidPM: 0.000ms
		InitializingProgressBar: 0.000ms
		PostProcessAllAssetNotificationsAddChangedAssets: 0.000ms
		OnDemandSchedulerStart: 0.000ms
		RestoreLoadedAssetsState: 0.000ms
	InvokeProjectHasChanged: 0.000ms
	UpdateImportedAssetsSnapshot: 0.000ms
	ReloadSourceAssets: 0.000ms
	UnloadImportedAssets: 0.000ms
	Hotreload: 0.018ms
	FixTempGuids: 0.003ms
	VerifyGuidPMRegistrations: 0.000ms
	GatherAllCurrentPrimaryArtifactRevisions: 0.214ms
	UnloadStreamsBegin: 0.014ms
	LoadedImportedAssetsSnapshotReleaseGCHandles: 0.576ms
	GetLoadedSourceAssetsSnapshot: 0.519ms
	PersistCurrentRevisions: 0.000ms
	UnloadStreamsEnd: 0.013ms
	GenerateScriptTypeHashes: 0.000ms
	Untracked: 0.775ms
[Performance] WinEditorMain                                               :        1 samples, Peak.  1.15 s (1.0x), Avg.  1.15 s, Total. 1.147 s (9.9%)
[Performance] WinEditorMain.ConfigureCrashHandler                         :        1 samples, Peak.  13.0 us (1.0x), Avg.  13.0 us, Total. 13.00 us (0.0%)
[Performance] WinEditorMain.CurlRequestInitialize                         :        1 samples, Peak.   537 us (1.0x), Avg.   537 us, Total. 536.7 us (0.0%)
[Performance] WinEditorMain.SetupLogFile                                  :        1 samples, Peak.   327 us (1.0x), Avg.   327 us, Total. 326.6 us (0.0%)
[Performance] WinEditorMain.RunNativeTestsIfRequiredAndExit               :        1 samples, Peak.  1.40 us (1.0x), Avg.  1.40 us, Total. 1.400 us (0.0%)
[Performance] WinEditorMain.Licensing                                     :        1 samples, Peak.   645 ms (1.0x), Avg.   645 ms, Total. 645.3 ms (5.6%)
[Performance] WinEditorMain.InitializeCrashHandler                        :        1 samples, Peak.   398 us (1.0x), Avg.   398 us, Total. 398.0 us (0.0%)
[Performance] WinEditorMain.CreateApplication                             :        1 samples, Peak.   178 us (1.0x), Avg.   178 us, Total. 177.8 us (0.0%)
[Performance] Application.InitializeProject                               :        1 samples, Peak.  5.83 s (1.0x), Avg.  5.83 s, Total. 5.831 s (50.6%)
[Performance] Application.PackageManager.StartServer                      :        1 samples, Peak.  3.88 ms (1.0x), Avg.  3.88 ms, Total. 3.882 ms (0.0%)
[Performance] Application.IsBrowserCacheEmpty                             :        1 samples, Peak.   711 us (1.0x), Avg.   711 us, Total. 711.4 us (0.0%)
[Performance] Application.AcquireProjectLock                              :        1 samples, Peak.  5.59 ms (1.0x), Avg.  5.59 ms, Total. 5.594 ms (0.0%)
[Performance] Application.InitializeEngineNoGraphics                      :        1 samples, Peak.  10.8 ms (1.0x), Avg.  10.8 ms, Total. 10.75 ms (0.1%)
[Performance] Application.PackageManager.Initialize                       :        1 samples, Peak.  1.02 s (1.0x), Avg.  1.02 s, Total. 1.025 s (8.9%)
[Performance] CurlRequestCheck                                            :       13 samples, Peak.   385 ms (10.5x), Avg.  36.6 ms, Total. 475.2 ms (4.1%)
[Performance] PackageManager::RunRequestSynchronously                     :        8 samples, Peak.   249 ms (3.8x), Avg.  64.9 ms, Total. 519.2 ms (4.5%)
[Performance] Application.EngineGraphics.Initialize                       :        1 samples, Peak.   162 ms (1.0x), Avg.   162 ms, Total. 161.9 ms (1.4%)
[Performance] Application.GI.Initialize                                   :        1 samples, Peak.  2.27 ms (1.0x), Avg.  2.27 ms, Total. 2.272 ms (0.0%)
[Performance] Application.LoadAllDefaultResourcesFromEditor               :        1 samples, Peak.  1.52 ms (1.0x), Avg.  1.52 ms, Total. 1.518 ms (0.0%)
[Performance] Application.LoadMonoAssemblies                              :        1 samples, Peak.   509 ms (1.0x), Avg.   509 ms, Total. 509.4 ms (4.4%)
[Performance] RestoreManagedReferences                                    :        3 samples, Peak.  57.0 ms (2.8x), Avg.  20.3 ms, Total. 60.80 ms (0.5%)
[Performance] ProcessService.EditorAfterLoadAllAssemblies                 :        3 samples, Peak.  19.3 ms (1.2x), Avg.  16.1 ms, Total. 48.38 ms (0.4%)
[Performance] Application.ReadLicenseInfo                                 :        1 samples, Peak.   149 us (1.0x), Avg.   149 us, Total. 148.7 us (0.0%)
[Performance] Application.InitialScriptRefresh                            :        1 samples, Peak.  1.19 s (1.0x), Avg.  1.19 s, Total. 1.189 s (10.3%)
[Performance] Application.AssetDatabase.Refresh                           :        1 samples, Peak.  73.8 ms (1.0x), Avg.  73.8 ms, Total. 73.79 ms (0.6%)
[Performance] Application.ImportAssetsWithMismatchingAssetImporterVersion :        1 samples, Peak.  84.1 ms (1.0x), Avg.  84.1 ms, Total. 84.06 ms (0.7%)
[Performance] Application.SyncCurrentColorSpace                           :        1 samples, Peak.   177 ms (1.0x), Avg.   177 ms, Total. 177.1 ms (1.5%)
[Performance] Application.OnUsbDevicesChanged                             :        1 samples, Peak.  2.93 ms (1.0x), Avg.  2.93 ms, Total. 2.934 ms (0.0%)
[Performance] Application.AssetInstanceCacheUpdate                        :        1 samples, Peak.   300 ns (1.0x), Avg.   300 ns, Total. 300.0 ns (0.0%)
[Performance] Application.UnityExtensions.Initialize                      :        1 samples, Peak.   774 us (1.0x), Avg.   774 us, Total. 773.5 us (0.0%)
[Performance] Application.InitializeManagedCompilationPipeline            :        1 samples, Peak.  62.7 ms (1.0x), Avg.  62.7 ms, Total. 62.73 ms (0.5%)
[Performance] Application.ExecuteStartups                                 :        1 samples, Peak.  36.3 ms (1.0x), Avg.  36.3 ms, Total. 36.29 ms (0.3%)
[Performance] Application.RebuildOSMenu                                   :        1 samples, Peak.  37.9 ms (1.0x), Avg.  37.9 ms, Total. 37.86 ms (0.3%)
[Performance] UpdateAllMenus                                              :       21 samples, Peak.  37.0 ms (10.4x), Avg.  3.54 ms, Total. 74.32 ms (0.6%)
[Performance] Application.editorInitializingProject                       :        1 samples, Peak.  8.20 us (1.0x), Avg.  8.20 us, Total. 8.200 us (0.0%)
[Performance] Application.FinishLoadingProject                            :        1 samples, Peak.   881 ms (1.0x), Avg.   881 ms, Total. 881.3 ms (7.6%)
[Performance] Application.RestoreLastOpenedScenes                         :        1 samples, Peak.   765 ms (1.0x), Avg.   765 ms, Total. 764.7 ms (6.6%)
[Performance] BuildCatalog                                                :        2 samples, Peak.  26.7 ms (1.0x), Avg.  25.7 ms, Total. 51.36 ms (0.4%)
[Performance] SceneHierarchyWindow.Paint                                  :       21 samples, Peak.   120 ms (13.7x), Avg.  8.74 ms, Total. 183.5 ms (1.6%)
[Performance] RefreshSkin                                                 :        2 samples, Peak.  20.6 ms (1.2x), Avg.  16.6 ms, Total. 33.20 ms (0.3%)
[Performance] SceneHierarchyWindow.OnGUI.Layout                           :       21 samples, Peak.  15.8 ms (10.5x), Avg.  1.50 ms, Total. 31.41 ms (0.3%)
[Performance] SceneHierarchyWindow.OnGUI.repaint                          :       21 samples, Peak.  3.60 ms (6.1x), Avg.   588 us, Total. 12.35 ms (0.1%)
[Performance] SceneVisibilityState.IsFlagSetInParents                     :       82 samples, Peak.  1.60 us (3.7x), Avg.   430 ns, Total. 35.30 us (0.0%)
[Performance] SceneVisibilityState.HasData                                :       82 samples, Peak.   200 ns (3.7x), Avg.  53.7 ns, Total. 4.400 us (0.0%)
[Performance] ProjectBrowser.Paint                                        :       21 samples, Peak.  70.1 ms (8.5x), Avg.  8.29 ms, Total. 174.0 ms (1.5%)
[Performance] ProjectBrowser.OnGUI.Layout                                 :       21 samples, Peak.  60.1 ms (12.1x), Avg.  4.97 ms, Total. 104.4 ms (0.9%)
[Performance] ProjectBrowser.OnGUI.repaint                                :       21 samples, Peak.  5.52 ms (2.9x), Avg.  1.93 ms, Total. 40.45 ms (0.4%)
[Performance] InspectorWindow.Paint                                       :       20 samples, Peak.  26.2 ms (7.4x), Avg.  3.55 ms, Total. 71.01 ms (0.6%)
[Performance] InspectorWindow.OnGUI.Layout                                :       20 samples, Peak.  2.56 ms (18.1x), Avg.   142 us, Total. 2.835 ms (0.0%)
[Performance] InspectorWindow.OnGUI.repaint                               :       20 samples, Peak.  15.7 us (1.4x), Avg.  11.3 us, Total. 225.7 us (0.0%)
[Performance] AppStatusBar.Paint                                          :       20 samples, Peak.  3.93 ms (2.5x), Avg.  1.57 ms, Total. 31.42 ms (0.3%)
[Performance] GameView.Paint                                              :      104 samples, Peak.  88.4 ms (7.1x), Avg.  12.4 ms, Total. 1.287 s (11.2%)
[Performance] GameView.OnGUI.Layout                                       :      105 samples, Peak.  9.35 ms (30.9x), Avg.   303 us, Total. 31.80 ms (0.3%)
[Performance] GameView.OnGUI.repaint                                      :      104 samples, Peak.  87.5 ms (7.7x), Avg.  11.4 ms, Total. 1.181 s (10.2%)
[Performance] Toolbar.Paint                                               :       20 samples, Peak.  79.3 ms (10.7x), Avg.  7.38 ms, Total. 147.6 ms (1.3%)
[Performance] Application.InvokeFinishedLoadingProject                    :        1 samples, Peak.  20.6 ms (1.0x), Avg.  20.6 ms, Total. 20.57 ms (0.2%)
[Performance] ProcessService.OnProjectLoaded                              :        1 samples, Peak.  18.2 ms (1.0x), Avg.  18.2 ms, Total. 18.21 ms (0.2%)
[Performance] Application.InvokeProjectWasLoaded                          :        1 samples, Peak.   424 us (1.0x), Avg.   424 us, Total. 424.4 us (0.0%)
[Performance] Application.Message                                         :      103 samples, Peak.  14.3 ms (72.1x), Avg.   199 us, Total. 20.49 ms (0.2%)
[Performance] Application.Message.WM_00060                                :       15 samples, Peak.   112 us (8.8x), Avg.  12.8 us, Total. 191.3 us (0.0%)
[Performance] Application.Message.WM_0031F                                :        1 samples, Peak.  3.70 us (1.0x), Avg.  3.70 us, Total. 3.700 us (0.0%)
[Performance] Application.Message.WM_00282                                :        1 samples, Peak.  4.60 us (1.0x), Avg.  4.60 us, Total. 4.600 us (0.0%)
[Performance] Application.Message.Input                                   :       13 samples, Peak.  1.20 us (4.7x), Avg.   254 ns, Total. 3.300 us (0.0%)
[Performance] Application.Message.Timer                                   :        4 samples, Peak.  88.7 us (2.7x), Avg.  32.5 us, Total. 129.9 us (0.0%)
[Performance] Application.Message.WM_0C132                                :        1 samples, Peak.   600 ns (1.0x), Avg.   600 ns, Total. 600.0 ns (0.0%)
[Performance] Application.Message.WM_0C066                                :        3 samples, Peak.  53.0 us (2.1x), Avg.  25.6 us, Total. 76.70 us (0.0%)
[Performance] Application.Message.MouseMove                               :        6 samples, Peak.  10.8 ms (5.8x), Avg.  1.84 ms, Total. 11.07 ms (0.1%)
[Performance] Application.Tick                                            :      102 samples, Peak.  1.44 s (41.7x), Avg.  34.5 ms, Total. 3.521 s (30.5%)
[Performance] License.Tick                                                :       22 samples, Peak.   700 ns (1.5x), Avg.   464 ns, Total. 10.20 us (0.0%)
[Performance] VCProvider                                                  :      103 samples, Peak.  1.90 us (2.2x), Avg.   850 ns, Total. 87.50 us (0.0%)
[Performance] MonoCompiler.Tick                                           :       10 samples, Peak.  1.27 s (10.0x), Avg.   127 ms, Total. 1.269 s (11.0%)
[Performance] Application.Reload                                          :        1 samples, Peak.   881 ms (1.0x), Avg.   881 ms, Total. 881.4 ms (7.6%)
[Performance] GameView.OnGUI.Used                                         :        1 samples, Peak.  52.2 us (1.0x), Avg.  52.2 us, Total. 52.20 us (0.0%)
[Performance] Package.AsyncRequest                                        :        5 samples, Peak.  1.09 ms (5.0x), Avg.   218 us, Total. 1.092 ms (0.0%)
[Performance] GUIView.RepaintAll.PlayerLoopController                     :      103 samples, Peak.   222 ms (14.0x), Avg.  15.8 ms, Total. 1.626 s (14.1%)
[Performance] UnityConnect.Tick                                           :        1 samples, Peak.  4.20 us (1.0x), Avg.  4.20 us, Total. 4.200 us (0.0%)
[Performance] UnityConnect.PollInfo                                       :        1 samples, Peak. 100.0 ns (1.0x), Avg. 100.0 ns, Total. 100.00 ns (0.0%)
[Performance] Collab.Tick                                                 :        1 samples, Peak.  2.40 us (1.0x), Avg.  2.40 us, Total. 2.400 us (0.0%)
[Performance] CurlRequest.Tick                                            :       18 samples, Peak.   290 us (17.4x), Avg.  16.7 us, Total. 300.3 us (0.0%)
[Performance] WebView.Tick                                                :       22 samples, Peak.   120 us (2.4x), Avg.  49.8 us, Total. 1.096 ms (0.0%)
[Performance] WebSocketClient.Tick                                        :       18 samples, Peak.   900 ns (1.7x), Avg.   528 ns, Total. 9.500 us (0.0%)
[Performance] SceneBackgroundTask.Tick                                    :       12 samples, Peak.   200 ns (1.4x), Avg.   142 ns, Total. 1.700 us (0.0%)
[Performance] Scheduler.Tick                                              :       37 samples, Peak.  1.40 ms (26.2x), Avg.  53.4 us, Total. 1.974 ms (0.0%)
[Performance] RepaintAllProfilerWindows                                   :        5 samples, Peak.   217 us (4.9x), Avg.  44.2 us, Total. 221.2 us (0.0%)
[Performance] PlayerUpdates.Tick                                          :       19 samples, Peak.  23.2 us (1.5x), Avg.  15.3 us, Total. 290.8 us (0.0%)
[Performance] GlobalCallbacks                                             :      103 samples, Peak.   372 us (17.1x), Avg.  21.7 us, Total. 2.237 ms (0.0%)
[Performance] EditorAnalytics.Tick                                        :        9 samples, Peak.   800 ns (1.9x), Avg.   411 ns, Total. 3.700 us (0.0%)
[Performance] Video.Update                                                :      103 samples, Peak.   700 ns (2.6x), Avg.   274 ns, Total. 28.20 us (0.0%)
[Performance] SceneTracker                                                :      102 samples, Peak.   114 ms (15.0x), Avg.  7.63 ms, Total. 778.1 ms (6.7%)
[Performance] ConsoleLog.Tick                                             :        9 samples, Peak.  75.4 us (6.8x), Avg.  11.1 us, Total. 100.1 us (0.0%)
[Performance] HierarchyWindow.Tick                                        :       12 samples, Peak.   410 us (12.0x), Avg.  34.3 us, Total. 412.0 us (0.0%)
[Performance] Inspector.Tick                                              :       12 samples, Peak.  15.0 ms (10.3x), Avg.  1.45 ms, Total. 17.41 ms (0.2%)
[Performance] Tooltip.Tick                                                :       27 samples, Peak.  1.20 us (2.0x), Avg.   604 ns, Total. 16.30 us (0.0%)
[Performance] RequestRepaintForPanels                                     :      102 samples, Peak.   179 us (44.2x), Avg.  4.06 us, Total. 413.7 us (0.0%)
[Performance] UpdateScene                                                 :      102 samples, Peak.  96.4 ms (6.9x), Avg.  14.0 ms, Total. 1.423 s (12.3%)
[Performance] PackageImporter.Tick                                        :        9 samples, Peak.   500 ns (1.7x), Avg.   300 ns, Total. 2.700 us (0.0%)
[Performance] InspectorBackground.Tick                                    :       11 samples, Peak.  1.50 us (1.4x), Avg.  1.09 us, Total. 12.00 us (0.0%)
[Performance] ChangeLayoutIfNeeded                                        :      102 samples, Peak.   300 ns (5.0x), Avg.  59.8 ns, Total. 6.100 us (0.0%)
[Performance] AsyncReadManager.ForceCloseFiles                            :        3 samples, Peak.  77.5 us (2.9x), Avg.  26.5 us, Total. 79.60 us (0.0%)
[Performance] Application.Message.MouseHover                              :        1 samples, Peak.   671 us (1.0x), Avg.   671 us, Total. 671.1 us (0.0%)
Cleanup mono
debugger-agent: Unable to listen on 5156
Checking for leaked weakptr:
  Found no leaked weakptrs.
[Package Manager] Server::Kill -- Server was shutdown
##utp:{"type":"MemoryLeaks","version":2,"phase":"Immediate","time":1780468695430,"processId":69928,"allocatedMemory":890364,"memoryLabels":[{"Default":276},{"Permanent":384},{"NewDelete":348822},{"Thread":23},{"Manager":4008},{"GfxDevice":1920},{"GfxThread":1056},{"Physics":161},{"Serialization":416},{"BaseObject":280},{"File":144},{"String":193577},{"DynamicArray":220545},{"HashMap":22515},{"Curl":1376},{"PoolAlloc":184},{"ScriptManager":57477},{"GI":736},{"VR":4268},{"Secure":2088},{"Subsystems":-664},{"EditorGui":296},{"EditorUtility":704},{"AssetDatabase":6052},{"RestService":56},{"UnityConnect":21056},{"Collab":728},{"Upm":1392},{"ScriptStrLRUCache":200},{"MTMeshCache":288}]}
