[LicensingClient] ERROR Failed to connect to local IPC
[Licensing::Module] Failed to connect to channel: LicenseClient-admin
[Licensing::Module] Successfully launched the LicensingClient
[LicensingClient] ERROR Error 1 while verifying Licensing Client signature (path: 59244, process Id: F:/unity/Unity20190433_release/Editor/Data/Resources/Licensing/Client/Unity.Licensing.Client.exe)
[Licensing::Module] LicensingClient has failed validation
IPC channel to LicensingClient doesn't exist; falling back to Legacy licensing
[LicensingClient] ERROR Failed to disconnect local IPC connection

LICENSE SYSTEM [2026723 17:12:24] Current license is already valid and activated. Skipping license activation process (Provided username/password will be ignored).
[Moonton] DeviceId:2d07e8dbf9adf31237a4f2360ec5ca704959c37e
Built from 'pre_release' branch; Version is '2019.4.33f1 (c2fa268b6) revision 12778022'; Using compiler version '191627012'
OS: 'Windows 10  (10.0.19044) 64bit EnterpriseS' Language: 'zh' Physical Memory: 65309 MB
BatchMode: 1, IsHumanControllingUs: 0, StartBugReporterOnCrash: 0, Is64bit: 1, IsPro: 1
[Package Manager] Server::Start -- Port 54345 was selected

COMMAND LINE ARGUMENTS:
F:\unity\Unity20190433_release\Editor\Unity.exe
-batchmode
-projectPath
C:\Users\admin\AppData\Local\Temp\wabish-f009-settlement-qa-c38f7547cb4347a3add020f85d8a859c
-executeMethod
WabishF009SettlementFinaleCapture.Capture
-logFile
F:\unity\wabish\Docs\QA\20260723_f006_tier_distinction_capture.log
Successfully changed project path to: C:\Users\admin\AppData\Local\Temp\wabish-f009-settlement-qa-c38f7547cb4347a3add020f85d8a859c
C:/Users/admin/AppData/Local/Temp/wabish-f009-settlement-qa-c38f7547cb4347a3add020f85d8a859c
Using Asset Import Pipeline V2.
LZ: Create the old Remapper
Socket: bind failed, error: 以一种访问权限不允许的方式做了一个访问套接字的尝试。
(10013) 
(Filename: D:\CI\ml\20190433\pre_release\Runtime/Network/Sockets.cpp Line: 415)

Unable to join player connection multicast group. 
(Filename: D:\CI\ml\20190433\pre_release\Runtime/Network/PlayerCommunicator/EditorConnection.cpp Line: 50)

DisplayProgressbar: Unity Package Manager
Adding genesis user token Adding genesis user token [Package Manager] Done resolving packages in 0.95s seconds
[Package Manager] Done checking package constraints in 0.00s seconds
[Package Manager] 
Registered 57 packages:
  Packages from [https://packages.unity.com]:
    com.unity.2d.animation@3.2.13 (location: C:\Users\admin\AppData\Local\Temp\wabish-f009-settlement-qa-c38f7547cb4347a3add020f85d8a859c\Library\PackageCache\com.unity.2d.animation@3.2.13)
    com.unity.2d.pixel-perfect@2.1.0 (location: C:\Users\admin\AppData\Local\Temp\wabish-f009-settlement-qa-c38f7547cb4347a3add020f85d8a859c\Library\PackageCache\com.unity.2d.pixel-perfect@2.1.0)
    com.unity.2d.psdimporter@2.1.9 (location: C:\Users\admin\AppData\Local\Temp\wabish-f009-settlement-qa-c38f7547cb4347a3add020f85d8a859c\Library\PackageCache\com.unity.2d.psdimporter@2.1.9)
    com.unity.2d.spriteshape@3.0.17 (location: C:\Users\admin\AppData\Local\Temp\wabish-f009-settlement-qa-c38f7547cb4347a3add020f85d8a859c\Library\PackageCache\com.unity.2d.spriteshape@3.0.17)
    com.unity.ads@3.7.5 (location: C:\Users\admin\AppData\Local\Temp\wabish-f009-settlement-qa-c38f7547cb4347a3add020f85d8a859c\Library\PackageCache\com.unity.ads@3.7.5)
    com.unity.analytics@3.6.12 (location: C:\Users\admin\AppData\Local\Temp\wabish-f009-settlement-qa-c38f7547cb4347a3add020f85d8a859c\Library\PackageCache\com.unity.analytics@3.6.12)
    com.unity.collab-proxy@1.14.1 (location: C:\Users\admin\AppData\Local\Temp\wabish-f009-settlement-qa-c38f7547cb4347a3add020f85d8a859c\Library\PackageCache\com.unity.collab-proxy@1.14.1)
    com.unity.ide.rider@1.2.1 (location: C:\Users\admin\AppData\Local\Temp\wabish-f009-settlement-qa-c38f7547cb4347a3add020f85d8a859c\Library\PackageCache\com.unity.ide.rider@1.2.1)
    com.unity.ide.visualstudio@2.0.11 (location: C:\Users\admin\AppData\Local\Temp\wabish-f009-settlement-qa-c38f7547cb4347a3add020f85d8a859c\Library\PackageCache\com.unity.ide.visualstudio@2.0.11)
    com.unity.ide.vscode@1.2.4 (location: C:\Users\admin\AppData\Local\Temp\wabish-f009-settlement-qa-c38f7547cb4347a3add020f85d8a859c\Library\PackageCache\com.unity.ide.vscode@1.2.4)
    com.unity.multiplayer-hlapi@1.0.8 (location: C:\Users\admin\AppData\Local\Temp\wabish-f009-settlement-qa-c38f7547cb4347a3add020f85d8a859c\Library\PackageCache\com.unity.multiplayer-hlapi@1.0.8)
    com.unity.purchasing@4.1.1 (location: C:\Users\admin\AppData\Local\Temp\wabish-f009-settlement-qa-c38f7547cb4347a3add020f85d8a859c\Library\PackageCache\com.unity.purchasing@4.1.1)
    com.unity.test-framework@1.1.29 (location: C:\Users\admin\AppData\Local\Temp\wabish-f009-settlement-qa-c38f7547cb4347a3add020f85d8a859c\Library\PackageCache\com.unity.test-framework@1.1.29)
    com.unity.textmeshpro@2.1.6 (location: C:\Users\admin\AppData\Local\Temp\wabish-f009-settlement-qa-c38f7547cb4347a3add020f85d8a859c\Library\PackageCache\com.unity.textmeshpro@2.1.6)
    com.unity.timeline@1.2.18 (location: C:\Users\admin\AppData\Local\Temp\wabish-f009-settlement-qa-c38f7547cb4347a3add020f85d8a859c\Library\PackageCache\com.unity.timeline@1.2.18)
    com.unity.xr.legacyinputhelpers@2.1.8 (location: C:\Users\admin\AppData\Local\Temp\wabish-f009-settlement-qa-c38f7547cb4347a3add020f85d8a859c\Library\PackageCache\com.unity.xr.legacyinputhelpers@2.1.8)
    com.unity.ext.nunit@1.0.6 (location: C:\Users\admin\AppData\Local\Temp\wabish-f009-settlement-qa-c38f7547cb4347a3add020f85d8a859c\Library\PackageCache\com.unity.ext.nunit@1.0.6)
    com.unity.services.core@1.0.1 (location: C:\Users\admin\AppData\Local\Temp\wabish-f009-settlement-qa-c38f7547cb4347a3add020f85d8a859c\Library\PackageCache\com.unity.services.core@1.0.1)
    nuget.mono-cecil@0.1.6-preview (location: C:\Users\admin\AppData\Local\Temp\wabish-f009-settlement-qa-c38f7547cb4347a3add020f85d8a859c\Library\PackageCache\nuget.mono-cecil@0.1.6-preview)
    com.unity.2d.path@2.1.1 (location: C:\Users\admin\AppData\Local\Temp\wabish-f009-settlement-qa-c38f7547cb4347a3add020f85d8a859c\Library\PackageCache\com.unity.2d.path@2.1.1)
    com.unity.2d.common@2.1.0 (location: C:\Users\admin\AppData\Local\Temp\wabish-f009-settlement-qa-c38f7547cb4347a3add020f85d8a859c\Library\PackageCache\com.unity.2d.common@2.1.0)
    com.unity.mathematics@1.1.0 (location: C:\Users\admin\AppData\Local\Temp\wabish-f009-settlement-qa-c38f7547cb4347a3add020f85d8a859c\Library\PackageCache\com.unity.mathematics@1.1.0)
  Built-in packages:
    com.unity.2d.sprite@1.0.0 (location: C:\Users\admin\AppData\Local\Temp\wabish-f009-settlement-qa-c38f7547cb4347a3add020f85d8a859c\Library\PackageCache\com.unity.2d.sprite@1.0.0)
    com.unity.2d.tilemap@1.0.0 (location: C:\Users\admin\AppData\Local\Temp\wabish-f009-settlement-qa-c38f7547cb4347a3add020f85d8a859c\Library\PackageCache\com.unity.2d.tilemap@1.0.0)
    com.unity.ugui@1.0.0 (location: C:\Users\admin\AppData\Local\Temp\wabish-f009-settlement-qa-c38f7547cb4347a3add020f85d8a859c\Library\PackageCache\com.unity.ugui@1.0.0)
    com.unity.modules.ai@1.0.0 (location: C:\Users\admin\AppData\Local\Temp\wabish-f009-settlement-qa-c38f7547cb4347a3add020f85d8a859c\Library\PackageCache\com.unity.modules.ai@1.0.0)
    com.unity.modules.androidjni@1.0.0 (location: C:\Users\admin\AppData\Local\Temp\wabish-f009-settlement-qa-c38f7547cb4347a3add020f85d8a859c\Library\PackageCache\com.unity.modules.androidjni@1.0.0)
    com.unity.modules.animation@1.0.0 (location: C:\Users\admin\AppData\Local\Temp\wabish-f009-settlement-qa-c38f7547cb4347a3add020f85d8a859c\Library\PackageCache\com.unity.modules.animation@1.0.0)
    com.unity.modules.assetbundle@1.0.0 (location: C:\Users\admin\AppData\Local\Temp\wabish-f009-settlement-qa-c38f7547cb4347a3add020f85d8a859c\Library\PackageCache\com.unity.modules.assetbundle@1.0.0)
    com.unity.modules.audio@1.0.0 (location: C:\Users\admin\AppData\Local\Temp\wabish-f009-settlement-qa-c38f7547cb4347a3add020f85d8a859c\Library\PackageCache\com.unity.modules.audio@1.0.0)
    com.unity.modules.cloth@1.0.0 (location: C:\Users\admin\AppData\Local\Temp\wabish-f009-settlement-qa-c38f7547cb4347a3add020f85d8a859c\Library\PackageCache\com.unity.modules.cloth@1.0.0)
    com.unity.modules.director@1.0.0 (location: C:\Users\admin\AppData\Local\Temp\wabish-f009-settlement-qa-c38f7547cb4347a3add020f85d8a859c\Library\PackageCache\com.unity.modules.director@1.0.0)
    com.unity.modules.imageconversion@1.0.0 (location: C:\Users\admin\AppData\Local\Temp\wabish-f009-settlement-qa-c38f7547cb4347a3add020f85d8a859c\Library\PackageCache\com.unity.modules.imageconversion@1.0.0)
    com.unity.modules.imgui@1.0.0 (location: C:\Users\admin\AppData\Local\Temp\wabish-f009-settlement-qa-c38f7547cb4347a3add020f85d8a859c\Library\PackageCache\com.unity.modules.imgui@1.0.0)
    com.unity.modules.jsonserialize@1.0.0 (location: C:\Users\admin\AppData\Local\Temp\wabish-f009-settlement-qa-c38f7547cb4347a3add020f85d8a859c\Library\PackageCache\com.unity.modules.jsonserialize@1.0.0)
    com.unity.modules.particlesystem@1.0.0 (location: C:\Users\admin\AppData\Local\Temp\wabish-f009-settlement-qa-c38f7547cb4347a3add020f85d8a859c\Library\PackageCache\com.unity.modules.particlesystem@1.0.0)
    com.unity.modules.physics@1.0.0 (location: C:\Users\admin\AppData\Local\Temp\wabish-f009-settlement-qa-c38f7547cb4347a3add020f85d8a859c\Library\PackageCache\com.unity.modules.physics@1.0.0)
    com.unity.modules.physics2d@1.0.0 (location: C:\Users\admin\AppData\Local\Temp\wabish-f009-settlement-qa-c38f7547cb4347a3add020f85d8a859c\Library\PackageCache\com.unity.modules.physics2d@1.0.0)
    com.unity.modules.screencapture@1.0.0 (location: C:\Users\admin\AppData\Local\Temp\wabish-f009-settlement-qa-c38f7547cb4347a3add020f85d8a859c\Library\PackageCache\com.unity.modules.screencapture@1.0.0)
    com.unity.modules.terrain@1.0.0 (location: C:\Users\admin\AppData\Local\Temp\wabish-f009-settlement-qa-c38f7547cb4347a3add020f85d8a859c\Library\PackageCache\com.unity.modules.terrain@1.0.0)
    com.unity.modules.terrainphysics@1.0.0 (location: C:\Users\admin\AppData\Local\Temp\wabish-f009-settlement-qa-c38f7547cb4347a3add020f85d8a859c\Library\PackageCache\com.unity.modules.terrainphysics@1.0.0)
    com.unity.modules.tilemap@1.0.0 (location: C:\Users\admin\AppData\Local\Temp\wabish-f009-settlement-qa-c38f7547cb4347a3add020f85d8a859c\Library\PackageCache\com.unity.modules.tilemap@1.0.0)
    com.unity.modules.ui@1.0.0 (location: C:\Users\admin\AppData\Local\Temp\wabish-f009-settlement-qa-c38f7547cb4347a3add020f85d8a859c\Library\PackageCache\com.unity.modules.ui@1.0.0)
    com.unity.modules.uielements@1.0.0 (location: C:\Users\admin\AppData\Local\Temp\wabish-f009-settlement-qa-c38f7547cb4347a3add020f85d8a859c\Library\PackageCache\com.unity.modules.uielements@1.0.0)
    com.unity.modules.umbra@1.0.0 (location: C:\Users\admin\AppData\Local\Temp\wabish-f009-settlement-qa-c38f7547cb4347a3add020f85d8a859c\Library\PackageCache\com.unity.modules.umbra@1.0.0)
    com.unity.modules.unityanalytics@1.0.0 (location: C:\Users\admin\AppData\Local\Temp\wabish-f009-settlement-qa-c38f7547cb4347a3add020f85d8a859c\Library\PackageCache\com.unity.modules.unityanalytics@1.0.0)
    com.unity.modules.unitywebrequest@1.0.0 (location: C:\Users\admin\AppData\Local\Temp\wabish-f009-settlement-qa-c38f7547cb4347a3add020f85d8a859c\Library\PackageCache\com.unity.modules.unitywebrequest@1.0.0)
    com.unity.modules.unitywebrequestassetbundle@1.0.0 (location: C:\Users\admin\AppData\Local\Temp\wabish-f009-settlement-qa-c38f7547cb4347a3add020f85d8a859c\Library\PackageCache\com.unity.modules.unitywebrequestassetbundle@1.0.0)
    com.unity.modules.unitywebrequestaudio@1.0.0 (location: C:\Users\admin\AppData\Local\Temp\wabish-f009-settlement-qa-c38f7547cb4347a3add020f85d8a859c\Library\PackageCache\com.unity.modules.unitywebrequestaudio@1.0.0)
    com.unity.modules.unitywebrequesttexture@1.0.0 (location: C:\Users\admin\AppData\Local\Temp\wabish-f009-settlement-qa-c38f7547cb4347a3add020f85d8a859c\Library\PackageCache\com.unity.modules.unitywebrequesttexture@1.0.0)
    com.unity.modules.unitywebrequestwww@1.0.0 (location: C:\Users\admin\AppData\Local\Temp\wabish-f009-settlement-qa-c38f7547cb4347a3add020f85d8a859c\Library\PackageCache\com.unity.modules.unitywebrequestwww@1.0.0)
    com.unity.modules.vehicles@1.0.0 (location: C:\Users\admin\AppData\Local\Temp\wabish-f009-settlement-qa-c38f7547cb4347a3add020f85d8a859c\Library\PackageCache\com.unity.modules.vehicles@1.0.0)
    [Subsystems] No new subsystems found in resolved package list.
[Package Manager] Done registering packages in 0.07s seconds
Refreshing native plugins compatible for Editor in 68.16 ms, found 3 plugins.
Preloading 0 native plugins for Editor in 0.00 ms.
Engine release: build date = Mar 26 2026,time = 16:36:39.Initialize engine version: 2019.4.33f1 (c2fa268b6) mt pre_release 2.01.0055.04 build c2fa268b6684e79fac7499489dcd527796a450c6

[PlayerPrefs]:ios17_shader_compile_optimize=0

[PlayerPrefs]:waitfor_renderjobs=1

[PlayerPrefs]:jobfied_rendering=0

[PlayerPrefs]:auto_render_null_gpubound_threshold=0

[PlayerPrefs]:auto_render_null_cpubound_threshold=0

[PlayerPrefs]:auto_render_null_mode=0

[PlayerPrefs]:gfx_enable_ios_vrr=0

[PlayerPrefs]:draw_custom_buffer_mode=0

[PlayerPrefs]:ps_enable_udpate_on_demand=0

[PlayerPrefs]:ps_alpha_clip_less_value=0

[PlayerPrefs]:ps_looping_alpha_clip_less_value=1
[Subsystems] Discovering subsystems at path F:/unity/Unity20190433_release/Editor/Data/Resources/UnitySubsystems
[Subsystems] Discovering subsystems at path C:/Users/admin/AppData/Local/Temp/wabish-f009-settlement-qa-c38f7547cb4347a3add020f85d8a859c/Assets
GfxLog:CalculateGfxDeviceThreadingMode():
  ENABLE_MULTITHREADED_CODE = 1
  UNITY_GFX_FORCE_DIRECT_THREADING = 0
  BootConfig force-gfx-direct = null
  BootConfig force-gfx-st = null
  BootConfig force-gfx-mt = null
  GFX_SUPPORTS_JOBIFIED_RENDERING = 0
  BootConfig force-gfx-jobs = null
  BootConfig gfx-enable-native-gfx-jobs = null
  UNITY_GFX_PLAYERSETTINGS_CONTROL_MULTITHREADED = 1
  BootConfig gfx-disable-mt-rendering = null
  GFX_SUPPORTS_JOBIFIED_RENDERING = 0
  BootConfig gfx-enable-gfx-jobs = null
  PlayerPrefs::GetInt(gfx-enable-gfx-jobs)=0
  PlayerPrefs::GetInt(gfx-enable-native-gfx-jobs)=0
SetGfxThreadingMode: mode = 0->1
GfxLog:AdjustThreadingModeForAPI(mode,api,flags):
  SupportsGraphicsJobs(api) = 1
  SupportsLegacyGraphicsJobs(api) = 0
  SupportsNativeGraphicsJobs(api) = 0
  IsUsingJobifiedRendering() = 0
  IsUsingNativeGraphicsJobs() = 0
  Selected threading mode = 1
SetGfxThreadingMode: mode = 1->1
GfxDevice: creating device client; threaded=0
Direct3D:
    Version:  Direct3D 11.0 [level 11.1]
    Renderer: NVIDIA GeForce RTX 4060 Ti (ID=0x2803)
    Vendor:   
    VRAM:     7949 MB
    Driver:   32.0.15.8180
Initialize mono
Mono path[0] = 'F:/unity/Unity20190433_release/Editor/Data/Managed'
Mono path[1] = 'F:/unity/Unity20190433_release/Editor/Data/MonoBleedingEdge/lib/mono/unityjit'
Mono config path = 'F:/unity/Unity20190433_release/Editor/Data/MonoBleedingEdge/etc'
Using monoOptions --debugger-agent=transport=dt_socket,embedding=1,server=y,suspend=n,address=127.0.0.1:56680
[FunctionTable] InitFunctionTable OnStart.
ImportWorker Server TCP listen port: 54351
[zorro] APIUpdaterManager::Initialize 
(Filename: D:\CI\ml\20190433\pre_release\Editor/Src/Application/Application.cpp Line: 1134)

Begin MonoManager ReloadAssembly
Registering precompiled unity dll's ...
Register platform support module: F:/unity/Unity20190433_release/Editor/Data/PlaybackEngines/WindowsStandaloneSupport/UnityEditor.WindowsStandalone.Extensions.dll
Register platform support module: F:/unity/Unity20190433_release/Editor/Data/PlaybackEngines/LinuxStandaloneSupport/UnityEditor.LinuxStandalone.Extensions.dll
Register platform support module: F:/unity/Unity20190433_release/Editor/Data/PlaybackEngines/AndroidPlayer/UnityEditor.Android.Extensions.dll
Register platform support module: F:/unity/Unity20190433_release/Editor/Data/PlaybackEngines/iOSSupport/UnityEditor.iOS.Extensions.dll
Registered in 0.001170 seconds.
Failed to load: F:/unity/Unity20190433_release/Editor/Data/PlaybackEngines/iOSSupport\x86_64\UnityEditor.iOS.Native.dll
Native extension for iOS target not found
Native extension for Android target not found
Native extension for LinuxStandalone target not found
Native extension for WindowsStandalone target not found
Refreshing native plugins compatible for Editor in 42.26 ms, found 3 plugins.
Preloading 0 native plugins for Editor in 0.00 ms.
Mono: successfully reloaded assembly
- Completed reload, in  0.632 seconds
Domain Reload Profiling:
	ReloadAssembly (644ms)
		BeginReloadAssembly (30ms)
			ExecutionOrderSort (0ms)
			DisableScriptedObjects (0ms)
			BackupInstance (0ms)
			ReleaseScriptingObjects (0ms)
			CreateAndSetChildDomain (1ms)
		EndReloadAssembly (315ms)
			LoadAssemblies (30ms)
			RebuildTransferFunctionScriptingTraits (0ms)
			SetupTypeCache (94ms)
			ReleaseScriptCaches (0ms)
			RebuildScriptCaches (25ms)
			SetupLoadedEditorAssemblies (161ms)
				LogAssemblyErrors (0ms)
				InitializePlatformSupportModulesInManaged (25ms)
				SetLoadedEditorAssemblies (1ms)
				RefreshPlugins (42ms)
				BeforeProcessingInitializeOnLoad (1ms)
				ProcessInitializeOnLoadAttributes (80ms)
				ProcessInitializeOnLoadMethodAttributes (11ms)
				AfterProcessingInitializeOnLoad (0ms)
				EditorAssembliesLoaded (0ms)
			ExecutionOrderSort2 (0ms)
			AwakeInstancesAfterBackupRestoration (0ms)
Registering precompiled user dll's ...
Registered in 0.074032 seconds.
Platform modules already initialized, skipping
Validating Project structure ... 0.002205 seconds.
Shader import version has changed; will reimport all shaders...
Upgrading shader files ...0.001504 seconds.
Begin MonoManager ReloadAssembly
Failed to load: F:/unity/Unity20190433_release/Editor/Data/PlaybackEngines/iOSSupport\x86_64\UnityEditor.iOS.Native.dll
Native extension for iOS target not found
Native extension for Android target not found
Native extension for LinuxStandalone target not found
Native extension for WindowsStandalone target not found
Refreshing native plugins compatible for Editor in 53.45 ms, found 3 plugins.
Preloading 0 native plugins for Editor in 0.00 ms.
mypath=F:\unity\Unity20190433_release\Editor\Data\Managed\UnityEditor.dll
UnityEngine.DebugLogHandler:Internal_Log(LogType, LogOption, String, Object)
UnityEngine.DebugLogHandler:LogFormat(LogType, Object, String, Object[])
UnityEngine.Logger:Log(LogType, Object)
UnityEngine.Debug:LogWarning(Object)
UnityEditor.popupLOD:InitCfgFile() (at D:\CI\ml\20190433\pre_release\Editor\Mono\GUI\Toolbar.cs:381)
UnityEditor.popupLOD:.cctor() (at D:\CI\ml\20190433\pre_release\Editor\Mono\GUI\Toolbar.cs:376)
System.Object:__icall_wrapper_mono_generic_class_init(IntPtr)
UnityEditor.Toolbar:.cctor() (at D:\CI\ml\20190433\pre_release\Editor\Mono\GUI\Toolbar.cs:582)
CollabProxy.UI.Bootstrap:.cctor() (at Library\PackageCache\com.unity.collab-proxy@1.14.1\Editor\Collaborate\Collab\Bootstrap.cs:21)
System.Runtime.CompilerServices.RuntimeHelpers:RunClassConstructor(IntPtr)
System.Runtime.CompilerServices.RuntimeHelpers:RunClassConstructor(RuntimeTypeHandle)
UnityEditor.EditorAssemblies:ProcessInitializeOnLoadAttributes(Type[]) (at D:\CI\ml\20190433\pre_release\Editor\Mono\EditorAssemblies.cs:134)
 
(Filename: Library/PackageCache/com.unity.collab-proxy@1.14.1/Editor/Collaborate/Collab/Bootstrap.cs Line: 21)

Load from CfgFile=F:\unity\Unity20190433_release\Editor\lodinfo.txt
UnityEngine.DebugLogHandler:Internal_Log(LogType, LogOption, String, Object)
UnityEngine.DebugLogHandler:LogFormat(LogType, Object, String, Object[])
UnityEngine.Logger:Log(LogType, Object)
UnityEngine.Debug:LogWarning(Object)
UnityEditor.popupLOD:InitCfgFile() (at D:\CI\ml\20190433\pre_release\Editor\Mono\GUI\Toolbar.cs:404)
UnityEditor.popupLOD:.cctor() (at D:\CI\ml\20190433\pre_release\Editor\Mono\GUI\Toolbar.cs:376)
System.Object:__icall_wrapper_mono_generic_class_init(IntPtr)
UnityEditor.Toolbar:.cctor() (at D:\CI\ml\20190433\pre_release\Editor\Mono\GUI\Toolbar.cs:582)
CollabProxy.UI.Bootstrap:.cctor() (at Library\PackageCache\com.unity.collab-proxy@1.14.1\Editor\Collaborate\Collab\Bootstrap.cs:21)
System.Runtime.CompilerServices.RuntimeHelpers:RunClassConstructor(IntPtr)
System.Runtime.CompilerServices.RuntimeHelpers:RunClassConstructor(RuntimeTypeHandle)
UnityEditor.EditorAssemblies:ProcessInitializeOnLoadAttributes(Type[]) (at D:\CI\ml\20190433\pre_release\Editor\Mono\EditorAssemblies.cs:134)
 
(Filename: Library/PackageCache/com.unity.collab-proxy@1.14.1/Editor/Collaborate/Collab/Bootstrap.cs Line: 21)

Adding genesis user token Mono: successfully reloaded assembly
- Completed reload, in  0.871 seconds
Domain Reload Profiling:
	ReloadAssembly (902ms)
		BeginReloadAssembly (61ms)
			ExecutionOrderSort (0ms)
			DisableScriptedObjects (1ms)
			BackupInstance (0ms)
			ReleaseScriptingObjects (0ms)
			CreateAndSetChildDomain (25ms)
		EndReloadAssembly (787ms)
			LoadAssemblies (66ms)
			RebuildTransferFunctionScriptingTraits (0ms)
			SetupTypeCache (240ms)
			ReleaseScriptCaches (1ms)
			RebuildScriptCaches (43ms)
			SetupLoadedEditorAssemblies (389ms)
				LogAssemblyErrors (0ms)
				InitializePlatformSupportModulesInManaged (21ms)
				SetLoadedEditorAssemblies (0ms)
				RefreshPlugins (54ms)
				BeforeProcessingInitializeOnLoad (74ms)
				ProcessInitializeOnLoadAttributes (198ms)
				ProcessInitializeOnLoadMethodAttributes (40ms)
				AfterProcessingInitializeOnLoad (3ms)
				EditorAssembliesLoaded (0ms)
			ExecutionOrderSort2 (0ms)
			AwakeInstancesAfterBackupRestoration (1ms)
Platform modules already initialized, skipping
RefreshInfo: InitialScriptRefreshV2(NoUpdateAssetOptions)
RefreshProfiler: Total: 1849.753ms
	InvokeBeforeRefreshCallbacks: 0.406ms
	ApplyChangesToAssetFolders: 0.045ms
	WriteModifiedImportersToTextMetaFiles: 0.000ms
	CleanLegacyArtifacts: 0.000ms
	Scan: 52.757ms
	OnSourceAssetsModified: 0.000ms
	UnregisterDeletedAssets: 0.000ms
	InitializeImportedAssetsSnapshot: 0.145ms
	GetAllGuidsForCategorization: 0.001ms
	CategorizeAssets: 57.334ms
	ImportAndPostprocessOutOfDateAssets: 1722.685ms (1721.819ms without children)
		ImportManagerImport: 0.000ms (0.000ms without children)
			ImportInProcess: 0.000ms
			ImportOutOfProcess: 0.000ms
			UpdateCategorizedAssets: 0.000ms
			RemoteAssetCacheGetArtifact: 0.000ms (0.000ms without children)
				RemoteAssetCacheResolve: 0.000ms
				RemoteAssetCacheDownloadFile: 0.000ms
		CompileScripts: 0.000ms
		PostProcessAllAssets: 0.000ms
		ReloadImportedAssets: 0.000ms
		VerifyAssetsAreUpToDateAndCorrect: 0.000ms
		EnsureUptoDateAssetsAreRegisteredWithGuidPM: 0.408ms
		InitializingProgressBar: 0.000ms
		PostProcessAllAssetNotificationsAddChangedAssets: 0.328ms
		OnDemandSchedulerStart: 0.000ms
		RestoreLoadedAssetsState: 0.130ms
	InvokeProjectHasChanged: 0.000ms
	UpdateImportedAssetsSnapshot: 0.000ms
	ReloadSourceAssets: 1.036ms
	UnloadImportedAssets: 0.009ms
	Hotreload: 0.305ms
	FixTempGuids: 0.006ms
	VerifyGuidPMRegistrations: 0.000ms
	GatherAllCurrentPrimaryArtifactRevisions: 0.001ms
	UnloadStreamsBegin: 0.383ms
	LoadedImportedAssetsSnapshotReleaseGCHandles: 0.014ms
	GetLoadedSourceAssetsSnapshot: 0.171ms
	PersistCurrentRevisions: 0.000ms
	UnloadStreamsEnd: 13.357ms
	GenerateScriptTypeHashes: 0.361ms
	Untracked: 1.100ms
Refresh completed in 0.126815 seconds.
RefreshInfo: RefreshV2(ForceSynchronousImport)
RefreshProfiler: Total: 126.796ms
	InvokeBeforeRefreshCallbacks: 0.573ms
	ApplyChangesToAssetFolders: 0.064ms
	WriteModifiedImportersToTextMetaFiles: 0.000ms
	CleanLegacyArtifacts: 0.000ms
	Scan: 62.681ms
	OnSourceAssetsModified: 0.000ms
	UnregisterDeletedAssets: 0.000ms
	InitializeImportedAssetsSnapshot: 6.111ms
	GetAllGuidsForCategorization: 0.001ms
	CategorizeAssets: 50.084ms
	ImportAndPostprocessOutOfDateAssets: 3.741ms (1.122ms without children)
		ImportManagerImport: 0.000ms (0.000ms without children)
			ImportInProcess: 0.000ms
			ImportOutOfProcess: 0.000ms
			UpdateCategorizedAssets: 0.000ms
			RemoteAssetCacheGetArtifact: 0.000ms (0.000ms without children)
				RemoteAssetCacheResolve: 0.000ms
				RemoteAssetCacheDownloadFile: 0.000ms
		CompileScripts: 0.000ms
		PostProcessAllAssets: 0.000ms
		ReloadImportedAssets: 0.000ms
		VerifyAssetsAreUpToDateAndCorrect: 0.000ms
		EnsureUptoDateAssetsAreRegisteredWithGuidPM: 0.445ms
		InitializingProgressBar: 0.000ms
		PostProcessAllAssetNotificationsAddChangedAssets: 0.164ms
		OnDemandSchedulerStart: 0.533ms
		RestoreLoadedAssetsState: 1.476ms
	InvokeProjectHasChanged: 0.000ms
	UpdateImportedAssetsSnapshot: 0.000ms
	ReloadSourceAssets: 0.459ms
	UnloadImportedAssets: 0.193ms
	Hotreload: 0.028ms
	FixTempGuids: 0.004ms
	VerifyGuidPMRegistrations: 0.000ms
	GatherAllCurrentPrimaryArtifactRevisions: 0.326ms
	UnloadStreamsBegin: 0.033ms
	LoadedImportedAssetsSnapshotReleaseGCHandles: 0.759ms
	GetLoadedSourceAssetsSnapshot: 2.064ms
	PersistCurrentRevisions: 0.000ms
	UnloadStreamsEnd: 0.020ms
	GenerateScriptTypeHashes: 0.327ms
	Untracked: -0.344ms
RefreshInfo: StopAssetImportingV2(ForceSynchronousImport)
RefreshProfiler: Total: 10.440ms
	InvokeBeforeRefreshCallbacks: 0.530ms
	ApplyChangesToAssetFolders: 0.047ms
	WriteModifiedImportersToTextMetaFiles: 0.000ms
	CleanLegacyArtifacts: 0.000ms
	Scan: 3.153ms
	OnSourceAssetsModified: 0.000ms
	UnregisterDeletedAssets: 0.000ms
	InitializeImportedAssetsSnapshot: 3.822ms
	GetAllGuidsForCategorization: 0.000ms
	CategorizeAssets: 0.000ms
	ImportAndPostprocessOutOfDateAssets: 0.000ms (0.000ms without children)
		ImportManagerImport: 0.000ms (0.000ms without children)
			ImportInProcess: 0.000ms
			ImportOutOfProcess: 0.000ms
			UpdateCategorizedAssets: 0.000ms
			RemoteAssetCacheGetArtifact: 0.000ms (0.000ms without children)
				RemoteAssetCacheResolve: 0.000ms
				RemoteAssetCacheDownloadFile: 0.000ms
		CompileScripts: 0.000ms
		PostProcessAllAssets: 0.000ms
		ReloadImportedAssets: 0.000ms
		VerifyAssetsAreUpToDateAndCorrect: 0.000ms
		EnsureUptoDateAssetsAreRegisteredWithGuidPM: 0.000ms
		InitializingProgressBar: 0.000ms
		PostProcessAllAssetNotificationsAddChangedAssets: 0.000ms
		OnDemandSchedulerStart: 0.000ms
		RestoreLoadedAssetsState: 0.000ms
	InvokeProjectHasChanged: 0.000ms
	UpdateImportedAssetsSnapshot: 0.000ms
	ReloadSourceAssets: 0.000ms
	UnloadImportedAssets: 0.000ms
	Hotreload: 0.033ms
	FixTempGuids: 0.005ms
	VerifyGuidPMRegistrations: 0.000ms
	GatherAllCurrentPrimaryArtifactRevisions: 0.315ms
	UnloadStreamsBegin: 0.104ms
	LoadedImportedAssetsSnapshotReleaseGCHandles: 0.890ms
	GetLoadedSourceAssetsSnapshot: 0.548ms
	PersistCurrentRevisions: 0.000ms
	UnloadStreamsEnd: 0.021ms
	GenerateScriptTypeHashes: 0.000ms
	Untracked: 0.971ms
Unaligned transfer in 'PSOCollection' at variable 'size'.
Next unaligned data path:  ->  ->  -> Base(PSOCollection) m_PipelineStates(vector) Array(Array) size(int)  
(Filename: D:\CI\ml\20190433\pre_release\Runtime/Serialize/TransferFunctions/GenerateTypeTreeTransfer.cpp Line: 274)

Refresh completed in 0.123991 seconds.
RefreshInfo: RefreshV2(NoUpdateAssetOptions)
RefreshProfiler: Total: 123.918ms
	InvokeBeforeRefreshCallbacks: 0.001ms
	ApplyChangesToAssetFolders: 0.100ms
	WriteModifiedImportersToTextMetaFiles: 0.000ms
	CleanLegacyArtifacts: 0.000ms
	Scan: 55.622ms
	OnSourceAssetsModified: 0.000ms
	UnregisterDeletedAssets: 0.000ms
	InitializeImportedAssetsSnapshot: 5.566ms
	GetAllGuidsForCategorization: 0.000ms
	CategorizeAssets: 51.939ms
	ImportAndPostprocessOutOfDateAssets: 4.699ms (0.778ms without children)
		ImportManagerImport: 0.000ms (0.000ms without children)
			ImportInProcess: 0.000ms
			ImportOutOfProcess: 0.000ms
			UpdateCategorizedAssets: 0.000ms
			RemoteAssetCacheGetArtifact: 0.000ms (0.000ms without children)
				RemoteAssetCacheResolve: 0.000ms
				RemoteAssetCacheDownloadFile: 0.000ms
		CompileScripts: 0.000ms
		PostProcessAllAssets: 0.001ms
		ReloadImportedAssets: 0.000ms
		VerifyAssetsAreUpToDateAndCorrect: 0.000ms
		EnsureUptoDateAssetsAreRegisteredWithGuidPM: 0.657ms
		InitializingProgressBar: 0.000ms
		PostProcessAllAssetNotificationsAddChangedAssets: 0.226ms
		OnDemandSchedulerStart: 0.270ms
		RestoreLoadedAssetsState: 2.766ms
	InvokeProjectHasChanged: 0.000ms
	UpdateImportedAssetsSnapshot: 0.000ms
	ReloadSourceAssets: 0.748ms
	UnloadImportedAssets: 0.272ms
	Hotreload: 0.064ms
	FixTempGuids: 0.007ms
	VerifyGuidPMRegistrations: 0.000ms
	GatherAllCurrentPrimaryArtifactRevisions: 0.434ms
	UnloadStreamsBegin: 0.088ms
	LoadedImportedAssetsSnapshotReleaseGCHandles: 1.571ms
	GetLoadedSourceAssetsSnapshot: 3.552ms
	PersistCurrentRevisions: 0.000ms
	UnloadStreamsEnd: 0.055ms
	GenerateScriptTypeHashes: 0.000ms
	Untracked: -0.799ms
Launched and connected shader compiler UnityShaderCompiler.exe after 0.06 seconds
Initializing Unity extensions:
 'F:/unity/Unity20190433_release/Editor/Data/UnityExtensions/Unity/UnityVR/Editor/UnityEditor.VR.dll'  GUID: 4ba2329b63d54f0187bcaa12486b1b0f
Unloading 89 Unused Serialized files (Serialized files now loaded: 0)
Opening scene 'Assets/Scenes/SampleScene.unity'
LightmapEditorSettings: switching bake backend from 1 to 0.
Unloading 2 Unused Serialized files (Serialized files now loaded: 0)
Loaded scene 'Assets/Scenes/SampleScene.unity'
	Deserialize:            0.896 ms
	Integration:            7.070 ms
	Integration of assets:  0.005 ms
	Thread Wait Time:       37.042 ms
	Total Operation Time:   45.014 ms
[Project] Loading completed in 7.234 seconds
	Project init time: 				0.303 seconds
		Template init time: 		0.000 seconds
		Services packages init time: 	0.000 seconds
		Package Manager init time: 		0.000 seconds
		Asset Database init time: 		0.000 seconds
		Global illumination init time: 	0.000 seconds
		Assemblies load time: 			0.000 seconds
		Unity extensions init time: 	0.002 seconds
		Asset Database refresh time: 	0.000 seconds
	Scene opening time: 			0.265 seconds
Reloading assemblies for play mode.
Begin MonoManager ReloadAssembly
Failed to load: F:/unity/Unity20190433_release/Editor/Data/PlaybackEngines/iOSSupport\x86_64\UnityEditor.iOS.Native.dll
Native extension for iOS target not found
Native extension for Android target not found
Native extension for LinuxStandalone target not found
Native extension for WindowsStandalone target not found
Refreshing native plugins compatible for Editor in 14.95 ms, found 3 plugins.
Preloading 0 native plugins for Editor in 0.00 ms.
mypath=F:\unity\Unity20190433_release\Editor\Data\Managed\UnityEditor.dll
UnityEngine.DebugLogHandler:Internal_Log(LogType, LogOption, String, Object)
UnityEngine.DebugLogHandler:LogFormat(LogType, Object, String, Object[])
UnityEngine.Logger:Log(LogType, Object)
UnityEngine.Debug:LogWarning(Object)
UnityEditor.popupLOD:InitCfgFile() (at D:\CI\ml\20190433\pre_release\Editor\Mono\GUI\Toolbar.cs:381)
UnityEditor.popupLOD:.cctor() (at D:\CI\ml\20190433\pre_release\Editor\Mono\GUI\Toolbar.cs:376)
System.Object:__icall_wrapper_mono_generic_class_init(IntPtr)
UnityEditor.Toolbar:.cctor() (at D:\CI\ml\20190433\pre_release\Editor\Mono\GUI\Toolbar.cs:582)
CollabProxy.UI.Bootstrap:.cctor() (at Library\PackageCache\com.unity.collab-proxy@1.14.1\Editor\Collaborate\Collab\Bootstrap.cs:21)
System.Runtime.CompilerServices.RuntimeHelpers:RunClassConstructor(IntPtr)
System.Runtime.CompilerServices.RuntimeHelpers:RunClassConstructor(RuntimeTypeHandle)
UnityEditor.EditorAssemblies:ProcessInitializeOnLoadAttributes(Type[]) (at D:\CI\ml\20190433\pre_release\Editor\Mono\EditorAssemblies.cs:134)
 
(Filename: Library/PackageCache/com.unity.collab-proxy@1.14.1/Editor/Collaborate/Collab/Bootstrap.cs Line: 21)

Load from CfgFile=F:\unity\Unity20190433_release\Editor\lodinfo.txt
UnityEngine.DebugLogHandler:Internal_Log(LogType, LogOption, String, Object)
UnityEngine.DebugLogHandler:LogFormat(LogType, Object, String, Object[])
UnityEngine.Logger:Log(LogType, Object)
UnityEngine.Debug:LogWarning(Object)
UnityEditor.popupLOD:InitCfgFile() (at D:\CI\ml\20190433\pre_release\Editor\Mono\GUI\Toolbar.cs:404)
UnityEditor.popupLOD:.cctor() (at D:\CI\ml\20190433\pre_release\Editor\Mono\GUI\Toolbar.cs:376)
System.Object:__icall_wrapper_mono_generic_class_init(IntPtr)
UnityEditor.Toolbar:.cctor() (at D:\CI\ml\20190433\pre_release\Editor\Mono\GUI\Toolbar.cs:582)
CollabProxy.UI.Bootstrap:.cctor() (at Library\PackageCache\com.unity.collab-proxy@1.14.1\Editor\Collaborate\Collab\Bootstrap.cs:21)
System.Runtime.CompilerServices.RuntimeHelpers:RunClassConstructor(IntPtr)
System.Runtime.CompilerServices.RuntimeHelpers:RunClassConstructor(RuntimeTypeHandle)
UnityEditor.EditorAssemblies:ProcessInitializeOnLoadAttributes(Type[]) (at D:\CI\ml\20190433\pre_release\Editor\Mono\EditorAssemblies.cs:134)
 
(Filename: Library/PackageCache/com.unity.collab-proxy@1.14.1/Editor/Collaborate/Collab/Bootstrap.cs Line: 21)

Adding genesis user token Mono: successfully reloaded assembly
- Completed reload, in  0.935 seconds
Domain Reload Profiling:
	ReloadAssembly (969ms)
		BeginReloadAssembly (83ms)
			ExecutionOrderSort (0ms)
			DisableScriptedObjects (1ms)
			BackupInstance (0ms)
			ReleaseScriptingObjects (0ms)
			CreateAndSetChildDomain (38ms)
		EndReloadAssembly (844ms)
			LoadAssemblies (229ms)
			RebuildTransferFunctionScriptingTraits (0ms)
			SetupTypeCache (170ms)
			ReleaseScriptCaches (1ms)
			RebuildScriptCaches (38ms)
			SetupLoadedEditorAssemblies (342ms)
				LogAssemblyErrors (0ms)
				InitializePlatformSupportModulesInManaged (20ms)
				SetLoadedEditorAssemblies (0ms)
				RefreshPlugins (15ms)
				BeforeProcessingInitializeOnLoad (87ms)
				ProcessInitializeOnLoadAttributes (185ms)
				ProcessInitializeOnLoadMethodAttributes (30ms)
				AfterProcessingInitializeOnLoad (4ms)
				EditorAssembliesLoaded (0ms)
			ExecutionOrderSort2 (0ms)
			AwakeInstancesAfterBackupRestoration (5ms)
Platform modules already initialized, skipping
LightmapEditorSettings: switching bake backend from 1 to 0.
DiceKingDemo: roll feedback config loaded from Resources/Data/roll_feedback_config. Override path: C:/Users/admin/AppData/LocalLow/DefaultCompany/wabish\roll_feedback_config.csv. Resource rows 22, skipped 0; override rows 0, skipped 0. 基础滚动 0.56 秒，窗口 0 秒，冲量上限 8，回落 0.66 秒。
UnityEngine.DebugLogHandler:Internal_Log(LogType, LogOption, String, Object)
UnityEngine.DebugLogHandler:LogFormat(LogType, Object, String, Object[])
UnityEngine.Logger:Log(LogType, Object)
UnityEngine.Debug:Log(Object)
DiceKingDemo:LoadRollFeedbackConfig(Boolean) (at Assets\Scripts\DiceKingDemo.cs:25284)
DiceKingDemo:Awake() (at Assets\Scripts\DiceKingDemo.cs:1776)
UnityEngine.GameObject:Internal_AddComponentWithType(Type)
UnityEngine.GameObject:AddComponent(Type) (at D:\CI\ml\20190433\pre_release\Runtime\Export\Scripting\GameObject.bindings.cs:246)
UnityEngine.GameObject:AddComponent() (at D:\CI\ml\20190433\pre_release\Runtime\Export\Scripting\GameObject.bindings.cs:251)
DiceKingDemo:Bootstrap() (at Assets\Scripts\DiceKingDemo.cs:1758)
 
(Filename: Assets/Scripts/DiceKingDemo.cs Line: 25284)

Loaded scene 'Temp/__Backupscenes/0.backup'
	Deserialize:            0.397 ms
	Integration:            154.478 ms
	Integration of assets:  0.007 ms
	Thread Wait Time:       18.577 ms
	Total Operation Time:   173.459 ms
[FunctionTable] EnterPlay.
[MODES] Loading mode Default (0) for mode-current-id-wabish
Created GICache directory at C:/Users/admin/AppData/LocalLow/Unity/Caches/GiCache. Took: 0.031s, timestamps: [8.426 - 8.457]
Setting up 14 worker threads for Enlighten.
  Thread -> id: 87e8 -> priority: 1 
  Thread -> id: 7040 -> priority: 1 
  Thread -> id: 2eac -> priority: 1 
  Thread -> id: b5c8 -> priority: 1 
  Thread -> id: 7e54 -> priority: 1 
  Thread -> id: cac8 -> priority: 1 
  Thread -> id: eebc -> priority: 1 
  Thread -> id: b83c -> priority: 1 
  Thread -> id: b508 -> priority: 1 
  Thread -> id: 67fc -> priority: 1 
  Thread -> id: d46c -> priority: 1 
  Thread -> id: 60e8 -> priority: 1 
  Thread -> id: bad8 -> priority: 1 
  Thread -> id: e7bc -> priority: 1 
<RI> Initialized touch support.
Refresh completed in 0.125275 seconds.
RefreshInfo: RefreshV2(ForceSynchronousImport)
RefreshProfiler: Total: 125.201ms
	InvokeBeforeRefreshCallbacks: 0.799ms
	ApplyChangesToAssetFolders: 0.110ms
	WriteModifiedImportersToTextMetaFiles: 0.000ms
	CleanLegacyArtifacts: 0.000ms
	Scan: 55.882ms
	OnSourceAssetsModified: 0.000ms
	UnregisterDeletedAssets: 0.000ms
	InitializeImportedAssetsSnapshot: 7.345ms
	GetAllGuidsForCategorization: 0.000ms
	CategorizeAssets: 49.884ms
	ImportAndPostprocessOutOfDateAssets: 3.728ms (1.239ms without children)
		ImportManagerImport: 0.000ms (0.000ms without children)
			ImportInProcess: 0.000ms
			ImportOutOfProcess: 0.000ms
			UpdateCategorizedAssets: 0.000ms
			RemoteAssetCacheGetArtifact: 0.000ms (0.000ms without children)
				RemoteAssetCacheResolve: 0.000ms
				RemoteAssetCacheDownloadFile: 0.000ms
		CompileScripts: 0.000ms
		PostProcessAllAssets: 0.000ms
		ReloadImportedAssets: 0.000ms
		VerifyAssetsAreUpToDateAndCorrect: 0.000ms
		EnsureUptoDateAssetsAreRegisteredWithGuidPM: 0.389ms
		InitializingProgressBar: 0.000ms
		PostProcessAllAssetNotificationsAddChangedAssets: 0.218ms
		OnDemandSchedulerStart: 0.365ms
		RestoreLoadedAssetsState: 1.516ms
	InvokeProjectHasChanged: 0.000ms
	UpdateImportedAssetsSnapshot: 0.000ms
	ReloadSourceAssets: 0.511ms
	UnloadImportedAssets: 0.146ms
	Hotreload: 0.045ms
	FixTempGuids: 0.006ms
	VerifyGuidPMRegistrations: 0.000ms
	GatherAllCurrentPrimaryArtifactRevisions: 0.454ms
	UnloadStreamsBegin: 1.306ms
	LoadedImportedAssetsSnapshotReleaseGCHandles: 1.150ms
	GetLoadedSourceAssetsSnapshot: 2.900ms
	PersistCurrentRevisions: 0.000ms
	UnloadStreamsEnd: 0.021ms
	GenerateScriptTypeHashes: 0.397ms
	Untracked: 0.914ms
WabishF009SettlementFinaleCapture: captured 20260723_f009_settlement_finale_miss_reverse_release_1920x1080.png at TargetSettle/Miss.
UnityEngine.DebugLogHandler:Internal_Log(LogType, LogOption, String, Object)
UnityEngine.DebugLogHandler:LogFormat(LogType, Object, String, Object[])
UnityEngine.Logger:Log(LogType, Object)
UnityEngine.Debug:Log(Object)
WabishF009SettlementFinaleCapture:CaptureFrame(String) (at Assets\Editor\WabishF009SettlementFinaleCapture.cs:435)
WabishF009SettlementFinaleCapture:Update() (at Assets\Editor\WabishF009SettlementFinaleCapture.cs:163)
System.Reflection.MonoMethod:InternalInvoke(Object, Object[], Exception&)
System.Reflection.MonoMethod:Invoke(Object, BindingFlags, Binder, Object[], CultureInfo)
System.Reflection.MethodBase:Invoke(Object, Object[])
System.Delegate:DynamicInvokeImpl(Object[])
System.MulticastDelegate:DynamicInvokeImpl(Object[])
System.Delegate:DynamicInvoke(Object[])
UnityEditor.EditorApplication:Internal_CallUpdateFunctions() (at D:\CI\ml\20190433\pre_release\Editor\Mono\EditorApplication.cs:310)
 
(Filename: Assets/Editor/WabishF009SettlementFinaleCapture.cs Line: 435)

WabishF009SettlementFinaleCapture: captured 20260723_f009_settlement_finale_pass_single_latch_1920x1080.png at TargetSettle/Pass.
UnityEngine.DebugLogHandler:Internal_Log(LogType, LogOption, String, Object)
UnityEngine.DebugLogHandler:LogFormat(LogType, Object, String, Object[])
UnityEngine.Logger:Log(LogType, Object)
UnityEngine.Debug:Log(Object)
WabishF009SettlementFinaleCapture:CaptureFrame(String) (at Assets\Editor\WabishF009SettlementFinaleCapture.cs:435)
WabishF009SettlementFinaleCapture:Update() (at Assets\Editor\WabishF009SettlementFinaleCapture.cs:163)
System.Reflection.MonoMethod:InternalInvoke(Object, Object[], Exception&)
System.Reflection.MonoMethod:Invoke(Object, BindingFlags, Binder, Object[], CultureInfo)
System.Reflection.MethodBase:Invoke(Object, Object[])
System.Delegate:DynamicInvokeImpl(Object[])
System.MulticastDelegate:DynamicInvokeImpl(Object[])
System.Delegate:DynamicInvoke(Object[])
UnityEditor.EditorApplication:Internal_CallUpdateFunctions() (at D:\CI\ml\20190433\pre_release\Editor\Mono\EditorApplication.cs:310)
 
(Filename: Assets/Editor/WabishF009SettlementFinaleCapture.cs Line: 435)

WabishF009SettlementFinaleCapture: captured 20260723_f009_settlement_finale_exceed_relay_outbound_1920x1080.png at TargetSettle/Exceed.
UnityEngine.DebugLogHandler:Internal_Log(LogType, LogOption, String, Object)
UnityEngine.DebugLogHandler:LogFormat(LogType, Object, String, Object[])
UnityEngine.Logger:Log(LogType, Object)
UnityEngine.Debug:Log(Object)
WabishF009SettlementFinaleCapture:CaptureFrame(String) (at Assets\Editor\WabishF009SettlementFinaleCapture.cs:435)
WabishF009SettlementFinaleCapture:Update() (at Assets\Editor\WabishF009SettlementFinaleCapture.cs:163)
System.Reflection.MonoMethod:InternalInvoke(Object, Object[], Exception&)
System.Reflection.MonoMethod:Invoke(Object, BindingFlags, Binder, Object[], CultureInfo)
System.Reflection.MethodBase:Invoke(Object, Object[])
System.Delegate:DynamicInvokeImpl(Object[])
System.MulticastDelegate:DynamicInvokeImpl(Object[])
System.Delegate:DynamicInvoke(Object[])
UnityEditor.EditorApplication:Internal_CallUpdateFunctions() (at D:\CI\ml\20190433\pre_release\Editor\Mono\EditorApplication.cs:310)
 
(Filename: Assets/Editor/WabishF009SettlementFinaleCapture.cs Line: 435)

WabishF009SettlementFinaleCapture: captured 20260723_f009_settlement_finale_exceed_double_relay_1920x1080.png at TargetSettle/Exceed.
UnityEngine.DebugLogHandler:Internal_Log(LogType, LogOption, String, Object)
UnityEngine.DebugLogHandler:LogFormat(LogType, Object, String, Object[])
UnityEngine.Logger:Log(LogType, Object)
UnityEngine.Debug:Log(Object)
WabishF009SettlementFinaleCapture:CaptureFrame(String) (at Assets\Editor\WabishF009SettlementFinaleCapture.cs:435)
WabishF009SettlementFinaleCapture:Update() (at Assets\Editor\WabishF009SettlementFinaleCapture.cs:163)
System.Reflection.MonoMethod:InternalInvoke(Object, Object[], Exception&)
System.Reflection.MonoMethod:Invoke(Object, BindingFlags, Binder, Object[], CultureInfo)
System.Reflection.MethodBase:Invoke(Object, Object[])
System.Delegate:DynamicInvokeImpl(Object[])
System.MulticastDelegate:DynamicInvokeImpl(Object[])
System.Delegate:DynamicInvoke(Object[])
UnityEditor.EditorApplication:Internal_CallUpdateFunctions() (at D:\CI\ml\20190433\pre_release\Editor\Mono\EditorApplication.cs:310)
 
(Filename: Assets/Editor/WabishF009SettlementFinaleCapture.cs Line: 435)

WabishF009SettlementFinaleCapture: captured 20260723_f009_settlement_finale_farexceed_cabinet_overload_1920x1080.png at TargetSettle/FarExceed.
UnityEngine.DebugLogHandler:Internal_Log(LogType, LogOption, String, Object)
UnityEngine.DebugLogHandler:LogFormat(LogType, Object, String, Object[])
UnityEngine.Logger:Log(LogType, Object)
UnityEngine.Debug:Log(Object)
WabishF009SettlementFinaleCapture:CaptureFrame(String) (at Assets\Editor\WabishF009SettlementFinaleCapture.cs:435)
WabishF009SettlementFinaleCapture:Update() (at Assets\Editor\WabishF009SettlementFinaleCapture.cs:163)
System.Reflection.MonoMethod:InternalInvoke(Object, Object[], Exception&)
System.Reflection.MonoMethod:Invoke(Object, BindingFlags, Binder, Object[], CultureInfo)
System.Reflection.MethodBase:Invoke(Object, Object[])
System.Delegate:DynamicInvokeImpl(Object[])
System.MulticastDelegate:DynamicInvokeImpl(Object[])
System.Delegate:DynamicInvoke(Object[])
UnityEditor.EditorApplication:Internal_CallUpdateFunctions() (at D:\CI\ml\20190433\pre_release\Editor\Mono\EditorApplication.cs:310)
 
(Filename: Assets/Editor/WabishF009SettlementFinaleCapture.cs Line: 435)

WabishF009SettlementFinaleCapture: captured 20260723_f009_settlement_finale_farexceed_cabinet_reseat_1920x1080.png at TargetSettle/FarExceed.
UnityEngine.DebugLogHandler:Internal_Log(LogType, LogOption, String, Object)
UnityEngine.DebugLogHandler:LogFormat(LogType, Object, String, Object[])
UnityEngine.Logger:Log(LogType, Object)
UnityEngine.Debug:Log(Object)
WabishF009SettlementFinaleCapture:CaptureFrame(String) (at Assets\Editor\WabishF009SettlementFinaleCapture.cs:435)
WabishF009SettlementFinaleCapture:Update() (at Assets\Editor\WabishF009SettlementFinaleCapture.cs:163)
System.Reflection.MonoMethod:InternalInvoke(Object, Object[], Exception&)
System.Reflection.MonoMethod:Invoke(Object, BindingFlags, Binder, Object[], CultureInfo)
System.Reflection.MethodBase:Invoke(Object, Object[])
System.Delegate:DynamicInvokeImpl(Object[])
System.MulticastDelegate:DynamicInvokeImpl(Object[])
System.Delegate:DynamicInvoke(Object[])
UnityEditor.EditorApplication:Internal_CallUpdateFunctions() (at D:\CI\ml\20190433\pre_release\Editor\Mono\EditorApplication.cs:310)
 
(Filename: Assets/Editor/WabishF009SettlementFinaleCapture.cs Line: 435)

WabishF009SettlementFinaleCapture: captured 20260723_f009_settlement_finale_critical_vacuum_1920x1080.png at TargetSettle/Critical.
UnityEngine.DebugLogHandler:Internal_Log(LogType, LogOption, String, Object)
UnityEngine.DebugLogHandler:LogFormat(LogType, Object, String, Object[])
UnityEngine.Logger:Log(LogType, Object)
UnityEngine.Debug:Log(Object)
WabishF009SettlementFinaleCapture:CaptureFrame(String) (at Assets\Editor\WabishF009SettlementFinaleCapture.cs:435)
WabishF009SettlementFinaleCapture:Update() (at Assets\Editor\WabishF009SettlementFinaleCapture.cs:163)
System.Reflection.MonoMethod:InternalInvoke(Object, Object[], Exception&)
System.Reflection.MonoMethod:Invoke(Object, BindingFlags, Binder, Object[], CultureInfo)
System.Reflection.MethodBase:Invoke(Object, Object[])
System.Delegate:DynamicInvokeImpl(Object[])
System.MulticastDelegate:DynamicInvokeImpl(Object[])
System.Delegate:DynamicInvoke(Object[])
UnityEditor.EditorApplication:Internal_CallUpdateFunctions() (at D:\CI\ml\20190433\pre_release\Editor\Mono\EditorApplication.cs:310)
 
(Filename: Assets/Editor/WabishF009SettlementFinaleCapture.cs Line: 435)

WabishF009SettlementFinaleCapture: captured 20260723_f009_settlement_finale_critical_breakthrough_1920x1080.png at TargetSettle/Critical.
UnityEngine.DebugLogHandler:Internal_Log(LogType, LogOption, String, Object)
UnityEngine.DebugLogHandler:LogFormat(LogType, Object, String, Object[])
UnityEngine.Logger:Log(LogType, Object)
UnityEngine.Debug:Log(Object)
WabishF009SettlementFinaleCapture:CaptureFrame(String) (at Assets\Editor\WabishF009SettlementFinaleCapture.cs:435)
WabishF009SettlementFinaleCapture:Update() (at Assets\Editor\WabishF009SettlementFinaleCapture.cs:163)
System.Reflection.MonoMethod:InternalInvoke(Object, Object[], Exception&)
System.Reflection.MonoMethod:Invoke(Object, BindingFlags, Binder, Object[], CultureInfo)
System.Reflection.MethodBase:Invoke(Object, Object[])
System.Delegate:DynamicInvokeImpl(Object[])
System.MulticastDelegate:DynamicInvokeImpl(Object[])
System.Delegate:DynamicInvoke(Object[])
UnityEditor.EditorApplication:Internal_CallUpdateFunctions() (at D:\CI\ml\20190433\pre_release\Editor\Mono\EditorApplication.cs:310)
 
(Filename: Assets/Editor/WabishF009SettlementFinaleCapture.cs Line: 435)

WabishF009SettlementFinaleCapture: captured 20260723_f009_settlement_finale_critical_aftershock_1920x1080.png at TargetSettle/Critical.
UnityEngine.DebugLogHandler:Internal_Log(LogType, LogOption, String, Object)
UnityEngine.DebugLogHandler:LogFormat(LogType, Object, String, Object[])
UnityEngine.Logger:Log(LogType, Object)
UnityEngine.Debug:Log(Object)
WabishF009SettlementFinaleCapture:CaptureFrame(String) (at Assets\Editor\WabishF009SettlementFinaleCapture.cs:435)
WabishF009SettlementFinaleCapture:Update() (at Assets\Editor\WabishF009SettlementFinaleCapture.cs:163)
System.Reflection.MonoMethod:InternalInvoke(Object, Object[], Exception&)
System.Reflection.MonoMethod:Invoke(Object, BindingFlags, Binder, Object[], CultureInfo)
System.Reflection.MethodBase:Invoke(Object, Object[])
System.Delegate:DynamicInvokeImpl(Object[])
System.MulticastDelegate:DynamicInvokeImpl(Object[])
System.Delegate:DynamicInvoke(Object[])
UnityEditor.EditorApplication:Internal_CallUpdateFunctions() (at D:\CI\ml\20190433\pre_release\Editor\Mono\EditorApplication.cs:310)
 
(Filename: Assets/Editor/WabishF009SettlementFinaleCapture.cs Line: 435)

WabishF009SettlementFinaleCapture: captured 20260723_f009_settlement_finale_pass_single_latch_reduced_1920x1080.png at TargetSettle/Pass.
UnityEngine.DebugLogHandler:Internal_Log(LogType, LogOption, String, Object)
UnityEngine.DebugLogHandler:LogFormat(LogType, Object, String, Object[])
UnityEngine.Logger:Log(LogType, Object)
UnityEngine.Debug:Log(Object)
WabishF009SettlementFinaleCapture:CaptureFrame(String) (at Assets\Editor\WabishF009SettlementFinaleCapture.cs:435)
WabishF009SettlementFinaleCapture:Update() (at Assets\Editor\WabishF009SettlementFinaleCapture.cs:163)
System.Reflection.MonoMethod:InternalInvoke(Object, Object[], Exception&)
System.Reflection.MonoMethod:Invoke(Object, BindingFlags, Binder, Object[], CultureInfo)
System.Reflection.MethodBase:Invoke(Object, Object[])
System.Delegate:DynamicInvokeImpl(Object[])
System.MulticastDelegate:DynamicInvokeImpl(Object[])
System.Delegate:DynamicInvoke(Object[])
UnityEditor.EditorApplication:Internal_CallUpdateFunctions() (at D:\CI\ml\20190433\pre_release\Editor\Mono\EditorApplication.cs:310)
 
(Filename: Assets/Editor/WabishF009SettlementFinaleCapture.cs Line: 435)

WabishF009SettlementFinaleCapture: captured 20260723_f009_settlement_finale_exceed_double_relay_reduced_1920x1080.png at TargetSettle/Exceed.
UnityEngine.DebugLogHandler:Internal_Log(LogType, LogOption, String, Object)
UnityEngine.DebugLogHandler:LogFormat(LogType, Object, String, Object[])
UnityEngine.Logger:Log(LogType, Object)
UnityEngine.Debug:Log(Object)
WabishF009SettlementFinaleCapture:CaptureFrame(String) (at Assets\Editor\WabishF009SettlementFinaleCapture.cs:435)
WabishF009SettlementFinaleCapture:Update() (at Assets\Editor\WabishF009SettlementFinaleCapture.cs:163)
System.Reflection.MonoMethod:InternalInvoke(Object, Object[], Exception&)
System.Reflection.MonoMethod:Invoke(Object, BindingFlags, Binder, Object[], CultureInfo)
System.Reflection.MethodBase:Invoke(Object, Object[])
System.Delegate:DynamicInvokeImpl(Object[])
System.MulticastDelegate:DynamicInvokeImpl(Object[])
System.Delegate:DynamicInvoke(Object[])
UnityEditor.EditorApplication:Internal_CallUpdateFunctions() (at D:\CI\ml\20190433\pre_release\Editor\Mono\EditorApplication.cs:310)
 
(Filename: Assets/Editor/WabishF009SettlementFinaleCapture.cs Line: 435)

WabishF009SettlementFinaleCapture: captured 20260723_f009_settlement_finale_farexceed_cabinet_overload_reduced_1920x1080.png at TargetSettle/FarExceed.
UnityEngine.DebugLogHandler:Internal_Log(LogType, LogOption, String, Object)
UnityEngine.DebugLogHandler:LogFormat(LogType, Object, String, Object[])
UnityEngine.Logger:Log(LogType, Object)
UnityEngine.Debug:Log(Object)
WabishF009SettlementFinaleCapture:CaptureFrame(String) (at Assets\Editor\WabishF009SettlementFinaleCapture.cs:435)
WabishF009SettlementFinaleCapture:Update() (at Assets\Editor\WabishF009SettlementFinaleCapture.cs:163)
System.Reflection.MonoMethod:InternalInvoke(Object, Object[], Exception&)
System.Reflection.MonoMethod:Invoke(Object, BindingFlags, Binder, Object[], CultureInfo)
System.Reflection.MethodBase:Invoke(Object, Object[])
System.Delegate:DynamicInvokeImpl(Object[])
System.MulticastDelegate:DynamicInvokeImpl(Object[])
System.Delegate:DynamicInvoke(Object[])
UnityEditor.EditorApplication:Internal_CallUpdateFunctions() (at D:\CI\ml\20190433\pre_release\Editor\Mono\EditorApplication.cs:310)
 
(Filename: Assets/Editor/WabishF009SettlementFinaleCapture.cs Line: 435)

WabishF009SettlementFinaleCapture: captured 20260723_f009_settlement_finale_critical_breakthrough_reduced_1920x1080.png at TargetSettle/Critical.
UnityEngine.DebugLogHandler:Internal_Log(LogType, LogOption, String, Object)
UnityEngine.DebugLogHandler:LogFormat(LogType, Object, String, Object[])
UnityEngine.Logger:Log(LogType, Object)
UnityEngine.Debug:Log(Object)
WabishF009SettlementFinaleCapture:CaptureFrame(String) (at Assets\Editor\WabishF009SettlementFinaleCapture.cs:435)
WabishF009SettlementFinaleCapture:Update() (at Assets\Editor\WabishF009SettlementFinaleCapture.cs:163)
System.Reflection.MonoMethod:InternalInvoke(Object, Object[], Exception&)
System.Reflection.MonoMethod:Invoke(Object, BindingFlags, Binder, Object[], CultureInfo)
System.Reflection.MethodBase:Invoke(Object, Object[])
System.Delegate:DynamicInvokeImpl(Object[])
System.MulticastDelegate:DynamicInvokeImpl(Object[])
System.Delegate:DynamicInvoke(Object[])
UnityEditor.EditorApplication:Internal_CallUpdateFunctions() (at D:\CI\ml\20190433\pre_release\Editor\Mono\EditorApplication.cs:310)
 
(Filename: Assets/Editor/WabishF009SettlementFinaleCapture.cs Line: 435)

WabishF009SettlementFinaleCapture: captured 20260723_f009_settlement_finale_miss_reverse_release_1280x720.png at TargetSettle/Miss.
UnityEngine.DebugLogHandler:Internal_Log(LogType, LogOption, String, Object)
UnityEngine.DebugLogHandler:LogFormat(LogType, Object, String, Object[])
UnityEngine.Logger:Log(LogType, Object)
UnityEngine.Debug:Log(Object)
WabishF009SettlementFinaleCapture:CaptureFrame(String) (at Assets\Editor\WabishF009SettlementFinaleCapture.cs:435)
WabishF009SettlementFinaleCapture:Update() (at Assets\Editor\WabishF009SettlementFinaleCapture.cs:163)
System.Reflection.MonoMethod:InternalInvoke(Object, Object[], Exception&)
System.Reflection.MonoMethod:Invoke(Object, BindingFlags, Binder, Object[], CultureInfo)
System.Reflection.MethodBase:Invoke(Object, Object[])
System.Delegate:DynamicInvokeImpl(Object[])
System.MulticastDelegate:DynamicInvokeImpl(Object[])
System.Delegate:DynamicInvoke(Object[])
UnityEditor.EditorApplication:Internal_CallUpdateFunctions() (at D:\CI\ml\20190433\pre_release\Editor\Mono\EditorApplication.cs:310)
 
(Filename: Assets/Editor/WabishF009SettlementFinaleCapture.cs Line: 435)

WabishF009SettlementFinaleCapture: captured 20260723_f009_settlement_finale_pass_single_latch_1280x720.png at TargetSettle/Pass.
UnityEngine.DebugLogHandler:Internal_Log(LogType, LogOption, String, Object)
UnityEngine.DebugLogHandler:LogFormat(LogType, Object, String, Object[])
UnityEngine.Logger:Log(LogType, Object)
UnityEngine.Debug:Log(Object)
WabishF009SettlementFinaleCapture:CaptureFrame(String) (at Assets\Editor\WabishF009SettlementFinaleCapture.cs:435)
WabishF009SettlementFinaleCapture:Update() (at Assets\Editor\WabishF009SettlementFinaleCapture.cs:163)
System.Reflection.MonoMethod:InternalInvoke(Object, Object[], Exception&)
System.Reflection.MonoMethod:Invoke(Object, BindingFlags, Binder, Object[], CultureInfo)
System.Reflection.MethodBase:Invoke(Object, Object[])
System.Delegate:DynamicInvokeImpl(Object[])
System.MulticastDelegate:DynamicInvokeImpl(Object[])
System.Delegate:DynamicInvoke(Object[])
UnityEditor.EditorApplication:Internal_CallUpdateFunctions() (at D:\CI\ml\20190433\pre_release\Editor\Mono\EditorApplication.cs:310)
 
(Filename: Assets/Editor/WabishF009SettlementFinaleCapture.cs Line: 435)

Refresh completed in 0.053126 seconds.
RefreshInfo: RefreshV2(ForceSynchronousImport)
RefreshProfiler: Total: 53.087ms
	InvokeBeforeRefreshCallbacks: 0.977ms
	ApplyChangesToAssetFolders: 0.121ms
	WriteModifiedImportersToTextMetaFiles: 0.000ms
	CleanLegacyArtifacts: 0.000ms
	Scan: 41.573ms
	OnSourceAssetsModified: 0.000ms
	UnregisterDeletedAssets: 0.000ms
	InitializeImportedAssetsSnapshot: 5.812ms
	GetAllGuidsForCategorization: 0.000ms
	CategorizeAssets: 0.000ms
	ImportAndPostprocessOutOfDateAssets: 0.000ms (0.000ms without children)
		ImportManagerImport: 0.000ms (0.000ms without children)
			ImportInProcess: 0.000ms
			ImportOutOfProcess: 0.000ms
			UpdateCategorizedAssets: 0.000ms
			RemoteAssetCacheGetArtifact: 0.000ms (0.000ms without children)
				RemoteAssetCacheResolve: 0.000ms
				RemoteAssetCacheDownloadFile: 0.000ms
		CompileScripts: 0.000ms
		PostProcessAllAssets: 0.000ms
		ReloadImportedAssets: 0.000ms
		VerifyAssetsAreUpToDateAndCorrect: 0.000ms
		EnsureUptoDateAssetsAreRegisteredWithGuidPM: 0.000ms
		InitializingProgressBar: 0.000ms
		PostProcessAllAssetNotificationsAddChangedAssets: 0.000ms
		OnDemandSchedulerStart: 0.000ms
		RestoreLoadedAssetsState: 0.000ms
	InvokeProjectHasChanged: 0.000ms
	UpdateImportedAssetsSnapshot: 0.000ms
	ReloadSourceAssets: 0.000ms
	UnloadImportedAssets: 0.000ms
	Hotreload: 0.037ms
	FixTempGuids: 0.005ms
	VerifyGuidPMRegistrations: 0.000ms
	GatherAllCurrentPrimaryArtifactRevisions: 0.544ms
	UnloadStreamsBegin: 1.089ms
	LoadedImportedAssetsSnapshotReleaseGCHandles: 1.272ms
	GetLoadedSourceAssetsSnapshot: 0.785ms
	PersistCurrentRevisions: 0.000ms
	UnloadStreamsEnd: 0.019ms
	GenerateScriptTypeHashes: 0.000ms
	Untracked: 0.853ms
WabishF009SettlementFinaleCapture: captured 20260723_f009_settlement_finale_exceed_relay_outbound_1280x720.png at TargetSettle/Exceed.
UnityEngine.DebugLogHandler:Internal_Log(LogType, LogOption, String, Object)
UnityEngine.DebugLogHandler:LogFormat(LogType, Object, String, Object[])
UnityEngine.Logger:Log(LogType, Object)
UnityEngine.Debug:Log(Object)
WabishF009SettlementFinaleCapture:CaptureFrame(String) (at Assets\Editor\WabishF009SettlementFinaleCapture.cs:435)
WabishF009SettlementFinaleCapture:Update() (at Assets\Editor\WabishF009SettlementFinaleCapture.cs:163)
System.Reflection.MonoMethod:InternalInvoke(Object, Object[], Exception&)
System.Reflection.MonoMethod:Invoke(Object, BindingFlags, Binder, Object[], CultureInfo)
System.Reflection.MethodBase:Invoke(Object, Object[])
System.Delegate:DynamicInvokeImpl(Object[])
System.MulticastDelegate:DynamicInvokeImpl(Object[])
System.Delegate:DynamicInvoke(Object[])
UnityEditor.EditorApplication:Internal_CallUpdateFunctions() (at D:\CI\ml\20190433\pre_release\Editor\Mono\EditorApplication.cs:310)
 
(Filename: Assets/Editor/WabishF009SettlementFinaleCapture.cs Line: 435)

WabishF009SettlementFinaleCapture: captured 20260723_f009_settlement_finale_exceed_double_relay_1280x720.png at TargetSettle/Exceed.
UnityEngine.DebugLogHandler:Internal_Log(LogType, LogOption, String, Object)
UnityEngine.DebugLogHandler:LogFormat(LogType, Object, String, Object[])
UnityEngine.Logger:Log(LogType, Object)
UnityEngine.Debug:Log(Object)
WabishF009SettlementFinaleCapture:CaptureFrame(String) (at Assets\Editor\WabishF009SettlementFinaleCapture.cs:435)
WabishF009SettlementFinaleCapture:Update() (at Assets\Editor\WabishF009SettlementFinaleCapture.cs:163)
System.Reflection.MonoMethod:InternalInvoke(Object, Object[], Exception&)
System.Reflection.MonoMethod:Invoke(Object, BindingFlags, Binder, Object[], CultureInfo)
System.Reflection.MethodBase:Invoke(Object, Object[])
System.Delegate:DynamicInvokeImpl(Object[])
System.MulticastDelegate:DynamicInvokeImpl(Object[])
System.Delegate:DynamicInvoke(Object[])
UnityEditor.EditorApplication:Internal_CallUpdateFunctions() (at D:\CI\ml\20190433\pre_release\Editor\Mono\EditorApplication.cs:310)
 
(Filename: Assets/Editor/WabishF009SettlementFinaleCapture.cs Line: 435)

WabishF009SettlementFinaleCapture: captured 20260723_f009_settlement_finale_farexceed_cabinet_overload_1280x720.png at TargetSettle/FarExceed.
UnityEngine.DebugLogHandler:Internal_Log(LogType, LogOption, String, Object)
UnityEngine.DebugLogHandler:LogFormat(LogType, Object, String, Object[])
UnityEngine.Logger:Log(LogType, Object)
UnityEngine.Debug:Log(Object)
WabishF009SettlementFinaleCapture:CaptureFrame(String) (at Assets\Editor\WabishF009SettlementFinaleCapture.cs:435)
WabishF009SettlementFinaleCapture:Update() (at Assets\Editor\WabishF009SettlementFinaleCapture.cs:163)
System.Reflection.MonoMethod:InternalInvoke(Object, Object[], Exception&)
System.Reflection.MonoMethod:Invoke(Object, BindingFlags, Binder, Object[], CultureInfo)
System.Reflection.MethodBase:Invoke(Object, Object[])
System.Delegate:DynamicInvokeImpl(Object[])
System.MulticastDelegate:DynamicInvokeImpl(Object[])
System.Delegate:DynamicInvoke(Object[])
UnityEditor.EditorApplication:Internal_CallUpdateFunctions() (at D:\CI\ml\20190433\pre_release\Editor\Mono\EditorApplication.cs:310)
 
(Filename: Assets/Editor/WabishF009SettlementFinaleCapture.cs Line: 435)

WabishF009SettlementFinaleCapture: captured 20260723_f009_settlement_finale_farexceed_cabinet_reseat_1280x720.png at TargetSettle/FarExceed.
UnityEngine.DebugLogHandler:Internal_Log(LogType, LogOption, String, Object)
UnityEngine.DebugLogHandler:LogFormat(LogType, Object, String, Object[])
UnityEngine.Logger:Log(LogType, Object)
UnityEngine.Debug:Log(Object)
WabishF009SettlementFinaleCapture:CaptureFrame(String) (at Assets\Editor\WabishF009SettlementFinaleCapture.cs:435)
WabishF009SettlementFinaleCapture:Update() (at Assets\Editor\WabishF009SettlementFinaleCapture.cs:163)
System.Reflection.MonoMethod:InternalInvoke(Object, Object[], Exception&)
System.Reflection.MonoMethod:Invoke(Object, BindingFlags, Binder, Object[], CultureInfo)
System.Reflection.MethodBase:Invoke(Object, Object[])
System.Delegate:DynamicInvokeImpl(Object[])
System.MulticastDelegate:DynamicInvokeImpl(Object[])
System.Delegate:DynamicInvoke(Object[])
UnityEditor.EditorApplication:Internal_CallUpdateFunctions() (at D:\CI\ml\20190433\pre_release\Editor\Mono\EditorApplication.cs:310)
 
(Filename: Assets/Editor/WabishF009SettlementFinaleCapture.cs Line: 435)

Refresh completed in 0.063001 seconds.
RefreshInfo: RefreshV2(ForceSynchronousImport)
RefreshProfiler: Total: 62.977ms
	InvokeBeforeRefreshCallbacks: 0.796ms
	ApplyChangesToAssetFolders: 0.074ms
	WriteModifiedImportersToTextMetaFiles: 0.000ms
	CleanLegacyArtifacts: 0.000ms
	Scan: 52.107ms
	OnSourceAssetsModified: 0.000ms
	UnregisterDeletedAssets: 0.000ms
	InitializeImportedAssetsSnapshot: 5.647ms
	GetAllGuidsForCategorization: 0.000ms
	CategorizeAssets: 0.000ms
	ImportAndPostprocessOutOfDateAssets: 0.000ms (0.000ms without children)
		ImportManagerImport: 0.000ms (0.000ms without children)
			ImportInProcess: 0.000ms
			ImportOutOfProcess: 0.000ms
			UpdateCategorizedAssets: 0.000ms
			RemoteAssetCacheGetArtifact: 0.000ms (0.000ms without children)
				RemoteAssetCacheResolve: 0.000ms
				RemoteAssetCacheDownloadFile: 0.000ms
		CompileScripts: 0.000ms
		PostProcessAllAssets: 0.000ms
		ReloadImportedAssets: 0.000ms
		VerifyAssetsAreUpToDateAndCorrect: 0.000ms
		EnsureUptoDateAssetsAreRegisteredWithGuidPM: 0.000ms
		InitializingProgressBar: 0.000ms
		PostProcessAllAssetNotificationsAddChangedAssets: 0.000ms
		OnDemandSchedulerStart: 0.000ms
		RestoreLoadedAssetsState: 0.000ms
	InvokeProjectHasChanged: 0.000ms
	UpdateImportedAssetsSnapshot: 0.000ms
	ReloadSourceAssets: 0.000ms
	UnloadImportedAssets: 0.000ms
	Hotreload: 0.047ms
	FixTempGuids: 0.007ms
	VerifyGuidPMRegistrations: 0.000ms
	GatherAllCurrentPrimaryArtifactRevisions: 0.482ms
	UnloadStreamsBegin: 0.031ms
	LoadedImportedAssetsSnapshotReleaseGCHandles: 1.498ms
	GetLoadedSourceAssetsSnapshot: 1.110ms
	PersistCurrentRevisions: 0.000ms
	UnloadStreamsEnd: 0.031ms
	GenerateScriptTypeHashes: 0.000ms
	Untracked: 1.149ms
WabishF009SettlementFinaleCapture: captured 20260723_f009_settlement_finale_critical_vacuum_1280x720.png at TargetSettle/Critical.
UnityEngine.DebugLogHandler:Internal_Log(LogType, LogOption, String, Object)
UnityEngine.DebugLogHandler:LogFormat(LogType, Object, String, Object[])
UnityEngine.Logger:Log(LogType, Object)
UnityEngine.Debug:Log(Object)
WabishF009SettlementFinaleCapture:CaptureFrame(String) (at Assets\Editor\WabishF009SettlementFinaleCapture.cs:435)
WabishF009SettlementFinaleCapture:Update() (at Assets\Editor\WabishF009SettlementFinaleCapture.cs:163)
System.Reflection.MonoMethod:InternalInvoke(Object, Object[], Exception&)
System.Reflection.MonoMethod:Invoke(Object, BindingFlags, Binder, Object[], CultureInfo)
System.Reflection.MethodBase:Invoke(Object, Object[])
System.Delegate:DynamicInvokeImpl(Object[])
System.MulticastDelegate:DynamicInvokeImpl(Object[])
System.Delegate:DynamicInvoke(Object[])
UnityEditor.EditorApplication:Internal_CallUpdateFunctions() (at D:\CI\ml\20190433\pre_release\Editor\Mono\EditorApplication.cs:310)
 
(Filename: Assets/Editor/WabishF009SettlementFinaleCapture.cs Line: 435)

WabishF009SettlementFinaleCapture: captured 20260723_f009_settlement_finale_critical_breakthrough_1280x720.png at TargetSettle/Critical.
UnityEngine.DebugLogHandler:Internal_Log(LogType, LogOption, String, Object)
UnityEngine.DebugLogHandler:LogFormat(LogType, Object, String, Object[])
UnityEngine.Logger:Log(LogType, Object)
UnityEngine.Debug:Log(Object)
WabishF009SettlementFinaleCapture:CaptureFrame(String) (at Assets\Editor\WabishF009SettlementFinaleCapture.cs:435)
WabishF009SettlementFinaleCapture:Update() (at Assets\Editor\WabishF009SettlementFinaleCapture.cs:163)
System.Reflection.MonoMethod:InternalInvoke(Object, Object[], Exception&)
System.Reflection.MonoMethod:Invoke(Object, BindingFlags, Binder, Object[], CultureInfo)
System.Reflection.MethodBase:Invoke(Object, Object[])
System.Delegate:DynamicInvokeImpl(Object[])
System.MulticastDelegate:DynamicInvokeImpl(Object[])
System.Delegate:DynamicInvoke(Object[])
UnityEditor.EditorApplication:Internal_CallUpdateFunctions() (at D:\CI\ml\20190433\pre_release\Editor\Mono\EditorApplication.cs:310)
 
(Filename: Assets/Editor/WabishF009SettlementFinaleCapture.cs Line: 435)

Refresh completed in 0.052123 seconds.
RefreshInfo: RefreshV2(ForceSynchronousImport)
RefreshProfiler: Total: 52.096ms
	InvokeBeforeRefreshCallbacks: 0.422ms
	ApplyChangesToAssetFolders: 0.054ms
	WriteModifiedImportersToTextMetaFiles: 0.000ms
	CleanLegacyArtifacts: 0.000ms
	Scan: 41.964ms
	OnSourceAssetsModified: 0.000ms
	UnregisterDeletedAssets: 0.000ms
	InitializeImportedAssetsSnapshot: 5.008ms
	GetAllGuidsForCategorization: 0.000ms
	CategorizeAssets: 0.000ms
	ImportAndPostprocessOutOfDateAssets: 0.000ms (0.000ms without children)
		ImportManagerImport: 0.000ms (0.000ms without children)
			ImportInProcess: 0.000ms
			ImportOutOfProcess: 0.000ms
			UpdateCategorizedAssets: 0.000ms
			RemoteAssetCacheGetArtifact: 0.000ms (0.000ms without children)
				RemoteAssetCacheResolve: 0.000ms
				RemoteAssetCacheDownloadFile: 0.000ms
		CompileScripts: 0.000ms
		PostProcessAllAssets: 0.000ms
		ReloadImportedAssets: 0.000ms
		VerifyAssetsAreUpToDateAndCorrect: 0.000ms
		EnsureUptoDateAssetsAreRegisteredWithGuidPM: 0.000ms
		InitializingProgressBar: 0.000ms
		PostProcessAllAssetNotificationsAddChangedAssets: 0.000ms
		OnDemandSchedulerStart: 0.000ms
		RestoreLoadedAssetsState: 0.000ms
	InvokeProjectHasChanged: 0.000ms
	UpdateImportedAssetsSnapshot: 0.000ms
	ReloadSourceAssets: 0.000ms
	UnloadImportedAssets: 0.000ms
	Hotreload: 0.041ms
	FixTempGuids: 0.005ms
	VerifyGuidPMRegistrations: 0.000ms
	GatherAllCurrentPrimaryArtifactRevisions: 0.302ms
	UnloadStreamsBegin: 0.024ms
	LoadedImportedAssetsSnapshotReleaseGCHandles: 1.991ms
	GetLoadedSourceAssetsSnapshot: 0.940ms
	PersistCurrentRevisions: 0.000ms
	UnloadStreamsEnd: 0.037ms
	GenerateScriptTypeHashes: 0.000ms
	Untracked: 1.307ms
WabishF009SettlementFinaleCapture: captured 20260723_f009_settlement_finale_critical_aftershock_1280x720.png at TargetSettle/Critical.
UnityEngine.DebugLogHandler:Internal_Log(LogType, LogOption, String, Object)
UnityEngine.DebugLogHandler:LogFormat(LogType, Object, String, Object[])
UnityEngine.Logger:Log(LogType, Object)
UnityEngine.Debug:Log(Object)
WabishF009SettlementFinaleCapture:CaptureFrame(String) (at Assets\Editor\WabishF009SettlementFinaleCapture.cs:435)
WabishF009SettlementFinaleCapture:Update() (at Assets\Editor\WabishF009SettlementFinaleCapture.cs:163)
System.Reflection.MonoMethod:InternalInvoke(Object, Object[], Exception&)
System.Reflection.MonoMethod:Invoke(Object, BindingFlags, Binder, Object[], CultureInfo)
System.Reflection.MethodBase:Invoke(Object, Object[])
System.Delegate:DynamicInvokeImpl(Object[])
System.MulticastDelegate:DynamicInvokeImpl(Object[])
System.Delegate:DynamicInvoke(Object[])
UnityEditor.EditorApplication:Internal_CallUpdateFunctions() (at D:\CI\ml\20190433\pre_release\Editor\Mono\EditorApplication.cs:310)
 
(Filename: Assets/Editor/WabishF009SettlementFinaleCapture.cs Line: 435)

WabishF009SettlementFinaleCapture: captured 20260723_f009_settlement_finale_pass_single_latch_reduced_1280x720.png at TargetSettle/Pass.
UnityEngine.DebugLogHandler:Internal_Log(LogType, LogOption, String, Object)
UnityEngine.DebugLogHandler:LogFormat(LogType, Object, String, Object[])
UnityEngine.Logger:Log(LogType, Object)
UnityEngine.Debug:Log(Object)
WabishF009SettlementFinaleCapture:CaptureFrame(String) (at Assets\Editor\WabishF009SettlementFinaleCapture.cs:435)
WabishF009SettlementFinaleCapture:Update() (at Assets\Editor\WabishF009SettlementFinaleCapture.cs:163)
System.Reflection.MonoMethod:InternalInvoke(Object, Object[], Exception&)
System.Reflection.MonoMethod:Invoke(Object, BindingFlags, Binder, Object[], CultureInfo)
System.Reflection.MethodBase:Invoke(Object, Object[])
System.Delegate:DynamicInvokeImpl(Object[])
System.MulticastDelegate:DynamicInvokeImpl(Object[])
System.Delegate:DynamicInvoke(Object[])
UnityEditor.EditorApplication:Internal_CallUpdateFunctions() (at D:\CI\ml\20190433\pre_release\Editor\Mono\EditorApplication.cs:310)
 
(Filename: Assets/Editor/WabishF009SettlementFinaleCapture.cs Line: 435)

Refresh completed in 0.063349 seconds.
RefreshInfo: RefreshV2(ForceSynchronousImport)
RefreshProfiler: Total: 63.315ms
	InvokeBeforeRefreshCallbacks: 0.830ms
	ApplyChangesToAssetFolders: 0.100ms
	WriteModifiedImportersToTextMetaFiles: 0.000ms
	CleanLegacyArtifacts: 0.000ms
	Scan: 51.900ms
	OnSourceAssetsModified: 0.000ms
	UnregisterDeletedAssets: 0.000ms
	InitializeImportedAssetsSnapshot: 6.551ms
	GetAllGuidsForCategorization: 0.000ms
	CategorizeAssets: 0.000ms
	ImportAndPostprocessOutOfDateAssets: 0.000ms (0.000ms without children)
		ImportManagerImport: 0.000ms (0.000ms without children)
			ImportInProcess: 0.000ms
			ImportOutOfProcess: 0.000ms
			UpdateCategorizedAssets: 0.000ms
			RemoteAssetCacheGetArtifact: 0.000ms (0.000ms without children)
				RemoteAssetCacheResolve: 0.000ms
				RemoteAssetCacheDownloadFile: 0.000ms
		CompileScripts: 0.000ms
		PostProcessAllAssets: 0.000ms
		ReloadImportedAssets: 0.000ms
		VerifyAssetsAreUpToDateAndCorrect: 0.000ms
		EnsureUptoDateAssetsAreRegisteredWithGuidPM: 0.000ms
		InitializingProgressBar: 0.000ms
		PostProcessAllAssetNotificationsAddChangedAssets: 0.000ms
		OnDemandSchedulerStart: 0.000ms
		RestoreLoadedAssetsState: 0.000ms
	InvokeProjectHasChanged: 0.000ms
	UpdateImportedAssetsSnapshot: 0.000ms
	ReloadSourceAssets: 0.000ms
	UnloadImportedAssets: 0.000ms
	Hotreload: 0.037ms
	FixTempGuids: 0.004ms
	VerifyGuidPMRegistrations: 0.000ms
	GatherAllCurrentPrimaryArtifactRevisions: 0.602ms
	UnloadStreamsBegin: 0.065ms
	LoadedImportedAssetsSnapshotReleaseGCHandles: 1.207ms
	GetLoadedSourceAssetsSnapshot: 1.088ms
	PersistCurrentRevisions: 0.000ms
	UnloadStreamsEnd: 0.023ms
	GenerateScriptTypeHashes: 0.000ms
	Untracked: 0.908ms
WabishF009SettlementFinaleCapture: captured 20260723_f009_settlement_finale_exceed_double_relay_reduced_1280x720.png at TargetSettle/Exceed.
UnityEngine.DebugLogHandler:Internal_Log(LogType, LogOption, String, Object)
UnityEngine.DebugLogHandler:LogFormat(LogType, Object, String, Object[])
UnityEngine.Logger:Log(LogType, Object)
UnityEngine.Debug:Log(Object)
WabishF009SettlementFinaleCapture:CaptureFrame(String) (at Assets\Editor\WabishF009SettlementFinaleCapture.cs:435)
WabishF009SettlementFinaleCapture:Update() (at Assets\Editor\WabishF009SettlementFinaleCapture.cs:163)
System.Reflection.MonoMethod:InternalInvoke(Object, Object[], Exception&)
System.Reflection.MonoMethod:Invoke(Object, BindingFlags, Binder, Object[], CultureInfo)
System.Reflection.MethodBase:Invoke(Object, Object[])
System.Delegate:DynamicInvokeImpl(Object[])
System.MulticastDelegate:DynamicInvokeImpl(Object[])
System.Delegate:DynamicInvoke(Object[])
UnityEditor.EditorApplication:Internal_CallUpdateFunctions() (at D:\CI\ml\20190433\pre_release\Editor\Mono\EditorApplication.cs:310)
 
(Filename: Assets/Editor/WabishF009SettlementFinaleCapture.cs Line: 435)

WabishF009SettlementFinaleCapture: captured 20260723_f009_settlement_finale_farexceed_cabinet_overload_reduced_1280x720.png at TargetSettle/FarExceed.
UnityEngine.DebugLogHandler:Internal_Log(LogType, LogOption, String, Object)
UnityEngine.DebugLogHandler:LogFormat(LogType, Object, String, Object[])
UnityEngine.Logger:Log(LogType, Object)
UnityEngine.Debug:Log(Object)
WabishF009SettlementFinaleCapture:CaptureFrame(String) (at Assets\Editor\WabishF009SettlementFinaleCapture.cs:435)
WabishF009SettlementFinaleCapture:Update() (at Assets\Editor\WabishF009SettlementFinaleCapture.cs:163)
System.Reflection.MonoMethod:InternalInvoke(Object, Object[], Exception&)
System.Reflection.MonoMethod:Invoke(Object, BindingFlags, Binder, Object[], CultureInfo)
System.Reflection.MethodBase:Invoke(Object, Object[])
System.Delegate:DynamicInvokeImpl(Object[])
System.MulticastDelegate:DynamicInvokeImpl(Object[])
System.Delegate:DynamicInvoke(Object[])
UnityEditor.EditorApplication:Internal_CallUpdateFunctions() (at D:\CI\ml\20190433\pre_release\Editor\Mono\EditorApplication.cs:310)
 
(Filename: Assets/Editor/WabishF009SettlementFinaleCapture.cs Line: 435)

WabishF009SettlementFinaleCapture: captured 20260723_f009_settlement_finale_critical_breakthrough_reduced_1280x720.png at TargetSettle/Critical.
UnityEngine.DebugLogHandler:Internal_Log(LogType, LogOption, String, Object)
UnityEngine.DebugLogHandler:LogFormat(LogType, Object, String, Object[])
UnityEngine.Logger:Log(LogType, Object)
UnityEngine.Debug:Log(Object)
WabishF009SettlementFinaleCapture:CaptureFrame(String) (at Assets\Editor\WabishF009SettlementFinaleCapture.cs:435)
WabishF009SettlementFinaleCapture:Update() (at Assets\Editor\WabishF009SettlementFinaleCapture.cs:163)
System.Reflection.MonoMethod:InternalInvoke(Object, Object[], Exception&)
System.Reflection.MonoMethod:Invoke(Object, BindingFlags, Binder, Object[], CultureInfo)
System.Reflection.MethodBase:Invoke(Object, Object[])
System.Delegate:DynamicInvokeImpl(Object[])
System.MulticastDelegate:DynamicInvokeImpl(Object[])
System.Delegate:DynamicInvoke(Object[])
UnityEditor.EditorApplication:Internal_CallUpdateFunctions() (at D:\CI\ml\20190433\pre_release\Editor\Mono\EditorApplication.cs:310)
 
(Filename: Assets/Editor/WabishF009SettlementFinaleCapture.cs Line: 435)

[Performance] WinEditorMain                                               :        1 samples, Peak.   938 ms (1.0x), Avg.   938 ms, Total. 938.4 ms (0.9%)
[Performance] WinEditorMain.ConfigureCrashHandler                         :        1 samples, Peak.  22.7 us (1.0x), Avg.  22.7 us, Total. 22.70 us (0.0%)
[Performance] WinEditorMain.CurlRequestInitialize                         :        1 samples, Peak.   679 us (1.0x), Avg.   679 us, Total. 679.4 us (0.0%)
[Performance] WinEditorMain.SetupLogFile                                  :        1 samples, Peak.   200 us (1.0x), Avg.   200 us, Total. 199.9 us (0.0%)
[Performance] WinEditorMain.RunNativeTestsIfRequiredAndExit               :        1 samples, Peak.  1.70 us (1.0x), Avg.  1.70 us, Total. 1.700 us (0.0%)
[Performance] WinEditorMain.Licensing                                     :        1 samples, Peak.   678 ms (1.0x), Avg.   678 ms, Total. 678.4 ms (0.7%)
[Performance] WinEditorMain.InitializeCrashHandler                        :        1 samples, Peak.   398 us (1.0x), Avg.   398 us, Total. 398.0 us (0.0%)
[Performance] WinEditorMain.CreateApplication                             :        1 samples, Peak.   762 us (1.0x), Avg.   762 us, Total. 762.3 us (0.0%)
[Performance] Application.InitializeProject                               :        1 samples, Peak.  5.98 s (1.0x), Avg.  5.98 s, Total. 5.983 s (5.8%)
[Performance] Application.PackageManager.StartServer                      :        1 samples, Peak.  4.05 ms (1.0x), Avg.  4.05 ms, Total. 4.049 ms (0.0%)
[Performance] Application.IsBrowserCacheEmpty                             :        1 samples, Peak.   535 us (1.0x), Avg.   535 us, Total. 535.3 us (0.0%)
[Performance] Application.AcquireProjectLock                              :        1 samples, Peak.  4.89 ms (1.0x), Avg.  4.89 ms, Total. 4.891 ms (0.0%)
[Performance] Application.InitializeEngineNoGraphics                      :        1 samples, Peak.  10.8 ms (1.0x), Avg.  10.8 ms, Total. 10.78 ms (0.0%)
[Performance] Application.PackageManager.Initialize                       :        1 samples, Peak.   567 ms (1.0x), Avg.   567 ms, Total. 567.0 ms (0.5%)
[Performance] CurlRequestCheck                                            :       10 samples, Peak.  45.8 us (2.3x), Avg.  19.9 us, Total. 199.4 us (0.0%)
[Performance] PackageManager::RunRequestSynchronously                     :       29 samples, Peak.   715 us (17.4x), Avg.  41.1 us, Total. 1.191 ms (0.0%)
[Performance] Application.EngineGraphics.Initialize                       :        1 samples, Peak.   221 ms (1.0x), Avg.   221 ms, Total. 220.6 ms (0.2%)
[Performance] Application.GI.Initialize                                   :        1 samples, Peak.  3.43 ms (1.0x), Avg.  3.43 ms, Total. 3.428 ms (0.0%)
[Performance] Application.LoadAllDefaultResourcesFromEditor               :        1 samples, Peak.  1.68 ms (1.0x), Avg.  1.68 ms, Total. 1.679 ms (0.0%)
[Performance] Application.LoadMonoAssemblies                              :        1 samples, Peak.   726 ms (1.0x), Avg.   726 ms, Total. 725.9 ms (0.7%)
[Performance] RestoreManagedReferences                                    :        3 samples, Peak.  18.7 ms (2.7x), Avg.  6.91 ms, Total. 20.74 ms (0.0%)
[Performance] ProcessService.EditorAfterLoadAllAssemblies                 :        3 samples, Peak.  32.7 ms (1.3x), Avg.  25.0 ms, Total. 74.94 ms (0.1%)
[Performance] Application.ReadLicenseInfo                                 :        1 samples, Peak.   229 us (1.0x), Avg.   229 us, Total. 229.0 us (0.0%)
[Performance] Application.InitialScriptRefresh                            :        1 samples, Peak.  1.85 s (1.0x), Avg.  1.85 s, Total. 1.852 s (1.8%)
[Performance] Application.AssetDatabase.Refresh                           :        1 samples, Peak.   127 ms (1.0x), Avg.   127 ms, Total. 127.0 ms (0.1%)
[Performance] Application.ImportAssetsWithMismatchingAssetImporterVersion :        1 samples, Peak.   146 ms (1.0x), Avg.   146 ms, Total. 146.5 ms (0.1%)
[Performance] Application.SyncCurrentColorSpace                           :        1 samples, Peak.  99.2 ms (1.0x), Avg.  99.2 ms, Total. 99.16 ms (0.1%)
[Performance] Application.OnUsbDevicesChanged                             :        1 samples, Peak.  3.60 ms (1.0x), Avg.  3.60 ms, Total. 3.601 ms (0.0%)
[Performance] Application.AssetInstanceCacheUpdate                        :        1 samples, Peak.   500 ns (1.0x), Avg.   500 ns, Total. 500.0 ns (0.0%)
[Performance] Application.UnityExtensions.Initialize                      :        1 samples, Peak.  1.64 ms (1.0x), Avg.  1.64 ms, Total. 1.645 ms (0.0%)
[Performance] Application.InitializeManagedCompilationPipeline            :        1 samples, Peak.  83.3 ms (1.0x), Avg.  83.3 ms, Total. 83.31 ms (0.1%)
[Performance] Application.ExecuteStartups                                 :        1 samples, Peak.  49.9 ms (1.0x), Avg.  49.9 ms, Total. 49.92 ms (0.0%)
[Performance] Application.RebuildOSMenu                                   :        1 samples, Peak.  54.9 ms (1.0x), Avg.  54.9 ms, Total. 54.94 ms (0.1%)
[Performance] UpdateAllMenus                                              :       14 samples, Peak.  88.0 ms (8.6x), Avg.  10.2 ms, Total. 142.5 ms (0.1%)
[Performance] Application.editorInitializingProject                       :        1 samples, Peak.  9.30 us (1.0x), Avg.  9.30 us, Total. 9.300 us (0.0%)
[Performance] Application.FinishLoadingProject                            :        1 samples, Peak.   265 ms (1.0x), Avg.   265 ms, Total. 264.7 ms (0.3%)
[Performance] GUIView.RepaintAll.PlayerLoopController                     :    21854 samples, Peak.   393 ms (114.6x), Avg.  3.43 ms, Total. 74.97 s (72.3%)
[Performance] Application.InvokeFinishedLoadingProject                    :        1 samples, Peak.  76.4 ms (1.0x), Avg.  76.4 ms, Total. 76.39 ms (0.1%)
[Performance] ProcessService.OnProjectLoaded                              :        1 samples, Peak.  71.5 ms (1.0x), Avg.  71.5 ms, Total. 71.52 ms (0.1%)
[Performance] Application.InvokeProjectWasLoaded                          :        1 samples, Peak.   205 us (1.0x), Avg.   205 us, Total. 204.9 us (0.0%)
[Performance] Application.Message                                         :    21853 samples, Peak.  8.07 ms (2646.8x), Avg.  3.05 us, Total. 66.63 ms (0.1%)
[Performance] Application.Message.WM_0031F                                :        2 samples, Peak.  1.66 ms (2.0x), Avg.   834 us, Total. 1.669 ms (0.0%)
[Performance] Application.Tick                                            :    21852 samples, Peak.  1.45 s (336.9x), Avg.  4.32 ms, Total. 94.35 s (91.0%)
[Performance] License.Tick                                                :     4129 samples, Peak.  12.2 us (5.1x), Avg.  2.41 us, Total. 9.945 ms (0.0%)
[Performance] VCProvider                                                  :    21853 samples, Peak.  62.3 us (40.6x), Avg.  1.54 us, Total. 33.55 ms (0.0%)
[Performance] MonoCompiler.Tick                                           :      465 samples, Peak.  1.19 s (462.2x), Avg.  2.57 ms, Total. 1.196 s (1.2%)
[Performance] Application.Reload                                          :        1 samples, Peak.   972 ms (1.0x), Avg.   972 ms, Total. 971.9 ms (0.9%)
[Performance] Package.AsyncRequest                                        :        5 samples, Peak.   552 us (5.0x), Avg.   111 us, Total. 554.5 us (0.0%)
[Performance] UnityConnect.Tick                                           :        1 samples, Peak.   982 us (1.0x), Avg.   982 us, Total. 982.1 us (0.0%)
[Performance] Collab.Tick                                                 :        1 samples, Peak.  3.40 us (1.0x), Avg.  3.40 us, Total. 3.400 us (0.0%)
[Performance] CurlRequest.Tick                                            :      916 samples, Peak.   739 us (439.9x), Avg.  1.68 us, Total. 1.538 ms (0.0%)
[Performance] WebView.Tick                                                :     4129 samples, Peak.   275 us (4.0x), Avg.  68.4 us, Total. 282.4 ms (0.3%)
[Performance] WebSocketClient.Tick                                        :      916 samples, Peak.  6.90 us (17.0x), Avg.   407 ns, Total. 372.4 us (0.0%)
[Performance] SceneBackgroundTask.Tick                                    :      617 samples, Peak.  8.00 us (80.8x), Avg.  99.0 ns, Total. 61.10 us (0.0%)
[Performance] Scheduler.Tick                                              :     7390 samples, Peak.  1.63 ms (80.3x), Avg.  20.3 us, Total. 149.8 ms (0.1%)
[Performance] RepaintAllProfilerWindows                                   :      189 samples, Peak.   288 us (54.6x), Avg.  5.27 us, Total. 996.2 us (0.0%)
[Performance] PlayerUpdates.Tick                                          :     1773 samples, Peak.  90.7 us (4.3x), Avg.  21.1 us, Total. 37.45 ms (0.0%)
[Performance] GlobalCallbacks                                             :    21853 samples, Peak.   461 us (15.4x), Avg.  29.9 us, Total. 653.9 ms (0.6%)
[Performance] EditorAnalytics.Tick                                        :      375 samples, Peak.  6.80 us (11.5x), Avg.   592 ns, Total. 221.9 us (0.0%)
[Performance] Video.Update                                                :    21853 samples, Peak.  9.50 us (16.8x), Avg.   567 ns, Total. 12.39 ms (0.0%)
[Performance] SceneTracker                                                :    21852 samples, Peak.   336 ms (559.2x), Avg.   601 us, Total. 13.14 s (12.7%)
[Performance] ConsoleLog.Tick                                             :      464 samples, Peak.   145 us (39.7x), Avg.  3.65 us, Total. 1.693 ms (0.0%)
[Performance] HierarchyWindow.Tick                                        :      616 samples, Peak.  3.35 ms (599.8x), Avg.  5.58 us, Total. 3.440 ms (0.0%)
[Performance] Inspector.Tick                                              :      616 samples, Peak.  26.0 ms (169.2x), Avg.   154 us, Total. 94.56 ms (0.1%)
[Performance] Tooltip.Tick                                                :     1773 samples, Peak.  4.30 us (7.7x), Avg.   556 ns, Total. 985.5 us (0.0%)
[Performance] RequestRepaintForPanels                                     :    21852 samples, Peak.   173 us (66.4x), Avg.  2.61 us, Total. 56.97 ms (0.1%)
[Performance] UpdateScene                                                 :    21852 samples, Peak.   394 ms (109.6x), Avg.  3.59 ms, Total. 78.43 s (75.6%)
[Performance] PackageImporter.Tick                                        :      464 samples, Peak.  1.90 us (4.3x), Avg.   438 ns, Total. 203.4 us (0.0%)
[Performance] InspectorBackground.Tick                                    :      615 samples, Peak.  95.5 us (60.2x), Avg.  1.59 us, Total. 976.4 us (0.0%)
[Performance] ChangeLayoutIfNeeded                                        :    21852 samples, Peak.  9.60 us (50.1x), Avg.   192 ns, Total. 4.186 ms (0.0%)
[Performance] AsyncReadManager.ForceCloseFiles                            :       95 samples, Peak.   140 us (34.3x), Avg.  4.08 us, Total. 387.8 us (0.0%)
[Performance] BuildCatalog                                                :        1 samples, Peak.  50.7 ms (1.0x), Avg.  50.7 ms, Total. 50.70 ms (0.0%)
[Performance] GameView.Paint                                              :    20403 samples, Peak.   393 ms (107.0x), Avg.  3.67 ms, Total. 74.89 s (72.2%)
[Performance] RefreshSkin                                                 :        1 samples, Peak.  49.0 ms (1.0x), Avg.  49.0 ms, Total. 49.04 ms (0.0%)
[Performance] GameView.OnGUI.Layout                                       :    20410 samples, Peak.  12.8 ms (53.8x), Avg.   239 us, Total. 4.877 s (4.7%)
[Performance] GameView.OnGUI.repaint                                      :    20403 samples, Peak.   244 ms (124.1x), Avg.  1.97 ms, Total. 40.18 s (38.7%)
[Performance] Application.Message.Paint                                   :        2 samples, Peak.  6.09 ms (2.0x), Avg.  3.07 ms, Total. 6.139 ms (0.0%)
[Performance] Application.Message.Timer                                   :        9 samples, Peak.  13.8 us (1.8x), Avg.  7.57 us, Total. 68.10 us (0.0%)
[Performance] Application.Message.KeyDown                                 :        7 samples, Peak.   342 us (1.7x), Avg.   201 us, Total. 1.407 ms (0.0%)
[Performance] Application.Message.Character                               :        7 samples, Peak.  6.94 ms (3.7x), Avg.  1.87 ms, Total. 13.09 ms (0.0%)
[Performance] GameView.OnGUI.KeyDown                                      :        7 samples, Peak.   346 us (4.1x), Avg.  85.2 us, Total. 596.3 us (0.0%)
[Performance] Application.Message.KeyUp                                   :        8 samples, Peak.   406 us (1.9x), Avg.   218 us, Total. 1.744 ms (0.0%)
Cleanup mono
debugger-agent: Unable to listen on 4992
Checking for leaked weakptr:
  Found no leaked weakptrs.
[Package Manager] Server::Kill -- Server was shutdown
##utp:{"type":"MemoryLeaks","version":2,"phase":"Immediate","time":1784798048141,"processId":55680,"allocatedMemory":976274,"memoryLabels":[{"Default":276},{"Permanent":384},{"NewDelete":400678},{"Thread":23},{"Manager":3976},{"VertexData":144},{"GfxDevice":80},{"Physics":81},{"Serialization":416},{"BaseObject":280},{"File":144},{"String":231437},{"DynamicArray":221322},{"HashMap":24396},{"Curl":1376},{"PoolAlloc":184},{"ScriptManager":57477},{"GI":736},{"VR":4268},{"Subsystems":-664},{"EditorGui":56},{"EditorUtility":672},{"AssetDatabase":6052},{"RestService":64},{"UnityConnect":20504},{"Collab":728},{"Upm":696},{"ScriptStrLRUCache":200},{"MTMeshCache":288}]}
